[0.021s] Invoking command in '/home/emersonmt/topics_ws/build/xarm_moveit_servo': AMENT_PREFIX_PATH=/home/emersonmt/topics_ws/install/xarm_moveit_config:/home/emersonmt/topics_ws/install/xarm_gazebo:/home/emersonmt/topics_ws/install/xarm_controller:/home/emersonmt/topics_ws/install/xarm_api:/home/emersonmt/topics_ws/install/xarm_sdk:/home/emersonmt/topics_ws/install/xarm_msgs:/home/emersonmt/topics_ws/install/xarm_description:/home/emersonmt/topics_ws/install/uf_ros_lib:${AMENT_PREFIX_PATH} CMAKE_PREFIX_PATH=/home/emersonmt/topics_ws/install/xarm_moveit_config:/home/emersonmt/topics_ws/install/xarm_gazebo:/home/emersonmt/topics_ws/install/xarm_controller:/home/emersonmt/topics_ws/install/xarm_api:/home/emersonmt/topics_ws/install/xarm_sdk:/home/emersonmt/topics_ws/install/xarm_msgs:/home/emersonmt/topics_ws/install/xarm_description:/home/emersonmt/dev_ws/install/xarm_planner:/home/emersonmt/dev_ws/install/xarm_moveit_servo:/home/emersonmt/dev_ws/install/xarm_moveit_config:/home/emersonmt/dev_ws/install/xarm_gazebo:/home/emersonmt/dev_ws/install/xarm_controller:/home/emersonmt/dev_ws/install/xarm_api:/home/emersonmt/dev_ws/install/xarm_sdk:/home/emersonmt/dev_ws/install/xarm_msgs:/home/emersonmt/dev_ws/install/xarm_description:/home/emersonmt/dev_ws/install/mbot_demo:/home/emersonmt/dev_ws/install/realsense_gazebo_plugin:/opt/ros/jazzy/opt/gz_sim_vendor:/opt/ros/jazzy/opt/gz_sensors_vendor:/opt/ros/jazzy/opt/gz_physics_vendor:/opt/ros/jazzy/opt/gz_gui_vendor:/opt/ros/jazzy/opt/gz_transport_vendor:/opt/ros/jazzy/opt/gz_rendering_vendor:/opt/ros/jazzy/opt/gz_plugin_vendor:/opt/ros/jazzy/opt/gz_fuel_tools_vendor:/opt/ros/jazzy/opt/gz_msgs_vendor:/opt/ros/jazzy/opt/gz_common_vendor:/opt/ros/jazzy/opt/gz_ogre_next_vendor:/opt/ros/jazzy/opt/gz_dartsim_vendor:/opt/ros/jazzy/opt/sdformat_vendor:/opt/ros/jazzy/opt/gz_math_vendor:/opt/ros/jazzy/opt/gz_utils_vendor:/opt/ros/jazzy/opt/gz_tools_vendor:/opt/ros/jazzy/opt/gz_cmake_vendor:/home/emersonmt/dev_ws/install/uf_ros_lib:/opt/ros/jazzy DEBUGINFOD_URLS=https://debuginfod.ubuntu.com LD_LIBRARY_PATH=/home/emersonmt/topics_ws/install/xarm_controller/lib:/home/emersonmt/topics_ws/install/xarm_api/lib:/home/emersonmt/topics_ws/install/xarm_sdk/lib:/home/emersonmt/topics_ws/install/xarm_msgs/lib:${LD_LIBRARY_PATH} PYTHONPATH=/home/emersonmt/topics_ws/install/xarm_msgs/lib/python3.12/site-packages:/home/emersonmt/topics_ws/install/uf_ros_lib/lib/python3.12/site-packages:${PYTHONPATH} /usr/bin/cmake /home/emersonmt/topics_ws/src/xarm_ros2/xarm_moveit_servo -DCMAKE_INSTALL_PREFIX=/home/emersonmt/topics_ws/install/xarm_moveit_servo
[0.065s] -- The C compiler identification is GNU 13.3.0
[0.107s] -- The CXX compiler identification is GNU 13.3.0
[0.120s] -- Detecting C compiler ABI info
[0.204s] -- Detecting C compiler ABI info - done
[0.209s] -- Check for working C compiler: /usr/bin/cc - skipped
[0.210s] -- Detecting C compile features
[0.210s] -- Detecting C compile features - done
[0.218s] -- Detecting CXX compiler ABI info
[0.305s] -- Detecting CXX compiler ABI info - done
[0.310s] -- Check for working CXX compiler: /usr/bin/c++ - skipped
[0.310s] -- Detecting CXX compile features
[0.311s] -- Detecting CXX compile features - done
[0.315s] -- Found ament_cmake: 2.5.4 (/opt/ros/jazzy/share/ament_cmake/cmake)
[0.441s] -- Found Python3: /usr/bin/python3 (found version "3.12.3") found components: Interpreter 
[0.545s] -- Found rclcpp: 28.1.11 (/opt/ros/jazzy/share/rclcpp/cmake)
[0.593s] -- Found rosidl_generator_c: 4.6.6 (/opt/ros/jazzy/share/rosidl_generator_c/cmake)
[0.609s] -- Found rosidl_generator_cpp: 4.6.6 (/opt/ros/jazzy/share/rosidl_generator_cpp/cmake)
[0.627s] -- Using all available rosidl_typesupport_c: rosidl_typesupport_fastrtps_c;rosidl_typesupport_introspection_c
[0.647s] -- Using all available rosidl_typesupport_cpp: rosidl_typesupport_fastrtps_cpp;rosidl_typesupport_introspection_cpp
[0.719s] -- Found rmw_implementation_cmake: 7.3.2 (/opt/ros/jazzy/share/rmw_implementation_cmake/cmake)
[0.723s] -- Found rmw_fastrtps_cpp: 8.4.3 (/opt/ros/jazzy/share/rmw_fastrtps_cpp/cmake)
[0.817s] -- Found OpenSSL: /usr/lib/x86_64-linux-gnu/libcrypto.so (found version "3.0.13")  
[0.836s] -- Found FastRTPS: /opt/ros/jazzy/include (Required is at least version "2.13") 
[0.854s] -- Using RMW implementation 'rmw_fastrtps_cpp' as default
[0.919s] -- Found rclcpp_components: 28.1.11 (/opt/ros/jazzy/share/rclcpp_components/cmake)
[0.956s] -- Found std_msgs: 5.3.6 (/opt/ros/jazzy/share/std_msgs/cmake)
[0.968s] -- Found std_srvs: 5.3.6 (/opt/ros/jazzy/share/std_srvs/cmake)
[0.985s] -- Found sensor_msgs: 5.3.6 (/opt/ros/jazzy/share/sensor_msgs/cmake)
[1.016s] -- Found control_msgs: 5.5.0 (/opt/ros/jazzy/share/control_msgs/cmake)
[1.088s] -- Found moveit_msgs: 2.6.0 (/opt/ros/jazzy/share/moveit_msgs/cmake)
[1.197s] -- Found moveit_ros_planning: 2.12.3 (/opt/ros/jazzy/share/moveit_ros_planning/cmake)
[1.321s] -- Found Boost: /usr/lib/x86_64-linux-gnu/cmake/Boost-1.83.0/BoostConfig.cmake (found version "1.83.0") found components: system filesystem date_time program_options thread chrono 
[1.347s] -- Found parameter_traits: 0.5.0 (/opt/ros/jazzy/share/parameter_traits/cmake)
[1.365s] -- Found rclcpp_lifecycle: 28.1.11 (/opt/ros/jazzy/share/rclcpp_lifecycle/cmake)
[1.416s] -- Found Boost: /usr/lib/x86_64-linux-gnu/cmake/Boost-1.83.0/BoostConfig.cmake (found version "1.83.0") found components: chrono date_time filesystem iostreams program_options regex serialization system thread 
[1.478s] -- Found Boost: /usr/lib/x86_64-linux-gnu/cmake/Boost-1.83.0/BoostConfig.cmake (found version "1.83.0") found components: filesystem 
[1.533s] -- Found Eigen3: TRUE (found version "3.4.0") 
[1.533s] -- Ensuring Eigen3 include directory is part of orocos-kdl CMake target
[1.683s] -- Found ament_lint_auto: 0.17.3 (/opt/ros/jazzy/share/ament_lint_auto/cmake)
[1.790s] -- Added test 'copyright' to check source files copyright and LICENSE
[1.791s] -- Added test 'cppcheck' to perform static code analysis on C / C++ code
[1.792s] -- Configured cppcheck include dirs: /home/emersonmt/topics_ws/src/xarm_ros2/xarm_moveit_servo/include
[1.792s] -- Configured cppcheck exclude dirs and/or files: 
[1.793s] -- Added test 'cpplint' to check C / C++ code against the Google style
[1.793s] -- Configured cpplint exclude dirs and/or files: 
[1.794s] -- Added test 'flake8' to check Python code syntax and style conventions
[1.794s] -- Configured 'flake8' exclude dirs and/or files: 
[1.795s] -- Added test 'lint_cmake' to check CMake code style
[1.795s] -- Added test 'pep257' to check Python code against some of the docstring style conventions in PEP 257
[1.797s] -- Added test 'uncrustify' to check C / C++ code style
[1.797s] -- Configured uncrustify additional arguments: 
[1.798s] -- Added test 'xmllint' to check XML markup files
[1.800s] -- Configuring done (1.8s)
[1.826s] -- Generating done (0.0s)
[1.835s] -- Build files have been written to: /home/emersonmt/topics_ws/build/xarm_moveit_servo
[1.848s] Invoked command in '/home/emersonmt/topics_ws/build/xarm_moveit_servo' returned '0': AMENT_PREFIX_PATH=/home/emersonmt/topics_ws/install/xarm_moveit_config:/home/emersonmt/topics_ws/install/xarm_gazebo:/home/emersonmt/topics_ws/install/xarm_controller:/home/emersonmt/topics_ws/install/xarm_api:/home/emersonmt/topics_ws/install/xarm_sdk:/home/emersonmt/topics_ws/install/xarm_msgs:/home/emersonmt/topics_ws/install/xarm_description:/home/emersonmt/topics_ws/install/uf_ros_lib:${AMENT_PREFIX_PATH} CMAKE_PREFIX_PATH=/home/emersonmt/topics_ws/install/xarm_moveit_config:/home/emersonmt/topics_ws/install/xarm_gazebo:/home/emersonmt/topics_ws/install/xarm_controller:/home/emersonmt/topics_ws/install/xarm_api:/home/emersonmt/topics_ws/install/xarm_sdk:/home/emersonmt/topics_ws/install/xarm_msgs:/home/emersonmt/topics_ws/install/xarm_description:/home/emersonmt/dev_ws/install/xarm_planner:/home/emersonmt/dev_ws/install/xarm_moveit_servo:/home/emersonmt/dev_ws/install/xarm_moveit_config:/home/emersonmt/dev_ws/install/xarm_gazebo:/home/emersonmt/dev_ws/install/xarm_controller:/home/emersonmt/dev_ws/install/xarm_api:/home/emersonmt/dev_ws/install/xarm_sdk:/home/emersonmt/dev_ws/install/xarm_msgs:/home/emersonmt/dev_ws/install/xarm_description:/home/emersonmt/dev_ws/install/mbot_demo:/home/emersonmt/dev_ws/install/realsense_gazebo_plugin:/opt/ros/jazzy/opt/gz_sim_vendor:/opt/ros/jazzy/opt/gz_sensors_vendor:/opt/ros/jazzy/opt/gz_physics_vendor:/opt/ros/jazzy/opt/gz_gui_vendor:/opt/ros/jazzy/opt/gz_transport_vendor:/opt/ros/jazzy/opt/gz_rendering_vendor:/opt/ros/jazzy/opt/gz_plugin_vendor:/opt/ros/jazzy/opt/gz_fuel_tools_vendor:/opt/ros/jazzy/opt/gz_msgs_vendor:/opt/ros/jazzy/opt/gz_common_vendor:/opt/ros/jazzy/opt/gz_ogre_next_vendor:/opt/ros/jazzy/opt/gz_dartsim_vendor:/opt/ros/jazzy/opt/sdformat_vendor:/opt/ros/jazzy/opt/gz_math_vendor:/opt/ros/jazzy/opt/gz_utils_vendor:/opt/ros/jazzy/opt/gz_tools_vendor:/opt/ros/jazzy/opt/gz_cmake_vendor:/home/emersonmt/dev_ws/install/uf_ros_lib:/opt/ros/jazzy DEBUGINFOD_URLS=https://debuginfod.ubuntu.com LD_LIBRARY_PATH=/home/emersonmt/topics_ws/install/xarm_controller/lib:/home/emersonmt/topics_ws/install/xarm_api/lib:/home/emersonmt/topics_ws/install/xarm_sdk/lib:/home/emersonmt/topics_ws/install/xarm_msgs/lib:${LD_LIBRARY_PATH} PYTHONPATH=/home/emersonmt/topics_ws/install/xarm_msgs/lib/python3.12/site-packages:/home/emersonmt/topics_ws/install/uf_ros_lib/lib/python3.12/site-packages:${PYTHONPATH} /usr/bin/cmake /home/emersonmt/topics_ws/src/xarm_ros2/xarm_moveit_servo -DCMAKE_INSTALL_PREFIX=/home/emersonmt/topics_ws/install/xarm_moveit_servo
[1.849s] Invoking command in '/home/emersonmt/topics_ws/build/xarm_moveit_servo': AMENT_PREFIX_PATH=/home/emersonmt/topics_ws/install/xarm_moveit_config:/home/emersonmt/topics_ws/install/xarm_gazebo:/home/emersonmt/topics_ws/install/xarm_controller:/home/emersonmt/topics_ws/install/xarm_api:/home/emersonmt/topics_ws/install/xarm_sdk:/home/emersonmt/topics_ws/install/xarm_msgs:/home/emersonmt/topics_ws/install/xarm_description:/home/emersonmt/topics_ws/install/uf_ros_lib:${AMENT_PREFIX_PATH} CMAKE_PREFIX_PATH=/home/emersonmt/topics_ws/install/xarm_moveit_config:/home/emersonmt/topics_ws/install/xarm_gazebo:/home/emersonmt/topics_ws/install/xarm_controller:/home/emersonmt/topics_ws/install/xarm_api:/home/emersonmt/topics_ws/install/xarm_sdk:/home/emersonmt/topics_ws/install/xarm_msgs:/home/emersonmt/topics_ws/install/xarm_description:/home/emersonmt/dev_ws/install/xarm_planner:/home/emersonmt/dev_ws/install/xarm_moveit_servo:/home/emersonmt/dev_ws/install/xarm_moveit_config:/home/emersonmt/dev_ws/install/xarm_gazebo:/home/emersonmt/dev_ws/install/xarm_controller:/home/emersonmt/dev_ws/install/xarm_api:/home/emersonmt/dev_ws/install/xarm_sdk:/home/emersonmt/dev_ws/install/xarm_msgs:/home/emersonmt/dev_ws/install/xarm_description:/home/emersonmt/dev_ws/install/mbot_demo:/home/emersonmt/dev_ws/install/realsense_gazebo_plugin:/opt/ros/jazzy/opt/gz_sim_vendor:/opt/ros/jazzy/opt/gz_sensors_vendor:/opt/ros/jazzy/opt/gz_physics_vendor:/opt/ros/jazzy/opt/gz_gui_vendor:/opt/ros/jazzy/opt/gz_transport_vendor:/opt/ros/jazzy/opt/gz_rendering_vendor:/opt/ros/jazzy/opt/gz_plugin_vendor:/opt/ros/jazzy/opt/gz_fuel_tools_vendor:/opt/ros/jazzy/opt/gz_msgs_vendor:/opt/ros/jazzy/opt/gz_common_vendor:/opt/ros/jazzy/opt/gz_ogre_next_vendor:/opt/ros/jazzy/opt/gz_dartsim_vendor:/opt/ros/jazzy/opt/sdformat_vendor:/opt/ros/jazzy/opt/gz_math_vendor:/opt/ros/jazzy/opt/gz_utils_vendor:/opt/ros/jazzy/opt/gz_tools_vendor:/opt/ros/jazzy/opt/gz_cmake_vendor:/home/emersonmt/dev_ws/install/uf_ros_lib:/opt/ros/jazzy DEBUGINFOD_URLS=https://debuginfod.ubuntu.com LD_LIBRARY_PATH=/home/emersonmt/topics_ws/install/xarm_controller/lib:/home/emersonmt/topics_ws/install/xarm_api/lib:/home/emersonmt/topics_ws/install/xarm_sdk/lib:/home/emersonmt/topics_ws/install/xarm_msgs/lib:${LD_LIBRARY_PATH} PYTHONPATH=/home/emersonmt/topics_ws/install/xarm_msgs/lib/python3.12/site-packages:/home/emersonmt/topics_ws/install/uf_ros_lib/lib/python3.12/site-packages:${PYTHONPATH} /usr/bin/cmake --build /home/emersonmt/topics_ws/build/xarm_moveit_servo -- -j16 -l16
[1.905s] [ 50%] [32mBuilding CXX object CMakeFiles/xarm_joystick_input.dir/src/xarm_joystick_input.cpp.o[0m
[1.906s] [ 50%] [32mBuilding CXX object CMakeFiles/xarm_joystick_input_node.dir/rclcpp_components/node_main_xarm_joystick_input_node.cpp.o[0m
[1.906s] [ 50%] [32mBuilding CXX object CMakeFiles/xarm_keyboard_input.dir/src/xarm_keyboard_input.cpp.o[0m
[4.236s] [ 66%] [32m[1mLinking CXX executable xarm_joystick_input_node[0m
[4.343s] [ 66%] Built target xarm_joystick_input_node
[6.960s] [ 83%] [32m[1mLinking CXX executable xarm_keyboard_input[0m
[7.268s] [ 83%] Built target xarm_keyboard_input
[10.161s] [100%] [32m[1mLinking CXX shared library libxarm_joystick_input.so[0m
[10.692s] [100%] Built target xarm_joystick_input
[10.704s] Invoked command in '/home/emersonmt/topics_ws/build/xarm_moveit_servo' returned '0': AMENT_PREFIX_PATH=/home/emersonmt/topics_ws/install/xarm_moveit_config:/home/emersonmt/topics_ws/install/xarm_gazebo:/home/emersonmt/topics_ws/install/xarm_controller:/home/emersonmt/topics_ws/install/xarm_api:/home/emersonmt/topics_ws/install/xarm_sdk:/home/emersonmt/topics_ws/install/xarm_msgs:/home/emersonmt/topics_ws/install/xarm_description:/home/emersonmt/topics_ws/install/uf_ros_lib:${AMENT_PREFIX_PATH} CMAKE_PREFIX_PATH=/home/emersonmt/topics_ws/install/xarm_moveit_config:/home/emersonmt/topics_ws/install/xarm_gazebo:/home/emersonmt/topics_ws/install/xarm_controller:/home/emersonmt/topics_ws/install/xarm_api:/home/emersonmt/topics_ws/install/xarm_sdk:/home/emersonmt/topics_ws/install/xarm_msgs:/home/emersonmt/topics_ws/install/xarm_description:/home/emersonmt/dev_ws/install/xarm_planner:/home/emersonmt/dev_ws/install/xarm_moveit_servo:/home/emersonmt/dev_ws/install/xarm_moveit_config:/home/emersonmt/dev_ws/install/xarm_gazebo:/home/emersonmt/dev_ws/install/xarm_controller:/home/emersonmt/dev_ws/install/xarm_api:/home/emersonmt/dev_ws/install/xarm_sdk:/home/emersonmt/dev_ws/install/xarm_msgs:/home/emersonmt/dev_ws/install/xarm_description:/home/emersonmt/dev_ws/install/mbot_demo:/home/emersonmt/dev_ws/install/realsense_gazebo_plugin:/opt/ros/jazzy/opt/gz_sim_vendor:/opt/ros/jazzy/opt/gz_sensors_vendor:/opt/ros/jazzy/opt/gz_physics_vendor:/opt/ros/jazzy/opt/gz_gui_vendor:/opt/ros/jazzy/opt/gz_transport_vendor:/opt/ros/jazzy/opt/gz_rendering_vendor:/opt/ros/jazzy/opt/gz_plugin_vendor:/opt/ros/jazzy/opt/gz_fuel_tools_vendor:/opt/ros/jazzy/opt/gz_msgs_vendor:/opt/ros/jazzy/opt/gz_common_vendor:/opt/ros/jazzy/opt/gz_ogre_next_vendor:/opt/ros/jazzy/opt/gz_dartsim_vendor:/opt/ros/jazzy/opt/sdformat_vendor:/opt/ros/jazzy/opt/gz_math_vendor:/opt/ros/jazzy/opt/gz_utils_vendor:/opt/ros/jazzy/opt/gz_tools_vendor:/opt/ros/jazzy/opt/gz_cmake_vendor:/home/emersonmt/dev_ws/install/uf_ros_lib:/opt/ros/jazzy DEBUGINFOD_URLS=https://debuginfod.ubuntu.com LD_LIBRARY_PATH=/home/emersonmt/topics_ws/install/xarm_controller/lib:/home/emersonmt/topics_ws/install/xarm_api/lib:/home/emersonmt/topics_ws/install/xarm_sdk/lib:/home/emersonmt/topics_ws/install/xarm_msgs/lib:${LD_LIBRARY_PATH} PYTHONPATH=/home/emersonmt/topics_ws/install/xarm_msgs/lib/python3.12/site-packages:/home/emersonmt/topics_ws/install/uf_ros_lib/lib/python3.12/site-packages:${PYTHONPATH} /usr/bin/cmake --build /home/emersonmt/topics_ws/build/xarm_moveit_servo -- -j16 -l16
[10.705s] Invoking command in '/home/emersonmt/topics_ws/build/xarm_moveit_servo': AMENT_PREFIX_PATH=/home/emersonmt/topics_ws/install/xarm_moveit_config:/home/emersonmt/topics_ws/install/xarm_gazebo:/home/emersonmt/topics_ws/install/xarm_controller:/home/emersonmt/topics_ws/install/xarm_api:/home/emersonmt/topics_ws/install/xarm_sdk:/home/emersonmt/topics_ws/install/xarm_msgs:/home/emersonmt/topics_ws/install/xarm_description:/home/emersonmt/topics_ws/install/uf_ros_lib:${AMENT_PREFIX_PATH} CMAKE_PREFIX_PATH=/home/emersonmt/topics_ws/install/xarm_moveit_config:/home/emersonmt/topics_ws/install/xarm_gazebo:/home/emersonmt/topics_ws/install/xarm_controller:/home/emersonmt/topics_ws/install/xarm_api:/home/emersonmt/topics_ws/install/xarm_sdk:/home/emersonmt/topics_ws/install/xarm_msgs:/home/emersonmt/topics_ws/install/xarm_description:/home/emersonmt/dev_ws/install/xarm_planner:/home/emersonmt/dev_ws/install/xarm_moveit_servo:/home/emersonmt/dev_ws/install/xarm_moveit_config:/home/emersonmt/dev_ws/install/xarm_gazebo:/home/emersonmt/dev_ws/install/xarm_controller:/home/emersonmt/dev_ws/install/xarm_api:/home/emersonmt/dev_ws/install/xarm_sdk:/home/emersonmt/dev_ws/install/xarm_msgs:/home/emersonmt/dev_ws/install/xarm_description:/home/emersonmt/dev_ws/install/mbot_demo:/home/emersonmt/dev_ws/install/realsense_gazebo_plugin:/opt/ros/jazzy/opt/gz_sim_vendor:/opt/ros/jazzy/opt/gz_sensors_vendor:/opt/ros/jazzy/opt/gz_physics_vendor:/opt/ros/jazzy/opt/gz_gui_vendor:/opt/ros/jazzy/opt/gz_transport_vendor:/opt/ros/jazzy/opt/gz_rendering_vendor:/opt/ros/jazzy/opt/gz_plugin_vendor:/opt/ros/jazzy/opt/gz_fuel_tools_vendor:/opt/ros/jazzy/opt/gz_msgs_vendor:/opt/ros/jazzy/opt/gz_common_vendor:/opt/ros/jazzy/opt/gz_ogre_next_vendor:/opt/ros/jazzy/opt/gz_dartsim_vendor:/opt/ros/jazzy/opt/sdformat_vendor:/opt/ros/jazzy/opt/gz_math_vendor:/opt/ros/jazzy/opt/gz_utils_vendor:/opt/ros/jazzy/opt/gz_tools_vendor:/opt/ros/jazzy/opt/gz_cmake_vendor:/home/emersonmt/dev_ws/install/uf_ros_lib:/opt/ros/jazzy DEBUGINFOD_URLS=https://debuginfod.ubuntu.com LD_LIBRARY_PATH=/home/emersonmt/topics_ws/install/xarm_controller/lib:/home/emersonmt/topics_ws/install/xarm_api/lib:/home/emersonmt/topics_ws/install/xarm_sdk/lib:/home/emersonmt/topics_ws/install/xarm_msgs/lib:${LD_LIBRARY_PATH} PYTHONPATH=/home/emersonmt/topics_ws/install/xarm_msgs/lib/python3.12/site-packages:/home/emersonmt/topics_ws/install/uf_ros_lib/lib/python3.12/site-packages:${PYTHONPATH} /usr/bin/cmake --install /home/emersonmt/topics_ws/build/xarm_moveit_servo
[10.714s] -- Install configuration: ""
[10.714s] -- Installing: /home/emersonmt/topics_ws/install/xarm_moveit_servo/lib/xarm_moveit_servo/xarm_joystick_input_node
[10.714s] -- Set non-toolchain portion of runtime path of "/home/emersonmt/topics_ws/install/xarm_moveit_servo/lib/xarm_moveit_servo/xarm_joystick_input_node" to ""
[10.714s] -- Installing: /home/emersonmt/topics_ws/install/xarm_moveit_servo/lib/libxarm_joystick_input.so
[10.720s] -- Set non-toolchain portion of runtime path of "/home/emersonmt/topics_ws/install/xarm_moveit_servo/lib/libxarm_joystick_input.so" to ""
[10.721s] -- Up-to-date: /home/emersonmt/topics_ws/install/xarm_moveit_servo/lib/xarm_moveit_servo/xarm_joystick_input_node
[10.721s] -- Installing: /home/emersonmt/topics_ws/install/xarm_moveit_servo/lib/xarm_moveit_servo/xarm_keyboard_input
[10.723s] -- Set non-toolchain portion of runtime path of "/home/emersonmt/topics_ws/install/xarm_moveit_servo/lib/xarm_moveit_servo/xarm_keyboard_input" to ""
[10.723s] -- Installing: /home/emersonmt/topics_ws/install/xarm_moveit_servo/share/xarm_moveit_servo//config
[10.723s] -- Installing: /home/emersonmt/topics_ws/install/xarm_moveit_servo/share/xarm_moveit_servo//config/xarm_moveit_servo_config.yaml
[10.724s] -- Installing: /home/emersonmt/topics_ws/install/xarm_moveit_servo/share/xarm_moveit_servo//launch
[10.724s] -- Installing: /home/emersonmt/topics_ws/install/xarm_moveit_servo/share/xarm_moveit_servo//launch/_robot_moveit_servo_fake.launch.py
[10.724s] -- Installing: /home/emersonmt/topics_ws/install/xarm_moveit_servo/share/xarm_moveit_servo//launch/uf850_moveit_servo_realmove.launch.py
[10.724s] -- Installing: /home/emersonmt/topics_ws/install/xarm_moveit_servo/share/xarm_moveit_servo//launch/lite6_moveit_servo_realmove.launch.py
[10.724s] -- Installing: /home/emersonmt/topics_ws/install/xarm_moveit_servo/share/xarm_moveit_servo//launch/lite6_moveit_servo_fake.launch.py
[10.724s] -- Installing: /home/emersonmt/topics_ws/install/xarm_moveit_servo/share/xarm_moveit_servo//launch/_robot_moveit_servo.launch.py
[10.725s] -- Installing: /home/emersonmt/topics_ws/install/xarm_moveit_servo/share/xarm_moveit_servo//launch/_robot_moveit_servo_realmove.launch.py
[10.725s] -- Installing: /home/emersonmt/topics_ws/install/xarm_moveit_servo/share/xarm_moveit_servo//launch/xarm_moveit_servo_fake.launch.py
[10.725s] -- Installing: /home/emersonmt/topics_ws/install/xarm_moveit_servo/share/xarm_moveit_servo//launch/uf850_moveit_servo_fake.launch.py
[10.725s] -- Installing: /home/emersonmt/topics_ws/install/xarm_moveit_servo/share/xarm_moveit_servo//launch/xarm_moveit_servo_realmove.launch.py
[10.725s] -- Installing: /home/emersonmt/topics_ws/install/xarm_moveit_servo/share/xarm_moveit_servo//rviz
[10.725s] -- Installing: /home/emersonmt/topics_ws/install/xarm_moveit_servo/share/xarm_moveit_servo//rviz/servo.rviz
[10.726s] -- Installing: /home/emersonmt/topics_ws/install/xarm_moveit_servo/share/ament_index/resource_index/package_run_dependencies/xarm_moveit_servo
[10.726s] -- Installing: /home/emersonmt/topics_ws/install/xarm_moveit_servo/share/ament_index/resource_index/parent_prefix_path/xarm_moveit_servo
[10.726s] -- Installing: /home/emersonmt/topics_ws/install/xarm_moveit_servo/share/xarm_moveit_servo/environment/ament_prefix_path.sh
[10.726s] -- Installing: /home/emersonmt/topics_ws/install/xarm_moveit_servo/share/xarm_moveit_servo/environment/ament_prefix_path.dsv
[10.726s] -- Installing: /home/emersonmt/topics_ws/install/xarm_moveit_servo/share/xarm_moveit_servo/environment/path.sh
[10.726s] -- Installing: /home/emersonmt/topics_ws/install/xarm_moveit_servo/share/xarm_moveit_servo/environment/path.dsv
[10.726s] -- Installing: /home/emersonmt/topics_ws/install/xarm_moveit_servo/share/xarm_moveit_servo/local_setup.bash
[10.726s] -- Installing: /home/emersonmt/topics_ws/install/xarm_moveit_servo/share/xarm_moveit_servo/local_setup.sh
[10.726s] -- Installing: /home/emersonmt/topics_ws/install/xarm_moveit_servo/share/xarm_moveit_servo/local_setup.zsh
[10.726s] -- Installing: /home/emersonmt/topics_ws/install/xarm_moveit_servo/share/xarm_moveit_servo/local_setup.dsv
[10.727s] -- Installing: /home/emersonmt/topics_ws/install/xarm_moveit_servo/share/xarm_moveit_servo/package.dsv
[10.727s] -- Installing: /home/emersonmt/topics_ws/install/xarm_moveit_servo/share/ament_index/resource_index/packages/xarm_moveit_servo
[10.727s] -- Installing: /home/emersonmt/topics_ws/install/xarm_moveit_servo/share/ament_index/resource_index/rclcpp_components/xarm_moveit_servo
[10.727s] -- Installing: /home/emersonmt/topics_ws/install/xarm_moveit_servo/share/xarm_moveit_servo/cmake/xarm_moveit_servoConfig.cmake
[10.727s] -- Installing: /home/emersonmt/topics_ws/install/xarm_moveit_servo/share/xarm_moveit_servo/cmake/xarm_moveit_servoConfig-version.cmake
[10.727s] -- Installing: /home/emersonmt/topics_ws/install/xarm_moveit_servo/share/xarm_moveit_servo/package.xml
[10.729s] Invoked command in '/home/emersonmt/topics_ws/build/xarm_moveit_servo' returned '0': AMENT_PREFIX_PATH=/home/emersonmt/topics_ws/install/xarm_moveit_config:/home/emersonmt/topics_ws/install/xarm_gazebo:/home/emersonmt/topics_ws/install/xarm_controller:/home/emersonmt/topics_ws/install/xarm_api:/home/emersonmt/topics_ws/install/xarm_sdk:/home/emersonmt/topics_ws/install/xarm_msgs:/home/emersonmt/topics_ws/install/xarm_description:/home/emersonmt/topics_ws/install/uf_ros_lib:${AMENT_PREFIX_PATH} CMAKE_PREFIX_PATH=/home/emersonmt/topics_ws/install/xarm_moveit_config:/home/emersonmt/topics_ws/install/xarm_gazebo:/home/emersonmt/topics_ws/install/xarm_controller:/home/emersonmt/topics_ws/install/xarm_api:/home/emersonmt/topics_ws/install/xarm_sdk:/home/emersonmt/topics_ws/install/xarm_msgs:/home/emersonmt/topics_ws/install/xarm_description:/home/emersonmt/dev_ws/install/xarm_planner:/home/emersonmt/dev_ws/install/xarm_moveit_servo:/home/emersonmt/dev_ws/install/xarm_moveit_config:/home/emersonmt/dev_ws/install/xarm_gazebo:/home/emersonmt/dev_ws/install/xarm_controller:/home/emersonmt/dev_ws/install/xarm_api:/home/emersonmt/dev_ws/install/xarm_sdk:/home/emersonmt/dev_ws/install/xarm_msgs:/home/emersonmt/dev_ws/install/xarm_description:/home/emersonmt/dev_ws/install/mbot_demo:/home/emersonmt/dev_ws/install/realsense_gazebo_plugin:/opt/ros/jazzy/opt/gz_sim_vendor:/opt/ros/jazzy/opt/gz_sensors_vendor:/opt/ros/jazzy/opt/gz_physics_vendor:/opt/ros/jazzy/opt/gz_gui_vendor:/opt/ros/jazzy/opt/gz_transport_vendor:/opt/ros/jazzy/opt/gz_rendering_vendor:/opt/ros/jazzy/opt/gz_plugin_vendor:/opt/ros/jazzy/opt/gz_fuel_tools_vendor:/opt/ros/jazzy/opt/gz_msgs_vendor:/opt/ros/jazzy/opt/gz_common_vendor:/opt/ros/jazzy/opt/gz_ogre_next_vendor:/opt/ros/jazzy/opt/gz_dartsim_vendor:/opt/ros/jazzy/opt/sdformat_vendor:/opt/ros/jazzy/opt/gz_math_vendor:/opt/ros/jazzy/opt/gz_utils_vendor:/opt/ros/jazzy/opt/gz_tools_vendor:/opt/ros/jazzy/opt/gz_cmake_vendor:/home/emersonmt/dev_ws/install/uf_ros_lib:/opt/ros/jazzy DEBUGINFOD_URLS=https://debuginfod.ubuntu.com LD_LIBRARY_PATH=/home/emersonmt/topics_ws/install/xarm_controller/lib:/home/emersonmt/topics_ws/install/xarm_api/lib:/home/emersonmt/topics_ws/install/xarm_sdk/lib:/home/emersonmt/topics_ws/install/xarm_msgs/lib:${LD_LIBRARY_PATH} PYTHONPATH=/home/emersonmt/topics_ws/install/xarm_msgs/lib/python3.12/site-packages:/home/emersonmt/topics_ws/install/uf_ros_lib/lib/python3.12/site-packages:${PYTHONPATH} /usr/bin/cmake --install /home/emersonmt/topics_ws/build/xarm_moveit_servo
