[0.021s] Invoking command in '/home/emersonmt/topics_ws/build/xarm_controller': AMENT_PREFIX_PATH=/home/emersonmt/topics_ws/install/xarm_api:/home/emersonmt/topics_ws/install/xarm_sdk:/home/emersonmt/topics_ws/install/xarm_msgs:/home/emersonmt/topics_ws/install/xarm_description:${AMENT_PREFIX_PATH} CMAKE_PREFIX_PATH=/home/emersonmt/topics_ws/install/xarm_api:/home/emersonmt/topics_ws/install/xarm_sdk:/home/emersonmt/topics_ws/install/xarm_msgs:/home/emersonmt/topics_ws/install/xarm_description:/home/emersonmt/dev_ws/install/xarm_planner:/home/emersonmt/dev_ws/install/xarm_moveit_servo:/home/emersonmt/dev_ws/install/xarm_moveit_config:/home/emersonmt/dev_ws/install/xarm_gazebo:/home/emersonmt/dev_ws/install/xarm_controller:/home/emersonmt/dev_ws/install/xarm_api:/home/emersonmt/dev_ws/install/xarm_sdk:/home/emersonmt/dev_ws/install/xarm_msgs:/home/emersonmt/dev_ws/install/xarm_description:/home/emersonmt/dev_ws/install/mbot_demo:/home/emersonmt/dev_ws/install/realsense_gazebo_plugin:/opt/ros/jazzy/opt/gz_sim_vendor:/opt/ros/jazzy/opt/gz_sensors_vendor:/opt/ros/jazzy/opt/gz_physics_vendor:/opt/ros/jazzy/opt/gz_gui_vendor:/opt/ros/jazzy/opt/gz_transport_vendor:/opt/ros/jazzy/opt/gz_rendering_vendor:/opt/ros/jazzy/opt/gz_plugin_vendor:/opt/ros/jazzy/opt/gz_fuel_tools_vendor:/opt/ros/jazzy/opt/gz_msgs_vendor:/opt/ros/jazzy/opt/gz_common_vendor:/opt/ros/jazzy/opt/gz_ogre_next_vendor:/opt/ros/jazzy/opt/gz_dartsim_vendor:/opt/ros/jazzy/opt/sdformat_vendor:/opt/ros/jazzy/opt/gz_math_vendor:/opt/ros/jazzy/opt/gz_utils_vendor:/opt/ros/jazzy/opt/gz_tools_vendor:/opt/ros/jazzy/opt/gz_cmake_vendor:/home/emersonmt/dev_ws/install/uf_ros_lib:/opt/ros/jazzy DEBUGINFOD_URLS=https://debuginfod.ubuntu.com LD_LIBRARY_PATH=/home/emersonmt/topics_ws/install/xarm_api/lib:/home/emersonmt/topics_ws/install/xarm_sdk/lib:/home/emersonmt/topics_ws/install/xarm_msgs/lib:${LD_LIBRARY_PATH} PYTHONPATH=/home/emersonmt/topics_ws/install/xarm_msgs/lib/python3.12/site-packages:${PYTHONPATH} /usr/bin/cmake /home/emersonmt/topics_ws/src/xarm_ros2/xarm_controller -DCMAKE_INSTALL_PREFIX=/home/emersonmt/topics_ws/install/xarm_controller
[0.069s] -- The C compiler identification is GNU 13.3.0
[0.112s] -- The CXX compiler identification is GNU 13.3.0
[0.131s] -- Detecting C compiler ABI info
[0.215s] -- Detecting C compiler ABI info - done
[0.221s] -- Check for working C compiler: /usr/bin/cc - skipped
[0.222s] -- Detecting C compile features
[0.222s] -- Detecting C compile features - done
[0.231s] -- Detecting CXX compiler ABI info
[0.316s] -- Detecting CXX compiler ABI info - done
[0.323s] -- Check for working CXX compiler: /usr/bin/c++ - skipped
[0.323s] -- Detecting CXX compile features
[0.324s] -- Detecting CXX compile features - done
[0.329s] -- Found ament_cmake: 2.5.4 (/opt/ros/jazzy/share/ament_cmake/cmake)
[0.448s] -- Found Python3: /usr/bin/python3 (found version "3.12.3") found components: Interpreter 
[0.547s] -- Found ament_lint_auto: 0.17.3 (/opt/ros/jazzy/share/ament_lint_auto/cmake)
[0.637s] -- Found hardware_interface: 4.35.0 (/opt/ros/jazzy/share/hardware_interface/cmake)
[0.692s] -- Found rosidl_generator_c: 4.6.6 (/opt/ros/jazzy/share/rosidl_generator_c/cmake)
[0.707s] -- Found rosidl_generator_cpp: 4.6.6 (/opt/ros/jazzy/share/rosidl_generator_cpp/cmake)
[0.726s] -- Using all available rosidl_typesupport_c: rosidl_typesupport_fastrtps_c;rosidl_typesupport_introspection_c
[0.744s] -- Using all available rosidl_typesupport_cpp: rosidl_typesupport_fastrtps_cpp;rosidl_typesupport_introspection_cpp
[0.927s] -- Found TinyXML2 via Config file: /usr/lib/x86_64-linux-gnu/cmake/tinyxml2
[0.973s] -- Found rmw_implementation_cmake: 7.3.2 (/opt/ros/jazzy/share/rmw_implementation_cmake/cmake)
[0.978s] -- Found rmw_fastrtps_cpp: 8.4.3 (/opt/ros/jazzy/share/rmw_fastrtps_cpp/cmake)
[1.002s] -- Found TinyXML2 via Config file: /usr/lib/x86_64-linux-gnu/cmake/tinyxml2
[1.071s] -- Found OpenSSL: /usr/lib/x86_64-linux-gnu/libcrypto.so (found version "3.0.13")  
[1.073s] -- Found TinyXML2 via Config file: /usr/lib/x86_64-linux-gnu/cmake/tinyxml2
[1.088s] -- Found FastRTPS: /opt/ros/jazzy/include (Required is at least version "2.13") 
[1.090s] -- Found TinyXML2 via Config file: /usr/lib/x86_64-linux-gnu/cmake/tinyxml2
[1.097s] -- Found TinyXML2 via Config file: /usr/lib/x86_64-linux-gnu/cmake/tinyxml2
[1.106s] -- Using RMW implementation 'rmw_fastrtps_cpp' as default
[1.365s] -- Found controller_manager_msgs: 4.35.0 (/opt/ros/jazzy/share/controller_manager_msgs/cmake)
[1.388s] -- Found xarm_msgs: 0.0.0 (/home/emersonmt/topics_ws/install/xarm_msgs/share/xarm_msgs/cmake)
[1.430s] -- Found xarm_api: 0.0.0 (/home/emersonmt/topics_ws/install/xarm_api/share/xarm_api/cmake)
[1.431s] -- Found xarm_sdk: 0.0.0 (/home/emersonmt/topics_ws/install/xarm_sdk/share/xarm_sdk/cmake)
[1.438s] -- Added test 'copyright' to check source files copyright and LICENSE
[1.440s] -- Added test 'cppcheck' to perform static code analysis on C / C++ code
[1.441s] -- Configured cppcheck include dirs: /home/emersonmt/topics_ws/src/xarm_ros2/xarm_controller/include
[1.441s] -- Configured cppcheck exclude dirs and/or files: 
[1.442s] -- Added test 'cpplint' to check C / C++ code against the Google style
[1.442s] -- Configured cpplint exclude dirs and/or files: 
[1.443s] -- Added test 'flake8' to check Python code syntax and style conventions
[1.443s] -- Configured 'flake8' exclude dirs and/or files: 
[1.444s] -- Added test 'lint_cmake' to check CMake code style
[1.445s] -- Added test 'pep257' to check Python code against some of the docstring style conventions in PEP 257
[1.447s] -- Added test 'uncrustify' to check C / C++ code style
[1.447s] -- Configured uncrustify additional arguments: 
[1.448s] -- Added test 'xmllint' to check XML markup files
[1.451s] -- Configuring done (1.4s)
[1.471s] -- Generating done (0.0s)
[1.474s] -- Build files have been written to: /home/emersonmt/topics_ws/build/xarm_controller
[1.484s] Invoked command in '/home/emersonmt/topics_ws/build/xarm_controller' returned '0': AMENT_PREFIX_PATH=/home/emersonmt/topics_ws/install/xarm_api:/home/emersonmt/topics_ws/install/xarm_sdk:/home/emersonmt/topics_ws/install/xarm_msgs:/home/emersonmt/topics_ws/install/xarm_description:${AMENT_PREFIX_PATH} CMAKE_PREFIX_PATH=/home/emersonmt/topics_ws/install/xarm_api:/home/emersonmt/topics_ws/install/xarm_sdk:/home/emersonmt/topics_ws/install/xarm_msgs:/home/emersonmt/topics_ws/install/xarm_description:/home/emersonmt/dev_ws/install/xarm_planner:/home/emersonmt/dev_ws/install/xarm_moveit_servo:/home/emersonmt/dev_ws/install/xarm_moveit_config:/home/emersonmt/dev_ws/install/xarm_gazebo:/home/emersonmt/dev_ws/install/xarm_controller:/home/emersonmt/dev_ws/install/xarm_api:/home/emersonmt/dev_ws/install/xarm_sdk:/home/emersonmt/dev_ws/install/xarm_msgs:/home/emersonmt/dev_ws/install/xarm_description:/home/emersonmt/dev_ws/install/mbot_demo:/home/emersonmt/dev_ws/install/realsense_gazebo_plugin:/opt/ros/jazzy/opt/gz_sim_vendor:/opt/ros/jazzy/opt/gz_sensors_vendor:/opt/ros/jazzy/opt/gz_physics_vendor:/opt/ros/jazzy/opt/gz_gui_vendor:/opt/ros/jazzy/opt/gz_transport_vendor:/opt/ros/jazzy/opt/gz_rendering_vendor:/opt/ros/jazzy/opt/gz_plugin_vendor:/opt/ros/jazzy/opt/gz_fuel_tools_vendor:/opt/ros/jazzy/opt/gz_msgs_vendor:/opt/ros/jazzy/opt/gz_common_vendor:/opt/ros/jazzy/opt/gz_ogre_next_vendor:/opt/ros/jazzy/opt/gz_dartsim_vendor:/opt/ros/jazzy/opt/sdformat_vendor:/opt/ros/jazzy/opt/gz_math_vendor:/opt/ros/jazzy/opt/gz_utils_vendor:/opt/ros/jazzy/opt/gz_tools_vendor:/opt/ros/jazzy/opt/gz_cmake_vendor:/home/emersonmt/dev_ws/install/uf_ros_lib:/opt/ros/jazzy DEBUGINFOD_URLS=https://debuginfod.ubuntu.com LD_LIBRARY_PATH=/home/emersonmt/topics_ws/install/xarm_api/lib:/home/emersonmt/topics_ws/install/xarm_sdk/lib:/home/emersonmt/topics_ws/install/xarm_msgs/lib:${LD_LIBRARY_PATH} PYTHONPATH=/home/emersonmt/topics_ws/install/xarm_msgs/lib/python3.12/site-packages:${PYTHONPATH} /usr/bin/cmake /home/emersonmt/topics_ws/src/xarm_ros2/xarm_controller -DCMAKE_INSTALL_PREFIX=/home/emersonmt/topics_ws/install/xarm_controller
[1.485s] Invoking command in '/home/emersonmt/topics_ws/build/xarm_controller': AMENT_PREFIX_PATH=/home/emersonmt/topics_ws/install/xarm_api:/home/emersonmt/topics_ws/install/xarm_sdk:/home/emersonmt/topics_ws/install/xarm_msgs:/home/emersonmt/topics_ws/install/xarm_description:${AMENT_PREFIX_PATH} CMAKE_PREFIX_PATH=/home/emersonmt/topics_ws/install/xarm_api:/home/emersonmt/topics_ws/install/xarm_sdk:/home/emersonmt/topics_ws/install/xarm_msgs:/home/emersonmt/topics_ws/install/xarm_description:/home/emersonmt/dev_ws/install/xarm_planner:/home/emersonmt/dev_ws/install/xarm_moveit_servo:/home/emersonmt/dev_ws/install/xarm_moveit_config:/home/emersonmt/dev_ws/install/xarm_gazebo:/home/emersonmt/dev_ws/install/xarm_controller:/home/emersonmt/dev_ws/install/xarm_api:/home/emersonmt/dev_ws/install/xarm_sdk:/home/emersonmt/dev_ws/install/xarm_msgs:/home/emersonmt/dev_ws/install/xarm_description:/home/emersonmt/dev_ws/install/mbot_demo:/home/emersonmt/dev_ws/install/realsense_gazebo_plugin:/opt/ros/jazzy/opt/gz_sim_vendor:/opt/ros/jazzy/opt/gz_sensors_vendor:/opt/ros/jazzy/opt/gz_physics_vendor:/opt/ros/jazzy/opt/gz_gui_vendor:/opt/ros/jazzy/opt/gz_transport_vendor:/opt/ros/jazzy/opt/gz_rendering_vendor:/opt/ros/jazzy/opt/gz_plugin_vendor:/opt/ros/jazzy/opt/gz_fuel_tools_vendor:/opt/ros/jazzy/opt/gz_msgs_vendor:/opt/ros/jazzy/opt/gz_common_vendor:/opt/ros/jazzy/opt/gz_ogre_next_vendor:/opt/ros/jazzy/opt/gz_dartsim_vendor:/opt/ros/jazzy/opt/sdformat_vendor:/opt/ros/jazzy/opt/gz_math_vendor:/opt/ros/jazzy/opt/gz_utils_vendor:/opt/ros/jazzy/opt/gz_tools_vendor:/opt/ros/jazzy/opt/gz_cmake_vendor:/home/emersonmt/dev_ws/install/uf_ros_lib:/opt/ros/jazzy DEBUGINFOD_URLS=https://debuginfod.ubuntu.com LD_LIBRARY_PATH=/home/emersonmt/topics_ws/install/xarm_api/lib:/home/emersonmt/topics_ws/install/xarm_sdk/lib:/home/emersonmt/topics_ws/install/xarm_msgs/lib:${LD_LIBRARY_PATH} PYTHONPATH=/home/emersonmt/topics_ws/install/xarm_msgs/lib/python3.12/site-packages:${PYTHONPATH} /usr/bin/cmake --build /home/emersonmt/topics_ws/build/xarm_controller -- -j16 -l16
[1.540s] [ 66%] [32mBuilding CXX object CMakeFiles/uf_robot_hardware.dir/src/hardware/uf_robot_fake_system_hardware.cpp.o[0m
[1.540s] [ 66%] [32mBuilding CXX object CMakeFiles/uf_robot_hardware.dir/src/hardware/uf_robot_system_hardware.cpp.o[0m
[5.023s] [01m[K/home/emersonmt/topics_ws/src/xarm_ros2/xarm_controller/src/hardware/uf_robot_system_hardware.cpp:[m[K In member function ‘[01m[Kvirtual uf_robot_hardware::CallbackReturn uf_robot_hardware::UFRobotSystemHardware::[01;32m[Kon_init[m[K(const hardware_interface::HardwareInfo&)[m[K’:
[5.023s] [01m[K/home/emersonmt/topics_ws/src/xarm_ros2/xarm_controller/src/hardware/uf_robot_system_hardware.cpp:163:57:[m[K [01;35m[Kwarning: [m[K‘[01m[Kvirtual rclcpp_lifecycle::node_interfaces::LifecycleNodeInterface::CallbackReturn hardware_interface::SystemInterface::[01;32m[Kon_init[m[K(const hardware_interface::HardwareInfo&)[m[K’ is deprecated: Use on_init(const HardwareComponentInterfaceParams & params) instead. [[01;35m[K]8;;https://gcc.gnu.org/onlinedocs/gcc/Warning-Options.html#index-Wdeprecated-declarations-Wdeprecated-declarations]8;;[m[K]
[5.023s]   163 |         if ([01;35m[Khardware_interface::SystemInterface::on_init(info)[m[K != CallbackReturn::SUCCESS) {
[5.023s]       |             [01;35m[K~~~~~~~~~~~~~~~~~~~~~~~~~~~~~~~~~~~~~~~~~~~~^~~~~~[m[K
[5.023s] In file included from [01m[K/home/emersonmt/topics_ws/src/xarm_ros2/xarm_controller/include/xarm_controller/hardware/uf_robot_system_hardware.h:22[m[K,
[5.023s]                  from [01m[K/home/emersonmt/topics_ws/src/xarm_ros2/xarm_controller/src/hardware/uf_robot_system_hardware.cpp:9[m[K:
[5.023s] [01m[K/opt/ros/jazzy/include/hardware_interface/hardware_interface/system_interface.hpp:243:26:[m[K [01;36m[Knote: [m[Kdeclared here
[5.023s]   243 |   virtual CallbackReturn [01;36m[Kon_init[m[K(const HardwareInfo & hardware_info)
[5.023s]       |                          [01;36m[K^~~~~~~[m[K
[9.070s] [100%] [32m[1mLinking CXX shared library libuf_robot_hardware.so[0m
[10.220s] [100%] Built target uf_robot_hardware
[10.231s] Invoked command in '/home/emersonmt/topics_ws/build/xarm_controller' returned '0': AMENT_PREFIX_PATH=/home/emersonmt/topics_ws/install/xarm_api:/home/emersonmt/topics_ws/install/xarm_sdk:/home/emersonmt/topics_ws/install/xarm_msgs:/home/emersonmt/topics_ws/install/xarm_description:${AMENT_PREFIX_PATH} CMAKE_PREFIX_PATH=/home/emersonmt/topics_ws/install/xarm_api:/home/emersonmt/topics_ws/install/xarm_sdk:/home/emersonmt/topics_ws/install/xarm_msgs:/home/emersonmt/topics_ws/install/xarm_description:/home/emersonmt/dev_ws/install/xarm_planner:/home/emersonmt/dev_ws/install/xarm_moveit_servo:/home/emersonmt/dev_ws/install/xarm_moveit_config:/home/emersonmt/dev_ws/install/xarm_gazebo:/home/emersonmt/dev_ws/install/xarm_controller:/home/emersonmt/dev_ws/install/xarm_api:/home/emersonmt/dev_ws/install/xarm_sdk:/home/emersonmt/dev_ws/install/xarm_msgs:/home/emersonmt/dev_ws/install/xarm_description:/home/emersonmt/dev_ws/install/mbot_demo:/home/emersonmt/dev_ws/install/realsense_gazebo_plugin:/opt/ros/jazzy/opt/gz_sim_vendor:/opt/ros/jazzy/opt/gz_sensors_vendor:/opt/ros/jazzy/opt/gz_physics_vendor:/opt/ros/jazzy/opt/gz_gui_vendor:/opt/ros/jazzy/opt/gz_transport_vendor:/opt/ros/jazzy/opt/gz_rendering_vendor:/opt/ros/jazzy/opt/gz_plugin_vendor:/opt/ros/jazzy/opt/gz_fuel_tools_vendor:/opt/ros/jazzy/opt/gz_msgs_vendor:/opt/ros/jazzy/opt/gz_common_vendor:/opt/ros/jazzy/opt/gz_ogre_next_vendor:/opt/ros/jazzy/opt/gz_dartsim_vendor:/opt/ros/jazzy/opt/sdformat_vendor:/opt/ros/jazzy/opt/gz_math_vendor:/opt/ros/jazzy/opt/gz_utils_vendor:/opt/ros/jazzy/opt/gz_tools_vendor:/opt/ros/jazzy/opt/gz_cmake_vendor:/home/emersonmt/dev_ws/install/uf_ros_lib:/opt/ros/jazzy DEBUGINFOD_URLS=https://debuginfod.ubuntu.com LD_LIBRARY_PATH=/home/emersonmt/topics_ws/install/xarm_api/lib:/home/emersonmt/topics_ws/install/xarm_sdk/lib:/home/emersonmt/topics_ws/install/xarm_msgs/lib:${LD_LIBRARY_PATH} PYTHONPATH=/home/emersonmt/topics_ws/install/xarm_msgs/lib/python3.12/site-packages:${PYTHONPATH} /usr/bin/cmake --build /home/emersonmt/topics_ws/build/xarm_controller -- -j16 -l16
[10.232s] Invoking command in '/home/emersonmt/topics_ws/build/xarm_controller': AMENT_PREFIX_PATH=/home/emersonmt/topics_ws/install/xarm_api:/home/emersonmt/topics_ws/install/xarm_sdk:/home/emersonmt/topics_ws/install/xarm_msgs:/home/emersonmt/topics_ws/install/xarm_description:${AMENT_PREFIX_PATH} CMAKE_PREFIX_PATH=/home/emersonmt/topics_ws/install/xarm_api:/home/emersonmt/topics_ws/install/xarm_sdk:/home/emersonmt/topics_ws/install/xarm_msgs:/home/emersonmt/topics_ws/install/xarm_description:/home/emersonmt/dev_ws/install/xarm_planner:/home/emersonmt/dev_ws/install/xarm_moveit_servo:/home/emersonmt/dev_ws/install/xarm_moveit_config:/home/emersonmt/dev_ws/install/xarm_gazebo:/home/emersonmt/dev_ws/install/xarm_controller:/home/emersonmt/dev_ws/install/xarm_api:/home/emersonmt/dev_ws/install/xarm_sdk:/home/emersonmt/dev_ws/install/xarm_msgs:/home/emersonmt/dev_ws/install/xarm_description:/home/emersonmt/dev_ws/install/mbot_demo:/home/emersonmt/dev_ws/install/realsense_gazebo_plugin:/opt/ros/jazzy/opt/gz_sim_vendor:/opt/ros/jazzy/opt/gz_sensors_vendor:/opt/ros/jazzy/opt/gz_physics_vendor:/opt/ros/jazzy/opt/gz_gui_vendor:/opt/ros/jazzy/opt/gz_transport_vendor:/opt/ros/jazzy/opt/gz_rendering_vendor:/opt/ros/jazzy/opt/gz_plugin_vendor:/opt/ros/jazzy/opt/gz_fuel_tools_vendor:/opt/ros/jazzy/opt/gz_msgs_vendor:/opt/ros/jazzy/opt/gz_common_vendor:/opt/ros/jazzy/opt/gz_ogre_next_vendor:/opt/ros/jazzy/opt/gz_dartsim_vendor:/opt/ros/jazzy/opt/sdformat_vendor:/opt/ros/jazzy/opt/gz_math_vendor:/opt/ros/jazzy/opt/gz_utils_vendor:/opt/ros/jazzy/opt/gz_tools_vendor:/opt/ros/jazzy/opt/gz_cmake_vendor:/home/emersonmt/dev_ws/install/uf_ros_lib:/opt/ros/jazzy DEBUGINFOD_URLS=https://debuginfod.ubuntu.com LD_LIBRARY_PATH=/home/emersonmt/topics_ws/install/xarm_api/lib:/home/emersonmt/topics_ws/install/xarm_sdk/lib:/home/emersonmt/topics_ws/install/xarm_msgs/lib:${LD_LIBRARY_PATH} PYTHONPATH=/home/emersonmt/topics_ws/install/xarm_msgs/lib/python3.12/site-packages:${PYTHONPATH} /usr/bin/cmake --install /home/emersonmt/topics_ws/build/xarm_controller
[10.239s] -- Install configuration: ""
[10.239s] -- Installing: /home/emersonmt/topics_ws/install/xarm_controller/share/xarm_controller/uf_hardware_interface_plugins.xml
[10.240s] -- Installing: /home/emersonmt/topics_ws/install/xarm_controller/include
[10.240s] -- Installing: /home/emersonmt/topics_ws/install/xarm_controller/include/xarm_controller
[10.240s] -- Installing: /home/emersonmt/topics_ws/install/xarm_controller/include/xarm_controller/hardware
[10.240s] -- Installing: /home/emersonmt/topics_ws/install/xarm_controller/include/xarm_controller/hardware/uf_robot_system_hardware.h
[10.240s] -- Installing: /home/emersonmt/topics_ws/install/xarm_controller/include/xarm_controller/hardware/uf_robot_fake_system_hardware.h
[10.240s] -- Installing: /home/emersonmt/topics_ws/install/xarm_controller/include/xarm_controller/hardware/bak_uf_robot_fake_system_hardware.h
[10.240s] -- Installing: /home/emersonmt/topics_ws/install/xarm_controller/lib/libuf_robot_hardware.so
[10.243s] -- Set non-toolchain portion of runtime path of "/home/emersonmt/topics_ws/install/xarm_controller/lib/libuf_robot_hardware.so" to ""
[10.243s] -- Installing: /home/emersonmt/topics_ws/install/xarm_controller/share/xarm_controller//launch
[10.243s] -- Installing: /home/emersonmt/topics_ws/install/xarm_controller/share/xarm_controller//launch/_robot_ros2_control.launch.py
[10.243s] -- Installing: /home/emersonmt/topics_ws/install/xarm_controller/share/xarm_controller//launch/xarm6_control_rviz_display.launch.py
[10.244s] -- Installing: /home/emersonmt/topics_ws/install/xarm_controller/share/xarm_controller//launch/uf850_control_rviz_display.launch.py
[10.244s] -- Installing: /home/emersonmt/topics_ws/install/xarm_controller/share/xarm_controller//launch/_dual_ros2_control.launch.py
[10.244s] -- Installing: /home/emersonmt/topics_ws/install/xarm_controller/share/xarm_controller//launch/xarm7_control_rviz_display.launch.py
[10.244s] -- Installing: /home/emersonmt/topics_ws/install/xarm_controller/share/xarm_controller//launch/_ros2_control.launch.py
[10.244s] -- Installing: /home/emersonmt/topics_ws/install/xarm_controller/share/xarm_controller//launch/xarm7_mirror_control_rviz_display.launch.py
[10.244s] -- Installing: /home/emersonmt/topics_ws/install/xarm_controller/share/xarm_controller//launch/lib
[10.244s] -- Installing: /home/emersonmt/topics_ws/install/xarm_controller/share/xarm_controller//launch/lib/robot_controller_lib.py
[10.245s] -- Installing: /home/emersonmt/topics_ws/install/xarm_controller/share/xarm_controller//launch/lite6_control_rviz_display.launch.py
[10.245s] -- Installing: /home/emersonmt/topics_ws/install/xarm_controller/share/xarm_controller//launch/xarm5_control_rviz_display.launch.py
[10.245s] -- Installing: /home/emersonmt/topics_ws/install/xarm_controller/share/xarm_controller//config
[10.245s] -- Installing: /home/emersonmt/topics_ws/install/xarm_controller/share/xarm_controller//config/xarm7_controllers.yaml
[10.245s] -- Installing: /home/emersonmt/topics_ws/install/xarm_controller/share/xarm_controller//config/xarm_gripper_controllers.yaml
[10.245s] -- Installing: /home/emersonmt/topics_ws/install/xarm_controller/share/xarm_controller//config/uf850_controllers.yaml
[10.245s] -- Installing: /home/emersonmt/topics_ws/install/xarm_controller/share/xarm_controller//config/xarm6_controllers.yaml
[10.246s] -- Installing: /home/emersonmt/topics_ws/install/xarm_controller/share/xarm_controller//config/lite6_controllers.yaml
[10.246s] -- Installing: /home/emersonmt/topics_ws/install/xarm_controller/share/xarm_controller//config/xarm7_mirror_controllers.yaml
[10.246s] -- Installing: /home/emersonmt/topics_ws/install/xarm_controller/share/xarm_controller//config/xarm7_mirror_gripper_controllers.yaml
[10.246s] -- Installing: /home/emersonmt/topics_ws/install/xarm_controller/share/xarm_controller//config/xarm5_controllers.yaml
[10.246s] -- Installing: /home/emersonmt/topics_ws/install/xarm_controller/share/xarm_controller//config/uf850_gripper_controllers.yaml
[10.246s] -- Installing: /home/emersonmt/topics_ws/install/xarm_controller/share/xarm_controller//config/bio_gripper_controllers.yaml
[10.246s] -- Installing: /home/emersonmt/topics_ws/install/xarm_controller/share/xarm_controller/environment/library_path.sh
[10.246s] -- Installing: /home/emersonmt/topics_ws/install/xarm_controller/share/xarm_controller/environment/library_path.dsv
[10.246s] -- Installing: /home/emersonmt/topics_ws/install/xarm_controller/share/ament_index/resource_index/package_run_dependencies/xarm_controller
[10.247s] -- Installing: /home/emersonmt/topics_ws/install/xarm_controller/share/ament_index/resource_index/parent_prefix_path/xarm_controller
[10.247s] -- Installing: /home/emersonmt/topics_ws/install/xarm_controller/share/xarm_controller/environment/ament_prefix_path.sh
[10.247s] -- Installing: /home/emersonmt/topics_ws/install/xarm_controller/share/xarm_controller/environment/ament_prefix_path.dsv
[10.247s] -- Installing: /home/emersonmt/topics_ws/install/xarm_controller/share/xarm_controller/environment/path.sh
[10.247s] -- Installing: /home/emersonmt/topics_ws/install/xarm_controller/share/xarm_controller/environment/path.dsv
[10.247s] -- Installing: /home/emersonmt/topics_ws/install/xarm_controller/share/xarm_controller/local_setup.bash
[10.247s] -- Installing: /home/emersonmt/topics_ws/install/xarm_controller/share/xarm_controller/local_setup.sh
[10.247s] -- Installing: /home/emersonmt/topics_ws/install/xarm_controller/share/xarm_controller/local_setup.zsh
[10.248s] -- Installing: /home/emersonmt/topics_ws/install/xarm_controller/share/xarm_controller/local_setup.dsv
[10.248s] -- Installing: /home/emersonmt/topics_ws/install/xarm_controller/share/xarm_controller/package.dsv
[10.249s] -- Installing: /home/emersonmt/topics_ws/install/xarm_controller/share/ament_index/resource_index/packages/xarm_controller
[10.249s] -- Installing: /home/emersonmt/topics_ws/install/xarm_controller/share/ament_index/resource_index/hardware_interface__pluginlib__plugin/xarm_controller
[10.249s] -- Installing: /home/emersonmt/topics_ws/install/xarm_controller/share/xarm_controller/cmake/ament_cmake_export_include_directories-extras.cmake
[10.249s] -- Installing: /home/emersonmt/topics_ws/install/xarm_controller/share/xarm_controller/cmake/ament_cmake_export_libraries-extras.cmake
[10.250s] -- Installing: /home/emersonmt/topics_ws/install/xarm_controller/share/xarm_controller/cmake/ament_cmake_export_dependencies-extras.cmake
[10.250s] -- Installing: /home/emersonmt/topics_ws/install/xarm_controller/share/xarm_controller/cmake/xarm_controllerConfig.cmake
[10.250s] -- Installing: /home/emersonmt/topics_ws/install/xarm_controller/share/xarm_controller/cmake/xarm_controllerConfig-version.cmake
[10.250s] -- Installing: /home/emersonmt/topics_ws/install/xarm_controller/share/xarm_controller/package.xml
[10.252s] Invoked command in '/home/emersonmt/topics_ws/build/xarm_controller' returned '0': AMENT_PREFIX_PATH=/home/emersonmt/topics_ws/install/xarm_api:/home/emersonmt/topics_ws/install/xarm_sdk:/home/emersonmt/topics_ws/install/xarm_msgs:/home/emersonmt/topics_ws/install/xarm_description:${AMENT_PREFIX_PATH} CMAKE_PREFIX_PATH=/home/emersonmt/topics_ws/install/xarm_api:/home/emersonmt/topics_ws/install/xarm_sdk:/home/emersonmt/topics_ws/install/xarm_msgs:/home/emersonmt/topics_ws/install/xarm_description:/home/emersonmt/dev_ws/install/xarm_planner:/home/emersonmt/dev_ws/install/xarm_moveit_servo:/home/emersonmt/dev_ws/install/xarm_moveit_config:/home/emersonmt/dev_ws/install/xarm_gazebo:/home/emersonmt/dev_ws/install/xarm_controller:/home/emersonmt/dev_ws/install/xarm_api:/home/emersonmt/dev_ws/install/xarm_sdk:/home/emersonmt/dev_ws/install/xarm_msgs:/home/emersonmt/dev_ws/install/xarm_description:/home/emersonmt/dev_ws/install/mbot_demo:/home/emersonmt/dev_ws/install/realsense_gazebo_plugin:/opt/ros/jazzy/opt/gz_sim_vendor:/opt/ros/jazzy/opt/gz_sensors_vendor:/opt/ros/jazzy/opt/gz_physics_vendor:/opt/ros/jazzy/opt/gz_gui_vendor:/opt/ros/jazzy/opt/gz_transport_vendor:/opt/ros/jazzy/opt/gz_rendering_vendor:/opt/ros/jazzy/opt/gz_plugin_vendor:/opt/ros/jazzy/opt/gz_fuel_tools_vendor:/opt/ros/jazzy/opt/gz_msgs_vendor:/opt/ros/jazzy/opt/gz_common_vendor:/opt/ros/jazzy/opt/gz_ogre_next_vendor:/opt/ros/jazzy/opt/gz_dartsim_vendor:/opt/ros/jazzy/opt/sdformat_vendor:/opt/ros/jazzy/opt/gz_math_vendor:/opt/ros/jazzy/opt/gz_utils_vendor:/opt/ros/jazzy/opt/gz_tools_vendor:/opt/ros/jazzy/opt/gz_cmake_vendor:/home/emersonmt/dev_ws/install/uf_ros_lib:/opt/ros/jazzy DEBUGINFOD_URLS=https://debuginfod.ubuntu.com LD_LIBRARY_PATH=/home/emersonmt/topics_ws/install/xarm_api/lib:/home/emersonmt/topics_ws/install/xarm_sdk/lib:/home/emersonmt/topics_ws/install/xarm_msgs/lib:${LD_LIBRARY_PATH} PYTHONPATH=/home/emersonmt/topics_ws/install/xarm_msgs/lib/python3.12/site-packages:${PYTHONPATH} /usr/bin/cmake --install /home/emersonmt/topics_ws/build/xarm_controller
