[0.130s] DEBUG:colcon:Command line arguments: ['/usr/bin/colcon', 'build', '--packages-select', 'xarm_planner']
[0.131s] DEBUG:colcon:Parsed command line arguments: Namespace(log_base=None, log_level=None, verb_name='build', build_base='build', install_base='install', merge_install=False, symlink_install=False, test_result_base=None, continue_on_error=False, executor='parallel', parallel_workers=16, event_handlers=None, ignore_user_meta=False, metas=['./colcon.meta'], base_paths=['.'], packages_ignore=None, packages_ignore_regex=None, paths=None, packages_up_to=None, packages_up_to_regex=None, packages_above=None, packages_above_and_dependencies=None, packages_above_depth=None, packages_select_by_dep=None, packages_skip_by_dep=None, packages_skip_up_to=None, packages_select_build_failed=False, packages_skip_build_finished=False, packages_select_test_failures=False, packages_skip_test_passed=False, packages_select=['xarm_planner'], packages_skip=None, packages_select_regex=None, packages_skip_regex=None, packages_start=None, packages_end=None, allow_overriding=[], cmake_args=None, cmake_target=None, cmake_target_skip_unavailable=False, cmake_clean_cache=False, cmake_clean_first=False, cmake_force_configure=False, ament_cmake_args=None, catkin_cmake_args=None, catkin_skip_building_tests=False, mixin_files=None, mixin=None, verb_parser=<colcon_mixin.mixin.mixin_argument.MixinArgumentDecorator object at 0x701ce73a2630>, verb_extension=<colcon_core.verb.build.BuildVerb object at 0x701ce73a2210>, main=<bound method BuildVerb.main of <colcon_core.verb.build.BuildVerb object at 0x701ce73a2210>>, mixin_verb=('build',))
[0.178s] Level 1:colcon.colcon_core.package_discovery:discover_packages(colcon_meta) check parameters
[0.178s] Level 1:colcon.colcon_core.package_discovery:discover_packages(recursive) check parameters
[0.178s] Level 1:colcon.colcon_core.package_discovery:discover_packages(ignore) check parameters
[0.178s] Level 1:colcon.colcon_core.package_discovery:discover_packages(path) check parameters
[0.178s] Level 1:colcon.colcon_core.package_discovery:discover_packages(colcon_meta) discover
[0.178s] Level 1:colcon.colcon_core.package_discovery:discover_packages(recursive) discover
[0.178s] INFO:colcon.colcon_core.package_discovery:Crawling recursively for packages in '/home/emersonmt/topics_ws'
[0.178s] Level 1:colcon.colcon_core.package_identification:_identify(.) by extensions ['ignore', 'ignore_ament_install']
[0.179s] Level 1:colcon.colcon_core.package_identification:_identify(.) by extension 'ignore'
[0.179s] Level 1:colcon.colcon_core.package_identification:_identify(.) by extension 'ignore_ament_install'
[0.179s] Level 1:colcon.colcon_core.package_identification:_identify(.) by extensions ['colcon_pkg']
[0.179s] Level 1:colcon.colcon_core.package_identification:_identify(.) by extension 'colcon_pkg'
[0.179s] Level 1:colcon.colcon_core.package_identification:_identify(.) by extensions ['colcon_meta']
[0.179s] Level 1:colcon.colcon_core.package_identification:_identify(.) by extension 'colcon_meta'
[0.179s] Level 1:colcon.colcon_core.package_identification:_identify(.) by extensions ['ros']
[0.179s] Level 1:colcon.colcon_core.package_identification:_identify(.) by extension 'ros'
[0.213s] Level 1:colcon.colcon_core.package_identification:_identify(.) by extensions ['cmake', 'python']
[0.213s] Level 1:colcon.colcon_core.package_identification:_identify(.) by extension 'cmake'
[0.213s] Level 1:colcon.colcon_core.package_identification:_identify(.) by extension 'python'
[0.213s] Level 1:colcon.colcon_core.package_identification:_identify(.) by extensions ['python_setup_py']
[0.213s] Level 1:colcon.colcon_core.package_identification:_identify(.) by extension 'python_setup_py'
[0.213s] Level 1:colcon.colcon_core.package_identification:_identify(build) by extensions ['ignore', 'ignore_ament_install']
[0.214s] Level 1:colcon.colcon_core.package_identification:_identify(build) by extension 'ignore'
[0.214s] Level 1:colcon.colcon_core.package_identification:_identify(build) ignored
[0.214s] Level 1:colcon.colcon_core.package_identification:_identify(install) by extensions ['ignore', 'ignore_ament_install']
[0.214s] Level 1:colcon.colcon_core.package_identification:_identify(install) by extension 'ignore'
[0.214s] Level 1:colcon.colcon_core.package_identification:_identify(install) ignored
[0.214s] Level 1:colcon.colcon_core.package_identification:_identify(log) by extensions ['ignore', 'ignore_ament_install']
[0.214s] Level 1:colcon.colcon_core.package_identification:_identify(log) by extension 'ignore'
[0.214s] Level 1:colcon.colcon_core.package_identification:_identify(log) ignored
[0.214s] Level 1:colcon.colcon_core.package_identification:_identify(src) by extensions ['ignore', 'ignore_ament_install']
[0.214s] Level 1:colcon.colcon_core.package_identification:_identify(src) by extension 'ignore'
[0.214s] Level 1:colcon.colcon_core.package_identification:_identify(src) by extension 'ignore_ament_install'
[0.214s] Level 1:colcon.colcon_core.package_identification:_identify(src) by extensions ['colcon_pkg']
[0.214s] Level 1:colcon.colcon_core.package_identification:_identify(src) by extension 'colcon_pkg'
[0.215s] Level 1:colcon.colcon_core.package_identification:_identify(src) by extensions ['colcon_meta']
[0.215s] Level 1:colcon.colcon_core.package_identification:_identify(src) by extension 'colcon_meta'
[0.215s] Level 1:colcon.colcon_core.package_identification:_identify(src) by extensions ['ros']
[0.215s] Level 1:colcon.colcon_core.package_identification:_identify(src) by extension 'ros'
[0.215s] Level 1:colcon.colcon_core.package_identification:_identify(src) by extensions ['cmake', 'python']
[0.215s] Level 1:colcon.colcon_core.package_identification:_identify(src) by extension 'cmake'
[0.215s] Level 1:colcon.colcon_core.package_identification:_identify(src) by extension 'python'
[0.215s] Level 1:colcon.colcon_core.package_identification:_identify(src) by extensions ['python_setup_py']
[0.215s] Level 1:colcon.colcon_core.package_identification:_identify(src) by extension 'python_setup_py'
[0.215s] Level 1:colcon.colcon_core.package_identification:_identify(src/xarm_gui) by extensions ['ignore', 'ignore_ament_install']
[0.215s] Level 1:colcon.colcon_core.package_identification:_identify(src/xarm_gui) by extension 'ignore'
[0.215s] Level 1:colcon.colcon_core.package_identification:_identify(src/xarm_gui) by extension 'ignore_ament_install'
[0.215s] Level 1:colcon.colcon_core.package_identification:_identify(src/xarm_gui) by extensions ['colcon_pkg']
[0.215s] Level 1:colcon.colcon_core.package_identification:_identify(src/xarm_gui) by extension 'colcon_pkg'
[0.215s] Level 1:colcon.colcon_core.package_identification:_identify(src/xarm_gui) by extensions ['colcon_meta']
[0.215s] Level 1:colcon.colcon_core.package_identification:_identify(src/xarm_gui) by extension 'colcon_meta'
[0.215s] Level 1:colcon.colcon_core.package_identification:_identify(src/xarm_gui) by extensions ['ros']
[0.215s] Level 1:colcon.colcon_core.package_identification:_identify(src/xarm_gui) by extension 'ros'
[0.219s] DEBUG:colcon.colcon_core.package_identification:Package 'src/xarm_gui' with type 'ros.ament_python' and name 'xarm_gui'
[0.219s] Level 1:colcon.colcon_core.package_identification:_identify(src/xarm_ros2) by extensions ['ignore', 'ignore_ament_install']
[0.219s] Level 1:colcon.colcon_core.package_identification:_identify(src/xarm_ros2) by extension 'ignore'
[0.219s] Level 1:colcon.colcon_core.package_identification:_identify(src/xarm_ros2) by extension 'ignore_ament_install'
[0.219s] Level 1:colcon.colcon_core.package_identification:_identify(src/xarm_ros2) by extensions ['colcon_pkg']
[0.219s] Level 1:colcon.colcon_core.package_identification:_identify(src/xarm_ros2) by extension 'colcon_pkg'
[0.219s] Level 1:colcon.colcon_core.package_identification:_identify(src/xarm_ros2) by extensions ['colcon_meta']
[0.219s] Level 1:colcon.colcon_core.package_identification:_identify(src/xarm_ros2) by extension 'colcon_meta'
[0.219s] Level 1:colcon.colcon_core.package_identification:_identify(src/xarm_ros2) by extensions ['ros']
[0.219s] Level 1:colcon.colcon_core.package_identification:_identify(src/xarm_ros2) by extension 'ros'
[0.219s] Level 1:colcon.colcon_core.package_identification:_identify(src/xarm_ros2) by extensions ['cmake', 'python']
[0.219s] Level 1:colcon.colcon_core.package_identification:_identify(src/xarm_ros2) by extension 'cmake'
[0.219s] Level 1:colcon.colcon_core.package_identification:_identify(src/xarm_ros2) by extension 'python'
[0.219s] Level 1:colcon.colcon_core.package_identification:_identify(src/xarm_ros2) by extensions ['python_setup_py']
[0.219s] Level 1:colcon.colcon_core.package_identification:_identify(src/xarm_ros2) by extension 'python_setup_py'
[0.220s] Level 1:colcon.colcon_core.package_identification:_identify(src/xarm_ros2/demo) by extensions ['ignore', 'ignore_ament_install']
[0.220s] Level 1:colcon.colcon_core.package_identification:_identify(src/xarm_ros2/demo) by extension 'ignore'
[0.220s] Level 1:colcon.colcon_core.package_identification:_identify(src/xarm_ros2/demo) by extension 'ignore_ament_install'
[0.220s] Level 1:colcon.colcon_core.package_identification:_identify(src/xarm_ros2/demo) by extensions ['colcon_pkg']
[0.220s] Level 1:colcon.colcon_core.package_identification:_identify(src/xarm_ros2/demo) by extension 'colcon_pkg'
[0.220s] Level 1:colcon.colcon_core.package_identification:_identify(src/xarm_ros2/demo) by extensions ['colcon_meta']
[0.220s] Level 1:colcon.colcon_core.package_identification:_identify(src/xarm_ros2/demo) by extension 'colcon_meta'
[0.220s] Level 1:colcon.colcon_core.package_identification:_identify(src/xarm_ros2/demo) by extensions ['ros']
[0.220s] Level 1:colcon.colcon_core.package_identification:_identify(src/xarm_ros2/demo) by extension 'ros'
[0.220s] Level 1:colcon.colcon_core.package_identification:_identify(src/xarm_ros2/demo) by extensions ['cmake', 'python']
[0.220s] Level 1:colcon.colcon_core.package_identification:_identify(src/xarm_ros2/demo) by extension 'cmake'
[0.220s] Level 1:colcon.colcon_core.package_identification:_identify(src/xarm_ros2/demo) by extension 'python'
[0.220s] Level 1:colcon.colcon_core.package_identification:_identify(src/xarm_ros2/demo) by extensions ['python_setup_py']
[0.220s] Level 1:colcon.colcon_core.package_identification:_identify(src/xarm_ros2/demo) by extension 'python_setup_py'
[0.220s] Level 1:colcon.colcon_core.package_identification:_identify(src/xarm_ros2/demo/mbot_demo) by extensions ['ignore', 'ignore_ament_install']
[0.220s] Level 1:colcon.colcon_core.package_identification:_identify(src/xarm_ros2/demo/mbot_demo) by extension 'ignore'
[0.220s] Level 1:colcon.colcon_core.package_identification:_identify(src/xarm_ros2/demo/mbot_demo) by extension 'ignore_ament_install'
[0.221s] Level 1:colcon.colcon_core.package_identification:_identify(src/xarm_ros2/demo/mbot_demo) by extensions ['colcon_pkg']
[0.221s] Level 1:colcon.colcon_core.package_identification:_identify(src/xarm_ros2/demo/mbot_demo) by extension 'colcon_pkg'
[0.221s] Level 1:colcon.colcon_core.package_identification:_identify(src/xarm_ros2/demo/mbot_demo) by extensions ['colcon_meta']
[0.221s] Level 1:colcon.colcon_core.package_identification:_identify(src/xarm_ros2/demo/mbot_demo) by extension 'colcon_meta'
[0.221s] Level 1:colcon.colcon_core.package_identification:_identify(src/xarm_ros2/demo/mbot_demo) by extensions ['ros']
[0.221s] Level 1:colcon.colcon_core.package_identification:_identify(src/xarm_ros2/demo/mbot_demo) by extension 'ros'
[0.221s] DEBUG:colcon.colcon_core.package_identification:Package 'src/xarm_ros2/demo/mbot_demo' with type 'ros.ament_cmake' and name 'mbot_demo'
[0.222s] Level 1:colcon.colcon_core.package_identification:_identify(src/xarm_ros2/thirdparty) by extensions ['ignore', 'ignore_ament_install']
[0.222s] Level 1:colcon.colcon_core.package_identification:_identify(src/xarm_ros2/thirdparty) by extension 'ignore'
[0.222s] Level 1:colcon.colcon_core.package_identification:_identify(src/xarm_ros2/thirdparty) by extension 'ignore_ament_install'
[0.222s] Level 1:colcon.colcon_core.package_identification:_identify(src/xarm_ros2/thirdparty) by extensions ['colcon_pkg']
[0.222s] Level 1:colcon.colcon_core.package_identification:_identify(src/xarm_ros2/thirdparty) by extension 'colcon_pkg'
[0.222s] Level 1:colcon.colcon_core.package_identification:_identify(src/xarm_ros2/thirdparty) by extensions ['colcon_meta']
[0.222s] Level 1:colcon.colcon_core.package_identification:_identify(src/xarm_ros2/thirdparty) by extension 'colcon_meta'
[0.222s] Level 1:colcon.colcon_core.package_identification:_identify(src/xarm_ros2/thirdparty) by extensions ['ros']
[0.222s] Level 1:colcon.colcon_core.package_identification:_identify(src/xarm_ros2/thirdparty) by extension 'ros'
[0.222s] Level 1:colcon.colcon_core.package_identification:_identify(src/xarm_ros2/thirdparty) by extensions ['cmake', 'python']
[0.222s] Level 1:colcon.colcon_core.package_identification:_identify(src/xarm_ros2/thirdparty) by extension 'cmake'
[0.222s] Level 1:colcon.colcon_core.package_identification:_identify(src/xarm_ros2/thirdparty) by extension 'python'
[0.222s] Level 1:colcon.colcon_core.package_identification:_identify(src/xarm_ros2/thirdparty) by extensions ['python_setup_py']
[0.222s] Level 1:colcon.colcon_core.package_identification:_identify(src/xarm_ros2/thirdparty) by extension 'python_setup_py'
[0.223s] Level 1:colcon.colcon_core.package_identification:_identify(src/xarm_ros2/thirdparty/realsense_gazebo_plugin) by extensions ['ignore', 'ignore_ament_install']
[0.223s] Level 1:colcon.colcon_core.package_identification:_identify(src/xarm_ros2/thirdparty/realsense_gazebo_plugin) by extension 'ignore'
[0.223s] Level 1:colcon.colcon_core.package_identification:_identify(src/xarm_ros2/thirdparty/realsense_gazebo_plugin) by extension 'ignore_ament_install'
[0.223s] Level 1:colcon.colcon_core.package_identification:_identify(src/xarm_ros2/thirdparty/realsense_gazebo_plugin) by extensions ['colcon_pkg']
[0.223s] Level 1:colcon.colcon_core.package_identification:_identify(src/xarm_ros2/thirdparty/realsense_gazebo_plugin) by extension 'colcon_pkg'
[0.223s] Level 1:colcon.colcon_core.package_identification:_identify(src/xarm_ros2/thirdparty/realsense_gazebo_plugin) by extensions ['colcon_meta']
[0.223s] Level 1:colcon.colcon_core.package_identification:_identify(src/xarm_ros2/thirdparty/realsense_gazebo_plugin) by extension 'colcon_meta'
[0.223s] Level 1:colcon.colcon_core.package_identification:_identify(src/xarm_ros2/thirdparty/realsense_gazebo_plugin) by extensions ['ros']
[0.223s] Level 1:colcon.colcon_core.package_identification:_identify(src/xarm_ros2/thirdparty/realsense_gazebo_plugin) by extension 'ros'
[0.224s] DEBUG:colcon.colcon_core.package_identification:Package 'src/xarm_ros2/thirdparty/realsense_gazebo_plugin' with type 'ros.ament_cmake' and name 'realsense_gazebo_plugin'
[0.224s] Level 1:colcon.colcon_core.package_identification:_identify(src/xarm_ros2/uf_ros_lib) by extensions ['ignore', 'ignore_ament_install']
[0.224s] Level 1:colcon.colcon_core.package_identification:_identify(src/xarm_ros2/uf_ros_lib) by extension 'ignore'
[0.224s] Level 1:colcon.colcon_core.package_identification:_identify(src/xarm_ros2/uf_ros_lib) by extension 'ignore_ament_install'
[0.224s] Level 1:colcon.colcon_core.package_identification:_identify(src/xarm_ros2/uf_ros_lib) by extensions ['colcon_pkg']
[0.224s] Level 1:colcon.colcon_core.package_identification:_identify(src/xarm_ros2/uf_ros_lib) by extension 'colcon_pkg'
[0.224s] Level 1:colcon.colcon_core.package_identification:_identify(src/xarm_ros2/uf_ros_lib) by extensions ['colcon_meta']
[0.224s] Level 1:colcon.colcon_core.package_identification:_identify(src/xarm_ros2/uf_ros_lib) by extension 'colcon_meta'
[0.224s] Level 1:colcon.colcon_core.package_identification:_identify(src/xarm_ros2/uf_ros_lib) by extensions ['ros']
[0.224s] Level 1:colcon.colcon_core.package_identification:_identify(src/xarm_ros2/uf_ros_lib) by extension 'ros'
[0.225s] DEBUG:colcon.colcon_core.package_identification:Package 'src/xarm_ros2/uf_ros_lib' with type 'ros.ament_python' and name 'uf_ros_lib'
[0.225s] Level 1:colcon.colcon_core.package_identification:_identify(src/xarm_ros2/xarm_api) by extensions ['ignore', 'ignore_ament_install']
[0.225s] Level 1:colcon.colcon_core.package_identification:_identify(src/xarm_ros2/xarm_api) by extension 'ignore'
[0.225s] Level 1:colcon.colcon_core.package_identification:_identify(src/xarm_ros2/xarm_api) by extension 'ignore_ament_install'
[0.225s] Level 1:colcon.colcon_core.package_identification:_identify(src/xarm_ros2/xarm_api) by extensions ['colcon_pkg']
[0.225s] Level 1:colcon.colcon_core.package_identification:_identify(src/xarm_ros2/xarm_api) by extension 'colcon_pkg'
[0.225s] Level 1:colcon.colcon_core.package_identification:_identify(src/xarm_ros2/xarm_api) by extensions ['colcon_meta']
[0.225s] Level 1:colcon.colcon_core.package_identification:_identify(src/xarm_ros2/xarm_api) by extension 'colcon_meta'
[0.225s] Level 1:colcon.colcon_core.package_identification:_identify(src/xarm_ros2/xarm_api) by extensions ['ros']
[0.225s] Level 1:colcon.colcon_core.package_identification:_identify(src/xarm_ros2/xarm_api) by extension 'ros'
[0.227s] DEBUG:colcon.colcon_core.package_identification:Package 'src/xarm_ros2/xarm_api' with type 'ros.ament_cmake' and name 'xarm_api'
[0.227s] Level 1:colcon.colcon_core.package_identification:_identify(src/xarm_ros2/xarm_controller) by extensions ['ignore', 'ignore_ament_install']
[0.227s] Level 1:colcon.colcon_core.package_identification:_identify(src/xarm_ros2/xarm_controller) by extension 'ignore'
[0.227s] Level 1:colcon.colcon_core.package_identification:_identify(src/xarm_ros2/xarm_controller) by extension 'ignore_ament_install'
[0.227s] Level 1:colcon.colcon_core.package_identification:_identify(src/xarm_ros2/xarm_controller) by extensions ['colcon_pkg']
[0.227s] Level 1:colcon.colcon_core.package_identification:_identify(src/xarm_ros2/xarm_controller) by extension 'colcon_pkg'
[0.227s] Level 1:colcon.colcon_core.package_identification:_identify(src/xarm_ros2/xarm_controller) by extensions ['colcon_meta']
[0.227s] Level 1:colcon.colcon_core.package_identification:_identify(src/xarm_ros2/xarm_controller) by extension 'colcon_meta'
[0.227s] Level 1:colcon.colcon_core.package_identification:_identify(src/xarm_ros2/xarm_controller) by extensions ['ros']
[0.227s] Level 1:colcon.colcon_core.package_identification:_identify(src/xarm_ros2/xarm_controller) by extension 'ros'
[0.229s] DEBUG:colcon.colcon_core.package_identification:Package 'src/xarm_ros2/xarm_controller' with type 'ros.ament_cmake' and name 'xarm_controller'
[0.229s] Level 1:colcon.colcon_core.package_identification:_identify(src/xarm_ros2/xarm_description) by extensions ['ignore', 'ignore_ament_install']
[0.229s] Level 1:colcon.colcon_core.package_identification:_identify(src/xarm_ros2/xarm_description) by extension 'ignore'
[0.229s] Level 1:colcon.colcon_core.package_identification:_identify(src/xarm_ros2/xarm_description) by extension 'ignore_ament_install'
[0.229s] Level 1:colcon.colcon_core.package_identification:_identify(src/xarm_ros2/xarm_description) by extensions ['colcon_pkg']
[0.229s] Level 1:colcon.colcon_core.package_identification:_identify(src/xarm_ros2/xarm_description) by extension 'colcon_pkg'
[0.229s] Level 1:colcon.colcon_core.package_identification:_identify(src/xarm_ros2/xarm_description) by extensions ['colcon_meta']
[0.229s] Level 1:colcon.colcon_core.package_identification:_identify(src/xarm_ros2/xarm_description) by extension 'colcon_meta'
[0.229s] Level 1:colcon.colcon_core.package_identification:_identify(src/xarm_ros2/xarm_description) by extensions ['ros']
[0.229s] Level 1:colcon.colcon_core.package_identification:_identify(src/xarm_ros2/xarm_description) by extension 'ros'
[0.230s] DEBUG:colcon.colcon_core.package_identification:Package 'src/xarm_ros2/xarm_description' with type 'ros.ament_cmake' and name 'xarm_description'
[0.230s] Level 1:colcon.colcon_core.package_identification:_identify(src/xarm_ros2/xarm_gazebo) by extensions ['ignore', 'ignore_ament_install']
[0.230s] Level 1:colcon.colcon_core.package_identification:_identify(src/xarm_ros2/xarm_gazebo) by extension 'ignore'
[0.230s] Level 1:colcon.colcon_core.package_identification:_identify(src/xarm_ros2/xarm_gazebo) by extension 'ignore_ament_install'
[0.230s] Level 1:colcon.colcon_core.package_identification:_identify(src/xarm_ros2/xarm_gazebo) by extensions ['colcon_pkg']
[0.230s] Level 1:colcon.colcon_core.package_identification:_identify(src/xarm_ros2/xarm_gazebo) by extension 'colcon_pkg'
[0.230s] Level 1:colcon.colcon_core.package_identification:_identify(src/xarm_ros2/xarm_gazebo) by extensions ['colcon_meta']
[0.230s] Level 1:colcon.colcon_core.package_identification:_identify(src/xarm_ros2/xarm_gazebo) by extension 'colcon_meta'
[0.230s] Level 1:colcon.colcon_core.package_identification:_identify(src/xarm_ros2/xarm_gazebo) by extensions ['ros']
[0.230s] Level 1:colcon.colcon_core.package_identification:_identify(src/xarm_ros2/xarm_gazebo) by extension 'ros'
[0.231s] DEBUG:colcon.colcon_core.package_identification:Package 'src/xarm_ros2/xarm_gazebo' with type 'ros.ament_cmake' and name 'xarm_gazebo'
[0.231s] Level 1:colcon.colcon_core.package_identification:_identify(src/xarm_ros2/xarm_moveit_config) by extensions ['ignore', 'ignore_ament_install']
[0.232s] Level 1:colcon.colcon_core.package_identification:_identify(src/xarm_ros2/xarm_moveit_config) by extension 'ignore'
[0.232s] Level 1:colcon.colcon_core.package_identification:_identify(src/xarm_ros2/xarm_moveit_config) by extension 'ignore_ament_install'
[0.232s] Level 1:colcon.colcon_core.package_identification:_identify(src/xarm_ros2/xarm_moveit_config) by extensions ['colcon_pkg']
[0.232s] Level 1:colcon.colcon_core.package_identification:_identify(src/xarm_ros2/xarm_moveit_config) by extension 'colcon_pkg'
[0.232s] Level 1:colcon.colcon_core.package_identification:_identify(src/xarm_ros2/xarm_moveit_config) by extensions ['colcon_meta']
[0.232s] Level 1:colcon.colcon_core.package_identification:_identify(src/xarm_ros2/xarm_moveit_config) by extension 'colcon_meta'
[0.232s] Level 1:colcon.colcon_core.package_identification:_identify(src/xarm_ros2/xarm_moveit_config) by extensions ['ros']
[0.232s] Level 1:colcon.colcon_core.package_identification:_identify(src/xarm_ros2/xarm_moveit_config) by extension 'ros'
[0.233s] DEBUG:colcon.colcon_core.package_identification:Package 'src/xarm_ros2/xarm_moveit_config' with type 'ros.ament_cmake' and name 'xarm_moveit_config'
[0.233s] Level 1:colcon.colcon_core.package_identification:_identify(src/xarm_ros2/xarm_moveit_servo) by extensions ['ignore', 'ignore_ament_install']
[0.233s] Level 1:colcon.colcon_core.package_identification:_identify(src/xarm_ros2/xarm_moveit_servo) by extension 'ignore'
[0.233s] Level 1:colcon.colcon_core.package_identification:_identify(src/xarm_ros2/xarm_moveit_servo) by extension 'ignore_ament_install'
[0.233s] Level 1:colcon.colcon_core.package_identification:_identify(src/xarm_ros2/xarm_moveit_servo) by extensions ['colcon_pkg']
[0.233s] Level 1:colcon.colcon_core.package_identification:_identify(src/xarm_ros2/xarm_moveit_servo) by extension 'colcon_pkg'
[0.233s] Level 1:colcon.colcon_core.package_identification:_identify(src/xarm_ros2/xarm_moveit_servo) by extensions ['colcon_meta']
[0.233s] Level 1:colcon.colcon_core.package_identification:_identify(src/xarm_ros2/xarm_moveit_servo) by extension 'colcon_meta'
[0.233s] Level 1:colcon.colcon_core.package_identification:_identify(src/xarm_ros2/xarm_moveit_servo) by extensions ['ros']
[0.233s] Level 1:colcon.colcon_core.package_identification:_identify(src/xarm_ros2/xarm_moveit_servo) by extension 'ros'
[0.235s] DEBUG:colcon.colcon_core.package_identification:Package 'src/xarm_ros2/xarm_moveit_servo' with type 'ros.ament_cmake' and name 'xarm_moveit_servo'
[0.235s] Level 1:colcon.colcon_core.package_identification:_identify(src/xarm_ros2/xarm_msgs) by extensions ['ignore', 'ignore_ament_install']
[0.235s] Level 1:colcon.colcon_core.package_identification:_identify(src/xarm_ros2/xarm_msgs) by extension 'ignore'
[0.235s] Level 1:colcon.colcon_core.package_identification:_identify(src/xarm_ros2/xarm_msgs) by extension 'ignore_ament_install'
[0.235s] Level 1:colcon.colcon_core.package_identification:_identify(src/xarm_ros2/xarm_msgs) by extensions ['colcon_pkg']
[0.235s] Level 1:colcon.colcon_core.package_identification:_identify(src/xarm_ros2/xarm_msgs) by extension 'colcon_pkg'
[0.235s] Level 1:colcon.colcon_core.package_identification:_identify(src/xarm_ros2/xarm_msgs) by extensions ['colcon_meta']
[0.235s] Level 1:colcon.colcon_core.package_identification:_identify(src/xarm_ros2/xarm_msgs) by extension 'colcon_meta'
[0.235s] Level 1:colcon.colcon_core.package_identification:_identify(src/xarm_ros2/xarm_msgs) by extensions ['ros']
[0.235s] Level 1:colcon.colcon_core.package_identification:_identify(src/xarm_ros2/xarm_msgs) by extension 'ros'
[0.236s] DEBUG:colcon.colcon_core.package_identification:Package 'src/xarm_ros2/xarm_msgs' with type 'ros.ament_cmake' and name 'xarm_msgs'
[0.236s] Level 1:colcon.colcon_core.package_identification:_identify(src/xarm_ros2/xarm_planner) by extensions ['ignore', 'ignore_ament_install']
[0.236s] Level 1:colcon.colcon_core.package_identification:_identify(src/xarm_ros2/xarm_planner) by extension 'ignore'
[0.236s] Level 1:colcon.colcon_core.package_identification:_identify(src/xarm_ros2/xarm_planner) by extension 'ignore_ament_install'
[0.237s] Level 1:colcon.colcon_core.package_identification:_identify(src/xarm_ros2/xarm_planner) by extensions ['colcon_pkg']
[0.237s] Level 1:colcon.colcon_core.package_identification:_identify(src/xarm_ros2/xarm_planner) by extension 'colcon_pkg'
[0.237s] Level 1:colcon.colcon_core.package_identification:_identify(src/xarm_ros2/xarm_planner) by extensions ['colcon_meta']
[0.237s] Level 1:colcon.colcon_core.package_identification:_identify(src/xarm_ros2/xarm_planner) by extension 'colcon_meta'
[0.237s] Level 1:colcon.colcon_core.package_identification:_identify(src/xarm_ros2/xarm_planner) by extensions ['ros']
[0.237s] Level 1:colcon.colcon_core.package_identification:_identify(src/xarm_ros2/xarm_planner) by extension 'ros'
[0.238s] DEBUG:colcon.colcon_core.package_identification:Package 'src/xarm_ros2/xarm_planner' with type 'ros.ament_cmake' and name 'xarm_planner'
[0.238s] Level 1:colcon.colcon_core.package_identification:_identify(src/xarm_ros2/xarm_sdk) by extensions ['ignore', 'ignore_ament_install']
[0.238s] Level 1:colcon.colcon_core.package_identification:_identify(src/xarm_ros2/xarm_sdk) by extension 'ignore'
[0.238s] Level 1:colcon.colcon_core.package_identification:_identify(src/xarm_ros2/xarm_sdk) by extension 'ignore_ament_install'
[0.238s] Level 1:colcon.colcon_core.package_identification:_identify(src/xarm_ros2/xarm_sdk) by extensions ['colcon_pkg']
[0.238s] Level 1:colcon.colcon_core.package_identification:_identify(src/xarm_ros2/xarm_sdk) by extension 'colcon_pkg'
[0.238s] Level 1:colcon.colcon_core.package_identification:_identify(src/xarm_ros2/xarm_sdk) by extensions ['colcon_meta']
[0.238s] Level 1:colcon.colcon_core.package_identification:_identify(src/xarm_ros2/xarm_sdk) by extension 'colcon_meta'
[0.238s] Level 1:colcon.colcon_core.package_identification:_identify(src/xarm_ros2/xarm_sdk) by extensions ['ros']
[0.238s] Level 1:colcon.colcon_core.package_identification:_identify(src/xarm_ros2/xarm_sdk) by extension 'ros'
[0.239s] DEBUG:colcon.colcon_core.package_identification:Package 'src/xarm_ros2/xarm_sdk' with type 'ros.ament_cmake' and name 'xarm_sdk'
[0.239s] Level 1:colcon.colcon_core.package_discovery:discover_packages(recursive) using defaults
[0.239s] Level 1:colcon.colcon_core.package_discovery:discover_packages(ignore) discover
[0.239s] Level 1:colcon.colcon_core.package_discovery:discover_packages(ignore) using defaults
[0.239s] Level 1:colcon.colcon_core.package_discovery:discover_packages(path) discover
[0.239s] Level 1:colcon.colcon_core.package_discovery:discover_packages(path) using defaults
[0.267s] INFO:colcon.colcon_core.package_selection:Skipping not selected package 'realsense_gazebo_plugin' in 'src/xarm_ros2/thirdparty/realsense_gazebo_plugin'
[0.267s] INFO:colcon.colcon_core.package_selection:Skipping not selected package 'uf_ros_lib' in 'src/xarm_ros2/uf_ros_lib'
[0.267s] INFO:colcon.colcon_core.package_selection:Skipping not selected package 'xarm_description' in 'src/xarm_ros2/xarm_description'
[0.267s] INFO:colcon.colcon_core.package_selection:Skipping not selected package 'xarm_gui' in 'src/xarm_gui'
[0.267s] INFO:colcon.colcon_core.package_selection:Skipping not selected package 'xarm_msgs' in 'src/xarm_ros2/xarm_msgs'
[0.267s] INFO:colcon.colcon_core.package_selection:Skipping not selected package 'xarm_sdk' in 'src/xarm_ros2/xarm_sdk'
[0.267s] INFO:colcon.colcon_core.package_selection:Skipping not selected package 'mbot_demo' in 'src/xarm_ros2/demo/mbot_demo'
[0.267s] INFO:colcon.colcon_core.package_selection:Skipping not selected package 'xarm_api' in 'src/xarm_ros2/xarm_api'
[0.267s] INFO:colcon.colcon_core.package_selection:Skipping not selected package 'xarm_controller' in 'src/xarm_ros2/xarm_controller'
[0.267s] INFO:colcon.colcon_core.package_selection:Skipping not selected package 'xarm_gazebo' in 'src/xarm_ros2/xarm_gazebo'
[0.267s] INFO:colcon.colcon_core.package_selection:Skipping not selected package 'xarm_moveit_config' in 'src/xarm_ros2/xarm_moveit_config'
[0.267s] INFO:colcon.colcon_core.package_selection:Skipping not selected package 'xarm_moveit_servo' in 'src/xarm_ros2/xarm_moveit_servo'
[0.268s] Level 1:colcon.colcon_core.package_discovery:discover_packages(prefix_path) check parameters
[0.268s] Level 1:colcon.colcon_core.package_discovery:discover_packages(prefix_path) discover
[0.269s] WARNING:colcon.colcon_ros.prefix_path.ament:The path '/home/emersonmt/topics_ws/install/xarm_emer' in the environment variable AMENT_PREFIX_PATH doesn't exist
[0.270s] WARNING:colcon.colcon_ros.prefix_path.catkin:The path '/home/emersonmt/topics_ws/install/xarm_emer' in the environment variable CMAKE_PREFIX_PATH doesn't exist
[0.272s] DEBUG:colcon.colcon_installed_package_information.package_discovery:Found 13 installed packages in /home/emersonmt/topics_ws/install
[0.273s] DEBUG:colcon.colcon_installed_package_information.package_discovery:Found 12 installed packages in /home/emersonmt/dev_ws/install
[0.277s] DEBUG:colcon.colcon_installed_package_information.package_discovery:Found 409 installed packages in /opt/ros/jazzy
[0.278s] Level 1:colcon.colcon_core.package_discovery:discover_packages(prefix_path) using defaults
[0.362s] Level 5:colcon.colcon_core.verb:set package 'xarm_planner' build argument 'cmake_args' from command line to 'None'
[0.363s] Level 5:colcon.colcon_core.verb:set package 'xarm_planner' build argument 'cmake_target' from command line to 'None'
[0.363s] Level 5:colcon.colcon_core.verb:set package 'xarm_planner' build argument 'cmake_target_skip_unavailable' from command line to 'False'
[0.363s] Level 5:colcon.colcon_core.verb:set package 'xarm_planner' build argument 'cmake_clean_cache' from command line to 'False'
[0.363s] Level 5:colcon.colcon_core.verb:set package 'xarm_planner' build argument 'cmake_clean_first' from command line to 'False'
[0.363s] Level 5:colcon.colcon_core.verb:set package 'xarm_planner' build argument 'cmake_force_configure' from command line to 'False'
[0.363s] Level 5:colcon.colcon_core.verb:set package 'xarm_planner' build argument 'ament_cmake_args' from command line to 'None'
[0.363s] Level 5:colcon.colcon_core.verb:set package 'xarm_planner' build argument 'catkin_cmake_args' from command line to 'None'
[0.363s] Level 5:colcon.colcon_core.verb:set package 'xarm_planner' build argument 'catkin_skip_building_tests' from command line to 'False'
[0.363s] DEBUG:colcon.colcon_core.verb:Building package 'xarm_planner' with the following arguments: {'ament_cmake_args': None, 'build_base': '/home/emersonmt/topics_ws/build/xarm_planner', 'catkin_cmake_args': None, 'catkin_skip_building_tests': False, 'cmake_args': None, 'cmake_clean_cache': False, 'cmake_clean_first': False, 'cmake_force_configure': False, 'cmake_target': None, 'cmake_target_skip_unavailable': False, 'install_base': '/home/emersonmt/topics_ws/install/xarm_planner', 'merge_install': False, 'path': '/home/emersonmt/topics_ws/src/xarm_ros2/xarm_planner', 'symlink_install': False, 'test_result_base': None}
[0.363s] INFO:colcon.colcon_core.executor:Executing jobs using 'parallel' executor
[0.364s] DEBUG:colcon.colcon_parallel_executor.executor.parallel:run_until_complete
[0.364s] INFO:colcon.colcon_ros.task.ament_cmake.build:Building ROS package in '/home/emersonmt/topics_ws/src/xarm_ros2/xarm_planner' with build type 'ament_cmake'
[0.364s] INFO:colcon.colcon_cmake.task.cmake.build:Building CMake package in '/home/emersonmt/topics_ws/src/xarm_ros2/xarm_planner'
[0.368s] INFO:colcon.colcon_core.plugin_system:Skipping extension 'colcon_core.shell.bat': Not used on non-Windows systems
[0.368s] INFO:colcon.colcon_core.shell:Skip shell extension 'powershell' for command environment: Not usable outside of PowerShell
[0.368s] DEBUG:colcon.colcon_core.shell:Skip shell extension 'dsv' for command environment
[0.415s] DEBUG:colcon.colcon_core.event_handler.log_command:Invoking command in '/home/emersonmt/topics_ws/build/xarm_planner': AMENT_PREFIX_PATH=/home/emersonmt/topics_ws/install/uf_ros_lib:/home/emersonmt/topics_ws/install/xarm_emer:/home/emersonmt/topics_ws/install/xarm_gui:/home/emersonmt/topics_ws/install/xarm_planner:/home/emersonmt/topics_ws/install/xarm_moveit_servo:/home/emersonmt/topics_ws/install/xarm_moveit_config:/home/emersonmt/topics_ws/install/xarm_gazebo:/home/emersonmt/topics_ws/install/xarm_controller:/home/emersonmt/topics_ws/install/xarm_api:/home/emersonmt/topics_ws/install/xarm_sdk:/home/emersonmt/topics_ws/install/xarm_msgs:/home/emersonmt/topics_ws/install/xarm_description:/home/emersonmt/topics_ws/install/mbot_demo:/home/emersonmt/topics_ws/install/realsense_gazebo_plugin:/home/emersonmt/dev_ws/install/xarm_planner:/home/emersonmt/dev_ws/install/xarm_moveit_servo:/home/emersonmt/dev_ws/install/xarm_moveit_config:/home/emersonmt/dev_ws/install/xarm_gazebo:/home/emersonmt/dev_ws/install/xarm_controller:/home/emersonmt/dev_ws/install/xarm_api:/home/emersonmt/dev_ws/install/xarm_sdk:/home/emersonmt/dev_ws/install/xarm_msgs:/home/emersonmt/dev_ws/install/xarm_description:/home/emersonmt/dev_ws/install/mbot_demo:/home/emersonmt/dev_ws/install/uf_ros_lib:/home/emersonmt/dev_ws/install/realsense_gazebo_plugin:/opt/ros/jazzy CMAKE_PREFIX_PATH=/home/emersonmt/topics_ws/install/xarm_moveit_config:/home/emersonmt/topics_ws/install/xarm_gazebo:/home/emersonmt/topics_ws/install/xarm_controller:/home/emersonmt/topics_ws/install/xarm_api:/home/emersonmt/topics_ws/install/xarm_sdk:/home/emersonmt/topics_ws/install/xarm_msgs:/home/emersonmt/topics_ws/install/xarm_description:/home/emersonmt/topics_ws/install/xarm_emer:/home/emersonmt/topics_ws/install/xarm_planner:/home/emersonmt/topics_ws/install/xarm_moveit_servo:/home/emersonmt/topics_ws/install/mbot_demo:/home/emersonmt/topics_ws/install/realsense_gazebo_plugin:/home/emersonmt/dev_ws/install/xarm_planner:/home/emersonmt/dev_ws/install/xarm_moveit_servo:/home/emersonmt/dev_ws/install/xarm_moveit_config:/home/emersonmt/dev_ws/install/xarm_gazebo:/home/emersonmt/dev_ws/install/xarm_controller:/home/emersonmt/dev_ws/install/xarm_api:/home/emersonmt/dev_ws/install/xarm_sdk:/home/emersonmt/dev_ws/install/xarm_msgs:/home/emersonmt/dev_ws/install/xarm_description:/home/emersonmt/dev_ws/install/mbot_demo:/home/emersonmt/dev_ws/install/realsense_gazebo_plugin:/opt/ros/jazzy/opt/gz_sim_vendor:/opt/ros/jazzy/opt/gz_sensors_vendor:/opt/ros/jazzy/opt/gz_physics_vendor:/opt/ros/jazzy/opt/sdformat_vendor:/opt/ros/jazzy/opt/gz_gui_vendor:/opt/ros/jazzy/opt/gz_transport_vendor:/opt/ros/jazzy/opt/gz_rendering_vendor:/opt/ros/jazzy/opt/gz_plugin_vendor:/opt/ros/jazzy/opt/gz_fuel_tools_vendor:/opt/ros/jazzy/opt/gz_msgs_vendor:/opt/ros/jazzy/opt/gz_common_vendor:/opt/ros/jazzy/opt/gz_math_vendor:/opt/ros/jazzy/opt/gz_utils_vendor:/opt/ros/jazzy/opt/gz_tools_vendor:/opt/ros/jazzy/opt/gz_ogre_next_vendor:/opt/ros/jazzy/opt/gz_dartsim_vendor:/opt/ros/jazzy/opt/gz_cmake_vendor:/home/emersonmt/topics_ws/install/xarm_gui:/home/emersonmt/topics_ws/install/uf_ros_lib:/home/emersonmt/dev_ws/install/uf_ros_lib:/opt/ros/jazzy DEBUGINFOD_URLS=https://debuginfod.ubuntu.com LD_LIBRARY_PATH=/home/emersonmt/topics_ws/install/xarm_controller/lib:/home/emersonmt/topics_ws/install/xarm_api/lib:/home/emersonmt/topics_ws/install/xarm_sdk/lib:/home/emersonmt/topics_ws/install/xarm_msgs/lib:/home/emersonmt/topics_ws/install/xarm_planner/lib:/home/emersonmt/topics_ws/install/xarm_moveit_servo/lib:/home/emersonmt/topics_ws/install/realsense_gazebo_plugin/lib:/home/emersonmt/dev_ws/install/xarm_planner/lib:/home/emersonmt/dev_ws/install/xarm_moveit_servo/lib:/home/emersonmt/dev_ws/install/xarm_controller/lib:/home/emersonmt/dev_ws/install/xarm_api/lib:/home/emersonmt/dev_ws/install/xarm_sdk/lib:/home/emersonmt/dev_ws/install/xarm_msgs/lib:/home/emersonmt/dev_ws/install/realsense_gazebo_plugin/lib:/opt/ros/jazzy/opt/gz_sim_vendor/lib:/opt/ros/jazzy/opt/gz_sensors_vendor/lib:/opt/ros/jazzy/opt/gz_physics_vendor/lib:/opt/ros/jazzy/opt/sdformat_vendor/lib:/opt/ros/jazzy/opt/rviz_ogre_vendor/lib:/opt/ros/jazzy/lib/x86_64-linux-gnu:/opt/ros/jazzy/opt/gz_gui_vendor/lib:/opt/ros/jazzy/opt/gz_transport_vendor/lib:/opt/ros/jazzy/opt/gz_rendering_vendor/lib:/opt/ros/jazzy/opt/gz_plugin_vendor/lib:/opt/ros/jazzy/opt/gz_fuel_tools_vendor/lib:/opt/ros/jazzy/opt/gz_msgs_vendor/lib:/opt/ros/jazzy/opt/gz_common_vendor/lib:/opt/ros/jazzy/opt/gz_math_vendor/lib:/opt/ros/jazzy/opt/gz_utils_vendor/lib:/opt/ros/jazzy/opt/gz_tools_vendor/lib:/opt/ros/jazzy/opt/gz_ogre_next_vendor/lib:/opt/ros/jazzy/opt/gz_dartsim_vendor/lib:/opt/ros/jazzy/opt/gz_cmake_vendor/lib:/opt/ros/jazzy/lib PYTHONPATH=/home/emersonmt/topics_ws/install/xarm_msgs/lib/python3.12/site-packages:/home/emersonmt/topics_ws/install/uf_ros_lib/lib/python3.12/site-packages:/home/emersonmt/topics_ws/install/xarm_gui/lib/python3.12/site-packages:/home/emersonmt/dev_ws/install/xarm_msgs/lib/python3.12/site-packages:/home/emersonmt/dev_ws/install/uf_ros_lib/lib/python3.12/site-packages:/opt/ros/jazzy/lib/python3.12/site-packages /usr/bin/cmake --build /home/emersonmt/topics_ws/build/xarm_planner -- -j16 -l16
[6.733s] DEBUG:colcon.colcon_core.event_handler.log_command:Invoked command in '/home/emersonmt/topics_ws/build/xarm_planner' returned '0': AMENT_PREFIX_PATH=/home/emersonmt/topics_ws/install/uf_ros_lib:/home/emersonmt/topics_ws/install/xarm_emer:/home/emersonmt/topics_ws/install/xarm_gui:/home/emersonmt/topics_ws/install/xarm_planner:/home/emersonmt/topics_ws/install/xarm_moveit_servo:/home/emersonmt/topics_ws/install/xarm_moveit_config:/home/emersonmt/topics_ws/install/xarm_gazebo:/home/emersonmt/topics_ws/install/xarm_controller:/home/emersonmt/topics_ws/install/xarm_api:/home/emersonmt/topics_ws/install/xarm_sdk:/home/emersonmt/topics_ws/install/xarm_msgs:/home/emersonmt/topics_ws/install/xarm_description:/home/emersonmt/topics_ws/install/mbot_demo:/home/emersonmt/topics_ws/install/realsense_gazebo_plugin:/home/emersonmt/dev_ws/install/xarm_planner:/home/emersonmt/dev_ws/install/xarm_moveit_servo:/home/emersonmt/dev_ws/install/xarm_moveit_config:/home/emersonmt/dev_ws/install/xarm_gazebo:/home/emersonmt/dev_ws/install/xarm_controller:/home/emersonmt/dev_ws/install/xarm_api:/home/emersonmt/dev_ws/install/xarm_sdk:/home/emersonmt/dev_ws/install/xarm_msgs:/home/emersonmt/dev_ws/install/xarm_description:/home/emersonmt/dev_ws/install/mbot_demo:/home/emersonmt/dev_ws/install/uf_ros_lib:/home/emersonmt/dev_ws/install/realsense_gazebo_plugin:/opt/ros/jazzy CMAKE_PREFIX_PATH=/home/emersonmt/topics_ws/install/xarm_moveit_config:/home/emersonmt/topics_ws/install/xarm_gazebo:/home/emersonmt/topics_ws/install/xarm_controller:/home/emersonmt/topics_ws/install/xarm_api:/home/emersonmt/topics_ws/install/xarm_sdk:/home/emersonmt/topics_ws/install/xarm_msgs:/home/emersonmt/topics_ws/install/xarm_description:/home/emersonmt/topics_ws/install/xarm_emer:/home/emersonmt/topics_ws/install/xarm_planner:/home/emersonmt/topics_ws/install/xarm_moveit_servo:/home/emersonmt/topics_ws/install/mbot_demo:/home/emersonmt/topics_ws/install/realsense_gazebo_plugin:/home/emersonmt/dev_ws/install/xarm_planner:/home/emersonmt/dev_ws/install/xarm_moveit_servo:/home/emersonmt/dev_ws/install/xarm_moveit_config:/home/emersonmt/dev_ws/install/xarm_gazebo:/home/emersonmt/dev_ws/install/xarm_controller:/home/emersonmt/dev_ws/install/xarm_api:/home/emersonmt/dev_ws/install/xarm_sdk:/home/emersonmt/dev_ws/install/xarm_msgs:/home/emersonmt/dev_ws/install/xarm_description:/home/emersonmt/dev_ws/install/mbot_demo:/home/emersonmt/dev_ws/install/realsense_gazebo_plugin:/opt/ros/jazzy/opt/gz_sim_vendor:/opt/ros/jazzy/opt/gz_sensors_vendor:/opt/ros/jazzy/opt/gz_physics_vendor:/opt/ros/jazzy/opt/sdformat_vendor:/opt/ros/jazzy/opt/gz_gui_vendor:/opt/ros/jazzy/opt/gz_transport_vendor:/opt/ros/jazzy/opt/gz_rendering_vendor:/opt/ros/jazzy/opt/gz_plugin_vendor:/opt/ros/jazzy/opt/gz_fuel_tools_vendor:/opt/ros/jazzy/opt/gz_msgs_vendor:/opt/ros/jazzy/opt/gz_common_vendor:/opt/ros/jazzy/opt/gz_math_vendor:/opt/ros/jazzy/opt/gz_utils_vendor:/opt/ros/jazzy/opt/gz_tools_vendor:/opt/ros/jazzy/opt/gz_ogre_next_vendor:/opt/ros/jazzy/opt/gz_dartsim_vendor:/opt/ros/jazzy/opt/gz_cmake_vendor:/home/emersonmt/topics_ws/install/xarm_gui:/home/emersonmt/topics_ws/install/uf_ros_lib:/home/emersonmt/dev_ws/install/uf_ros_lib:/opt/ros/jazzy DEBUGINFOD_URLS=https://debuginfod.ubuntu.com LD_LIBRARY_PATH=/home/emersonmt/topics_ws/install/xarm_controller/lib:/home/emersonmt/topics_ws/install/xarm_api/lib:/home/emersonmt/topics_ws/install/xarm_sdk/lib:/home/emersonmt/topics_ws/install/xarm_msgs/lib:/home/emersonmt/topics_ws/install/xarm_planner/lib:/home/emersonmt/topics_ws/install/xarm_moveit_servo/lib:/home/emersonmt/topics_ws/install/realsense_gazebo_plugin/lib:/home/emersonmt/dev_ws/install/xarm_planner/lib:/home/emersonmt/dev_ws/install/xarm_moveit_servo/lib:/home/emersonmt/dev_ws/install/xarm_controller/lib:/home/emersonmt/dev_ws/install/xarm_api/lib:/home/emersonmt/dev_ws/install/xarm_sdk/lib:/home/emersonmt/dev_ws/install/xarm_msgs/lib:/home/emersonmt/dev_ws/install/realsense_gazebo_plugin/lib:/opt/ros/jazzy/opt/gz_sim_vendor/lib:/opt/ros/jazzy/opt/gz_sensors_vendor/lib:/opt/ros/jazzy/opt/gz_physics_vendor/lib:/opt/ros/jazzy/opt/sdformat_vendor/lib:/opt/ros/jazzy/opt/rviz_ogre_vendor/lib:/opt/ros/jazzy/lib/x86_64-linux-gnu:/opt/ros/jazzy/opt/gz_gui_vendor/lib:/opt/ros/jazzy/opt/gz_transport_vendor/lib:/opt/ros/jazzy/opt/gz_rendering_vendor/lib:/opt/ros/jazzy/opt/gz_plugin_vendor/lib:/opt/ros/jazzy/opt/gz_fuel_tools_vendor/lib:/opt/ros/jazzy/opt/gz_msgs_vendor/lib:/opt/ros/jazzy/opt/gz_common_vendor/lib:/opt/ros/jazzy/opt/gz_math_vendor/lib:/opt/ros/jazzy/opt/gz_utils_vendor/lib:/opt/ros/jazzy/opt/gz_tools_vendor/lib:/opt/ros/jazzy/opt/gz_ogre_next_vendor/lib:/opt/ros/jazzy/opt/gz_dartsim_vendor/lib:/opt/ros/jazzy/opt/gz_cmake_vendor/lib:/opt/ros/jazzy/lib PYTHONPATH=/home/emersonmt/topics_ws/install/xarm_msgs/lib/python3.12/site-packages:/home/emersonmt/topics_ws/install/uf_ros_lib/lib/python3.12/site-packages:/home/emersonmt/topics_ws/install/xarm_gui/lib/python3.12/site-packages:/home/emersonmt/dev_ws/install/xarm_msgs/lib/python3.12/site-packages:/home/emersonmt/dev_ws/install/uf_ros_lib/lib/python3.12/site-packages:/opt/ros/jazzy/lib/python3.12/site-packages /usr/bin/cmake --build /home/emersonmt/topics_ws/build/xarm_planner -- -j16 -l16
[6.745s] DEBUG:colcon.colcon_core.event_handler.log_command:Invoking command in '/home/emersonmt/topics_ws/build/xarm_planner': AMENT_PREFIX_PATH=/home/emersonmt/topics_ws/install/uf_ros_lib:/home/emersonmt/topics_ws/install/xarm_emer:/home/emersonmt/topics_ws/install/xarm_gui:/home/emersonmt/topics_ws/install/xarm_planner:/home/emersonmt/topics_ws/install/xarm_moveit_servo:/home/emersonmt/topics_ws/install/xarm_moveit_config:/home/emersonmt/topics_ws/install/xarm_gazebo:/home/emersonmt/topics_ws/install/xarm_controller:/home/emersonmt/topics_ws/install/xarm_api:/home/emersonmt/topics_ws/install/xarm_sdk:/home/emersonmt/topics_ws/install/xarm_msgs:/home/emersonmt/topics_ws/install/xarm_description:/home/emersonmt/topics_ws/install/mbot_demo:/home/emersonmt/topics_ws/install/realsense_gazebo_plugin:/home/emersonmt/dev_ws/install/xarm_planner:/home/emersonmt/dev_ws/install/xarm_moveit_servo:/home/emersonmt/dev_ws/install/xarm_moveit_config:/home/emersonmt/dev_ws/install/xarm_gazebo:/home/emersonmt/dev_ws/install/xarm_controller:/home/emersonmt/dev_ws/install/xarm_api:/home/emersonmt/dev_ws/install/xarm_sdk:/home/emersonmt/dev_ws/install/xarm_msgs:/home/emersonmt/dev_ws/install/xarm_description:/home/emersonmt/dev_ws/install/mbot_demo:/home/emersonmt/dev_ws/install/uf_ros_lib:/home/emersonmt/dev_ws/install/realsense_gazebo_plugin:/opt/ros/jazzy CMAKE_PREFIX_PATH=/home/emersonmt/topics_ws/install/xarm_moveit_config:/home/emersonmt/topics_ws/install/xarm_gazebo:/home/emersonmt/topics_ws/install/xarm_controller:/home/emersonmt/topics_ws/install/xarm_api:/home/emersonmt/topics_ws/install/xarm_sdk:/home/emersonmt/topics_ws/install/xarm_msgs:/home/emersonmt/topics_ws/install/xarm_description:/home/emersonmt/topics_ws/install/xarm_emer:/home/emersonmt/topics_ws/install/xarm_planner:/home/emersonmt/topics_ws/install/xarm_moveit_servo:/home/emersonmt/topics_ws/install/mbot_demo:/home/emersonmt/topics_ws/install/realsense_gazebo_plugin:/home/emersonmt/dev_ws/install/xarm_planner:/home/emersonmt/dev_ws/install/xarm_moveit_servo:/home/emersonmt/dev_ws/install/xarm_moveit_config:/home/emersonmt/dev_ws/install/xarm_gazebo:/home/emersonmt/dev_ws/install/xarm_controller:/home/emersonmt/dev_ws/install/xarm_api:/home/emersonmt/dev_ws/install/xarm_sdk:/home/emersonmt/dev_ws/install/xarm_msgs:/home/emersonmt/dev_ws/install/xarm_description:/home/emersonmt/dev_ws/install/mbot_demo:/home/emersonmt/dev_ws/install/realsense_gazebo_plugin:/opt/ros/jazzy/opt/gz_sim_vendor:/opt/ros/jazzy/opt/gz_sensors_vendor:/opt/ros/jazzy/opt/gz_physics_vendor:/opt/ros/jazzy/opt/sdformat_vendor:/opt/ros/jazzy/opt/gz_gui_vendor:/opt/ros/jazzy/opt/gz_transport_vendor:/opt/ros/jazzy/opt/gz_rendering_vendor:/opt/ros/jazzy/opt/gz_plugin_vendor:/opt/ros/jazzy/opt/gz_fuel_tools_vendor:/opt/ros/jazzy/opt/gz_msgs_vendor:/opt/ros/jazzy/opt/gz_common_vendor:/opt/ros/jazzy/opt/gz_math_vendor:/opt/ros/jazzy/opt/gz_utils_vendor:/opt/ros/jazzy/opt/gz_tools_vendor:/opt/ros/jazzy/opt/gz_ogre_next_vendor:/opt/ros/jazzy/opt/gz_dartsim_vendor:/opt/ros/jazzy/opt/gz_cmake_vendor:/home/emersonmt/topics_ws/install/xarm_gui:/home/emersonmt/topics_ws/install/uf_ros_lib:/home/emersonmt/dev_ws/install/uf_ros_lib:/opt/ros/jazzy DEBUGINFOD_URLS=https://debuginfod.ubuntu.com LD_LIBRARY_PATH=/home/emersonmt/topics_ws/install/xarm_controller/lib:/home/emersonmt/topics_ws/install/xarm_api/lib:/home/emersonmt/topics_ws/install/xarm_sdk/lib:/home/emersonmt/topics_ws/install/xarm_msgs/lib:/home/emersonmt/topics_ws/install/xarm_planner/lib:/home/emersonmt/topics_ws/install/xarm_moveit_servo/lib:/home/emersonmt/topics_ws/install/realsense_gazebo_plugin/lib:/home/emersonmt/dev_ws/install/xarm_planner/lib:/home/emersonmt/dev_ws/install/xarm_moveit_servo/lib:/home/emersonmt/dev_ws/install/xarm_controller/lib:/home/emersonmt/dev_ws/install/xarm_api/lib:/home/emersonmt/dev_ws/install/xarm_sdk/lib:/home/emersonmt/dev_ws/install/xarm_msgs/lib:/home/emersonmt/dev_ws/install/realsense_gazebo_plugin/lib:/opt/ros/jazzy/opt/gz_sim_vendor/lib:/opt/ros/jazzy/opt/gz_sensors_vendor/lib:/opt/ros/jazzy/opt/gz_physics_vendor/lib:/opt/ros/jazzy/opt/sdformat_vendor/lib:/opt/ros/jazzy/opt/rviz_ogre_vendor/lib:/opt/ros/jazzy/lib/x86_64-linux-gnu:/opt/ros/jazzy/opt/gz_gui_vendor/lib:/opt/ros/jazzy/opt/gz_transport_vendor/lib:/opt/ros/jazzy/opt/gz_rendering_vendor/lib:/opt/ros/jazzy/opt/gz_plugin_vendor/lib:/opt/ros/jazzy/opt/gz_fuel_tools_vendor/lib:/opt/ros/jazzy/opt/gz_msgs_vendor/lib:/opt/ros/jazzy/opt/gz_common_vendor/lib:/opt/ros/jazzy/opt/gz_math_vendor/lib:/opt/ros/jazzy/opt/gz_utils_vendor/lib:/opt/ros/jazzy/opt/gz_tools_vendor/lib:/opt/ros/jazzy/opt/gz_ogre_next_vendor/lib:/opt/ros/jazzy/opt/gz_dartsim_vendor/lib:/opt/ros/jazzy/opt/gz_cmake_vendor/lib:/opt/ros/jazzy/lib PYTHONPATH=/home/emersonmt/topics_ws/install/xarm_msgs/lib/python3.12/site-packages:/home/emersonmt/topics_ws/install/uf_ros_lib/lib/python3.12/site-packages:/home/emersonmt/topics_ws/install/xarm_gui/lib/python3.12/site-packages:/home/emersonmt/dev_ws/install/xarm_msgs/lib/python3.12/site-packages:/home/emersonmt/dev_ws/install/uf_ros_lib/lib/python3.12/site-packages:/opt/ros/jazzy/lib/python3.12/site-packages /usr/bin/cmake --install /home/emersonmt/topics_ws/build/xarm_planner
[6.760s] Level 1:colcon.colcon_core.environment:create_environment_scripts_only(xarm_planner)
[6.760s] DEBUG:colcon.colcon_core.event_handler.log_command:Invoked command in '/home/emersonmt/topics_ws/build/xarm_planner' returned '0': AMENT_PREFIX_PATH=/home/emersonmt/topics_ws/install/uf_ros_lib:/home/emersonmt/topics_ws/install/xarm_emer:/home/emersonmt/topics_ws/install/xarm_gui:/home/emersonmt/topics_ws/install/xarm_planner:/home/emersonmt/topics_ws/install/xarm_moveit_servo:/home/emersonmt/topics_ws/install/xarm_moveit_config:/home/emersonmt/topics_ws/install/xarm_gazebo:/home/emersonmt/topics_ws/install/xarm_controller:/home/emersonmt/topics_ws/install/xarm_api:/home/emersonmt/topics_ws/install/xarm_sdk:/home/emersonmt/topics_ws/install/xarm_msgs:/home/emersonmt/topics_ws/install/xarm_description:/home/emersonmt/topics_ws/install/mbot_demo:/home/emersonmt/topics_ws/install/realsense_gazebo_plugin:/home/emersonmt/dev_ws/install/xarm_planner:/home/emersonmt/dev_ws/install/xarm_moveit_servo:/home/emersonmt/dev_ws/install/xarm_moveit_config:/home/emersonmt/dev_ws/install/xarm_gazebo:/home/emersonmt/dev_ws/install/xarm_controller:/home/emersonmt/dev_ws/install/xarm_api:/home/emersonmt/dev_ws/install/xarm_sdk:/home/emersonmt/dev_ws/install/xarm_msgs:/home/emersonmt/dev_ws/install/xarm_description:/home/emersonmt/dev_ws/install/mbot_demo:/home/emersonmt/dev_ws/install/uf_ros_lib:/home/emersonmt/dev_ws/install/realsense_gazebo_plugin:/opt/ros/jazzy CMAKE_PREFIX_PATH=/home/emersonmt/topics_ws/install/xarm_moveit_config:/home/emersonmt/topics_ws/install/xarm_gazebo:/home/emersonmt/topics_ws/install/xarm_controller:/home/emersonmt/topics_ws/install/xarm_api:/home/emersonmt/topics_ws/install/xarm_sdk:/home/emersonmt/topics_ws/install/xarm_msgs:/home/emersonmt/topics_ws/install/xarm_description:/home/emersonmt/topics_ws/install/xarm_emer:/home/emersonmt/topics_ws/install/xarm_planner:/home/emersonmt/topics_ws/install/xarm_moveit_servo:/home/emersonmt/topics_ws/install/mbot_demo:/home/emersonmt/topics_ws/install/realsense_gazebo_plugin:/home/emersonmt/dev_ws/install/xarm_planner:/home/emersonmt/dev_ws/install/xarm_moveit_servo:/home/emersonmt/dev_ws/install/xarm_moveit_config:/home/emersonmt/dev_ws/install/xarm_gazebo:/home/emersonmt/dev_ws/install/xarm_controller:/home/emersonmt/dev_ws/install/xarm_api:/home/emersonmt/dev_ws/install/xarm_sdk:/home/emersonmt/dev_ws/install/xarm_msgs:/home/emersonmt/dev_ws/install/xarm_description:/home/emersonmt/dev_ws/install/mbot_demo:/home/emersonmt/dev_ws/install/realsense_gazebo_plugin:/opt/ros/jazzy/opt/gz_sim_vendor:/opt/ros/jazzy/opt/gz_sensors_vendor:/opt/ros/jazzy/opt/gz_physics_vendor:/opt/ros/jazzy/opt/sdformat_vendor:/opt/ros/jazzy/opt/gz_gui_vendor:/opt/ros/jazzy/opt/gz_transport_vendor:/opt/ros/jazzy/opt/gz_rendering_vendor:/opt/ros/jazzy/opt/gz_plugin_vendor:/opt/ros/jazzy/opt/gz_fuel_tools_vendor:/opt/ros/jazzy/opt/gz_msgs_vendor:/opt/ros/jazzy/opt/gz_common_vendor:/opt/ros/jazzy/opt/gz_math_vendor:/opt/ros/jazzy/opt/gz_utils_vendor:/opt/ros/jazzy/opt/gz_tools_vendor:/opt/ros/jazzy/opt/gz_ogre_next_vendor:/opt/ros/jazzy/opt/gz_dartsim_vendor:/opt/ros/jazzy/opt/gz_cmake_vendor:/home/emersonmt/topics_ws/install/xarm_gui:/home/emersonmt/topics_ws/install/uf_ros_lib:/home/emersonmt/dev_ws/install/uf_ros_lib:/opt/ros/jazzy DEBUGINFOD_URLS=https://debuginfod.ubuntu.com LD_LIBRARY_PATH=/home/emersonmt/topics_ws/install/xarm_controller/lib:/home/emersonmt/topics_ws/install/xarm_api/lib:/home/emersonmt/topics_ws/install/xarm_sdk/lib:/home/emersonmt/topics_ws/install/xarm_msgs/lib:/home/emersonmt/topics_ws/install/xarm_planner/lib:/home/emersonmt/topics_ws/install/xarm_moveit_servo/lib:/home/emersonmt/topics_ws/install/realsense_gazebo_plugin/lib:/home/emersonmt/dev_ws/install/xarm_planner/lib:/home/emersonmt/dev_ws/install/xarm_moveit_servo/lib:/home/emersonmt/dev_ws/install/xarm_controller/lib:/home/emersonmt/dev_ws/install/xarm_api/lib:/home/emersonmt/dev_ws/install/xarm_sdk/lib:/home/emersonmt/dev_ws/install/xarm_msgs/lib:/home/emersonmt/dev_ws/install/realsense_gazebo_plugin/lib:/opt/ros/jazzy/opt/gz_sim_vendor/lib:/opt/ros/jazzy/opt/gz_sensors_vendor/lib:/opt/ros/jazzy/opt/gz_physics_vendor/lib:/opt/ros/jazzy/opt/sdformat_vendor/lib:/opt/ros/jazzy/opt/rviz_ogre_vendor/lib:/opt/ros/jazzy/lib/x86_64-linux-gnu:/opt/ros/jazzy/opt/gz_gui_vendor/lib:/opt/ros/jazzy/opt/gz_transport_vendor/lib:/opt/ros/jazzy/opt/gz_rendering_vendor/lib:/opt/ros/jazzy/opt/gz_plugin_vendor/lib:/opt/ros/jazzy/opt/gz_fuel_tools_vendor/lib:/opt/ros/jazzy/opt/gz_msgs_vendor/lib:/opt/ros/jazzy/opt/gz_common_vendor/lib:/opt/ros/jazzy/opt/gz_math_vendor/lib:/opt/ros/jazzy/opt/gz_utils_vendor/lib:/opt/ros/jazzy/opt/gz_tools_vendor/lib:/opt/ros/jazzy/opt/gz_ogre_next_vendor/lib:/opt/ros/jazzy/opt/gz_dartsim_vendor/lib:/opt/ros/jazzy/opt/gz_cmake_vendor/lib:/opt/ros/jazzy/lib PYTHONPATH=/home/emersonmt/topics_ws/install/xarm_msgs/lib/python3.12/site-packages:/home/emersonmt/topics_ws/install/uf_ros_lib/lib/python3.12/site-packages:/home/emersonmt/topics_ws/install/xarm_gui/lib/python3.12/site-packages:/home/emersonmt/dev_ws/install/xarm_msgs/lib/python3.12/site-packages:/home/emersonmt/dev_ws/install/uf_ros_lib/lib/python3.12/site-packages:/opt/ros/jazzy/lib/python3.12/site-packages /usr/bin/cmake --install /home/emersonmt/topics_ws/build/xarm_planner
[6.761s] Level 1:colcon.colcon_core.environment:checking '/home/emersonmt/topics_ws/install/xarm_planner' for CMake module files
[6.761s] Level 1:colcon.colcon_core.environment:checking '/home/emersonmt/topics_ws/install/xarm_planner' for CMake config files
[6.761s] Level 1:colcon.colcon_core.shell:create_environment_hook('xarm_planner', 'cmake_prefix_path')
[6.762s] INFO:colcon.colcon_core.shell:Creating environment hook '/home/emersonmt/topics_ws/install/xarm_planner/share/xarm_planner/hook/cmake_prefix_path.ps1'
[6.762s] INFO:colcon.colcon_core.shell:Creating environment descriptor '/home/emersonmt/topics_ws/install/xarm_planner/share/xarm_planner/hook/cmake_prefix_path.dsv'
[6.762s] INFO:colcon.colcon_core.shell:Creating environment hook '/home/emersonmt/topics_ws/install/xarm_planner/share/xarm_planner/hook/cmake_prefix_path.sh'
[6.763s] Level 1:colcon.colcon_core.environment:checking '/home/emersonmt/topics_ws/install/xarm_planner/lib'
[6.763s] Level 1:colcon.colcon_core.shell:create_environment_hook('xarm_planner', 'ld_library_path_lib')
[6.763s] INFO:colcon.colcon_core.shell:Creating environment hook '/home/emersonmt/topics_ws/install/xarm_planner/share/xarm_planner/hook/ld_library_path_lib.ps1'
[6.763s] INFO:colcon.colcon_core.shell:Creating environment descriptor '/home/emersonmt/topics_ws/install/xarm_planner/share/xarm_planner/hook/ld_library_path_lib.dsv'
[6.763s] INFO:colcon.colcon_core.shell:Creating environment hook '/home/emersonmt/topics_ws/install/xarm_planner/share/xarm_planner/hook/ld_library_path_lib.sh'
[6.763s] Level 1:colcon.colcon_core.environment:checking '/home/emersonmt/topics_ws/install/xarm_planner/bin'
[6.763s] Level 1:colcon.colcon_core.environment:checking '/home/emersonmt/topics_ws/install/xarm_planner/lib/pkgconfig/xarm_planner.pc'
[6.764s] Level 1:colcon.colcon_core.environment:checking '/home/emersonmt/topics_ws/install/xarm_planner/lib/python3.12/site-packages'
[6.764s] Level 1:colcon.colcon_core.environment:checking '/home/emersonmt/topics_ws/install/xarm_planner/bin'
[6.764s] INFO:colcon.colcon_core.shell:Creating package script '/home/emersonmt/topics_ws/install/xarm_planner/share/xarm_planner/package.ps1'
[6.764s] INFO:colcon.colcon_core.shell:Creating package descriptor '/home/emersonmt/topics_ws/install/xarm_planner/share/xarm_planner/package.dsv'
[6.764s] INFO:colcon.colcon_core.shell:Creating package script '/home/emersonmt/topics_ws/install/xarm_planner/share/xarm_planner/package.sh'
[6.765s] INFO:colcon.colcon_core.shell:Creating package script '/home/emersonmt/topics_ws/install/xarm_planner/share/xarm_planner/package.bash'
[6.765s] INFO:colcon.colcon_core.shell:Creating package script '/home/emersonmt/topics_ws/install/xarm_planner/share/xarm_planner/package.zsh'
[6.765s] Level 1:colcon.colcon_core.environment:create_file_with_runtime_dependencies(/home/emersonmt/topics_ws/install/xarm_planner/share/colcon-core/packages/xarm_planner)
[6.766s] Level 1:colcon.colcon_core.environment:create_environment_scripts_only(xarm_planner)
[6.766s] Level 1:colcon.colcon_core.environment:checking '/home/emersonmt/topics_ws/install/xarm_planner' for CMake module files
[6.766s] Level 1:colcon.colcon_core.environment:checking '/home/emersonmt/topics_ws/install/xarm_planner' for CMake config files
[6.766s] Level 1:colcon.colcon_core.shell:create_environment_hook('xarm_planner', 'cmake_prefix_path')
[6.766s] INFO:colcon.colcon_core.shell:Creating environment hook '/home/emersonmt/topics_ws/install/xarm_planner/share/xarm_planner/hook/cmake_prefix_path.ps1'
[6.767s] INFO:colcon.colcon_core.shell:Creating environment descriptor '/home/emersonmt/topics_ws/install/xarm_planner/share/xarm_planner/hook/cmake_prefix_path.dsv'
[6.767s] INFO:colcon.colcon_core.shell:Creating environment hook '/home/emersonmt/topics_ws/install/xarm_planner/share/xarm_planner/hook/cmake_prefix_path.sh'
[6.767s] Level 1:colcon.colcon_core.environment:checking '/home/emersonmt/topics_ws/install/xarm_planner/lib'
[6.767s] Level 1:colcon.colcon_core.shell:create_environment_hook('xarm_planner', 'ld_library_path_lib')
[6.767s] INFO:colcon.colcon_core.shell:Creating environment hook '/home/emersonmt/topics_ws/install/xarm_planner/share/xarm_planner/hook/ld_library_path_lib.ps1'
[6.767s] INFO:colcon.colcon_core.shell:Creating environment descriptor '/home/emersonmt/topics_ws/install/xarm_planner/share/xarm_planner/hook/ld_library_path_lib.dsv'
[6.768s] INFO:colcon.colcon_core.shell:Creating environment hook '/home/emersonmt/topics_ws/install/xarm_planner/share/xarm_planner/hook/ld_library_path_lib.sh'
[6.768s] Level 1:colcon.colcon_core.environment:checking '/home/emersonmt/topics_ws/install/xarm_planner/bin'
[6.768s] Level 1:colcon.colcon_core.environment:checking '/home/emersonmt/topics_ws/install/xarm_planner/lib/pkgconfig/xarm_planner.pc'
[6.768s] Level 1:colcon.colcon_core.environment:checking '/home/emersonmt/topics_ws/install/xarm_planner/lib/python3.12/site-packages'
[6.768s] Level 1:colcon.colcon_core.environment:checking '/home/emersonmt/topics_ws/install/xarm_planner/bin'
[6.768s] INFO:colcon.colcon_core.shell:Creating package script '/home/emersonmt/topics_ws/install/xarm_planner/share/xarm_planner/package.ps1'
[6.768s] INFO:colcon.colcon_core.shell:Creating package descriptor '/home/emersonmt/topics_ws/install/xarm_planner/share/xarm_planner/package.dsv'
[6.769s] INFO:colcon.colcon_core.shell:Creating package script '/home/emersonmt/topics_ws/install/xarm_planner/share/xarm_planner/package.sh'
[6.769s] INFO:colcon.colcon_core.shell:Creating package script '/home/emersonmt/topics_ws/install/xarm_planner/share/xarm_planner/package.bash'
[6.769s] INFO:colcon.colcon_core.shell:Creating package script '/home/emersonmt/topics_ws/install/xarm_planner/share/xarm_planner/package.zsh'
[6.769s] Level 1:colcon.colcon_core.environment:create_file_with_runtime_dependencies(/home/emersonmt/topics_ws/install/xarm_planner/share/colcon-core/packages/xarm_planner)
[6.770s] DEBUG:colcon.colcon_parallel_executor.executor.parallel:closing loop
[6.770s] DEBUG:colcon.colcon_parallel_executor.executor.parallel:loop closed
[6.770s] DEBUG:colcon.colcon_parallel_executor.executor.parallel:run_until_complete finished with '0'
[6.770s] DEBUG:colcon.colcon_core.event_reactor:joining thread
[6.774s] INFO:colcon.colcon_core.plugin_system:Skipping extension 'colcon_notification.desktop_notification.terminal_notifier': Not used on non-Darwin systems
[6.774s] INFO:colcon.colcon_core.plugin_system:Skipping extension 'colcon_notification.desktop_notification.win32': Not used on non-Windows systems
[6.774s] INFO:colcon.colcon_notification.desktop_notification:Sending desktop notification using 'notify2'
[6.785s] DEBUG:colcon.colcon_core.event_reactor:joined thread
[6.786s] INFO:colcon.colcon_core.shell:Creating prefix script '/home/emersonmt/topics_ws/install/local_setup.ps1'
[6.786s] INFO:colcon.colcon_core.shell:Creating prefix util module '/home/emersonmt/topics_ws/install/_local_setup_util_ps1.py'
[6.787s] INFO:colcon.colcon_core.shell:Creating prefix chain script '/home/emersonmt/topics_ws/install/setup.ps1'
[6.789s] INFO:colcon.colcon_core.shell:Creating prefix script '/home/emersonmt/topics_ws/install/local_setup.sh'
[6.789s] INFO:colcon.colcon_core.shell:Creating prefix util module '/home/emersonmt/topics_ws/install/_local_setup_util_sh.py'
[6.789s] INFO:colcon.colcon_core.shell:Creating prefix chain script '/home/emersonmt/topics_ws/install/setup.sh'
[6.790s] INFO:colcon.colcon_core.shell:Creating prefix script '/home/emersonmt/topics_ws/install/local_setup.bash'
[6.790s] INFO:colcon.colcon_core.shell:Creating prefix chain script '/home/emersonmt/topics_ws/install/setup.bash'
[6.791s] INFO:colcon.colcon_core.shell:Creating prefix script '/home/emersonmt/topics_ws/install/local_setup.zsh'
[6.792s] INFO:colcon.colcon_core.shell:Creating prefix chain script '/home/emersonmt/topics_ws/install/setup.zsh'
