[0.016s] Invoking command in '/home/emersonmt/topics_ws/build/xarm_api': AMENT_PREFIX_PATH=/home/emersonmt/topics_ws/install/xarm_sdk:/home/emersonmt/topics_ws/install/xarm_msgs:/home/emersonmt/topics_ws/install/xarm_description:${AMENT_PREFIX_PATH} CMAKE_PREFIX_PATH=/home/emersonmt/topics_ws/install/xarm_sdk:/home/emersonmt/topics_ws/install/xarm_msgs:/home/emersonmt/topics_ws/install/xarm_description:/home/emersonmt/dev_ws/install/xarm_planner:/home/emersonmt/dev_ws/install/xarm_moveit_servo:/home/emersonmt/dev_ws/install/xarm_moveit_config:/home/emersonmt/dev_ws/install/xarm_gazebo:/home/emersonmt/dev_ws/install/xarm_controller:/home/emersonmt/dev_ws/install/xarm_api:/home/emersonmt/dev_ws/install/xarm_sdk:/home/emersonmt/dev_ws/install/xarm_msgs:/home/emersonmt/dev_ws/install/xarm_description:/home/emersonmt/dev_ws/install/mbot_demo:/home/emersonmt/dev_ws/install/realsense_gazebo_plugin:/opt/ros/jazzy/opt/gz_sim_vendor:/opt/ros/jazzy/opt/gz_sensors_vendor:/opt/ros/jazzy/opt/gz_physics_vendor:/opt/ros/jazzy/opt/gz_gui_vendor:/opt/ros/jazzy/opt/gz_transport_vendor:/opt/ros/jazzy/opt/gz_rendering_vendor:/opt/ros/jazzy/opt/gz_plugin_vendor:/opt/ros/jazzy/opt/gz_fuel_tools_vendor:/opt/ros/jazzy/opt/gz_msgs_vendor:/opt/ros/jazzy/opt/gz_common_vendor:/opt/ros/jazzy/opt/gz_ogre_next_vendor:/opt/ros/jazzy/opt/gz_dartsim_vendor:/opt/ros/jazzy/opt/sdformat_vendor:/opt/ros/jazzy/opt/gz_math_vendor:/opt/ros/jazzy/opt/gz_utils_vendor:/opt/ros/jazzy/opt/gz_tools_vendor:/opt/ros/jazzy/opt/gz_cmake_vendor:/home/emersonmt/dev_ws/install/uf_ros_lib:/opt/ros/jazzy DEBUGINFOD_URLS=https://debuginfod.ubuntu.com LD_LIBRARY_PATH=/home/emersonmt/topics_ws/install/xarm_sdk/lib:/home/emersonmt/topics_ws/install/xarm_msgs/lib:${LD_LIBRARY_PATH} PYTHONPATH=/home/emersonmt/topics_ws/install/xarm_msgs/lib/python3.12/site-packages:${PYTHONPATH} /usr/bin/cmake /home/emersonmt/topics_ws/src/xarm_ros2/xarm_api -DCMAKE_INSTALL_PREFIX=/home/emersonmt/topics_ws/install/xarm_api
[0.063s] -- The C compiler identification is GNU 13.3.0
[0.106s] -- The CXX compiler identification is GNU 13.3.0
[0.123s] -- Detecting C compiler ABI info
[0.210s] -- Detecting C compiler ABI info - done
[0.215s] -- Check for working C compiler: /usr/bin/cc - skipped
[0.215s] -- Detecting C compile features
[0.215s] -- Detecting C compile features - done
[0.224s] -- Detecting CXX compiler ABI info
[0.318s] -- Detecting CXX compiler ABI info - done
[0.324s] -- Check for working CXX compiler: /usr/bin/c++ - skipped
[0.324s] -- Detecting CXX compile features
[0.324s] -- Detecting CXX compile features - done
[0.330s] -- Found ament_cmake: 2.5.4 (/opt/ros/jazzy/share/ament_cmake/cmake)
[0.451s] -- Found Python3: /usr/bin/python3 (found version "3.12.3") found components: Interpreter 
[0.550s] -- Found ament_lint_auto: 0.17.3 (/opt/ros/jazzy/share/ament_lint_auto/cmake)
[0.641s] -- Found rclcpp: 28.1.11 (/opt/ros/jazzy/share/rclcpp/cmake)
[0.688s] -- Found rosidl_generator_c: 4.6.6 (/opt/ros/jazzy/share/rosidl_generator_c/cmake)
[0.703s] -- Found rosidl_generator_cpp: 4.6.6 (/opt/ros/jazzy/share/rosidl_generator_cpp/cmake)
[0.719s] -- Using all available rosidl_typesupport_c: rosidl_typesupport_fastrtps_c;rosidl_typesupport_introspection_c
[0.738s] -- Using all available rosidl_typesupport_cpp: rosidl_typesupport_fastrtps_cpp;rosidl_typesupport_introspection_cpp
[0.808s] -- Found rmw_implementation_cmake: 7.3.2 (/opt/ros/jazzy/share/rmw_implementation_cmake/cmake)
[0.812s] -- Found rmw_fastrtps_cpp: 8.4.3 (/opt/ros/jazzy/share/rmw_fastrtps_cpp/cmake)
[0.905s] -- Found OpenSSL: /usr/lib/x86_64-linux-gnu/libcrypto.so (found version "3.0.13")  
[0.920s] -- Found FastRTPS: /opt/ros/jazzy/include (Required is at least version "2.13") 
[0.940s] -- Using RMW implementation 'rmw_fastrtps_cpp' as default
[1.003s] -- Found rclcpp_action: 28.1.11 (/opt/ros/jazzy/share/rclcpp_action/cmake)
[1.041s] -- Found std_msgs: 5.3.6 (/opt/ros/jazzy/share/std_msgs/cmake)
[1.052s] -- Found sensor_msgs: 5.3.6 (/opt/ros/jazzy/share/sensor_msgs/cmake)
[1.083s] -- Found control_msgs: 5.5.0 (/opt/ros/jazzy/share/control_msgs/cmake)
[1.124s] -- Found xarm_msgs: 0.0.0 (/home/emersonmt/topics_ws/install/xarm_msgs/share/xarm_msgs/cmake)
[1.166s] -- Found xarm_sdk: 0.0.0 (/home/emersonmt/topics_ws/install/xarm_sdk/share/xarm_sdk/cmake)
[1.183s] -- Added test 'copyright' to check source files copyright and LICENSE
[1.185s] -- Added test 'cppcheck' to perform static code analysis on C / C++ code
[1.185s] -- Configured cppcheck include dirs: /home/emersonmt/topics_ws/src/xarm_ros2/xarm_api/include
[1.185s] -- Configured cppcheck exclude dirs and/or files: 
[1.187s] -- Added test 'cpplint' to check C / C++ code against the Google style
[1.187s] -- Configured cpplint exclude dirs and/or files: 
[1.188s] -- Added test 'flake8' to check Python code syntax and style conventions
[1.188s] -- Configured 'flake8' exclude dirs and/or files: 
[1.188s] -- Added test 'lint_cmake' to check CMake code style
[1.189s] -- Added test 'pep257' to check Python code against some of the docstring style conventions in PEP 257
[1.191s] -- Added test 'uncrustify' to check C / C++ code style
[1.191s] -- Configured uncrustify additional arguments: 
[1.191s] -- Added test 'xmllint' to check XML markup files
[1.193s] -- Configuring done (1.2s)
[1.220s] -- Generating done (0.0s)
[1.227s] -- Build files have been written to: /home/emersonmt/topics_ws/build/xarm_api
[1.238s] Invoked command in '/home/emersonmt/topics_ws/build/xarm_api' returned '0': AMENT_PREFIX_PATH=/home/emersonmt/topics_ws/install/xarm_sdk:/home/emersonmt/topics_ws/install/xarm_msgs:/home/emersonmt/topics_ws/install/xarm_description:${AMENT_PREFIX_PATH} CMAKE_PREFIX_PATH=/home/emersonmt/topics_ws/install/xarm_sdk:/home/emersonmt/topics_ws/install/xarm_msgs:/home/emersonmt/topics_ws/install/xarm_description:/home/emersonmt/dev_ws/install/xarm_planner:/home/emersonmt/dev_ws/install/xarm_moveit_servo:/home/emersonmt/dev_ws/install/xarm_moveit_config:/home/emersonmt/dev_ws/install/xarm_gazebo:/home/emersonmt/dev_ws/install/xarm_controller:/home/emersonmt/dev_ws/install/xarm_api:/home/emersonmt/dev_ws/install/xarm_sdk:/home/emersonmt/dev_ws/install/xarm_msgs:/home/emersonmt/dev_ws/install/xarm_description:/home/emersonmt/dev_ws/install/mbot_demo:/home/emersonmt/dev_ws/install/realsense_gazebo_plugin:/opt/ros/jazzy/opt/gz_sim_vendor:/opt/ros/jazzy/opt/gz_sensors_vendor:/opt/ros/jazzy/opt/gz_physics_vendor:/opt/ros/jazzy/opt/gz_gui_vendor:/opt/ros/jazzy/opt/gz_transport_vendor:/opt/ros/jazzy/opt/gz_rendering_vendor:/opt/ros/jazzy/opt/gz_plugin_vendor:/opt/ros/jazzy/opt/gz_fuel_tools_vendor:/opt/ros/jazzy/opt/gz_msgs_vendor:/opt/ros/jazzy/opt/gz_common_vendor:/opt/ros/jazzy/opt/gz_ogre_next_vendor:/opt/ros/jazzy/opt/gz_dartsim_vendor:/opt/ros/jazzy/opt/sdformat_vendor:/opt/ros/jazzy/opt/gz_math_vendor:/opt/ros/jazzy/opt/gz_utils_vendor:/opt/ros/jazzy/opt/gz_tools_vendor:/opt/ros/jazzy/opt/gz_cmake_vendor:/home/emersonmt/dev_ws/install/uf_ros_lib:/opt/ros/jazzy DEBUGINFOD_URLS=https://debuginfod.ubuntu.com LD_LIBRARY_PATH=/home/emersonmt/topics_ws/install/xarm_sdk/lib:/home/emersonmt/topics_ws/install/xarm_msgs/lib:${LD_LIBRARY_PATH} PYTHONPATH=/home/emersonmt/topics_ws/install/xarm_msgs/lib/python3.12/site-packages:${PYTHONPATH} /usr/bin/cmake /home/emersonmt/topics_ws/src/xarm_ros2/xarm_api -DCMAKE_INSTALL_PREFIX=/home/emersonmt/topics_ws/install/xarm_api
[1.239s] Invoking command in '/home/emersonmt/topics_ws/build/xarm_api': AMENT_PREFIX_PATH=/home/emersonmt/topics_ws/install/xarm_sdk:/home/emersonmt/topics_ws/install/xarm_msgs:/home/emersonmt/topics_ws/install/xarm_description:${AMENT_PREFIX_PATH} CMAKE_PREFIX_PATH=/home/emersonmt/topics_ws/install/xarm_sdk:/home/emersonmt/topics_ws/install/xarm_msgs:/home/emersonmt/topics_ws/install/xarm_description:/home/emersonmt/dev_ws/install/xarm_planner:/home/emersonmt/dev_ws/install/xarm_moveit_servo:/home/emersonmt/dev_ws/install/xarm_moveit_config:/home/emersonmt/dev_ws/install/xarm_gazebo:/home/emersonmt/dev_ws/install/xarm_controller:/home/emersonmt/dev_ws/install/xarm_api:/home/emersonmt/dev_ws/install/xarm_sdk:/home/emersonmt/dev_ws/install/xarm_msgs:/home/emersonmt/dev_ws/install/xarm_description:/home/emersonmt/dev_ws/install/mbot_demo:/home/emersonmt/dev_ws/install/realsense_gazebo_plugin:/opt/ros/jazzy/opt/gz_sim_vendor:/opt/ros/jazzy/opt/gz_sensors_vendor:/opt/ros/jazzy/opt/gz_physics_vendor:/opt/ros/jazzy/opt/gz_gui_vendor:/opt/ros/jazzy/opt/gz_transport_vendor:/opt/ros/jazzy/opt/gz_rendering_vendor:/opt/ros/jazzy/opt/gz_plugin_vendor:/opt/ros/jazzy/opt/gz_fuel_tools_vendor:/opt/ros/jazzy/opt/gz_msgs_vendor:/opt/ros/jazzy/opt/gz_common_vendor:/opt/ros/jazzy/opt/gz_ogre_next_vendor:/opt/ros/jazzy/opt/gz_dartsim_vendor:/opt/ros/jazzy/opt/sdformat_vendor:/opt/ros/jazzy/opt/gz_math_vendor:/opt/ros/jazzy/opt/gz_utils_vendor:/opt/ros/jazzy/opt/gz_tools_vendor:/opt/ros/jazzy/opt/gz_cmake_vendor:/home/emersonmt/dev_ws/install/uf_ros_lib:/opt/ros/jazzy DEBUGINFOD_URLS=https://debuginfod.ubuntu.com LD_LIBRARY_PATH=/home/emersonmt/topics_ws/install/xarm_sdk/lib:/home/emersonmt/topics_ws/install/xarm_msgs/lib:${LD_LIBRARY_PATH} PYTHONPATH=/home/emersonmt/topics_ws/install/xarm_msgs/lib/python3.12/site-packages:${PYTHONPATH} /usr/bin/cmake --build /home/emersonmt/topics_ws/build/xarm_api -- -j16 -l16
[1.290s] [ 23%] [32mBuilding CXX object CMakeFiles/xarm_ros_driver.dir/src/xarm_driver.cpp.o[0m
[1.290s] [ 23%] [32mBuilding CXX object CMakeFiles/test_robot_states.dir/test/test_robot_states.cpp.o[0m
[1.290s] [ 23%] [32mBuilding CXX object CMakeFiles/xarm_ros_client.dir/src/xarm_ros_client.cpp.o[0m
[1.291s] [ 30%] [32mBuilding CXX object CMakeFiles/xarm_ros_driver.dir/src/xarm_driver_service.cpp.o[0m
[10.993s] [ 38%] [32m[1mLinking CXX executable test_robot_states[0m
[11.421s] [ 38%] Built target test_robot_states
[18.528s] [ 46%] [32m[1mLinking CXX shared library libxarm_ros_client.so[0m
[19.319s] [ 46%] Built target xarm_ros_client
[19.339s] [ 61%] [32mBuilding CXX object CMakeFiles/test_xarm_velo_move.dir/test/test_xarm_velo_move.cpp.o[0m
[19.339s] [ 61%] [32mBuilding CXX object CMakeFiles/test_xarm_ros_client.dir/test/test_xarm_ros_client.cpp.o[0m
[23.075s] [ 69%] [32m[1mLinking CXX executable test_xarm_velo_move[0m
[23.110s] [ 76%] [32m[1mLinking CXX executable test_xarm_ros_client[0m
[23.643s] [ 76%] Built target test_xarm_velo_move
[23.669s] [ 76%] Built target test_xarm_ros_client
[25.951s] [ 84%] [32m[1mLinking CXX shared library libxarm_ros_driver.so[0m
[27.415s] [ 84%] Built target xarm_ros_driver
[27.438s] [ 92%] [32mBuilding CXX object CMakeFiles/xarm_driver_node.dir/src/xarm_driver_node.cpp.o[0m
[31.316s] [100%] [32m[1mLinking CXX executable xarm_driver_node[0m
[32.011s] [100%] Built target xarm_driver_node
[32.025s] Invoked command in '/home/emersonmt/topics_ws/build/xarm_api' returned '0': AMENT_PREFIX_PATH=/home/emersonmt/topics_ws/install/xarm_sdk:/home/emersonmt/topics_ws/install/xarm_msgs:/home/emersonmt/topics_ws/install/xarm_description:${AMENT_PREFIX_PATH} CMAKE_PREFIX_PATH=/home/emersonmt/topics_ws/install/xarm_sdk:/home/emersonmt/topics_ws/install/xarm_msgs:/home/emersonmt/topics_ws/install/xarm_description:/home/emersonmt/dev_ws/install/xarm_planner:/home/emersonmt/dev_ws/install/xarm_moveit_servo:/home/emersonmt/dev_ws/install/xarm_moveit_config:/home/emersonmt/dev_ws/install/xarm_gazebo:/home/emersonmt/dev_ws/install/xarm_controller:/home/emersonmt/dev_ws/install/xarm_api:/home/emersonmt/dev_ws/install/xarm_sdk:/home/emersonmt/dev_ws/install/xarm_msgs:/home/emersonmt/dev_ws/install/xarm_description:/home/emersonmt/dev_ws/install/mbot_demo:/home/emersonmt/dev_ws/install/realsense_gazebo_plugin:/opt/ros/jazzy/opt/gz_sim_vendor:/opt/ros/jazzy/opt/gz_sensors_vendor:/opt/ros/jazzy/opt/gz_physics_vendor:/opt/ros/jazzy/opt/gz_gui_vendor:/opt/ros/jazzy/opt/gz_transport_vendor:/opt/ros/jazzy/opt/gz_rendering_vendor:/opt/ros/jazzy/opt/gz_plugin_vendor:/opt/ros/jazzy/opt/gz_fuel_tools_vendor:/opt/ros/jazzy/opt/gz_msgs_vendor:/opt/ros/jazzy/opt/gz_common_vendor:/opt/ros/jazzy/opt/gz_ogre_next_vendor:/opt/ros/jazzy/opt/gz_dartsim_vendor:/opt/ros/jazzy/opt/sdformat_vendor:/opt/ros/jazzy/opt/gz_math_vendor:/opt/ros/jazzy/opt/gz_utils_vendor:/opt/ros/jazzy/opt/gz_tools_vendor:/opt/ros/jazzy/opt/gz_cmake_vendor:/home/emersonmt/dev_ws/install/uf_ros_lib:/opt/ros/jazzy DEBUGINFOD_URLS=https://debuginfod.ubuntu.com LD_LIBRARY_PATH=/home/emersonmt/topics_ws/install/xarm_sdk/lib:/home/emersonmt/topics_ws/install/xarm_msgs/lib:${LD_LIBRARY_PATH} PYTHONPATH=/home/emersonmt/topics_ws/install/xarm_msgs/lib/python3.12/site-packages:${PYTHONPATH} /usr/bin/cmake --build /home/emersonmt/topics_ws/build/xarm_api -- -j16 -l16
[32.025s] Invoking command in '/home/emersonmt/topics_ws/build/xarm_api': AMENT_PREFIX_PATH=/home/emersonmt/topics_ws/install/xarm_sdk:/home/emersonmt/topics_ws/install/xarm_msgs:/home/emersonmt/topics_ws/install/xarm_description:${AMENT_PREFIX_PATH} CMAKE_PREFIX_PATH=/home/emersonmt/topics_ws/install/xarm_sdk:/home/emersonmt/topics_ws/install/xarm_msgs:/home/emersonmt/topics_ws/install/xarm_description:/home/emersonmt/dev_ws/install/xarm_planner:/home/emersonmt/dev_ws/install/xarm_moveit_servo:/home/emersonmt/dev_ws/install/xarm_moveit_config:/home/emersonmt/dev_ws/install/xarm_gazebo:/home/emersonmt/dev_ws/install/xarm_controller:/home/emersonmt/dev_ws/install/xarm_api:/home/emersonmt/dev_ws/install/xarm_sdk:/home/emersonmt/dev_ws/install/xarm_msgs:/home/emersonmt/dev_ws/install/xarm_description:/home/emersonmt/dev_ws/install/mbot_demo:/home/emersonmt/dev_ws/install/realsense_gazebo_plugin:/opt/ros/jazzy/opt/gz_sim_vendor:/opt/ros/jazzy/opt/gz_sensors_vendor:/opt/ros/jazzy/opt/gz_physics_vendor:/opt/ros/jazzy/opt/gz_gui_vendor:/opt/ros/jazzy/opt/gz_transport_vendor:/opt/ros/jazzy/opt/gz_rendering_vendor:/opt/ros/jazzy/opt/gz_plugin_vendor:/opt/ros/jazzy/opt/gz_fuel_tools_vendor:/opt/ros/jazzy/opt/gz_msgs_vendor:/opt/ros/jazzy/opt/gz_common_vendor:/opt/ros/jazzy/opt/gz_ogre_next_vendor:/opt/ros/jazzy/opt/gz_dartsim_vendor:/opt/ros/jazzy/opt/sdformat_vendor:/opt/ros/jazzy/opt/gz_math_vendor:/opt/ros/jazzy/opt/gz_utils_vendor:/opt/ros/jazzy/opt/gz_tools_vendor:/opt/ros/jazzy/opt/gz_cmake_vendor:/home/emersonmt/dev_ws/install/uf_ros_lib:/opt/ros/jazzy DEBUGINFOD_URLS=https://debuginfod.ubuntu.com LD_LIBRARY_PATH=/home/emersonmt/topics_ws/install/xarm_sdk/lib:/home/emersonmt/topics_ws/install/xarm_msgs/lib:${LD_LIBRARY_PATH} PYTHONPATH=/home/emersonmt/topics_ws/install/xarm_msgs/lib/python3.12/site-packages:${PYTHONPATH} /usr/bin/cmake --install /home/emersonmt/topics_ws/build/xarm_api
[32.034s] -- Install configuration: ""
[32.034s] -- Installing: /home/emersonmt/topics_ws/install/xarm_api/share/xarm_api/environment/library_path.sh
[32.034s] -- Installing: /home/emersonmt/topics_ws/install/xarm_api/share/xarm_api/environment/library_path.dsv
[32.034s] -- Installing: /home/emersonmt/topics_ws/install/xarm_api/include
[32.034s] -- Installing: /home/emersonmt/topics_ws/install/xarm_api/include/xarm_api
[32.034s] -- Installing: /home/emersonmt/topics_ws/install/xarm_api/include/xarm_api/visibility_control.h
[32.034s] -- Installing: /home/emersonmt/topics_ws/install/xarm_api/include/xarm_api/xarm_driver.h
[32.034s] -- Installing: /home/emersonmt/topics_ws/install/xarm_api/include/xarm_api/xarm_msgs.h
[32.034s] -- Installing: /home/emersonmt/topics_ws/install/xarm_api/include/xarm_api/xarm_ros_client.h
[32.035s] -- Installing: /home/emersonmt/topics_ws/install/xarm_api/lib/libxarm_ros_driver.so
[32.062s] -- Set non-toolchain portion of runtime path of "/home/emersonmt/topics_ws/install/xarm_api/lib/libxarm_ros_driver.so" to ""
[32.062s] -- Installing: /home/emersonmt/topics_ws/install/xarm_api/lib/libxarm_ros_client.so
[32.077s] -- Set non-toolchain portion of runtime path of "/home/emersonmt/topics_ws/install/xarm_api/lib/libxarm_ros_client.so" to ""
[32.077s] -- Installing: /home/emersonmt/topics_ws/install/xarm_api/lib/xarm_api/xarm_driver_node
[32.078s] -- Set non-toolchain portion of runtime path of "/home/emersonmt/topics_ws/install/xarm_api/lib/xarm_api/xarm_driver_node" to ""
[32.078s] -- Installing: /home/emersonmt/topics_ws/install/xarm_api/lib/xarm_api/test_xarm_ros_client
[32.078s] -- Set non-toolchain portion of runtime path of "/home/emersonmt/topics_ws/install/xarm_api/lib/xarm_api/test_xarm_ros_client" to ""
[32.078s] -- Installing: /home/emersonmt/topics_ws/install/xarm_api/lib/xarm_api/test_xarm_velo_move
[32.078s] -- Set non-toolchain portion of runtime path of "/home/emersonmt/topics_ws/install/xarm_api/lib/xarm_api/test_xarm_velo_move" to ""
[32.078s] -- Installing: /home/emersonmt/topics_ws/install/xarm_api/lib/xarm_api/test_robot_states
[32.085s] -- Set non-toolchain portion of runtime path of "/home/emersonmt/topics_ws/install/xarm_api/lib/xarm_api/test_robot_states" to ""
[32.085s] -- Installing: /home/emersonmt/topics_ws/install/xarm_api/share/xarm_api//launch
[32.085s] -- Installing: /home/emersonmt/topics_ws/install/xarm_api/share/xarm_api//launch/xarm6_driver.launch.py
[32.086s] -- Installing: /home/emersonmt/topics_ws/install/xarm_api/share/xarm_api//launch/xarm7_driver.launch.py
[32.086s] -- Installing: /home/emersonmt/topics_ws/install/xarm_api/share/xarm_api//launch/lite6_driver.launch.py
[32.086s] -- Installing: /home/emersonmt/topics_ws/install/xarm_api/share/xarm_api//launch/lib
[32.086s] -- Installing: /home/emersonmt/topics_ws/install/xarm_api/share/xarm_api//launch/lib/robot_api_lib.py
[32.086s] -- Installing: /home/emersonmt/topics_ws/install/xarm_api/share/xarm_api//launch/xarm5_driver.launch.py
[32.086s] -- Installing: /home/emersonmt/topics_ws/install/xarm_api/share/xarm_api//launch/uf850_driver.launch.py
[32.086s] -- Installing: /home/emersonmt/topics_ws/install/xarm_api/share/xarm_api//launch/_robot_driver.launch.py
[32.087s] -- Installing: /home/emersonmt/topics_ws/install/xarm_api/share/xarm_api//config
[32.087s] -- Installing: /home/emersonmt/topics_ws/install/xarm_api/share/xarm_api//config/xarm_params.yaml
[32.087s] -- Installing: /home/emersonmt/topics_ws/install/xarm_api/share/ament_index/resource_index/package_run_dependencies/xarm_api
[32.087s] -- Installing: /home/emersonmt/topics_ws/install/xarm_api/share/ament_index/resource_index/parent_prefix_path/xarm_api
[32.087s] -- Installing: /home/emersonmt/topics_ws/install/xarm_api/share/xarm_api/environment/ament_prefix_path.sh
[32.087s] -- Installing: /home/emersonmt/topics_ws/install/xarm_api/share/xarm_api/environment/ament_prefix_path.dsv
[32.087s] -- Installing: /home/emersonmt/topics_ws/install/xarm_api/share/xarm_api/environment/path.sh
[32.087s] -- Installing: /home/emersonmt/topics_ws/install/xarm_api/share/xarm_api/environment/path.dsv
[32.088s] -- Installing: /home/emersonmt/topics_ws/install/xarm_api/share/xarm_api/local_setup.bash
[32.088s] -- Installing: /home/emersonmt/topics_ws/install/xarm_api/share/xarm_api/local_setup.sh
[32.088s] -- Installing: /home/emersonmt/topics_ws/install/xarm_api/share/xarm_api/local_setup.zsh
[32.088s] -- Installing: /home/emersonmt/topics_ws/install/xarm_api/share/xarm_api/local_setup.dsv
[32.088s] -- Installing: /home/emersonmt/topics_ws/install/xarm_api/share/xarm_api/package.dsv
[32.088s] -- Installing: /home/emersonmt/topics_ws/install/xarm_api/share/ament_index/resource_index/packages/xarm_api
[32.088s] -- Installing: /home/emersonmt/topics_ws/install/xarm_api/share/xarm_api/cmake/ament_cmake_export_libraries-extras.cmake
[32.088s] -- Installing: /home/emersonmt/topics_ws/install/xarm_api/share/xarm_api/cmake/ament_cmake_export_include_directories-extras.cmake
[32.088s] -- Installing: /home/emersonmt/topics_ws/install/xarm_api/share/xarm_api/cmake/xarm_apiConfig.cmake
[32.088s] -- Installing: /home/emersonmt/topics_ws/install/xarm_api/share/xarm_api/cmake/xarm_apiConfig-version.cmake
[32.089s] -- Installing: /home/emersonmt/topics_ws/install/xarm_api/share/xarm_api/package.xml
[32.091s] Invoked command in '/home/emersonmt/topics_ws/build/xarm_api' returned '0': AMENT_PREFIX_PATH=/home/emersonmt/topics_ws/install/xarm_sdk:/home/emersonmt/topics_ws/install/xarm_msgs:/home/emersonmt/topics_ws/install/xarm_description:${AMENT_PREFIX_PATH} CMAKE_PREFIX_PATH=/home/emersonmt/topics_ws/install/xarm_sdk:/home/emersonmt/topics_ws/install/xarm_msgs:/home/emersonmt/topics_ws/install/xarm_description:/home/emersonmt/dev_ws/install/xarm_planner:/home/emersonmt/dev_ws/install/xarm_moveit_servo:/home/emersonmt/dev_ws/install/xarm_moveit_config:/home/emersonmt/dev_ws/install/xarm_gazebo:/home/emersonmt/dev_ws/install/xarm_controller:/home/emersonmt/dev_ws/install/xarm_api:/home/emersonmt/dev_ws/install/xarm_sdk:/home/emersonmt/dev_ws/install/xarm_msgs:/home/emersonmt/dev_ws/install/xarm_description:/home/emersonmt/dev_ws/install/mbot_demo:/home/emersonmt/dev_ws/install/realsense_gazebo_plugin:/opt/ros/jazzy/opt/gz_sim_vendor:/opt/ros/jazzy/opt/gz_sensors_vendor:/opt/ros/jazzy/opt/gz_physics_vendor:/opt/ros/jazzy/opt/gz_gui_vendor:/opt/ros/jazzy/opt/gz_transport_vendor:/opt/ros/jazzy/opt/gz_rendering_vendor:/opt/ros/jazzy/opt/gz_plugin_vendor:/opt/ros/jazzy/opt/gz_fuel_tools_vendor:/opt/ros/jazzy/opt/gz_msgs_vendor:/opt/ros/jazzy/opt/gz_common_vendor:/opt/ros/jazzy/opt/gz_ogre_next_vendor:/opt/ros/jazzy/opt/gz_dartsim_vendor:/opt/ros/jazzy/opt/sdformat_vendor:/opt/ros/jazzy/opt/gz_math_vendor:/opt/ros/jazzy/opt/gz_utils_vendor:/opt/ros/jazzy/opt/gz_tools_vendor:/opt/ros/jazzy/opt/gz_cmake_vendor:/home/emersonmt/dev_ws/install/uf_ros_lib:/opt/ros/jazzy DEBUGINFOD_URLS=https://debuginfod.ubuntu.com LD_LIBRARY_PATH=/home/emersonmt/topics_ws/install/xarm_sdk/lib:/home/emersonmt/topics_ws/install/xarm_msgs/lib:${LD_LIBRARY_PATH} PYTHONPATH=/home/emersonmt/topics_ws/install/xarm_msgs/lib/python3.12/site-packages:${PYTHONPATH} /usr/bin/cmake --install /home/emersonmt/topics_ws/build/xarm_api
