[1.238s] Invoking command in '/home/emersonmt/topics_ws/src/xarm_ros2/uf_ros_lib': DEBUGINFOD_URLS=https://debuginfod.ubuntu.com PYTHONPATH=/home/emersonmt/topics_ws/build/uf_ros_lib/prefix_override:/usr/lib/python3/dist-packages/colcon_core/task/python/colcon_distutils_commands:/home/emersonmt/topics_ws/install/uf_ros_lib/lib/python3.12/site-packages:${PYTHONPATH} /usr/bin/python3 -W ignore:setup.py install is deprecated -W ignore:easy_install command is deprecated setup.py egg_info --egg-base ../../../build/uf_ros_lib build --build-base /home/emersonmt/topics_ws/build/uf_ros_lib/build install --record /home/emersonmt/topics_ws/build/uf_ros_lib/install.log --single-version-externally-managed install_data
[1.475s] running egg_info
[1.475s] creating ../../../build/uf_ros_lib/uf_ros_lib.egg-info
[1.499s] writing ../../../build/uf_ros_lib/uf_ros_lib.egg-info/PKG-INFO
[1.500s] writing dependency_links to ../../../build/uf_ros_lib/uf_ros_lib.egg-info/dependency_links.txt
[1.501s] writing requirements to ../../../build/uf_ros_lib/uf_ros_lib.egg-info/requires.txt
[1.501s] writing top-level names to ../../../build/uf_ros_lib/uf_ros_lib.egg-info/top_level.txt
[1.501s] writing manifest file '../../../build/uf_ros_lib/uf_ros_lib.egg-info/SOURCES.txt'
[1.550s] reading manifest file '../../../build/uf_ros_lib/uf_ros_lib.egg-info/SOURCES.txt'
[1.550s] writing manifest file '../../../build/uf_ros_lib/uf_ros_lib.egg-info/SOURCES.txt'
[1.550s] running build
[1.550s] running build_py
[1.551s] creating /home/emersonmt/topics_ws/build/uf_ros_lib/build
[1.551s] creating /home/emersonmt/topics_ws/build/uf_ros_lib/build/lib
[1.551s] creating /home/emersonmt/topics_ws/build/uf_ros_lib/build/lib/uf_ros_lib
[1.551s] copying uf_ros_lib/moveit_configs_builder.py -> /home/emersonmt/topics_ws/build/uf_ros_lib/build/lib/uf_ros_lib
[1.552s] copying uf_ros_lib/__init__.py -> /home/emersonmt/topics_ws/build/uf_ros_lib/build/lib/uf_ros_lib
[1.554s] copying uf_ros_lib/uf_robot_utils.py -> /home/emersonmt/topics_ws/build/uf_ros_lib/build/lib/uf_ros_lib
[1.554s] copying uf_ros_lib/parameter_descriptions.py -> /home/emersonmt/topics_ws/build/uf_ros_lib/build/lib/uf_ros_lib
[1.554s] creating /home/emersonmt/topics_ws/build/uf_ros_lib/build/lib/uf_ros_lib/substitutions
[1.554s] copying uf_ros_lib/substitutions/planning_pipelines.py -> /home/emersonmt/topics_ws/build/uf_ros_lib/build/lib/uf_ros_lib/substitutions
[1.561s] copying uf_ros_lib/substitutions/joint_limits.py -> /home/emersonmt/topics_ws/build/uf_ros_lib/build/lib/uf_ros_lib/substitutions
[1.561s] copying uf_ros_lib/substitutions/common.py -> /home/emersonmt/topics_ws/build/uf_ros_lib/build/lib/uf_ros_lib/substitutions
[1.561s] copying uf_ros_lib/substitutions/__init__.py -> /home/emersonmt/topics_ws/build/uf_ros_lib/build/lib/uf_ros_lib/substitutions
[1.561s] copying uf_ros_lib/substitutions/controllers.py -> /home/emersonmt/topics_ws/build/uf_ros_lib/build/lib/uf_ros_lib/substitutions
[1.561s] copying uf_ros_lib/substitutions/kinematics.py -> /home/emersonmt/topics_ws/build/uf_ros_lib/build/lib/uf_ros_lib/substitutions
[1.561s] running install
[1.568s] running install_lib
[1.593s] creating /home/emersonmt/topics_ws/install/uf_ros_lib/lib/python3.12/site-packages/uf_ros_lib
[1.593s] copying /home/emersonmt/topics_ws/build/uf_ros_lib/build/lib/uf_ros_lib/moveit_configs_builder.py -> /home/emersonmt/topics_ws/install/uf_ros_lib/lib/python3.12/site-packages/uf_ros_lib
[1.594s] copying /home/emersonmt/topics_ws/build/uf_ros_lib/build/lib/uf_ros_lib/__init__.py -> /home/emersonmt/topics_ws/install/uf_ros_lib/lib/python3.12/site-packages/uf_ros_lib
[1.594s] creating /home/emersonmt/topics_ws/install/uf_ros_lib/lib/python3.12/site-packages/uf_ros_lib/substitutions
[1.594s] copying /home/emersonmt/topics_ws/build/uf_ros_lib/build/lib/uf_ros_lib/substitutions/planning_pipelines.py -> /home/emersonmt/topics_ws/install/uf_ros_lib/lib/python3.12/site-packages/uf_ros_lib/substitutions
[1.595s] copying /home/emersonmt/topics_ws/build/uf_ros_lib/build/lib/uf_ros_lib/substitutions/joint_limits.py -> /home/emersonmt/topics_ws/install/uf_ros_lib/lib/python3.12/site-packages/uf_ros_lib/substitutions
[1.595s] copying /home/emersonmt/topics_ws/build/uf_ros_lib/build/lib/uf_ros_lib/substitutions/common.py -> /home/emersonmt/topics_ws/install/uf_ros_lib/lib/python3.12/site-packages/uf_ros_lib/substitutions
[1.595s] copying /home/emersonmt/topics_ws/build/uf_ros_lib/build/lib/uf_ros_lib/substitutions/__init__.py -> /home/emersonmt/topics_ws/install/uf_ros_lib/lib/python3.12/site-packages/uf_ros_lib/substitutions
[1.595s] copying /home/emersonmt/topics_ws/build/uf_ros_lib/build/lib/uf_ros_lib/substitutions/controllers.py -> /home/emersonmt/topics_ws/install/uf_ros_lib/lib/python3.12/site-packages/uf_ros_lib/substitutions
[1.595s] copying /home/emersonmt/topics_ws/build/uf_ros_lib/build/lib/uf_ros_lib/substitutions/kinematics.py -> /home/emersonmt/topics_ws/install/uf_ros_lib/lib/python3.12/site-packages/uf_ros_lib/substitutions
[1.596s] copying /home/emersonmt/topics_ws/build/uf_ros_lib/build/lib/uf_ros_lib/uf_robot_utils.py -> /home/emersonmt/topics_ws/install/uf_ros_lib/lib/python3.12/site-packages/uf_ros_lib
[1.596s] copying /home/emersonmt/topics_ws/build/uf_ros_lib/build/lib/uf_ros_lib/parameter_descriptions.py -> /home/emersonmt/topics_ws/install/uf_ros_lib/lib/python3.12/site-packages/uf_ros_lib
[1.596s] byte-compiling /home/emersonmt/topics_ws/install/uf_ros_lib/lib/python3.12/site-packages/uf_ros_lib/moveit_configs_builder.py to moveit_configs_builder.cpython-312.pyc
[1.612s] byte-compiling /home/emersonmt/topics_ws/install/uf_ros_lib/lib/python3.12/site-packages/uf_ros_lib/__init__.py to __init__.cpython-312.pyc
[1.612s] byte-compiling /home/emersonmt/topics_ws/install/uf_ros_lib/lib/python3.12/site-packages/uf_ros_lib/substitutions/planning_pipelines.py to planning_pipelines.cpython-312.pyc
[1.614s] byte-compiling /home/emersonmt/topics_ws/install/uf_ros_lib/lib/python3.12/site-packages/uf_ros_lib/substitutions/joint_limits.py to joint_limits.cpython-312.pyc
[1.616s] byte-compiling /home/emersonmt/topics_ws/install/uf_ros_lib/lib/python3.12/site-packages/uf_ros_lib/substitutions/common.py to common.cpython-312.pyc
[1.618s] byte-compiling /home/emersonmt/topics_ws/install/uf_ros_lib/lib/python3.12/site-packages/uf_ros_lib/substitutions/__init__.py to __init__.cpython-312.pyc
[1.618s] byte-compiling /home/emersonmt/topics_ws/install/uf_ros_lib/lib/python3.12/site-packages/uf_ros_lib/substitutions/controllers.py to controllers.cpython-312.pyc
[1.620s] byte-compiling /home/emersonmt/topics_ws/install/uf_ros_lib/lib/python3.12/site-packages/uf_ros_lib/substitutions/kinematics.py to kinematics.cpython-312.pyc
[1.623s] byte-compiling /home/emersonmt/topics_ws/install/uf_ros_lib/lib/python3.12/site-packages/uf_ros_lib/uf_robot_utils.py to uf_robot_utils.cpython-312.pyc
[1.626s] byte-compiling /home/emersonmt/topics_ws/install/uf_ros_lib/lib/python3.12/site-packages/uf_ros_lib/parameter_descriptions.py to parameter_descriptions.cpython-312.pyc
[1.626s] running install_data
[1.627s] creating /home/emersonmt/topics_ws/install/uf_ros_lib/share/ament_index
[1.627s] creating /home/emersonmt/topics_ws/install/uf_ros_lib/share/ament_index/resource_index
[1.627s] creating /home/emersonmt/topics_ws/install/uf_ros_lib/share/ament_index/resource_index/packages
[1.627s] copying resource/uf_ros_lib -> /home/emersonmt/topics_ws/install/uf_ros_lib/share/ament_index/resource_index/packages
[1.627s] copying package.xml -> /home/emersonmt/topics_ws/install/uf_ros_lib/share/uf_ros_lib
[1.627s] running install_egg_info
[1.655s] Copying ../../../build/uf_ros_lib/uf_ros_lib.egg-info to /home/emersonmt/topics_ws/install/uf_ros_lib/lib/python3.12/site-packages/uf_ros_lib-0.0.0-py3.12.egg-info
[1.658s] running install_scripts
[1.819s] writing list of installed files to '/home/emersonmt/topics_ws/build/uf_ros_lib/install.log'
[1.899s] Invoked command in '/home/emersonmt/topics_ws/src/xarm_ros2/uf_ros_lib' returned '0': DEBUGINFOD_URLS=https://debuginfod.ubuntu.com PYTHONPATH=/home/emersonmt/topics_ws/build/uf_ros_lib/prefix_override:/usr/lib/python3/dist-packages/colcon_core/task/python/colcon_distutils_commands:/home/emersonmt/topics_ws/install/uf_ros_lib/lib/python3.12/site-packages:${PYTHONPATH} /usr/bin/python3 -W ignore:setup.py install is deprecated -W ignore:easy_install command is deprecated setup.py egg_info --egg-base ../../../build/uf_ros_lib build --build-base /home/emersonmt/topics_ws/build/uf_ros_lib/build install --record /home/emersonmt/topics_ws/build/uf_ros_lib/install.log --single-version-externally-managed install_data
