[0.015s] Invoking command in '/home/emersonmt/topics_ws/build/xarm_api': CMAKE_PREFIX_PATH=/home/emersonmt/topics_ws/install/xarm_sdk:/home/emersonmt/topics_ws/install/xarm_msgs:/home/emersonmt/topics_ws/install/xarm_description:/home/emersonmt/topics_ws/install/xarm_emer:/home/emersonmt/topics_ws/install/xarm_planner:/home/emersonmt/topics_ws/install/xarm_moveit_servo:/home/emersonmt/topics_ws/install/xarm_moveit_config:/home/emersonmt/topics_ws/install/xarm_gazebo:/home/emersonmt/topics_ws/install/xarm_controller:/home/emersonmt/topics_ws/install/xarm_api:/home/emersonmt/topics_ws/install/mbot_demo:/home/emersonmt/topics_ws/install/realsense_gazebo_plugin:/home/emersonmt/dev_ws/install/xarm_planner:/home/emersonmt/dev_ws/install/xarm_moveit_servo:/home/emersonmt/dev_ws/install/xarm_moveit_config:/home/emersonmt/dev_ws/install/xarm_gazebo:/home/emersonmt/dev_ws/install/xarm_controller:/home/emersonmt/dev_ws/install/xarm_api:/home/emersonmt/dev_ws/install/xarm_sdk:/home/emersonmt/dev_ws/install/xarm_msgs:/home/emersonmt/dev_ws/install/xarm_description:/home/emersonmt/dev_ws/install/mbot_demo:/home/emersonmt/dev_ws/install/realsense_gazebo_plugin:/opt/ros/jazzy/opt/gz_sim_vendor:/opt/ros/jazzy/opt/gz_sensors_vendor:/opt/ros/jazzy/opt/gz_physics_vendor:/opt/ros/jazzy/opt/sdformat_vendor:/opt/ros/jazzy/opt/gz_gui_vendor:/opt/ros/jazzy/opt/gz_transport_vendor:/opt/ros/jazzy/opt/gz_rendering_vendor:/opt/ros/jazzy/opt/gz_plugin_vendor:/opt/ros/jazzy/opt/gz_fuel_tools_vendor:/opt/ros/jazzy/opt/gz_msgs_vendor:/opt/ros/jazzy/opt/gz_common_vendor:/opt/ros/jazzy/opt/gz_math_vendor:/opt/ros/jazzy/opt/gz_utils_vendor:/opt/ros/jazzy/opt/gz_tools_vendor:/opt/ros/jazzy/opt/gz_ogre_next_vendor:/opt/ros/jazzy/opt/gz_dartsim_vendor:/opt/ros/jazzy/opt/gz_cmake_vendor:/home/emersonmt/topics_ws/install/xarm_gui:/home/emersonmt/topics_ws/install/uf_ros_lib:/home/emersonmt/dev_ws/install/uf_ros_lib:/opt/ros/jazzy DEBUGINFOD_URLS=https://debuginfod.ubuntu.com LD_LIBRARY_PATH=/home/emersonmt/topics_ws/install/xarm_sdk/lib:/home/emersonmt/topics_ws/install/xarm_msgs/lib:/home/emersonmt/topics_ws/install/xarm_planner/lib:/home/emersonmt/topics_ws/install/xarm_moveit_servo/lib:/home/emersonmt/topics_ws/install/xarm_controller/lib:/home/emersonmt/topics_ws/install/xarm_api/lib:/home/emersonmt/topics_ws/install/realsense_gazebo_plugin/lib:/home/emersonmt/dev_ws/install/xarm_planner/lib:/home/emersonmt/dev_ws/install/xarm_moveit_servo/lib:/home/emersonmt/dev_ws/install/xarm_controller/lib:/home/emersonmt/dev_ws/install/xarm_api/lib:/home/emersonmt/dev_ws/install/xarm_sdk/lib:/home/emersonmt/dev_ws/install/xarm_msgs/lib:/home/emersonmt/dev_ws/install/realsense_gazebo_plugin/lib:/opt/ros/jazzy/opt/gz_sim_vendor/lib:/opt/ros/jazzy/opt/gz_sensors_vendor/lib:/opt/ros/jazzy/opt/gz_physics_vendor/lib:/opt/ros/jazzy/opt/sdformat_vendor/lib:/opt/ros/jazzy/opt/rviz_ogre_vendor/lib:/opt/ros/jazzy/lib/x86_64-linux-gnu:/opt/ros/jazzy/opt/gz_gui_vendor/lib:/opt/ros/jazzy/opt/gz_transport_vendor/lib:/opt/ros/jazzy/opt/gz_rendering_vendor/lib:/opt/ros/jazzy/opt/gz_plugin_vendor/lib:/opt/ros/jazzy/opt/gz_fuel_tools_vendor/lib:/opt/ros/jazzy/opt/gz_msgs_vendor/lib:/opt/ros/jazzy/opt/gz_common_vendor/lib:/opt/ros/jazzy/opt/gz_math_vendor/lib:/opt/ros/jazzy/opt/gz_utils_vendor/lib:/opt/ros/jazzy/opt/gz_tools_vendor/lib:/opt/ros/jazzy/opt/gz_ogre_next_vendor/lib:/opt/ros/jazzy/opt/gz_dartsim_vendor/lib:/opt/ros/jazzy/opt/gz_cmake_vendor/lib:/opt/ros/jazzy/lib PYTHONPATH=/home/emersonmt/topics_ws/install/xarm_msgs/lib/python3.12/site-packages:/home/emersonmt/topics_ws/install/xarm_gui/lib/python3.12/site-packages:/home/emersonmt/topics_ws/install/uf_ros_lib/lib/python3.12/site-packages:/home/emersonmt/dev_ws/install/xarm_msgs/lib/python3.12/site-packages:/home/emersonmt/dev_ws/install/uf_ros_lib/lib/python3.12/site-packages:/opt/ros/jazzy/lib/python3.12/site-packages /usr/bin/cmake /home/emersonmt/topics_ws/src/xarm_ros2/xarm_api -DCMAKE_INSTALL_PREFIX=/home/emersonmt/topics_ws/install/xarm_api
[0.066s] -- The C compiler identification is GNU 13.3.0
[0.114s] -- The CXX compiler identification is GNU 13.3.0
[0.132s] -- Detecting C compiler ABI info
[0.223s] -- Detecting C compiler ABI info - done
[0.231s] -- Check for working C compiler: /usr/bin/cc - skipped
[0.231s] -- Detecting C compile features
[0.232s] -- Detecting C compile features - done
[0.243s] -- Detecting CXX compiler ABI info
[0.340s] -- Detecting CXX compiler ABI info - done
[0.346s] -- Check for working CXX compiler: /usr/bin/c++ - skipped
[0.346s] -- Detecting CXX compile features
[0.346s] -- Detecting CXX compile features - done
[0.351s] -- Found ament_cmake: 2.5.4 (/opt/ros/jazzy/share/ament_cmake/cmake)
[0.487s] -- Found Python3: /usr/bin/python3 (found version "3.12.3") found components: Interpreter 
[0.595s] -- Found ament_lint_auto: 0.17.3 (/opt/ros/jazzy/share/ament_lint_auto/cmake)
[0.696s] -- Found rclcpp: 28.1.11 (/opt/ros/jazzy/share/rclcpp/cmake)
[0.748s] -- Found rosidl_generator_c: 4.6.6 (/opt/ros/jazzy/share/rosidl_generator_c/cmake)
[0.764s] -- Found rosidl_generator_cpp: 4.6.6 (/opt/ros/jazzy/share/rosidl_generator_cpp/cmake)
[0.782s] -- Using all available rosidl_typesupport_c: rosidl_typesupport_fastrtps_c;rosidl_typesupport_introspection_c
[0.801s] -- Using all available rosidl_typesupport_cpp: rosidl_typesupport_fastrtps_cpp;rosidl_typesupport_introspection_cpp
[0.876s] -- Found rmw_implementation_cmake: 7.3.2 (/opt/ros/jazzy/share/rmw_implementation_cmake/cmake)
[0.881s] -- Found rmw_fastrtps_cpp: 8.4.3 (/opt/ros/jazzy/share/rmw_fastrtps_cpp/cmake)
[0.984s] -- Found OpenSSL: /usr/lib/x86_64-linux-gnu/libcrypto.so (found version "3.0.13")  
[1.002s] -- Found FastRTPS: /opt/ros/jazzy/include (Required is at least version "2.13") 
[1.022s] -- Using RMW implementation 'rmw_fastrtps_cpp' as default
[1.090s] -- Found rclcpp_action: 28.1.11 (/opt/ros/jazzy/share/rclcpp_action/cmake)
[1.129s] -- Found std_msgs: 5.3.6 (/opt/ros/jazzy/share/std_msgs/cmake)
[1.140s] -- Found sensor_msgs: 5.3.6 (/opt/ros/jazzy/share/sensor_msgs/cmake)
[1.173s] -- Found control_msgs: 5.5.0 (/opt/ros/jazzy/share/control_msgs/cmake)
[1.219s] -- Found xarm_msgs: 0.0.0 (/home/emersonmt/topics_ws/install/xarm_msgs/share/xarm_msgs/cmake)
[1.263s] -- Found xarm_sdk: 0.0.0 (/home/emersonmt/topics_ws/install/xarm_sdk/share/xarm_sdk/cmake)
[1.289s] -- Added test 'copyright' to check source files copyright and LICENSE
[1.291s] -- Added test 'cppcheck' to perform static code analysis on C / C++ code
[1.291s] -- Configured cppcheck include dirs: /home/emersonmt/topics_ws/src/xarm_ros2/xarm_api/include
[1.291s] -- Configured cppcheck exclude dirs and/or files: 
[1.293s] -- Added test 'cpplint' to check C / C++ code against the Google style
[1.293s] -- Configured cpplint exclude dirs and/or files: 
[1.294s] -- Added test 'flake8' to check Python code syntax and style conventions
[1.294s] -- Configured 'flake8' exclude dirs and/or files: 
[1.294s] -- Added test 'lint_cmake' to check CMake code style
[1.295s] -- Added test 'pep257' to check Python code against some of the docstring style conventions in PEP 257
[1.297s] -- Added test 'uncrustify' to check C / C++ code style
[1.297s] -- Configured uncrustify additional arguments: 
[1.298s] -- Added test 'xmllint' to check XML markup files
[1.300s] -- Configuring done (1.3s)
[1.326s] -- Generating done (0.0s)
[1.333s] -- Build files have been written to: /home/emersonmt/topics_ws/build/xarm_api
[1.343s] Invoked command in '/home/emersonmt/topics_ws/build/xarm_api' returned '0': CMAKE_PREFIX_PATH=/home/emersonmt/topics_ws/install/xarm_sdk:/home/emersonmt/topics_ws/install/xarm_msgs:/home/emersonmt/topics_ws/install/xarm_description:/home/emersonmt/topics_ws/install/xarm_emer:/home/emersonmt/topics_ws/install/xarm_planner:/home/emersonmt/topics_ws/install/xarm_moveit_servo:/home/emersonmt/topics_ws/install/xarm_moveit_config:/home/emersonmt/topics_ws/install/xarm_gazebo:/home/emersonmt/topics_ws/install/xarm_controller:/home/emersonmt/topics_ws/install/xarm_api:/home/emersonmt/topics_ws/install/mbot_demo:/home/emersonmt/topics_ws/install/realsense_gazebo_plugin:/home/emersonmt/dev_ws/install/xarm_planner:/home/emersonmt/dev_ws/install/xarm_moveit_servo:/home/emersonmt/dev_ws/install/xarm_moveit_config:/home/emersonmt/dev_ws/install/xarm_gazebo:/home/emersonmt/dev_ws/install/xarm_controller:/home/emersonmt/dev_ws/install/xarm_api:/home/emersonmt/dev_ws/install/xarm_sdk:/home/emersonmt/dev_ws/install/xarm_msgs:/home/emersonmt/dev_ws/install/xarm_description:/home/emersonmt/dev_ws/install/mbot_demo:/home/emersonmt/dev_ws/install/realsense_gazebo_plugin:/opt/ros/jazzy/opt/gz_sim_vendor:/opt/ros/jazzy/opt/gz_sensors_vendor:/opt/ros/jazzy/opt/gz_physics_vendor:/opt/ros/jazzy/opt/sdformat_vendor:/opt/ros/jazzy/opt/gz_gui_vendor:/opt/ros/jazzy/opt/gz_transport_vendor:/opt/ros/jazzy/opt/gz_rendering_vendor:/opt/ros/jazzy/opt/gz_plugin_vendor:/opt/ros/jazzy/opt/gz_fuel_tools_vendor:/opt/ros/jazzy/opt/gz_msgs_vendor:/opt/ros/jazzy/opt/gz_common_vendor:/opt/ros/jazzy/opt/gz_math_vendor:/opt/ros/jazzy/opt/gz_utils_vendor:/opt/ros/jazzy/opt/gz_tools_vendor:/opt/ros/jazzy/opt/gz_ogre_next_vendor:/opt/ros/jazzy/opt/gz_dartsim_vendor:/opt/ros/jazzy/opt/gz_cmake_vendor:/home/emersonmt/topics_ws/install/xarm_gui:/home/emersonmt/topics_ws/install/uf_ros_lib:/home/emersonmt/dev_ws/install/uf_ros_lib:/opt/ros/jazzy DEBUGINFOD_URLS=https://debuginfod.ubuntu.com LD_LIBRARY_PATH=/home/emersonmt/topics_ws/install/xarm_sdk/lib:/home/emersonmt/topics_ws/install/xarm_msgs/lib:/home/emersonmt/topics_ws/install/xarm_planner/lib:/home/emersonmt/topics_ws/install/xarm_moveit_servo/lib:/home/emersonmt/topics_ws/install/xarm_controller/lib:/home/emersonmt/topics_ws/install/xarm_api/lib:/home/emersonmt/topics_ws/install/realsense_gazebo_plugin/lib:/home/emersonmt/dev_ws/install/xarm_planner/lib:/home/emersonmt/dev_ws/install/xarm_moveit_servo/lib:/home/emersonmt/dev_ws/install/xarm_controller/lib:/home/emersonmt/dev_ws/install/xarm_api/lib:/home/emersonmt/dev_ws/install/xarm_sdk/lib:/home/emersonmt/dev_ws/install/xarm_msgs/lib:/home/emersonmt/dev_ws/install/realsense_gazebo_plugin/lib:/opt/ros/jazzy/opt/gz_sim_vendor/lib:/opt/ros/jazzy/opt/gz_sensors_vendor/lib:/opt/ros/jazzy/opt/gz_physics_vendor/lib:/opt/ros/jazzy/opt/sdformat_vendor/lib:/opt/ros/jazzy/opt/rviz_ogre_vendor/lib:/opt/ros/jazzy/lib/x86_64-linux-gnu:/opt/ros/jazzy/opt/gz_gui_vendor/lib:/opt/ros/jazzy/opt/gz_transport_vendor/lib:/opt/ros/jazzy/opt/gz_rendering_vendor/lib:/opt/ros/jazzy/opt/gz_plugin_vendor/lib:/opt/ros/jazzy/opt/gz_fuel_tools_vendor/lib:/opt/ros/jazzy/opt/gz_msgs_vendor/lib:/opt/ros/jazzy/opt/gz_common_vendor/lib:/opt/ros/jazzy/opt/gz_math_vendor/lib:/opt/ros/jazzy/opt/gz_utils_vendor/lib:/opt/ros/jazzy/opt/gz_tools_vendor/lib:/opt/ros/jazzy/opt/gz_ogre_next_vendor/lib:/opt/ros/jazzy/opt/gz_dartsim_vendor/lib:/opt/ros/jazzy/opt/gz_cmake_vendor/lib:/opt/ros/jazzy/lib PYTHONPATH=/home/emersonmt/topics_ws/install/xarm_msgs/lib/python3.12/site-packages:/home/emersonmt/topics_ws/install/xarm_gui/lib/python3.12/site-packages:/home/emersonmt/topics_ws/install/uf_ros_lib/lib/python3.12/site-packages:/home/emersonmt/dev_ws/install/xarm_msgs/lib/python3.12/site-packages:/home/emersonmt/dev_ws/install/uf_ros_lib/lib/python3.12/site-packages:/opt/ros/jazzy/lib/python3.12/site-packages /usr/bin/cmake /home/emersonmt/topics_ws/src/xarm_ros2/xarm_api -DCMAKE_INSTALL_PREFIX=/home/emersonmt/topics_ws/install/xarm_api
[1.344s] Invoking command in '/home/emersonmt/topics_ws/build/xarm_api': CMAKE_PREFIX_PATH=/home/emersonmt/topics_ws/install/xarm_sdk:/home/emersonmt/topics_ws/install/xarm_msgs:/home/emersonmt/topics_ws/install/xarm_description:/home/emersonmt/topics_ws/install/xarm_emer:/home/emersonmt/topics_ws/install/xarm_planner:/home/emersonmt/topics_ws/install/xarm_moveit_servo:/home/emersonmt/topics_ws/install/xarm_moveit_config:/home/emersonmt/topics_ws/install/xarm_gazebo:/home/emersonmt/topics_ws/install/xarm_controller:/home/emersonmt/topics_ws/install/xarm_api:/home/emersonmt/topics_ws/install/mbot_demo:/home/emersonmt/topics_ws/install/realsense_gazebo_plugin:/home/emersonmt/dev_ws/install/xarm_planner:/home/emersonmt/dev_ws/install/xarm_moveit_servo:/home/emersonmt/dev_ws/install/xarm_moveit_config:/home/emersonmt/dev_ws/install/xarm_gazebo:/home/emersonmt/dev_ws/install/xarm_controller:/home/emersonmt/dev_ws/install/xarm_api:/home/emersonmt/dev_ws/install/xarm_sdk:/home/emersonmt/dev_ws/install/xarm_msgs:/home/emersonmt/dev_ws/install/xarm_description:/home/emersonmt/dev_ws/install/mbot_demo:/home/emersonmt/dev_ws/install/realsense_gazebo_plugin:/opt/ros/jazzy/opt/gz_sim_vendor:/opt/ros/jazzy/opt/gz_sensors_vendor:/opt/ros/jazzy/opt/gz_physics_vendor:/opt/ros/jazzy/opt/sdformat_vendor:/opt/ros/jazzy/opt/gz_gui_vendor:/opt/ros/jazzy/opt/gz_transport_vendor:/opt/ros/jazzy/opt/gz_rendering_vendor:/opt/ros/jazzy/opt/gz_plugin_vendor:/opt/ros/jazzy/opt/gz_fuel_tools_vendor:/opt/ros/jazzy/opt/gz_msgs_vendor:/opt/ros/jazzy/opt/gz_common_vendor:/opt/ros/jazzy/opt/gz_math_vendor:/opt/ros/jazzy/opt/gz_utils_vendor:/opt/ros/jazzy/opt/gz_tools_vendor:/opt/ros/jazzy/opt/gz_ogre_next_vendor:/opt/ros/jazzy/opt/gz_dartsim_vendor:/opt/ros/jazzy/opt/gz_cmake_vendor:/home/emersonmt/topics_ws/install/xarm_gui:/home/emersonmt/topics_ws/install/uf_ros_lib:/home/emersonmt/dev_ws/install/uf_ros_lib:/opt/ros/jazzy DEBUGINFOD_URLS=https://debuginfod.ubuntu.com LD_LIBRARY_PATH=/home/emersonmt/topics_ws/install/xarm_sdk/lib:/home/emersonmt/topics_ws/install/xarm_msgs/lib:/home/emersonmt/topics_ws/install/xarm_planner/lib:/home/emersonmt/topics_ws/install/xarm_moveit_servo/lib:/home/emersonmt/topics_ws/install/xarm_controller/lib:/home/emersonmt/topics_ws/install/xarm_api/lib:/home/emersonmt/topics_ws/install/realsense_gazebo_plugin/lib:/home/emersonmt/dev_ws/install/xarm_planner/lib:/home/emersonmt/dev_ws/install/xarm_moveit_servo/lib:/home/emersonmt/dev_ws/install/xarm_controller/lib:/home/emersonmt/dev_ws/install/xarm_api/lib:/home/emersonmt/dev_ws/install/xarm_sdk/lib:/home/emersonmt/dev_ws/install/xarm_msgs/lib:/home/emersonmt/dev_ws/install/realsense_gazebo_plugin/lib:/opt/ros/jazzy/opt/gz_sim_vendor/lib:/opt/ros/jazzy/opt/gz_sensors_vendor/lib:/opt/ros/jazzy/opt/gz_physics_vendor/lib:/opt/ros/jazzy/opt/sdformat_vendor/lib:/opt/ros/jazzy/opt/rviz_ogre_vendor/lib:/opt/ros/jazzy/lib/x86_64-linux-gnu:/opt/ros/jazzy/opt/gz_gui_vendor/lib:/opt/ros/jazzy/opt/gz_transport_vendor/lib:/opt/ros/jazzy/opt/gz_rendering_vendor/lib:/opt/ros/jazzy/opt/gz_plugin_vendor/lib:/opt/ros/jazzy/opt/gz_fuel_tools_vendor/lib:/opt/ros/jazzy/opt/gz_msgs_vendor/lib:/opt/ros/jazzy/opt/gz_common_vendor/lib:/opt/ros/jazzy/opt/gz_math_vendor/lib:/opt/ros/jazzy/opt/gz_utils_vendor/lib:/opt/ros/jazzy/opt/gz_tools_vendor/lib:/opt/ros/jazzy/opt/gz_ogre_next_vendor/lib:/opt/ros/jazzy/opt/gz_dartsim_vendor/lib:/opt/ros/jazzy/opt/gz_cmake_vendor/lib:/opt/ros/jazzy/lib PYTHONPATH=/home/emersonmt/topics_ws/install/xarm_msgs/lib/python3.12/site-packages:/home/emersonmt/topics_ws/install/xarm_gui/lib/python3.12/site-packages:/home/emersonmt/topics_ws/install/uf_ros_lib/lib/python3.12/site-packages:/home/emersonmt/dev_ws/install/xarm_msgs/lib/python3.12/site-packages:/home/emersonmt/dev_ws/install/uf_ros_lib/lib/python3.12/site-packages:/opt/ros/jazzy/lib/python3.12/site-packages /usr/bin/cmake --build /home/emersonmt/topics_ws/build/xarm_api -- -j16 -l16
[1.399s] [ 30%] [32mBuilding CXX object CMakeFiles/xarm_ros_driver.dir/src/xarm_driver_service.cpp.o[0m
[1.399s] [ 30%] [32mBuilding CXX object CMakeFiles/test_robot_states.dir/test/test_robot_states.cpp.o[0m
[1.399s] [ 30%] [32mBuilding CXX object CMakeFiles/xarm_ros_driver.dir/src/xarm_driver.cpp.o[0m
[1.399s] [ 30%] [32mBuilding CXX object CMakeFiles/xarm_ros_client.dir/src/xarm_ros_client.cpp.o[0m
[11.752s] [ 38%] [32m[1mLinking CXX executable test_robot_states[0m
[12.304s] [ 38%] Built target test_robot_states
[19.699s] [ 46%] [32m[1mLinking CXX shared library libxarm_ros_client.so[0m
[20.587s] [ 46%] Built target xarm_ros_client
[20.610s] [ 53%] [32mBuilding CXX object CMakeFiles/test_xarm_ros_client.dir/test/test_xarm_ros_client.cpp.o[0m
[20.610s] [ 61%] [32mBuilding CXX object CMakeFiles/test_xarm_velo_move.dir/test/test_xarm_velo_move.cpp.o[0m
[24.822s] [ 69%] [32m[1mLinking CXX executable test_xarm_ros_client[0m
[24.837s] [ 76%] [32m[1mLinking CXX executable test_xarm_velo_move[0m
[25.430s] [ 76%] Built target test_xarm_ros_client
[25.434s] [ 76%] Built target test_xarm_velo_move
[27.575s] [ 84%] [32m[1mLinking CXX shared library libxarm_ros_driver.so[0m
[29.222s] [ 84%] Built target xarm_ros_driver
[29.244s] [ 92%] [32mBuilding CXX object CMakeFiles/xarm_driver_node.dir/src/xarm_driver_node.cpp.o[0m
[33.817s] [100%] [32m[1mLinking CXX executable xarm_driver_node[0m
[34.577s] [100%] Built target xarm_driver_node
[34.595s] Invoked command in '/home/emersonmt/topics_ws/build/xarm_api' returned '0': CMAKE_PREFIX_PATH=/home/emersonmt/topics_ws/install/xarm_sdk:/home/emersonmt/topics_ws/install/xarm_msgs:/home/emersonmt/topics_ws/install/xarm_description:/home/emersonmt/topics_ws/install/xarm_emer:/home/emersonmt/topics_ws/install/xarm_planner:/home/emersonmt/topics_ws/install/xarm_moveit_servo:/home/emersonmt/topics_ws/install/xarm_moveit_config:/home/emersonmt/topics_ws/install/xarm_gazebo:/home/emersonmt/topics_ws/install/xarm_controller:/home/emersonmt/topics_ws/install/xarm_api:/home/emersonmt/topics_ws/install/mbot_demo:/home/emersonmt/topics_ws/install/realsense_gazebo_plugin:/home/emersonmt/dev_ws/install/xarm_planner:/home/emersonmt/dev_ws/install/xarm_moveit_servo:/home/emersonmt/dev_ws/install/xarm_moveit_config:/home/emersonmt/dev_ws/install/xarm_gazebo:/home/emersonmt/dev_ws/install/xarm_controller:/home/emersonmt/dev_ws/install/xarm_api:/home/emersonmt/dev_ws/install/xarm_sdk:/home/emersonmt/dev_ws/install/xarm_msgs:/home/emersonmt/dev_ws/install/xarm_description:/home/emersonmt/dev_ws/install/mbot_demo:/home/emersonmt/dev_ws/install/realsense_gazebo_plugin:/opt/ros/jazzy/opt/gz_sim_vendor:/opt/ros/jazzy/opt/gz_sensors_vendor:/opt/ros/jazzy/opt/gz_physics_vendor:/opt/ros/jazzy/opt/sdformat_vendor:/opt/ros/jazzy/opt/gz_gui_vendor:/opt/ros/jazzy/opt/gz_transport_vendor:/opt/ros/jazzy/opt/gz_rendering_vendor:/opt/ros/jazzy/opt/gz_plugin_vendor:/opt/ros/jazzy/opt/gz_fuel_tools_vendor:/opt/ros/jazzy/opt/gz_msgs_vendor:/opt/ros/jazzy/opt/gz_common_vendor:/opt/ros/jazzy/opt/gz_math_vendor:/opt/ros/jazzy/opt/gz_utils_vendor:/opt/ros/jazzy/opt/gz_tools_vendor:/opt/ros/jazzy/opt/gz_ogre_next_vendor:/opt/ros/jazzy/opt/gz_dartsim_vendor:/opt/ros/jazzy/opt/gz_cmake_vendor:/home/emersonmt/topics_ws/install/xarm_gui:/home/emersonmt/topics_ws/install/uf_ros_lib:/home/emersonmt/dev_ws/install/uf_ros_lib:/opt/ros/jazzy DEBUGINFOD_URLS=https://debuginfod.ubuntu.com LD_LIBRARY_PATH=/home/emersonmt/topics_ws/install/xarm_sdk/lib:/home/emersonmt/topics_ws/install/xarm_msgs/lib:/home/emersonmt/topics_ws/install/xarm_planner/lib:/home/emersonmt/topics_ws/install/xarm_moveit_servo/lib:/home/emersonmt/topics_ws/install/xarm_controller/lib:/home/emersonmt/topics_ws/install/xarm_api/lib:/home/emersonmt/topics_ws/install/realsense_gazebo_plugin/lib:/home/emersonmt/dev_ws/install/xarm_planner/lib:/home/emersonmt/dev_ws/install/xarm_moveit_servo/lib:/home/emersonmt/dev_ws/install/xarm_controller/lib:/home/emersonmt/dev_ws/install/xarm_api/lib:/home/emersonmt/dev_ws/install/xarm_sdk/lib:/home/emersonmt/dev_ws/install/xarm_msgs/lib:/home/emersonmt/dev_ws/install/realsense_gazebo_plugin/lib:/opt/ros/jazzy/opt/gz_sim_vendor/lib:/opt/ros/jazzy/opt/gz_sensors_vendor/lib:/opt/ros/jazzy/opt/gz_physics_vendor/lib:/opt/ros/jazzy/opt/sdformat_vendor/lib:/opt/ros/jazzy/opt/rviz_ogre_vendor/lib:/opt/ros/jazzy/lib/x86_64-linux-gnu:/opt/ros/jazzy/opt/gz_gui_vendor/lib:/opt/ros/jazzy/opt/gz_transport_vendor/lib:/opt/ros/jazzy/opt/gz_rendering_vendor/lib:/opt/ros/jazzy/opt/gz_plugin_vendor/lib:/opt/ros/jazzy/opt/gz_fuel_tools_vendor/lib:/opt/ros/jazzy/opt/gz_msgs_vendor/lib:/opt/ros/jazzy/opt/gz_common_vendor/lib:/opt/ros/jazzy/opt/gz_math_vendor/lib:/opt/ros/jazzy/opt/gz_utils_vendor/lib:/opt/ros/jazzy/opt/gz_tools_vendor/lib:/opt/ros/jazzy/opt/gz_ogre_next_vendor/lib:/opt/ros/jazzy/opt/gz_dartsim_vendor/lib:/opt/ros/jazzy/opt/gz_cmake_vendor/lib:/opt/ros/jazzy/lib PYTHONPATH=/home/emersonmt/topics_ws/install/xarm_msgs/lib/python3.12/site-packages:/home/emersonmt/topics_ws/install/xarm_gui/lib/python3.12/site-packages:/home/emersonmt/topics_ws/install/uf_ros_lib/lib/python3.12/site-packages:/home/emersonmt/dev_ws/install/xarm_msgs/lib/python3.12/site-packages:/home/emersonmt/dev_ws/install/uf_ros_lib/lib/python3.12/site-packages:/opt/ros/jazzy/lib/python3.12/site-packages /usr/bin/cmake --build /home/emersonmt/topics_ws/build/xarm_api -- -j16 -l16
[34.596s] Invoking command in '/home/emersonmt/topics_ws/build/xarm_api': CMAKE_PREFIX_PATH=/home/emersonmt/topics_ws/install/xarm_sdk:/home/emersonmt/topics_ws/install/xarm_msgs:/home/emersonmt/topics_ws/install/xarm_description:/home/emersonmt/topics_ws/install/xarm_emer:/home/emersonmt/topics_ws/install/xarm_planner:/home/emersonmt/topics_ws/install/xarm_moveit_servo:/home/emersonmt/topics_ws/install/xarm_moveit_config:/home/emersonmt/topics_ws/install/xarm_gazebo:/home/emersonmt/topics_ws/install/xarm_controller:/home/emersonmt/topics_ws/install/xarm_api:/home/emersonmt/topics_ws/install/mbot_demo:/home/emersonmt/topics_ws/install/realsense_gazebo_plugin:/home/emersonmt/dev_ws/install/xarm_planner:/home/emersonmt/dev_ws/install/xarm_moveit_servo:/home/emersonmt/dev_ws/install/xarm_moveit_config:/home/emersonmt/dev_ws/install/xarm_gazebo:/home/emersonmt/dev_ws/install/xarm_controller:/home/emersonmt/dev_ws/install/xarm_api:/home/emersonmt/dev_ws/install/xarm_sdk:/home/emersonmt/dev_ws/install/xarm_msgs:/home/emersonmt/dev_ws/install/xarm_description:/home/emersonmt/dev_ws/install/mbot_demo:/home/emersonmt/dev_ws/install/realsense_gazebo_plugin:/opt/ros/jazzy/opt/gz_sim_vendor:/opt/ros/jazzy/opt/gz_sensors_vendor:/opt/ros/jazzy/opt/gz_physics_vendor:/opt/ros/jazzy/opt/sdformat_vendor:/opt/ros/jazzy/opt/gz_gui_vendor:/opt/ros/jazzy/opt/gz_transport_vendor:/opt/ros/jazzy/opt/gz_rendering_vendor:/opt/ros/jazzy/opt/gz_plugin_vendor:/opt/ros/jazzy/opt/gz_fuel_tools_vendor:/opt/ros/jazzy/opt/gz_msgs_vendor:/opt/ros/jazzy/opt/gz_common_vendor:/opt/ros/jazzy/opt/gz_math_vendor:/opt/ros/jazzy/opt/gz_utils_vendor:/opt/ros/jazzy/opt/gz_tools_vendor:/opt/ros/jazzy/opt/gz_ogre_next_vendor:/opt/ros/jazzy/opt/gz_dartsim_vendor:/opt/ros/jazzy/opt/gz_cmake_vendor:/home/emersonmt/topics_ws/install/xarm_gui:/home/emersonmt/topics_ws/install/uf_ros_lib:/home/emersonmt/dev_ws/install/uf_ros_lib:/opt/ros/jazzy DEBUGINFOD_URLS=https://debuginfod.ubuntu.com LD_LIBRARY_PATH=/home/emersonmt/topics_ws/install/xarm_sdk/lib:/home/emersonmt/topics_ws/install/xarm_msgs/lib:/home/emersonmt/topics_ws/install/xarm_planner/lib:/home/emersonmt/topics_ws/install/xarm_moveit_servo/lib:/home/emersonmt/topics_ws/install/xarm_controller/lib:/home/emersonmt/topics_ws/install/xarm_api/lib:/home/emersonmt/topics_ws/install/realsense_gazebo_plugin/lib:/home/emersonmt/dev_ws/install/xarm_planner/lib:/home/emersonmt/dev_ws/install/xarm_moveit_servo/lib:/home/emersonmt/dev_ws/install/xarm_controller/lib:/home/emersonmt/dev_ws/install/xarm_api/lib:/home/emersonmt/dev_ws/install/xarm_sdk/lib:/home/emersonmt/dev_ws/install/xarm_msgs/lib:/home/emersonmt/dev_ws/install/realsense_gazebo_plugin/lib:/opt/ros/jazzy/opt/gz_sim_vendor/lib:/opt/ros/jazzy/opt/gz_sensors_vendor/lib:/opt/ros/jazzy/opt/gz_physics_vendor/lib:/opt/ros/jazzy/opt/sdformat_vendor/lib:/opt/ros/jazzy/opt/rviz_ogre_vendor/lib:/opt/ros/jazzy/lib/x86_64-linux-gnu:/opt/ros/jazzy/opt/gz_gui_vendor/lib:/opt/ros/jazzy/opt/gz_transport_vendor/lib:/opt/ros/jazzy/opt/gz_rendering_vendor/lib:/opt/ros/jazzy/opt/gz_plugin_vendor/lib:/opt/ros/jazzy/opt/gz_fuel_tools_vendor/lib:/opt/ros/jazzy/opt/gz_msgs_vendor/lib:/opt/ros/jazzy/opt/gz_common_vendor/lib:/opt/ros/jazzy/opt/gz_math_vendor/lib:/opt/ros/jazzy/opt/gz_utils_vendor/lib:/opt/ros/jazzy/opt/gz_tools_vendor/lib:/opt/ros/jazzy/opt/gz_ogre_next_vendor/lib:/opt/ros/jazzy/opt/gz_dartsim_vendor/lib:/opt/ros/jazzy/opt/gz_cmake_vendor/lib:/opt/ros/jazzy/lib PYTHONPATH=/home/emersonmt/topics_ws/install/xarm_msgs/lib/python3.12/site-packages:/home/emersonmt/topics_ws/install/xarm_gui/lib/python3.12/site-packages:/home/emersonmt/topics_ws/install/uf_ros_lib/lib/python3.12/site-packages:/home/emersonmt/dev_ws/install/xarm_msgs/lib/python3.12/site-packages:/home/emersonmt/dev_ws/install/uf_ros_lib/lib/python3.12/site-packages:/opt/ros/jazzy/lib/python3.12/site-packages /usr/bin/cmake --install /home/emersonmt/topics_ws/build/xarm_api
[34.604s] -- Install configuration: ""
[34.606s] -- Installing: /home/emersonmt/topics_ws/install/xarm_api/share/xarm_api/environment/library_path.sh
[34.607s] -- Installing: /home/emersonmt/topics_ws/install/xarm_api/share/xarm_api/environment/library_path.dsv
[34.607s] -- Installing: /home/emersonmt/topics_ws/install/xarm_api/include
[34.607s] -- Installing: /home/emersonmt/topics_ws/install/xarm_api/include/xarm_api
[34.607s] -- Installing: /home/emersonmt/topics_ws/install/xarm_api/include/xarm_api/visibility_control.h
[34.607s] -- Installing: /home/emersonmt/topics_ws/install/xarm_api/include/xarm_api/xarm_driver.h
[34.607s] -- Installing: /home/emersonmt/topics_ws/install/xarm_api/include/xarm_api/xarm_msgs.h
[34.607s] -- Installing: /home/emersonmt/topics_ws/install/xarm_api/include/xarm_api/xarm_ros_client.h
[34.607s] -- Installing: /home/emersonmt/topics_ws/install/xarm_api/lib/libxarm_ros_driver.so
[34.646s] -- Set non-toolchain portion of runtime path of "/home/emersonmt/topics_ws/install/xarm_api/lib/libxarm_ros_driver.so" to ""
[34.646s] -- Installing: /home/emersonmt/topics_ws/install/xarm_api/lib/libxarm_ros_client.so
[34.668s] -- Set non-toolchain portion of runtime path of "/home/emersonmt/topics_ws/install/xarm_api/lib/libxarm_ros_client.so" to ""
[34.668s] -- Installing: /home/emersonmt/topics_ws/install/xarm_api/lib/xarm_api/xarm_driver_node
[34.668s] -- Set non-toolchain portion of runtime path of "/home/emersonmt/topics_ws/install/xarm_api/lib/xarm_api/xarm_driver_node" to ""
[34.668s] -- Installing: /home/emersonmt/topics_ws/install/xarm_api/lib/xarm_api/test_xarm_ros_client
[34.669s] -- Set non-toolchain portion of runtime path of "/home/emersonmt/topics_ws/install/xarm_api/lib/xarm_api/test_xarm_ros_client" to ""
[34.669s] -- Installing: /home/emersonmt/topics_ws/install/xarm_api/lib/xarm_api/test_xarm_velo_move
[34.669s] -- Set non-toolchain portion of runtime path of "/home/emersonmt/topics_ws/install/xarm_api/lib/xarm_api/test_xarm_velo_move" to ""
[34.669s] -- Installing: /home/emersonmt/topics_ws/install/xarm_api/lib/xarm_api/test_robot_states
[34.679s] -- Set non-toolchain portion of runtime path of "/home/emersonmt/topics_ws/install/xarm_api/lib/xarm_api/test_robot_states" to ""
[34.679s] -- Installing: /home/emersonmt/topics_ws/install/xarm_api/share/xarm_api//launch
[34.679s] -- Installing: /home/emersonmt/topics_ws/install/xarm_api/share/xarm_api//launch/xarm6_driver.launch.py
[34.679s] -- Installing: /home/emersonmt/topics_ws/install/xarm_api/share/xarm_api//launch/xarm7_driver.launch.py
[34.679s] -- Installing: /home/emersonmt/topics_ws/install/xarm_api/share/xarm_api//launch/lite6_driver.launch.py
[34.680s] -- Installing: /home/emersonmt/topics_ws/install/xarm_api/share/xarm_api//launch/lib
[34.680s] -- Installing: /home/emersonmt/topics_ws/install/xarm_api/share/xarm_api//launch/lib/robot_api_lib.py
[34.680s] -- Installing: /home/emersonmt/topics_ws/install/xarm_api/share/xarm_api//launch/xarm5_driver.launch.py
[34.680s] -- Installing: /home/emersonmt/topics_ws/install/xarm_api/share/xarm_api//launch/uf850_driver.launch.py
[34.680s] -- Installing: /home/emersonmt/topics_ws/install/xarm_api/share/xarm_api//launch/_robot_driver.launch.py
[34.680s] -- Installing: /home/emersonmt/topics_ws/install/xarm_api/share/xarm_api//config
[34.681s] -- Installing: /home/emersonmt/topics_ws/install/xarm_api/share/xarm_api//config/xarm_params.yaml
[34.681s] -- Installing: /home/emersonmt/topics_ws/install/xarm_api/share/ament_index/resource_index/package_run_dependencies/xarm_api
[34.681s] -- Installing: /home/emersonmt/topics_ws/install/xarm_api/share/ament_index/resource_index/parent_prefix_path/xarm_api
[34.682s] -- Installing: /home/emersonmt/topics_ws/install/xarm_api/share/xarm_api/environment/ament_prefix_path.sh
[34.682s] -- Installing: /home/emersonmt/topics_ws/install/xarm_api/share/xarm_api/environment/ament_prefix_path.dsv
[34.682s] -- Installing: /home/emersonmt/topics_ws/install/xarm_api/share/xarm_api/environment/path.sh
[34.682s] -- Installing: /home/emersonmt/topics_ws/install/xarm_api/share/xarm_api/environment/path.dsv
[34.682s] -- Installing: /home/emersonmt/topics_ws/install/xarm_api/share/xarm_api/local_setup.bash
[34.682s] -- Installing: /home/emersonmt/topics_ws/install/xarm_api/share/xarm_api/local_setup.sh
[34.682s] -- Installing: /home/emersonmt/topics_ws/install/xarm_api/share/xarm_api/local_setup.zsh
[34.683s] -- Installing: /home/emersonmt/topics_ws/install/xarm_api/share/xarm_api/local_setup.dsv
[34.683s] -- Installing: /home/emersonmt/topics_ws/install/xarm_api/share/xarm_api/package.dsv
[34.683s] -- Installing: /home/emersonmt/topics_ws/install/xarm_api/share/ament_index/resource_index/packages/xarm_api
[34.683s] -- Installing: /home/emersonmt/topics_ws/install/xarm_api/share/xarm_api/cmake/ament_cmake_export_libraries-extras.cmake
[34.683s] -- Installing: /home/emersonmt/topics_ws/install/xarm_api/share/xarm_api/cmake/ament_cmake_export_include_directories-extras.cmake
[34.683s] -- Installing: /home/emersonmt/topics_ws/install/xarm_api/share/xarm_api/cmake/xarm_apiConfig.cmake
[34.683s] -- Installing: /home/emersonmt/topics_ws/install/xarm_api/share/xarm_api/cmake/xarm_apiConfig-version.cmake
[34.683s] -- Installing: /home/emersonmt/topics_ws/install/xarm_api/share/xarm_api/package.xml
[34.686s] Invoked command in '/home/emersonmt/topics_ws/build/xarm_api' returned '0': CMAKE_PREFIX_PATH=/home/emersonmt/topics_ws/install/xarm_sdk:/home/emersonmt/topics_ws/install/xarm_msgs:/home/emersonmt/topics_ws/install/xarm_description:/home/emersonmt/topics_ws/install/xarm_emer:/home/emersonmt/topics_ws/install/xarm_planner:/home/emersonmt/topics_ws/install/xarm_moveit_servo:/home/emersonmt/topics_ws/install/xarm_moveit_config:/home/emersonmt/topics_ws/install/xarm_gazebo:/home/emersonmt/topics_ws/install/xarm_controller:/home/emersonmt/topics_ws/install/xarm_api:/home/emersonmt/topics_ws/install/mbot_demo:/home/emersonmt/topics_ws/install/realsense_gazebo_plugin:/home/emersonmt/dev_ws/install/xarm_planner:/home/emersonmt/dev_ws/install/xarm_moveit_servo:/home/emersonmt/dev_ws/install/xarm_moveit_config:/home/emersonmt/dev_ws/install/xarm_gazebo:/home/emersonmt/dev_ws/install/xarm_controller:/home/emersonmt/dev_ws/install/xarm_api:/home/emersonmt/dev_ws/install/xarm_sdk:/home/emersonmt/dev_ws/install/xarm_msgs:/home/emersonmt/dev_ws/install/xarm_description:/home/emersonmt/dev_ws/install/mbot_demo:/home/emersonmt/dev_ws/install/realsense_gazebo_plugin:/opt/ros/jazzy/opt/gz_sim_vendor:/opt/ros/jazzy/opt/gz_sensors_vendor:/opt/ros/jazzy/opt/gz_physics_vendor:/opt/ros/jazzy/opt/sdformat_vendor:/opt/ros/jazzy/opt/gz_gui_vendor:/opt/ros/jazzy/opt/gz_transport_vendor:/opt/ros/jazzy/opt/gz_rendering_vendor:/opt/ros/jazzy/opt/gz_plugin_vendor:/opt/ros/jazzy/opt/gz_fuel_tools_vendor:/opt/ros/jazzy/opt/gz_msgs_vendor:/opt/ros/jazzy/opt/gz_common_vendor:/opt/ros/jazzy/opt/gz_math_vendor:/opt/ros/jazzy/opt/gz_utils_vendor:/opt/ros/jazzy/opt/gz_tools_vendor:/opt/ros/jazzy/opt/gz_ogre_next_vendor:/opt/ros/jazzy/opt/gz_dartsim_vendor:/opt/ros/jazzy/opt/gz_cmake_vendor:/home/emersonmt/topics_ws/install/xarm_gui:/home/emersonmt/topics_ws/install/uf_ros_lib:/home/emersonmt/dev_ws/install/uf_ros_lib:/opt/ros/jazzy DEBUGINFOD_URLS=https://debuginfod.ubuntu.com LD_LIBRARY_PATH=/home/emersonmt/topics_ws/install/xarm_sdk/lib:/home/emersonmt/topics_ws/install/xarm_msgs/lib:/home/emersonmt/topics_ws/install/xarm_planner/lib:/home/emersonmt/topics_ws/install/xarm_moveit_servo/lib:/home/emersonmt/topics_ws/install/xarm_controller/lib:/home/emersonmt/topics_ws/install/xarm_api/lib:/home/emersonmt/topics_ws/install/realsense_gazebo_plugin/lib:/home/emersonmt/dev_ws/install/xarm_planner/lib:/home/emersonmt/dev_ws/install/xarm_moveit_servo/lib:/home/emersonmt/dev_ws/install/xarm_controller/lib:/home/emersonmt/dev_ws/install/xarm_api/lib:/home/emersonmt/dev_ws/install/xarm_sdk/lib:/home/emersonmt/dev_ws/install/xarm_msgs/lib:/home/emersonmt/dev_ws/install/realsense_gazebo_plugin/lib:/opt/ros/jazzy/opt/gz_sim_vendor/lib:/opt/ros/jazzy/opt/gz_sensors_vendor/lib:/opt/ros/jazzy/opt/gz_physics_vendor/lib:/opt/ros/jazzy/opt/sdformat_vendor/lib:/opt/ros/jazzy/opt/rviz_ogre_vendor/lib:/opt/ros/jazzy/lib/x86_64-linux-gnu:/opt/ros/jazzy/opt/gz_gui_vendor/lib:/opt/ros/jazzy/opt/gz_transport_vendor/lib:/opt/ros/jazzy/opt/gz_rendering_vendor/lib:/opt/ros/jazzy/opt/gz_plugin_vendor/lib:/opt/ros/jazzy/opt/gz_fuel_tools_vendor/lib:/opt/ros/jazzy/opt/gz_msgs_vendor/lib:/opt/ros/jazzy/opt/gz_common_vendor/lib:/opt/ros/jazzy/opt/gz_math_vendor/lib:/opt/ros/jazzy/opt/gz_utils_vendor/lib:/opt/ros/jazzy/opt/gz_tools_vendor/lib:/opt/ros/jazzy/opt/gz_ogre_next_vendor/lib:/opt/ros/jazzy/opt/gz_dartsim_vendor/lib:/opt/ros/jazzy/opt/gz_cmake_vendor/lib:/opt/ros/jazzy/lib PYTHONPATH=/home/emersonmt/topics_ws/install/xarm_msgs/lib/python3.12/site-packages:/home/emersonmt/topics_ws/install/xarm_gui/lib/python3.12/site-packages:/home/emersonmt/topics_ws/install/uf_ros_lib/lib/python3.12/site-packages:/home/emersonmt/dev_ws/install/xarm_msgs/lib/python3.12/site-packages:/home/emersonmt/dev_ws/install/uf_ros_lib/lib/python3.12/site-packages:/opt/ros/jazzy/lib/python3.12/site-packages /usr/bin/cmake --install /home/emersonmt/topics_ws/build/xarm_api
