[0.049s] Invoking command in '/home/emersonmt/topics_ws/build/xarm_planner': AMENT_PREFIX_PATH=/home/emersonmt/topics_ws/install/uf_ros_lib:/home/emersonmt/topics_ws/install/xarm_emer:/home/emersonmt/topics_ws/install/xarm_gui:/home/emersonmt/topics_ws/install/xarm_planner:/home/emersonmt/topics_ws/install/xarm_moveit_servo:/home/emersonmt/topics_ws/install/xarm_moveit_config:/home/emersonmt/topics_ws/install/xarm_gazebo:/home/emersonmt/topics_ws/install/xarm_controller:/home/emersonmt/topics_ws/install/xarm_api:/home/emersonmt/topics_ws/install/xarm_sdk:/home/emersonmt/topics_ws/install/xarm_msgs:/home/emersonmt/topics_ws/install/xarm_description:/home/emersonmt/topics_ws/install/mbot_demo:/home/emersonmt/topics_ws/install/realsense_gazebo_plugin:/home/emersonmt/dev_ws/install/xarm_planner:/home/emersonmt/dev_ws/install/xarm_moveit_servo:/home/emersonmt/dev_ws/install/xarm_moveit_config:/home/emersonmt/dev_ws/install/xarm_gazebo:/home/emersonmt/dev_ws/install/xarm_controller:/home/emersonmt/dev_ws/install/xarm_api:/home/emersonmt/dev_ws/install/xarm_sdk:/home/emersonmt/dev_ws/install/xarm_msgs:/home/emersonmt/dev_ws/install/xarm_description:/home/emersonmt/dev_ws/install/mbot_demo:/home/emersonmt/dev_ws/install/uf_ros_lib:/home/emersonmt/dev_ws/install/realsense_gazebo_plugin:/opt/ros/jazzy CMAKE_PREFIX_PATH=/home/emersonmt/topics_ws/install/xarm_moveit_config:/home/emersonmt/topics_ws/install/xarm_gazebo:/home/emersonmt/topics_ws/install/xarm_controller:/home/emersonmt/topics_ws/install/xarm_api:/home/emersonmt/topics_ws/install/xarm_sdk:/home/emersonmt/topics_ws/install/xarm_msgs:/home/emersonmt/topics_ws/install/xarm_description:/home/emersonmt/topics_ws/install/xarm_emer:/home/emersonmt/topics_ws/install/xarm_planner:/home/emersonmt/topics_ws/install/xarm_moveit_servo:/home/emersonmt/topics_ws/install/mbot_demo:/home/emersonmt/topics_ws/install/realsense_gazebo_plugin:/home/emersonmt/dev_ws/install/xarm_planner:/home/emersonmt/dev_ws/install/xarm_moveit_servo:/home/emersonmt/dev_ws/install/xarm_moveit_config:/home/emersonmt/dev_ws/install/xarm_gazebo:/home/emersonmt/dev_ws/install/xarm_controller:/home/emersonmt/dev_ws/install/xarm_api:/home/emersonmt/dev_ws/install/xarm_sdk:/home/emersonmt/dev_ws/install/xarm_msgs:/home/emersonmt/dev_ws/install/xarm_description:/home/emersonmt/dev_ws/install/mbot_demo:/home/emersonmt/dev_ws/install/realsense_gazebo_plugin:/opt/ros/jazzy/opt/gz_sim_vendor:/opt/ros/jazzy/opt/gz_sensors_vendor:/opt/ros/jazzy/opt/gz_physics_vendor:/opt/ros/jazzy/opt/sdformat_vendor:/opt/ros/jazzy/opt/gz_gui_vendor:/opt/ros/jazzy/opt/gz_transport_vendor:/opt/ros/jazzy/opt/gz_rendering_vendor:/opt/ros/jazzy/opt/gz_plugin_vendor:/opt/ros/jazzy/opt/gz_fuel_tools_vendor:/opt/ros/jazzy/opt/gz_msgs_vendor:/opt/ros/jazzy/opt/gz_common_vendor:/opt/ros/jazzy/opt/gz_math_vendor:/opt/ros/jazzy/opt/gz_utils_vendor:/opt/ros/jazzy/opt/gz_tools_vendor:/opt/ros/jazzy/opt/gz_ogre_next_vendor:/opt/ros/jazzy/opt/gz_dartsim_vendor:/opt/ros/jazzy/opt/gz_cmake_vendor:/home/emersonmt/topics_ws/install/xarm_gui:/home/emersonmt/topics_ws/install/uf_ros_lib:/home/emersonmt/dev_ws/install/uf_ros_lib:/opt/ros/jazzy DEBUGINFOD_URLS=https://debuginfod.ubuntu.com LD_LIBRARY_PATH=/home/emersonmt/topics_ws/install/xarm_controller/lib:/home/emersonmt/topics_ws/install/xarm_api/lib:/home/emersonmt/topics_ws/install/xarm_sdk/lib:/home/emersonmt/topics_ws/install/xarm_msgs/lib:/home/emersonmt/topics_ws/install/xarm_planner/lib:/home/emersonmt/topics_ws/install/xarm_moveit_servo/lib:/home/emersonmt/topics_ws/install/realsense_gazebo_plugin/lib:/home/emersonmt/dev_ws/install/xarm_planner/lib:/home/emersonmt/dev_ws/install/xarm_moveit_servo/lib:/home/emersonmt/dev_ws/install/xarm_controller/lib:/home/emersonmt/dev_ws/install/xarm_api/lib:/home/emersonmt/dev_ws/install/xarm_sdk/lib:/home/emersonmt/dev_ws/install/xarm_msgs/lib:/home/emersonmt/dev_ws/install/realsense_gazebo_plugin/lib:/opt/ros/jazzy/opt/gz_sim_vendor/lib:/opt/ros/jazzy/opt/gz_sensors_vendor/lib:/opt/ros/jazzy/opt/gz_physics_vendor/lib:/opt/ros/jazzy/opt/sdformat_vendor/lib:/opt/ros/jazzy/opt/rviz_ogre_vendor/lib:/opt/ros/jazzy/lib/x86_64-linux-gnu:/opt/ros/jazzy/opt/gz_gui_vendor/lib:/opt/ros/jazzy/opt/gz_transport_vendor/lib:/opt/ros/jazzy/opt/gz_rendering_vendor/lib:/opt/ros/jazzy/opt/gz_plugin_vendor/lib:/opt/ros/jazzy/opt/gz_fuel_tools_vendor/lib:/opt/ros/jazzy/opt/gz_msgs_vendor/lib:/opt/ros/jazzy/opt/gz_common_vendor/lib:/opt/ros/jazzy/opt/gz_math_vendor/lib:/opt/ros/jazzy/opt/gz_utils_vendor/lib:/opt/ros/jazzy/opt/gz_tools_vendor/lib:/opt/ros/jazzy/opt/gz_ogre_next_vendor/lib:/opt/ros/jazzy/opt/gz_dartsim_vendor/lib:/opt/ros/jazzy/opt/gz_cmake_vendor/lib:/opt/ros/jazzy/lib PYTHONPATH=/home/emersonmt/topics_ws/install/xarm_msgs/lib/python3.12/site-packages:/home/emersonmt/topics_ws/install/uf_ros_lib/lib/python3.12/site-packages:/home/emersonmt/topics_ws/install/xarm_gui/lib/python3.12/site-packages:/home/emersonmt/dev_ws/install/xarm_msgs/lib/python3.12/site-packages:/home/emersonmt/dev_ws/install/uf_ros_lib/lib/python3.12/site-packages:/opt/ros/jazzy/lib/python3.12/site-packages /usr/bin/cmake --build /home/emersonmt/topics_ws/build/xarm_planner -- -j16 -l16
[0.102s] -- Found ament_cmake: 2.5.4 (/opt/ros/jazzy/share/ament_cmake/cmake)
[0.442s] -- Found moveit: 2.12.3 (/opt/ros/jazzy/share/moveit/cmake)
[0.443s] -- Found moveit_ros_planning_interface: 2.12.3 (/opt/ros/jazzy/share/moveit_ros_planning_interface/cmake)
[0.459s] -- Found Boost: /usr/lib/x86_64-linux-gnu/cmake/Boost-1.83.0/BoostConfig.cmake (found version "1.83.0") found components: date_time filesystem program_options system thread 
[0.501s] -- Found rosidl_generator_c: 4.6.6 (/opt/ros/jazzy/share/rosidl_generator_c/cmake)
[0.513s] -- Found rosidl_generator_cpp: 4.6.6 (/opt/ros/jazzy/share/rosidl_generator_cpp/cmake)
[0.529s] -- Using all available rosidl_typesupport_c: rosidl_typesupport_fastrtps_c;rosidl_typesupport_introspection_c
[0.550s] -- Using all available rosidl_typesupport_cpp: rosidl_typesupport_fastrtps_cpp;rosidl_typesupport_introspection_cpp
[0.914s] -- Found Boost: /usr/lib/x86_64-linux-gnu/cmake/Boost-1.83.0/BoostConfig.cmake (found version "1.83.0") found components: chrono date_time filesystem iostreams program_options regex serialization system thread 
[0.939s] -- Found parameter_traits: 0.5.0 (/opt/ros/jazzy/share/parameter_traits/cmake)
[0.963s] -- Found rmw_implementation_cmake: 7.3.2 (/opt/ros/jazzy/share/rmw_implementation_cmake/cmake)
[0.965s] -- Found rmw_fastrtps_cpp: 8.4.3 (/opt/ros/jazzy/share/rmw_fastrtps_cpp/cmake)
[1.017s] -- Using RMW implementation 'rmw_fastrtps_cpp' as default
[1.062s] -- Found rclcpp_lifecycle: 28.1.11 (/opt/ros/jazzy/share/rclcpp_lifecycle/cmake)
[1.082s] -- Found Boost: /usr/lib/x86_64-linux-gnu/cmake/Boost-1.83.0/BoostConfig.cmake (found version "1.83.0") found components: filesystem 
[1.110s] -- Ensuring Eigen3 include directory is part of orocos-kdl CMake target
[1.190s] -- Found Boost: /usr/lib/x86_64-linux-gnu/cmake/Boost-1.83.0/BoostConfig.cmake (found version "1.83.0") found components: system filesystem date_time program_options thread chrono 
[1.224s] -- Found Boost: /usr/lib/x86_64-linux-gnu/cmake/Boost-1.83.0/BoostConfig.cmake (found version "1.83.0") found components: thread system filesystem regex date_time program_options 
[1.242s] -- Found Boost: /usr/lib/x86_64-linux-gnu/cmake/Boost-1.83.0/BoostConfig.cmake (found version "1.83.0") found components: system filesystem date_time program_options thread 
[1.266s] -- Found xarm_msgs: 0.0.0 (/home/emersonmt/topics_ws/install/xarm_msgs/share/xarm_msgs/cmake)
[1.337s] -- Found ament_lint_auto: 0.17.3 (/opt/ros/jazzy/share/ament_lint_auto/cmake)
[1.398s] -- Added test 'copyright' to check source files copyright and LICENSE
[1.400s] -- Added test 'cppcheck' to perform static code analysis on C / C++ code
[1.400s] -- Configured cppcheck include dirs: /home/emersonmt/topics_ws/src/xarm_ros2/xarm_planner/include
[1.400s] -- Configured cppcheck exclude dirs and/or files: 
[1.402s] -- Added test 'cpplint' to check C / C++ code against the Google style
[1.402s] -- Configured cpplint exclude dirs and/or files: 
[1.402s] -- Added test 'flake8' to check Python code syntax and style conventions
[1.402s] -- Configured 'flake8' exclude dirs and/or files: 
[1.403s] -- Added test 'lint_cmake' to check CMake code style
[1.403s] -- Added test 'pep257' to check Python code against some of the docstring style conventions in PEP 257
[1.405s] -- Added test 'uncrustify' to check C / C++ code style
[1.405s] -- Configured uncrustify additional arguments: 
[1.405s] -- Added test 'xmllint' to check XML markup files
[1.405s] -- Configuring done (1.3s)
[1.499s] -- Generating done (0.1s)
[1.522s] -- Build files have been written to: /home/emersonmt/topics_ws/build/xarm_planner
[1.573s] [ 33%] Built target test_xarm_planner_client_pose
[1.573s] [ 33%] Built target test_xarm_planner_client_joint
[1.573s] [ 33%] Built target test_xarm_gripper_planner_client_joint
[1.573s] [ 33%] Built target test_lite_gripper_realmove
[1.575s] [ 41%] Built target xarm_planner
[1.599s] [ 45%] [32mBuilding CXX object CMakeFiles/emer_planner.dir/test/emer_planner.cpp.o[0m
[1.613s] [ 95%] Built target xarm_planner_node
[1.613s] [ 95%] Built target test_xarm_gripper_planner_api_joint
[1.613s] [ 95%] Built target test_xarm_planner_api_pose
[1.614s] [ 95%] Built target xarm_gripper_planner_node
[1.614s] [ 95%] Built target test_xarm_planner_api_joint
[1.614s] [ 95%] Built target test_dual_xarm_planner_api_joint
[6.134s] [100%] [32m[1mLinking CXX executable emer_planner[0m
[6.354s] [100%] Built target emer_planner
[6.367s] Invoked command in '/home/emersonmt/topics_ws/build/xarm_planner' returned '0': AMENT_PREFIX_PATH=/home/emersonmt/topics_ws/install/uf_ros_lib:/home/emersonmt/topics_ws/install/xarm_emer:/home/emersonmt/topics_ws/install/xarm_gui:/home/emersonmt/topics_ws/install/xarm_planner:/home/emersonmt/topics_ws/install/xarm_moveit_servo:/home/emersonmt/topics_ws/install/xarm_moveit_config:/home/emersonmt/topics_ws/install/xarm_gazebo:/home/emersonmt/topics_ws/install/xarm_controller:/home/emersonmt/topics_ws/install/xarm_api:/home/emersonmt/topics_ws/install/xarm_sdk:/home/emersonmt/topics_ws/install/xarm_msgs:/home/emersonmt/topics_ws/install/xarm_description:/home/emersonmt/topics_ws/install/mbot_demo:/home/emersonmt/topics_ws/install/realsense_gazebo_plugin:/home/emersonmt/dev_ws/install/xarm_planner:/home/emersonmt/dev_ws/install/xarm_moveit_servo:/home/emersonmt/dev_ws/install/xarm_moveit_config:/home/emersonmt/dev_ws/install/xarm_gazebo:/home/emersonmt/dev_ws/install/xarm_controller:/home/emersonmt/dev_ws/install/xarm_api:/home/emersonmt/dev_ws/install/xarm_sdk:/home/emersonmt/dev_ws/install/xarm_msgs:/home/emersonmt/dev_ws/install/xarm_description:/home/emersonmt/dev_ws/install/mbot_demo:/home/emersonmt/dev_ws/install/uf_ros_lib:/home/emersonmt/dev_ws/install/realsense_gazebo_plugin:/opt/ros/jazzy CMAKE_PREFIX_PATH=/home/emersonmt/topics_ws/install/xarm_moveit_config:/home/emersonmt/topics_ws/install/xarm_gazebo:/home/emersonmt/topics_ws/install/xarm_controller:/home/emersonmt/topics_ws/install/xarm_api:/home/emersonmt/topics_ws/install/xarm_sdk:/home/emersonmt/topics_ws/install/xarm_msgs:/home/emersonmt/topics_ws/install/xarm_description:/home/emersonmt/topics_ws/install/xarm_emer:/home/emersonmt/topics_ws/install/xarm_planner:/home/emersonmt/topics_ws/install/xarm_moveit_servo:/home/emersonmt/topics_ws/install/mbot_demo:/home/emersonmt/topics_ws/install/realsense_gazebo_plugin:/home/emersonmt/dev_ws/install/xarm_planner:/home/emersonmt/dev_ws/install/xarm_moveit_servo:/home/emersonmt/dev_ws/install/xarm_moveit_config:/home/emersonmt/dev_ws/install/xarm_gazebo:/home/emersonmt/dev_ws/install/xarm_controller:/home/emersonmt/dev_ws/install/xarm_api:/home/emersonmt/dev_ws/install/xarm_sdk:/home/emersonmt/dev_ws/install/xarm_msgs:/home/emersonmt/dev_ws/install/xarm_description:/home/emersonmt/dev_ws/install/mbot_demo:/home/emersonmt/dev_ws/install/realsense_gazebo_plugin:/opt/ros/jazzy/opt/gz_sim_vendor:/opt/ros/jazzy/opt/gz_sensors_vendor:/opt/ros/jazzy/opt/gz_physics_vendor:/opt/ros/jazzy/opt/sdformat_vendor:/opt/ros/jazzy/opt/gz_gui_vendor:/opt/ros/jazzy/opt/gz_transport_vendor:/opt/ros/jazzy/opt/gz_rendering_vendor:/opt/ros/jazzy/opt/gz_plugin_vendor:/opt/ros/jazzy/opt/gz_fuel_tools_vendor:/opt/ros/jazzy/opt/gz_msgs_vendor:/opt/ros/jazzy/opt/gz_common_vendor:/opt/ros/jazzy/opt/gz_math_vendor:/opt/ros/jazzy/opt/gz_utils_vendor:/opt/ros/jazzy/opt/gz_tools_vendor:/opt/ros/jazzy/opt/gz_ogre_next_vendor:/opt/ros/jazzy/opt/gz_dartsim_vendor:/opt/ros/jazzy/opt/gz_cmake_vendor:/home/emersonmt/topics_ws/install/xarm_gui:/home/emersonmt/topics_ws/install/uf_ros_lib:/home/emersonmt/dev_ws/install/uf_ros_lib:/opt/ros/jazzy DEBUGINFOD_URLS=https://debuginfod.ubuntu.com LD_LIBRARY_PATH=/home/emersonmt/topics_ws/install/xarm_controller/lib:/home/emersonmt/topics_ws/install/xarm_api/lib:/home/emersonmt/topics_ws/install/xarm_sdk/lib:/home/emersonmt/topics_ws/install/xarm_msgs/lib:/home/emersonmt/topics_ws/install/xarm_planner/lib:/home/emersonmt/topics_ws/install/xarm_moveit_servo/lib:/home/emersonmt/topics_ws/install/realsense_gazebo_plugin/lib:/home/emersonmt/dev_ws/install/xarm_planner/lib:/home/emersonmt/dev_ws/install/xarm_moveit_servo/lib:/home/emersonmt/dev_ws/install/xarm_controller/lib:/home/emersonmt/dev_ws/install/xarm_api/lib:/home/emersonmt/dev_ws/install/xarm_sdk/lib:/home/emersonmt/dev_ws/install/xarm_msgs/lib:/home/emersonmt/dev_ws/install/realsense_gazebo_plugin/lib:/opt/ros/jazzy/opt/gz_sim_vendor/lib:/opt/ros/jazzy/opt/gz_sensors_vendor/lib:/opt/ros/jazzy/opt/gz_physics_vendor/lib:/opt/ros/jazzy/opt/sdformat_vendor/lib:/opt/ros/jazzy/opt/rviz_ogre_vendor/lib:/opt/ros/jazzy/lib/x86_64-linux-gnu:/opt/ros/jazzy/opt/gz_gui_vendor/lib:/opt/ros/jazzy/opt/gz_transport_vendor/lib:/opt/ros/jazzy/opt/gz_rendering_vendor/lib:/opt/ros/jazzy/opt/gz_plugin_vendor/lib:/opt/ros/jazzy/opt/gz_fuel_tools_vendor/lib:/opt/ros/jazzy/opt/gz_msgs_vendor/lib:/opt/ros/jazzy/opt/gz_common_vendor/lib:/opt/ros/jazzy/opt/gz_math_vendor/lib:/opt/ros/jazzy/opt/gz_utils_vendor/lib:/opt/ros/jazzy/opt/gz_tools_vendor/lib:/opt/ros/jazzy/opt/gz_ogre_next_vendor/lib:/opt/ros/jazzy/opt/gz_dartsim_vendor/lib:/opt/ros/jazzy/opt/gz_cmake_vendor/lib:/opt/ros/jazzy/lib PYTHONPATH=/home/emersonmt/topics_ws/install/xarm_msgs/lib/python3.12/site-packages:/home/emersonmt/topics_ws/install/uf_ros_lib/lib/python3.12/site-packages:/home/emersonmt/topics_ws/install/xarm_gui/lib/python3.12/site-packages:/home/emersonmt/dev_ws/install/xarm_msgs/lib/python3.12/site-packages:/home/emersonmt/dev_ws/install/uf_ros_lib/lib/python3.12/site-packages:/opt/ros/jazzy/lib/python3.12/site-packages /usr/bin/cmake --build /home/emersonmt/topics_ws/build/xarm_planner -- -j16 -l16
[6.380s] Invoking command in '/home/emersonmt/topics_ws/build/xarm_planner': AMENT_PREFIX_PATH=/home/emersonmt/topics_ws/install/uf_ros_lib:/home/emersonmt/topics_ws/install/xarm_emer:/home/emersonmt/topics_ws/install/xarm_gui:/home/emersonmt/topics_ws/install/xarm_planner:/home/emersonmt/topics_ws/install/xarm_moveit_servo:/home/emersonmt/topics_ws/install/xarm_moveit_config:/home/emersonmt/topics_ws/install/xarm_gazebo:/home/emersonmt/topics_ws/install/xarm_controller:/home/emersonmt/topics_ws/install/xarm_api:/home/emersonmt/topics_ws/install/xarm_sdk:/home/emersonmt/topics_ws/install/xarm_msgs:/home/emersonmt/topics_ws/install/xarm_description:/home/emersonmt/topics_ws/install/mbot_demo:/home/emersonmt/topics_ws/install/realsense_gazebo_plugin:/home/emersonmt/dev_ws/install/xarm_planner:/home/emersonmt/dev_ws/install/xarm_moveit_servo:/home/emersonmt/dev_ws/install/xarm_moveit_config:/home/emersonmt/dev_ws/install/xarm_gazebo:/home/emersonmt/dev_ws/install/xarm_controller:/home/emersonmt/dev_ws/install/xarm_api:/home/emersonmt/dev_ws/install/xarm_sdk:/home/emersonmt/dev_ws/install/xarm_msgs:/home/emersonmt/dev_ws/install/xarm_description:/home/emersonmt/dev_ws/install/mbot_demo:/home/emersonmt/dev_ws/install/uf_ros_lib:/home/emersonmt/dev_ws/install/realsense_gazebo_plugin:/opt/ros/jazzy CMAKE_PREFIX_PATH=/home/emersonmt/topics_ws/install/xarm_moveit_config:/home/emersonmt/topics_ws/install/xarm_gazebo:/home/emersonmt/topics_ws/install/xarm_controller:/home/emersonmt/topics_ws/install/xarm_api:/home/emersonmt/topics_ws/install/xarm_sdk:/home/emersonmt/topics_ws/install/xarm_msgs:/home/emersonmt/topics_ws/install/xarm_description:/home/emersonmt/topics_ws/install/xarm_emer:/home/emersonmt/topics_ws/install/xarm_planner:/home/emersonmt/topics_ws/install/xarm_moveit_servo:/home/emersonmt/topics_ws/install/mbot_demo:/home/emersonmt/topics_ws/install/realsense_gazebo_plugin:/home/emersonmt/dev_ws/install/xarm_planner:/home/emersonmt/dev_ws/install/xarm_moveit_servo:/home/emersonmt/dev_ws/install/xarm_moveit_config:/home/emersonmt/dev_ws/install/xarm_gazebo:/home/emersonmt/dev_ws/install/xarm_controller:/home/emersonmt/dev_ws/install/xarm_api:/home/emersonmt/dev_ws/install/xarm_sdk:/home/emersonmt/dev_ws/install/xarm_msgs:/home/emersonmt/dev_ws/install/xarm_description:/home/emersonmt/dev_ws/install/mbot_demo:/home/emersonmt/dev_ws/install/realsense_gazebo_plugin:/opt/ros/jazzy/opt/gz_sim_vendor:/opt/ros/jazzy/opt/gz_sensors_vendor:/opt/ros/jazzy/opt/gz_physics_vendor:/opt/ros/jazzy/opt/sdformat_vendor:/opt/ros/jazzy/opt/gz_gui_vendor:/opt/ros/jazzy/opt/gz_transport_vendor:/opt/ros/jazzy/opt/gz_rendering_vendor:/opt/ros/jazzy/opt/gz_plugin_vendor:/opt/ros/jazzy/opt/gz_fuel_tools_vendor:/opt/ros/jazzy/opt/gz_msgs_vendor:/opt/ros/jazzy/opt/gz_common_vendor:/opt/ros/jazzy/opt/gz_math_vendor:/opt/ros/jazzy/opt/gz_utils_vendor:/opt/ros/jazzy/opt/gz_tools_vendor:/opt/ros/jazzy/opt/gz_ogre_next_vendor:/opt/ros/jazzy/opt/gz_dartsim_vendor:/opt/ros/jazzy/opt/gz_cmake_vendor:/home/emersonmt/topics_ws/install/xarm_gui:/home/emersonmt/topics_ws/install/uf_ros_lib:/home/emersonmt/dev_ws/install/uf_ros_lib:/opt/ros/jazzy DEBUGINFOD_URLS=https://debuginfod.ubuntu.com LD_LIBRARY_PATH=/home/emersonmt/topics_ws/install/xarm_controller/lib:/home/emersonmt/topics_ws/install/xarm_api/lib:/home/emersonmt/topics_ws/install/xarm_sdk/lib:/home/emersonmt/topics_ws/install/xarm_msgs/lib:/home/emersonmt/topics_ws/install/xarm_planner/lib:/home/emersonmt/topics_ws/install/xarm_moveit_servo/lib:/home/emersonmt/topics_ws/install/realsense_gazebo_plugin/lib:/home/emersonmt/dev_ws/install/xarm_planner/lib:/home/emersonmt/dev_ws/install/xarm_moveit_servo/lib:/home/emersonmt/dev_ws/install/xarm_controller/lib:/home/emersonmt/dev_ws/install/xarm_api/lib:/home/emersonmt/dev_ws/install/xarm_sdk/lib:/home/emersonmt/dev_ws/install/xarm_msgs/lib:/home/emersonmt/dev_ws/install/realsense_gazebo_plugin/lib:/opt/ros/jazzy/opt/gz_sim_vendor/lib:/opt/ros/jazzy/opt/gz_sensors_vendor/lib:/opt/ros/jazzy/opt/gz_physics_vendor/lib:/opt/ros/jazzy/opt/sdformat_vendor/lib:/opt/ros/jazzy/opt/rviz_ogre_vendor/lib:/opt/ros/jazzy/lib/x86_64-linux-gnu:/opt/ros/jazzy/opt/gz_gui_vendor/lib:/opt/ros/jazzy/opt/gz_transport_vendor/lib:/opt/ros/jazzy/opt/gz_rendering_vendor/lib:/opt/ros/jazzy/opt/gz_plugin_vendor/lib:/opt/ros/jazzy/opt/gz_fuel_tools_vendor/lib:/opt/ros/jazzy/opt/gz_msgs_vendor/lib:/opt/ros/jazzy/opt/gz_common_vendor/lib:/opt/ros/jazzy/opt/gz_math_vendor/lib:/opt/ros/jazzy/opt/gz_utils_vendor/lib:/opt/ros/jazzy/opt/gz_tools_vendor/lib:/opt/ros/jazzy/opt/gz_ogre_next_vendor/lib:/opt/ros/jazzy/opt/gz_dartsim_vendor/lib:/opt/ros/jazzy/opt/gz_cmake_vendor/lib:/opt/ros/jazzy/lib PYTHONPATH=/home/emersonmt/topics_ws/install/xarm_msgs/lib/python3.12/site-packages:/home/emersonmt/topics_ws/install/uf_ros_lib/lib/python3.12/site-packages:/home/emersonmt/topics_ws/install/xarm_gui/lib/python3.12/site-packages:/home/emersonmt/dev_ws/install/xarm_msgs/lib/python3.12/site-packages:/home/emersonmt/dev_ws/install/uf_ros_lib/lib/python3.12/site-packages:/opt/ros/jazzy/lib/python3.12/site-packages /usr/bin/cmake --install /home/emersonmt/topics_ws/build/xarm_planner
[6.389s] -- Install configuration: ""
[6.389s] -- Up-to-date: /home/emersonmt/topics_ws/install/xarm_planner/include
[6.389s] -- Up-to-date: /home/emersonmt/topics_ws/install/xarm_planner/include/xarm_planner
[6.389s] -- Up-to-date: /home/emersonmt/topics_ws/install/xarm_planner/include/xarm_planner/xarm_planner.h
[6.389s] -- Up-to-date: /home/emersonmt/topics_ws/install/xarm_planner/lib/libxarm_planner.so
[6.389s] -- Up-to-date: /home/emersonmt/topics_ws/install/xarm_planner/lib/xarm_planner/xarm_planner_node
[6.389s] -- Up-to-date: /home/emersonmt/topics_ws/install/xarm_planner/lib/xarm_planner/xarm_gripper_planner_node
[6.390s] -- Up-to-date: /home/emersonmt/topics_ws/install/xarm_planner/lib/xarm_planner/test_xarm_planner_api_joint
[6.390s] -- Up-to-date: /home/emersonmt/topics_ws/install/xarm_planner/lib/xarm_planner/test_dual_xarm_planner_api_joint
[6.390s] -- Up-to-date: /home/emersonmt/topics_ws/install/xarm_planner/lib/xarm_planner/test_xarm_planner_api_pose
[6.390s] -- Up-to-date: /home/emersonmt/topics_ws/install/xarm_planner/lib/xarm_planner/test_xarm_gripper_planner_api_joint
[6.390s] -- Up-to-date: /home/emersonmt/topics_ws/install/xarm_planner/lib/xarm_planner/test_xarm_planner_client_joint
[6.391s] -- Up-to-date: /home/emersonmt/topics_ws/install/xarm_planner/lib/xarm_planner/test_xarm_planner_client_pose
[6.391s] -- Up-to-date: /home/emersonmt/topics_ws/install/xarm_planner/lib/xarm_planner/test_xarm_gripper_planner_client_joint
[6.391s] -- Up-to-date: /home/emersonmt/topics_ws/install/xarm_planner/lib/xarm_planner/test_lite_gripper_realmove
[6.391s] -- Installing: /home/emersonmt/topics_ws/install/xarm_planner/lib/xarm_planner/emer_planner
[6.392s] -- Set non-toolchain portion of runtime path of "/home/emersonmt/topics_ws/install/xarm_planner/lib/xarm_planner/emer_planner" to ""
[6.392s] -- Up-to-date: /home/emersonmt/topics_ws/install/xarm_planner/share/xarm_planner//launch
[6.392s] -- Up-to-date: /home/emersonmt/topics_ws/install/xarm_planner/share/xarm_planner//launch/xarm5_planner_fake.launch.py
[6.392s] -- Up-to-date: /home/emersonmt/topics_ws/install/xarm_planner/share/xarm_planner//launch/xarm5_planner_gazebo.launch.py
[6.392s] -- Up-to-date: /home/emersonmt/topics_ws/install/xarm_planner/share/xarm_planner//launch/uf850_planner_realmove.launch.py
[6.392s] -- Up-to-date: /home/emersonmt/topics_ws/install/xarm_planner/share/xarm_planner//launch/_dual_robot_planner.launch.py
[6.392s] -- Up-to-date: /home/emersonmt/topics_ws/install/xarm_planner/share/xarm_planner//launch/xarm7_mirror_planner_fake.launch.py
[6.392s] -- Up-to-date: /home/emersonmt/topics_ws/install/xarm_planner/share/xarm_planner//launch/xarm6_planner_fake.launch.py
[6.392s] -- Up-to-date: /home/emersonmt/topics_ws/install/xarm_planner/share/xarm_planner//launch/xarm6_planner_gazebo.launch.py
[6.393s] -- Up-to-date: /home/emersonmt/topics_ws/install/xarm_planner/share/xarm_planner//launch/test_lite_gripper_realmove.launch.py
[6.393s] -- Up-to-date: /home/emersonmt/topics_ws/install/xarm_planner/share/xarm_planner//launch/test_xarm_planner_api_joint.launch.py
[6.393s] -- Up-to-date: /home/emersonmt/topics_ws/install/xarm_planner/share/xarm_planner//launch/xarm7_planner_gazebo.launch.py
[6.393s] -- Up-to-date: /home/emersonmt/topics_ws/install/xarm_planner/share/xarm_planner//launch/xarm7_mirror_planner_realmove.launch.py
[6.393s] -- Up-to-date: /home/emersonmt/topics_ws/install/xarm_planner/share/xarm_planner//launch/xarm7_planner_fake.launch.py
[6.393s] -- Up-to-date: /home/emersonmt/topics_ws/install/xarm_planner/share/xarm_planner//launch/uf850_planner_fake.launch.py
[6.393s] -- Up-to-date: /home/emersonmt/topics_ws/install/xarm_planner/share/xarm_planner//launch/_robot_planner.launch.py
[6.393s] -- Up-to-date: /home/emersonmt/topics_ws/install/xarm_planner/share/xarm_planner//launch/xarm7_mirror_planner_gazebo.launch.py
[6.393s] -- Up-to-date: /home/emersonmt/topics_ws/install/xarm_planner/share/xarm_planner//launch/xarm5_planner_realmove.launch.py
[6.393s] -- Up-to-date: /home/emersonmt/topics_ws/install/xarm_planner/share/xarm_planner//launch/test_xarm_planner_client_joint.launch.py
[6.393s] -- Up-to-date: /home/emersonmt/topics_ws/install/xarm_planner/share/xarm_planner//launch/test_xarm_gripper_planner_api_joint.launch.py
[6.393s] -- Up-to-date: /home/emersonmt/topics_ws/install/xarm_planner/share/xarm_planner//launch/uf850_planner_gazebo.launch.py
[6.393s] -- Up-to-date: /home/emersonmt/topics_ws/install/xarm_planner/share/xarm_planner//launch/lite6_planner_fake.launch.py
[6.393s] -- Up-to-date: /home/emersonmt/topics_ws/install/xarm_planner/share/xarm_planner//launch/lite6_planner_gazebo.launch.py
[6.393s] -- Up-to-date: /home/emersonmt/topics_ws/install/xarm_planner/share/xarm_planner//launch/test_move_group.launch.py
[6.393s] -- Installing: /home/emersonmt/topics_ws/install/xarm_planner/share/xarm_planner//launch/emer_planner.launch.py
[6.393s] -- Up-to-date: /home/emersonmt/topics_ws/install/xarm_planner/share/xarm_planner//launch/test_xarm_planner_client_pose.launch.py
[6.393s] -- Up-to-date: /home/emersonmt/topics_ws/install/xarm_planner/share/xarm_planner//launch/test_xarm_gripper_planner_client_joint.launch.py
[6.393s] -- Up-to-date: /home/emersonmt/topics_ws/install/xarm_planner/share/xarm_planner//launch/test_dual_xarm_planner_api_joint.launch.py
[6.393s] -- Up-to-date: /home/emersonmt/topics_ws/install/xarm_planner/share/xarm_planner//launch/test_xarm_planner_api_pose.launch.py
[6.393s] -- Up-to-date: /home/emersonmt/topics_ws/install/xarm_planner/share/xarm_planner//launch/xarm7_planner_realmove.launch.py
[6.393s] -- Up-to-date: /home/emersonmt/topics_ws/install/xarm_planner/share/xarm_planner//launch/lite6_planner_realmove.launch.py
[6.393s] -- Up-to-date: /home/emersonmt/topics_ws/install/xarm_planner/share/xarm_planner//launch/xarm6_planner_realmove.launch.py
[6.393s] -- Up-to-date: /home/emersonmt/topics_ws/install/xarm_planner/share/ament_index/resource_index/package_run_dependencies/xarm_planner
[6.393s] -- Up-to-date: /home/emersonmt/topics_ws/install/xarm_planner/share/ament_index/resource_index/parent_prefix_path/xarm_planner
[6.393s] -- Up-to-date: /home/emersonmt/topics_ws/install/xarm_planner/share/xarm_planner/environment/ament_prefix_path.sh
[6.393s] -- Up-to-date: /home/emersonmt/topics_ws/install/xarm_planner/share/xarm_planner/environment/ament_prefix_path.dsv
[6.393s] -- Up-to-date: /home/emersonmt/topics_ws/install/xarm_planner/share/xarm_planner/environment/path.sh
[6.393s] -- Up-to-date: /home/emersonmt/topics_ws/install/xarm_planner/share/xarm_planner/environment/path.dsv
[6.394s] -- Up-to-date: /home/emersonmt/topics_ws/install/xarm_planner/share/xarm_planner/local_setup.bash
[6.394s] -- Up-to-date: /home/emersonmt/topics_ws/install/xarm_planner/share/xarm_planner/local_setup.sh
[6.394s] -- Up-to-date: /home/emersonmt/topics_ws/install/xarm_planner/share/xarm_planner/local_setup.zsh
[6.394s] -- Up-to-date: /home/emersonmt/topics_ws/install/xarm_planner/share/xarm_planner/local_setup.dsv
[6.394s] -- Installing: /home/emersonmt/topics_ws/install/xarm_planner/share/xarm_planner/package.dsv
[6.394s] -- Up-to-date: /home/emersonmt/topics_ws/install/xarm_planner/share/ament_index/resource_index/packages/xarm_planner
[6.394s] -- Up-to-date: /home/emersonmt/topics_ws/install/xarm_planner/share/xarm_planner/cmake/xarm_plannerConfig.cmake
[6.394s] -- Up-to-date: /home/emersonmt/topics_ws/install/xarm_planner/share/xarm_planner/cmake/xarm_plannerConfig-version.cmake
[6.394s] -- Up-to-date: /home/emersonmt/topics_ws/install/xarm_planner/share/xarm_planner/package.xml
[6.395s] Invoked command in '/home/emersonmt/topics_ws/build/xarm_planner' returned '0': AMENT_PREFIX_PATH=/home/emersonmt/topics_ws/install/uf_ros_lib:/home/emersonmt/topics_ws/install/xarm_emer:/home/emersonmt/topics_ws/install/xarm_gui:/home/emersonmt/topics_ws/install/xarm_planner:/home/emersonmt/topics_ws/install/xarm_moveit_servo:/home/emersonmt/topics_ws/install/xarm_moveit_config:/home/emersonmt/topics_ws/install/xarm_gazebo:/home/emersonmt/topics_ws/install/xarm_controller:/home/emersonmt/topics_ws/install/xarm_api:/home/emersonmt/topics_ws/install/xarm_sdk:/home/emersonmt/topics_ws/install/xarm_msgs:/home/emersonmt/topics_ws/install/xarm_description:/home/emersonmt/topics_ws/install/mbot_demo:/home/emersonmt/topics_ws/install/realsense_gazebo_plugin:/home/emersonmt/dev_ws/install/xarm_planner:/home/emersonmt/dev_ws/install/xarm_moveit_servo:/home/emersonmt/dev_ws/install/xarm_moveit_config:/home/emersonmt/dev_ws/install/xarm_gazebo:/home/emersonmt/dev_ws/install/xarm_controller:/home/emersonmt/dev_ws/install/xarm_api:/home/emersonmt/dev_ws/install/xarm_sdk:/home/emersonmt/dev_ws/install/xarm_msgs:/home/emersonmt/dev_ws/install/xarm_description:/home/emersonmt/dev_ws/install/mbot_demo:/home/emersonmt/dev_ws/install/uf_ros_lib:/home/emersonmt/dev_ws/install/realsense_gazebo_plugin:/opt/ros/jazzy CMAKE_PREFIX_PATH=/home/emersonmt/topics_ws/install/xarm_moveit_config:/home/emersonmt/topics_ws/install/xarm_gazebo:/home/emersonmt/topics_ws/install/xarm_controller:/home/emersonmt/topics_ws/install/xarm_api:/home/emersonmt/topics_ws/install/xarm_sdk:/home/emersonmt/topics_ws/install/xarm_msgs:/home/emersonmt/topics_ws/install/xarm_description:/home/emersonmt/topics_ws/install/xarm_emer:/home/emersonmt/topics_ws/install/xarm_planner:/home/emersonmt/topics_ws/install/xarm_moveit_servo:/home/emersonmt/topics_ws/install/mbot_demo:/home/emersonmt/topics_ws/install/realsense_gazebo_plugin:/home/emersonmt/dev_ws/install/xarm_planner:/home/emersonmt/dev_ws/install/xarm_moveit_servo:/home/emersonmt/dev_ws/install/xarm_moveit_config:/home/emersonmt/dev_ws/install/xarm_gazebo:/home/emersonmt/dev_ws/install/xarm_controller:/home/emersonmt/dev_ws/install/xarm_api:/home/emersonmt/dev_ws/install/xarm_sdk:/home/emersonmt/dev_ws/install/xarm_msgs:/home/emersonmt/dev_ws/install/xarm_description:/home/emersonmt/dev_ws/install/mbot_demo:/home/emersonmt/dev_ws/install/realsense_gazebo_plugin:/opt/ros/jazzy/opt/gz_sim_vendor:/opt/ros/jazzy/opt/gz_sensors_vendor:/opt/ros/jazzy/opt/gz_physics_vendor:/opt/ros/jazzy/opt/sdformat_vendor:/opt/ros/jazzy/opt/gz_gui_vendor:/opt/ros/jazzy/opt/gz_transport_vendor:/opt/ros/jazzy/opt/gz_rendering_vendor:/opt/ros/jazzy/opt/gz_plugin_vendor:/opt/ros/jazzy/opt/gz_fuel_tools_vendor:/opt/ros/jazzy/opt/gz_msgs_vendor:/opt/ros/jazzy/opt/gz_common_vendor:/opt/ros/jazzy/opt/gz_math_vendor:/opt/ros/jazzy/opt/gz_utils_vendor:/opt/ros/jazzy/opt/gz_tools_vendor:/opt/ros/jazzy/opt/gz_ogre_next_vendor:/opt/ros/jazzy/opt/gz_dartsim_vendor:/opt/ros/jazzy/opt/gz_cmake_vendor:/home/emersonmt/topics_ws/install/xarm_gui:/home/emersonmt/topics_ws/install/uf_ros_lib:/home/emersonmt/dev_ws/install/uf_ros_lib:/opt/ros/jazzy DEBUGINFOD_URLS=https://debuginfod.ubuntu.com LD_LIBRARY_PATH=/home/emersonmt/topics_ws/install/xarm_controller/lib:/home/emersonmt/topics_ws/install/xarm_api/lib:/home/emersonmt/topics_ws/install/xarm_sdk/lib:/home/emersonmt/topics_ws/install/xarm_msgs/lib:/home/emersonmt/topics_ws/install/xarm_planner/lib:/home/emersonmt/topics_ws/install/xarm_moveit_servo/lib:/home/emersonmt/topics_ws/install/realsense_gazebo_plugin/lib:/home/emersonmt/dev_ws/install/xarm_planner/lib:/home/emersonmt/dev_ws/install/xarm_moveit_servo/lib:/home/emersonmt/dev_ws/install/xarm_controller/lib:/home/emersonmt/dev_ws/install/xarm_api/lib:/home/emersonmt/dev_ws/install/xarm_sdk/lib:/home/emersonmt/dev_ws/install/xarm_msgs/lib:/home/emersonmt/dev_ws/install/realsense_gazebo_plugin/lib:/opt/ros/jazzy/opt/gz_sim_vendor/lib:/opt/ros/jazzy/opt/gz_sensors_vendor/lib:/opt/ros/jazzy/opt/gz_physics_vendor/lib:/opt/ros/jazzy/opt/sdformat_vendor/lib:/opt/ros/jazzy/opt/rviz_ogre_vendor/lib:/opt/ros/jazzy/lib/x86_64-linux-gnu:/opt/ros/jazzy/opt/gz_gui_vendor/lib:/opt/ros/jazzy/opt/gz_transport_vendor/lib:/opt/ros/jazzy/opt/gz_rendering_vendor/lib:/opt/ros/jazzy/opt/gz_plugin_vendor/lib:/opt/ros/jazzy/opt/gz_fuel_tools_vendor/lib:/opt/ros/jazzy/opt/gz_msgs_vendor/lib:/opt/ros/jazzy/opt/gz_common_vendor/lib:/opt/ros/jazzy/opt/gz_math_vendor/lib:/opt/ros/jazzy/opt/gz_utils_vendor/lib:/opt/ros/jazzy/opt/gz_tools_vendor/lib:/opt/ros/jazzy/opt/gz_ogre_next_vendor/lib:/opt/ros/jazzy/opt/gz_dartsim_vendor/lib:/opt/ros/jazzy/opt/gz_cmake_vendor/lib:/opt/ros/jazzy/lib PYTHONPATH=/home/emersonmt/topics_ws/install/xarm_msgs/lib/python3.12/site-packages:/home/emersonmt/topics_ws/install/uf_ros_lib/lib/python3.12/site-packages:/home/emersonmt/topics_ws/install/xarm_gui/lib/python3.12/site-packages:/home/emersonmt/dev_ws/install/xarm_msgs/lib/python3.12/site-packages:/home/emersonmt/dev_ws/install/uf_ros_lib/lib/python3.12/site-packages:/opt/ros/jazzy/lib/python3.12/site-packages /usr/bin/cmake --install /home/emersonmt/topics_ws/build/xarm_planner
