[0.014s] Invoking command in '/home/emersonmt/topics_ws/build/mbot_demo': AMENT_PREFIX_PATH=/home/emersonmt/topics_ws/install/uf_ros_lib:${AMENT_PREFIX_PATH} CMAKE_PREFIX_PATH=${CMAKE_PREFIX_PATH}:/home/emersonmt/dev_ws/install/uf_ros_lib:/opt/ros/jazzy DEBUGINFOD_URLS=https://debuginfod.ubuntu.com PYTHONPATH=/home/emersonmt/topics_ws/install/uf_ros_lib/lib/python3.12/site-packages:${PYTHONPATH} /usr/bin/cmake /home/emersonmt/topics_ws/src/xarm_ros2/demo/mbot_demo -DCMAKE_INSTALL_PREFIX=/home/emersonmt/topics_ws/install/mbot_demo
[0.146s] -- The C compiler identification is GNU 13.3.0
[0.278s] -- The CXX compiler identification is GNU 13.3.0
[0.318s] -- Detecting C compiler ABI info
[0.561s] -- Detecting C compiler ABI info - done
[0.579s] -- Check for working C compiler: /usr/bin/cc - skipped
[0.582s] -- Detecting C compile features
[0.582s] -- Detecting C compile features - done
[0.611s] -- Detecting CXX compiler ABI info
[0.789s] -- Detecting CXX compiler ABI info - done
[0.799s] -- Check for working CXX compiler: /usr/bin/c++ - skipped
[0.799s] -- Detecting CXX compile features
[0.800s] -- Detecting CXX compile features - done
[0.807s] -- Found ament_cmake: 2.5.4 (/opt/ros/jazzy/share/ament_cmake/cmake)
[0.984s] -- Found Python3: /usr/bin/python3 (found version "3.12.3") found components: Interpreter 
[1.088s] -- Found ament_lint_auto: 0.17.3 (/opt/ros/jazzy/share/ament_lint_auto/cmake)
[1.182s] -- Added test 'copyright' to check source files copyright and LICENSE
[1.185s] -- Added test 'flake8' to check Python code syntax and style conventions
[1.185s] -- Configured 'flake8' exclude dirs and/or files: 
[1.186s] -- Added test 'lint_cmake' to check CMake code style
[1.186s] -- Added test 'pep257' to check Python code against some of the docstring style conventions in PEP 257
[1.188s] -- Added test 'xmllint' to check XML markup files
[1.189s] -- Configuring done (1.2s)
[1.192s] -- Generating done (0.0s)
[1.193s] -- Build files have been written to: /home/emersonmt/topics_ws/build/mbot_demo
[1.198s] Invoked command in '/home/emersonmt/topics_ws/build/mbot_demo' returned '0': AMENT_PREFIX_PATH=/home/emersonmt/topics_ws/install/uf_ros_lib:${AMENT_PREFIX_PATH} CMAKE_PREFIX_PATH=${CMAKE_PREFIX_PATH}:/home/emersonmt/dev_ws/install/uf_ros_lib:/opt/ros/jazzy DEBUGINFOD_URLS=https://debuginfod.ubuntu.com PYTHONPATH=/home/emersonmt/topics_ws/install/uf_ros_lib/lib/python3.12/site-packages:${PYTHONPATH} /usr/bin/cmake /home/emersonmt/topics_ws/src/xarm_ros2/demo/mbot_demo -DCMAKE_INSTALL_PREFIX=/home/emersonmt/topics_ws/install/mbot_demo
[1.199s] Invoking command in '/home/emersonmt/topics_ws/build/mbot_demo': AMENT_PREFIX_PATH=/home/emersonmt/topics_ws/install/uf_ros_lib:${AMENT_PREFIX_PATH} CMAKE_PREFIX_PATH=${CMAKE_PREFIX_PATH}:/home/emersonmt/dev_ws/install/uf_ros_lib:/opt/ros/jazzy DEBUGINFOD_URLS=https://debuginfod.ubuntu.com PYTHONPATH=/home/emersonmt/topics_ws/install/uf_ros_lib/lib/python3.12/site-packages:${PYTHONPATH} /usr/bin/cmake --build /home/emersonmt/topics_ws/build/mbot_demo -- -j16 -l16
[1.237s] Invoked command in '/home/emersonmt/topics_ws/build/mbot_demo' returned '0': AMENT_PREFIX_PATH=/home/emersonmt/topics_ws/install/uf_ros_lib:${AMENT_PREFIX_PATH} CMAKE_PREFIX_PATH=${CMAKE_PREFIX_PATH}:/home/emersonmt/dev_ws/install/uf_ros_lib:/opt/ros/jazzy DEBUGINFOD_URLS=https://debuginfod.ubuntu.com PYTHONPATH=/home/emersonmt/topics_ws/install/uf_ros_lib/lib/python3.12/site-packages:${PYTHONPATH} /usr/bin/cmake --build /home/emersonmt/topics_ws/build/mbot_demo -- -j16 -l16
[1.238s] Invoking command in '/home/emersonmt/topics_ws/build/mbot_demo': AMENT_PREFIX_PATH=/home/emersonmt/topics_ws/install/uf_ros_lib:${AMENT_PREFIX_PATH} CMAKE_PREFIX_PATH=${CMAKE_PREFIX_PATH}:/home/emersonmt/dev_ws/install/uf_ros_lib:/opt/ros/jazzy DEBUGINFOD_URLS=https://debuginfod.ubuntu.com PYTHONPATH=/home/emersonmt/topics_ws/install/uf_ros_lib/lib/python3.12/site-packages:${PYTHONPATH} /usr/bin/cmake --install /home/emersonmt/topics_ws/build/mbot_demo
[1.245s] -- Install configuration: ""
[1.246s] -- Installing: /home/emersonmt/topics_ws/install/mbot_demo/share/mbot_demo//rviz
[1.246s] -- Installing: /home/emersonmt/topics_ws/install/mbot_demo/share/mbot_demo//rviz/moveit.rviz
[1.246s] -- Installing: /home/emersonmt/topics_ws/install/mbot_demo/share/mbot_demo//urdf
[1.246s] -- Installing: /home/emersonmt/topics_ws/install/mbot_demo/share/mbot_demo//urdf/mbot_with_xarm.urdf.xacro
[1.246s] -- Installing: /home/emersonmt/topics_ws/install/mbot_demo/share/mbot_demo//urdf/mbot.transmission.xacro
[1.246s] -- Installing: /home/emersonmt/topics_ws/install/mbot_demo/share/mbot_demo//urdf/mbot.ros2_control.xacro
[1.246s] -- Installing: /home/emersonmt/topics_ws/install/mbot_demo/share/mbot_demo//urdf/mbot_macro.xacro
[1.246s] -- Installing: /home/emersonmt/topics_ws/install/mbot_demo/share/mbot_demo//urdf/mbot.gazebo.xacro
[1.246s] -- Installing: /home/emersonmt/topics_ws/install/mbot_demo/share/mbot_demo//urdf/mbot.urdf.xacro
[1.246s] -- Installing: /home/emersonmt/topics_ws/install/mbot_demo/share/mbot_demo//srdf
[1.246s] -- Installing: /home/emersonmt/topics_ws/install/mbot_demo/share/mbot_demo//srdf/mbot_with_xarm.srdf.xacro
[1.246s] -- Installing: /home/emersonmt/topics_ws/install/mbot_demo/share/mbot_demo//srdf/mbot_macro.srdf.xacro
[1.246s] -- Installing: /home/emersonmt/topics_ws/install/mbot_demo/share/mbot_demo//config
[1.246s] -- Installing: /home/emersonmt/topics_ws/install/mbot_demo/share/mbot_demo//config/controllers.yaml
[1.246s] -- Installing: /home/emersonmt/topics_ws/install/mbot_demo/share/mbot_demo//config/kinematics.yaml
[1.247s] -- Installing: /home/emersonmt/topics_ws/install/mbot_demo/share/mbot_demo//config/joint_limits.yaml
[1.247s] -- Installing: /home/emersonmt/topics_ws/install/mbot_demo/share/mbot_demo//config/ros2_controllers.yaml
[1.247s] -- Installing: /home/emersonmt/topics_ws/install/mbot_demo/share/mbot_demo//config/ompl_planning.yaml
[1.247s] -- Installing: /home/emersonmt/topics_ws/install/mbot_demo/share/mbot_demo//worlds
[1.247s] -- Installing: /home/emersonmt/topics_ws/install/mbot_demo/share/mbot_demo//worlds/empty.world
[1.247s] -- Installing: /home/emersonmt/topics_ws/install/mbot_demo/share/mbot_demo//launch
[1.247s] -- Installing: /home/emersonmt/topics_ws/install/mbot_demo/share/mbot_demo//launch/_robot_on_mbot_gazebo.launch.py
[1.247s] -- Installing: /home/emersonmt/topics_ws/install/mbot_demo/share/mbot_demo//launch/mbot_moveit_gazebo.launch.py
[1.247s] -- Installing: /home/emersonmt/topics_ws/install/mbot_demo/share/mbot_demo//launch/mbot_moveit_fake.launch.py
[1.247s] -- Installing: /home/emersonmt/topics_ws/install/mbot_demo/share/mbot_demo//launch/_robot_on_mbot_gz.launch.py
[1.247s] -- Installing: /home/emersonmt/topics_ws/install/mbot_demo/share/mbot_demo//launch/mbot_moveit_realmove.launch.py
[1.247s] -- Installing: /home/emersonmt/topics_ws/install/mbot_demo/share/ament_index/resource_index/package_run_dependencies/mbot_demo
[1.248s] -- Installing: /home/emersonmt/topics_ws/install/mbot_demo/share/ament_index/resource_index/parent_prefix_path/mbot_demo
[1.248s] -- Installing: /home/emersonmt/topics_ws/install/mbot_demo/share/mbot_demo/environment/ament_prefix_path.sh
[1.248s] -- Installing: /home/emersonmt/topics_ws/install/mbot_demo/share/mbot_demo/environment/ament_prefix_path.dsv
[1.248s] -- Installing: /home/emersonmt/topics_ws/install/mbot_demo/share/mbot_demo/environment/path.sh
[1.248s] -- Installing: /home/emersonmt/topics_ws/install/mbot_demo/share/mbot_demo/environment/path.dsv
[1.248s] -- Installing: /home/emersonmt/topics_ws/install/mbot_demo/share/mbot_demo/local_setup.bash
[1.248s] -- Installing: /home/emersonmt/topics_ws/install/mbot_demo/share/mbot_demo/local_setup.sh
[1.248s] -- Installing: /home/emersonmt/topics_ws/install/mbot_demo/share/mbot_demo/local_setup.zsh
[1.248s] -- Installing: /home/emersonmt/topics_ws/install/mbot_demo/share/mbot_demo/local_setup.dsv
[1.248s] -- Installing: /home/emersonmt/topics_ws/install/mbot_demo/share/mbot_demo/package.dsv
[1.248s] -- Installing: /home/emersonmt/topics_ws/install/mbot_demo/share/ament_index/resource_index/packages/mbot_demo
[1.249s] -- Installing: /home/emersonmt/topics_ws/install/mbot_demo/share/mbot_demo/cmake/mbot_demoConfig.cmake
[1.249s] -- Installing: /home/emersonmt/topics_ws/install/mbot_demo/share/mbot_demo/cmake/mbot_demoConfig-version.cmake
[1.249s] -- Installing: /home/emersonmt/topics_ws/install/mbot_demo/share/mbot_demo/package.xml
[1.251s] Invoked command in '/home/emersonmt/topics_ws/build/mbot_demo' returned '0': AMENT_PREFIX_PATH=/home/emersonmt/topics_ws/install/uf_ros_lib:${AMENT_PREFIX_PATH} CMAKE_PREFIX_PATH=${CMAKE_PREFIX_PATH}:/home/emersonmt/dev_ws/install/uf_ros_lib:/opt/ros/jazzy DEBUGINFOD_URLS=https://debuginfod.ubuntu.com PYTHONPATH=/home/emersonmt/topics_ws/install/uf_ros_lib/lib/python3.12/site-packages:${PYTHONPATH} /usr/bin/cmake --install /home/emersonmt/topics_ws/build/mbot_demo
