[0.029s] Invoking command in '/home/emersonmt/topics_ws/build/xarm_planner': AMENT_PREFIX_PATH=/home/emersonmt/topics_ws/install/uf_ros_lib:/home/emersonmt/topics_ws/install/xarm_emer:/home/emersonmt/topics_ws/install/xarm_gui:/home/emersonmt/topics_ws/install/xarm_planner:/home/emersonmt/topics_ws/install/xarm_moveit_servo:/home/emersonmt/topics_ws/install/xarm_moveit_config:/home/emersonmt/topics_ws/install/xarm_gazebo:/home/emersonmt/topics_ws/install/xarm_controller:/home/emersonmt/topics_ws/install/xarm_api:/home/emersonmt/topics_ws/install/xarm_sdk:/home/emersonmt/topics_ws/install/xarm_msgs:/home/emersonmt/topics_ws/install/xarm_description:/home/emersonmt/topics_ws/install/mbot_demo:/home/emersonmt/topics_ws/install/realsense_gazebo_plugin:/home/emersonmt/dev_ws/install/xarm_planner:/home/emersonmt/dev_ws/install/xarm_moveit_servo:/home/emersonmt/dev_ws/install/xarm_moveit_config:/home/emersonmt/dev_ws/install/xarm_gazebo:/home/emersonmt/dev_ws/install/xarm_controller:/home/emersonmt/dev_ws/install/xarm_api:/home/emersonmt/dev_ws/install/xarm_sdk:/home/emersonmt/dev_ws/install/xarm_msgs:/home/emersonmt/dev_ws/install/xarm_description:/home/emersonmt/dev_ws/install/mbot_demo:/home/emersonmt/dev_ws/install/uf_ros_lib:/home/emersonmt/dev_ws/install/realsense_gazebo_plugin:/opt/ros/jazzy CMAKE_PREFIX_PATH=/home/emersonmt/topics_ws/install/xarm_moveit_config:/home/emersonmt/topics_ws/install/xarm_gazebo:/home/emersonmt/topics_ws/install/xarm_controller:/home/emersonmt/topics_ws/install/xarm_api:/home/emersonmt/topics_ws/install/xarm_sdk:/home/emersonmt/topics_ws/install/xarm_msgs:/home/emersonmt/topics_ws/install/xarm_description:/home/emersonmt/topics_ws/install/xarm_emer:/home/emersonmt/topics_ws/install/xarm_planner:/home/emersonmt/topics_ws/install/xarm_moveit_servo:/home/emersonmt/topics_ws/install/mbot_demo:/home/emersonmt/topics_ws/install/realsense_gazebo_plugin:/home/emersonmt/dev_ws/install/xarm_planner:/home/emersonmt/dev_ws/install/xarm_moveit_servo:/home/emersonmt/dev_ws/install/xarm_moveit_config:/home/emersonmt/dev_ws/install/xarm_gazebo:/home/emersonmt/dev_ws/install/xarm_controller:/home/emersonmt/dev_ws/install/xarm_api:/home/emersonmt/dev_ws/install/xarm_sdk:/home/emersonmt/dev_ws/install/xarm_msgs:/home/emersonmt/dev_ws/install/xarm_description:/home/emersonmt/dev_ws/install/mbot_demo:/home/emersonmt/dev_ws/install/realsense_gazebo_plugin:/opt/ros/jazzy/opt/gz_sim_vendor:/opt/ros/jazzy/opt/gz_sensors_vendor:/opt/ros/jazzy/opt/gz_physics_vendor:/opt/ros/jazzy/opt/sdformat_vendor:/opt/ros/jazzy/opt/gz_gui_vendor:/opt/ros/jazzy/opt/gz_transport_vendor:/opt/ros/jazzy/opt/gz_rendering_vendor:/opt/ros/jazzy/opt/gz_plugin_vendor:/opt/ros/jazzy/opt/gz_fuel_tools_vendor:/opt/ros/jazzy/opt/gz_msgs_vendor:/opt/ros/jazzy/opt/gz_common_vendor:/opt/ros/jazzy/opt/gz_math_vendor:/opt/ros/jazzy/opt/gz_utils_vendor:/opt/ros/jazzy/opt/gz_tools_vendor:/opt/ros/jazzy/opt/gz_ogre_next_vendor:/opt/ros/jazzy/opt/gz_dartsim_vendor:/opt/ros/jazzy/opt/gz_cmake_vendor:/home/emersonmt/topics_ws/install/xarm_gui:/home/emersonmt/topics_ws/install/uf_ros_lib:/home/emersonmt/dev_ws/install/uf_ros_lib:/opt/ros/jazzy DEBUGINFOD_URLS=https://debuginfod.ubuntu.com LD_LIBRARY_PATH=/home/emersonmt/topics_ws/install/xarm_controller/lib:/home/emersonmt/topics_ws/install/xarm_api/lib:/home/emersonmt/topics_ws/install/xarm_sdk/lib:/home/emersonmt/topics_ws/install/xarm_msgs/lib:/home/emersonmt/topics_ws/install/xarm_planner/lib:/home/emersonmt/topics_ws/install/xarm_moveit_servo/lib:/home/emersonmt/topics_ws/install/realsense_gazebo_plugin/lib:/home/emersonmt/dev_ws/install/xarm_planner/lib:/home/emersonmt/dev_ws/install/xarm_moveit_servo/lib:/home/emersonmt/dev_ws/install/xarm_controller/lib:/home/emersonmt/dev_ws/install/xarm_api/lib:/home/emersonmt/dev_ws/install/xarm_sdk/lib:/home/emersonmt/dev_ws/install/xarm_msgs/lib:/home/emersonmt/dev_ws/install/realsense_gazebo_plugin/lib:/opt/ros/jazzy/opt/gz_sim_vendor/lib:/opt/ros/jazzy/opt/gz_sensors_vendor/lib:/opt/ros/jazzy/opt/gz_physics_vendor/lib:/opt/ros/jazzy/opt/sdformat_vendor/lib:/opt/ros/jazzy/opt/rviz_ogre_vendor/lib:/opt/ros/jazzy/lib/x86_64-linux-gnu:/opt/ros/jazzy/opt/gz_gui_vendor/lib:/opt/ros/jazzy/opt/gz_transport_vendor/lib:/opt/ros/jazzy/opt/gz_rendering_vendor/lib:/opt/ros/jazzy/opt/gz_plugin_vendor/lib:/opt/ros/jazzy/opt/gz_fuel_tools_vendor/lib:/opt/ros/jazzy/opt/gz_msgs_vendor/lib:/opt/ros/jazzy/opt/gz_common_vendor/lib:/opt/ros/jazzy/opt/gz_math_vendor/lib:/opt/ros/jazzy/opt/gz_utils_vendor/lib:/opt/ros/jazzy/opt/gz_tools_vendor/lib:/opt/ros/jazzy/opt/gz_ogre_next_vendor/lib:/opt/ros/jazzy/opt/gz_dartsim_vendor/lib:/opt/ros/jazzy/opt/gz_cmake_vendor/lib:/opt/ros/jazzy/lib PYTHONPATH=/home/emersonmt/topics_ws/install/xarm_msgs/lib/python3.12/site-packages:/home/emersonmt/topics_ws/install/uf_ros_lib/lib/python3.12/site-packages:/home/emersonmt/topics_ws/install/xarm_gui/lib/python3.12/site-packages:/home/emersonmt/dev_ws/install/xarm_msgs/lib/python3.12/site-packages:/home/emersonmt/dev_ws/install/uf_ros_lib/lib/python3.12/site-packages:/opt/ros/jazzy/lib/python3.12/site-packages /usr/bin/cmake /home/emersonmt/topics_ws/src/xarm_ros2/xarm_planner -DCMAKE_INSTALL_PREFIX=/home/emersonmt/topics_ws/install/xarm_planner
[0.085s] -- The C compiler identification is GNU 13.3.0
[0.140s] -- The CXX compiler identification is GNU 13.3.0
[0.158s] -- Detecting C compiler ABI info
[0.263s] -- Detecting C compiler ABI info - done
[0.269s] -- Check for working C compiler: /usr/bin/cc - skipped
[0.269s] -- Detecting C compile features
[0.269s] -- Detecting C compile features - done
[0.281s] -- Detecting CXX compiler ABI info
[0.389s] -- Detecting CXX compiler ABI info - done
[0.395s] -- Check for working CXX compiler: /usr/bin/c++ - skipped
[0.395s] -- Detecting CXX compile features
[0.396s] -- Detecting CXX compile features - done
[0.401s] -- Found ament_cmake: 2.5.4 (/opt/ros/jazzy/share/ament_cmake/cmake)
[0.555s] -- Found Python3: /usr/bin/python3 (found version "3.12.3") found components: Interpreter 
[0.688s] -- Found moveit: 2.12.3 (/opt/ros/jazzy/share/moveit/cmake)
[0.692s] -- Found moveit_ros_planning_interface: 2.12.3 (/opt/ros/jazzy/share/moveit_ros_planning_interface/cmake)
[0.859s] -- Found Boost: /usr/lib/x86_64-linux-gnu/cmake/Boost-1.83.0/BoostConfig.cmake (found version "1.83.0") found components: date_time filesystem program_options system thread 
[0.925s] -- Found rosidl_generator_c: 4.6.6 (/opt/ros/jazzy/share/rosidl_generator_c/cmake)
[0.942s] -- Found rosidl_generator_cpp: 4.6.6 (/opt/ros/jazzy/share/rosidl_generator_cpp/cmake)
[0.962s] -- Using all available rosidl_typesupport_c: rosidl_typesupport_fastrtps_c;rosidl_typesupport_introspection_c
[0.983s] -- Using all available rosidl_typesupport_cpp: rosidl_typesupport_fastrtps_cpp;rosidl_typesupport_introspection_cpp
[1.256s] -- Found Boost: /usr/lib/x86_64-linux-gnu/cmake/Boost-1.83.0/BoostConfig.cmake (found version "1.83.0") found components: chrono date_time filesystem iostreams program_options regex serialization system thread 
[1.344s] -- Found parameter_traits: 0.5.0 (/opt/ros/jazzy/share/parameter_traits/cmake)
[1.401s] -- Found rmw_implementation_cmake: 7.3.2 (/opt/ros/jazzy/share/rmw_implementation_cmake/cmake)
[1.407s] -- Found rmw_fastrtps_cpp: 8.4.3 (/opt/ros/jazzy/share/rmw_fastrtps_cpp/cmake)
[1.509s] -- Found OpenSSL: /usr/lib/x86_64-linux-gnu/libcrypto.so (found version "3.0.13")  
[1.527s] -- Found FastRTPS: /opt/ros/jazzy/include (Required is at least version "2.13") 
[1.549s] -- Using RMW implementation 'rmw_fastrtps_cpp' as default
[1.631s] -- Found rclcpp_lifecycle: 28.1.11 (/opt/ros/jazzy/share/rclcpp_lifecycle/cmake)
[1.664s] -- Found Boost: /usr/lib/x86_64-linux-gnu/cmake/Boost-1.83.0/BoostConfig.cmake (found version "1.83.0") found components: filesystem 
[1.734s] -- Found Eigen3: TRUE (found version "3.4.0") 
[1.734s] -- Ensuring Eigen3 include directory is part of orocos-kdl CMake target
[1.902s] -- Found Boost: /usr/lib/x86_64-linux-gnu/cmake/Boost-1.83.0/BoostConfig.cmake (found version "1.83.0") found components: system filesystem date_time program_options thread chrono 
[1.945s] -- Found Boost: /usr/lib/x86_64-linux-gnu/cmake/Boost-1.83.0/BoostConfig.cmake (found version "1.83.0") found components: thread system filesystem regex date_time program_options 
[1.971s] -- Found Boost: /usr/lib/x86_64-linux-gnu/cmake/Boost-1.83.0/BoostConfig.cmake (found version "1.83.0") found components: system filesystem date_time program_options thread 
[2.002s] -- Found xarm_msgs: 0.0.0 (/home/emersonmt/topics_ws/install/xarm_msgs/share/xarm_msgs/cmake)
[2.078s] -- Found ament_lint_auto: 0.17.3 (/opt/ros/jazzy/share/ament_lint_auto/cmake)
[2.180s] -- Added test 'copyright' to check source files copyright and LICENSE
[2.182s] -- Added test 'cppcheck' to perform static code analysis on C / C++ code
[2.183s] -- Configured cppcheck include dirs: /home/emersonmt/topics_ws/src/xarm_ros2/xarm_planner/include
[2.183s] -- Configured cppcheck exclude dirs and/or files: 
[2.185s] -- Added test 'cpplint' to check C / C++ code against the Google style
[2.185s] -- Configured cpplint exclude dirs and/or files: 
[2.186s] -- Added test 'flake8' to check Python code syntax and style conventions
[2.186s] -- Configured 'flake8' exclude dirs and/or files: 
[2.187s] -- Added test 'lint_cmake' to check CMake code style
[2.188s] -- Added test 'pep257' to check Python code against some of the docstring style conventions in PEP 257
[2.190s] -- Added test 'uncrustify' to check C / C++ code style
[2.190s] -- Configured uncrustify additional arguments: 
[2.191s] -- Added test 'xmllint' to check XML markup files
[2.193s] -- Configuring done (2.2s)
[2.280s] -- Generating done (0.1s)
[2.300s] -- Build files have been written to: /home/emersonmt/topics_ws/build/xarm_planner
[2.317s] Invoked command in '/home/emersonmt/topics_ws/build/xarm_planner' returned '0': AMENT_PREFIX_PATH=/home/emersonmt/topics_ws/install/uf_ros_lib:/home/emersonmt/topics_ws/install/xarm_emer:/home/emersonmt/topics_ws/install/xarm_gui:/home/emersonmt/topics_ws/install/xarm_planner:/home/emersonmt/topics_ws/install/xarm_moveit_servo:/home/emersonmt/topics_ws/install/xarm_moveit_config:/home/emersonmt/topics_ws/install/xarm_gazebo:/home/emersonmt/topics_ws/install/xarm_controller:/home/emersonmt/topics_ws/install/xarm_api:/home/emersonmt/topics_ws/install/xarm_sdk:/home/emersonmt/topics_ws/install/xarm_msgs:/home/emersonmt/topics_ws/install/xarm_description:/home/emersonmt/topics_ws/install/mbot_demo:/home/emersonmt/topics_ws/install/realsense_gazebo_plugin:/home/emersonmt/dev_ws/install/xarm_planner:/home/emersonmt/dev_ws/install/xarm_moveit_servo:/home/emersonmt/dev_ws/install/xarm_moveit_config:/home/emersonmt/dev_ws/install/xarm_gazebo:/home/emersonmt/dev_ws/install/xarm_controller:/home/emersonmt/dev_ws/install/xarm_api:/home/emersonmt/dev_ws/install/xarm_sdk:/home/emersonmt/dev_ws/install/xarm_msgs:/home/emersonmt/dev_ws/install/xarm_description:/home/emersonmt/dev_ws/install/mbot_demo:/home/emersonmt/dev_ws/install/uf_ros_lib:/home/emersonmt/dev_ws/install/realsense_gazebo_plugin:/opt/ros/jazzy CMAKE_PREFIX_PATH=/home/emersonmt/topics_ws/install/xarm_moveit_config:/home/emersonmt/topics_ws/install/xarm_gazebo:/home/emersonmt/topics_ws/install/xarm_controller:/home/emersonmt/topics_ws/install/xarm_api:/home/emersonmt/topics_ws/install/xarm_sdk:/home/emersonmt/topics_ws/install/xarm_msgs:/home/emersonmt/topics_ws/install/xarm_description:/home/emersonmt/topics_ws/install/xarm_emer:/home/emersonmt/topics_ws/install/xarm_planner:/home/emersonmt/topics_ws/install/xarm_moveit_servo:/home/emersonmt/topics_ws/install/mbot_demo:/home/emersonmt/topics_ws/install/realsense_gazebo_plugin:/home/emersonmt/dev_ws/install/xarm_planner:/home/emersonmt/dev_ws/install/xarm_moveit_servo:/home/emersonmt/dev_ws/install/xarm_moveit_config:/home/emersonmt/dev_ws/install/xarm_gazebo:/home/emersonmt/dev_ws/install/xarm_controller:/home/emersonmt/dev_ws/install/xarm_api:/home/emersonmt/dev_ws/install/xarm_sdk:/home/emersonmt/dev_ws/install/xarm_msgs:/home/emersonmt/dev_ws/install/xarm_description:/home/emersonmt/dev_ws/install/mbot_demo:/home/emersonmt/dev_ws/install/realsense_gazebo_plugin:/opt/ros/jazzy/opt/gz_sim_vendor:/opt/ros/jazzy/opt/gz_sensors_vendor:/opt/ros/jazzy/opt/gz_physics_vendor:/opt/ros/jazzy/opt/sdformat_vendor:/opt/ros/jazzy/opt/gz_gui_vendor:/opt/ros/jazzy/opt/gz_transport_vendor:/opt/ros/jazzy/opt/gz_rendering_vendor:/opt/ros/jazzy/opt/gz_plugin_vendor:/opt/ros/jazzy/opt/gz_fuel_tools_vendor:/opt/ros/jazzy/opt/gz_msgs_vendor:/opt/ros/jazzy/opt/gz_common_vendor:/opt/ros/jazzy/opt/gz_math_vendor:/opt/ros/jazzy/opt/gz_utils_vendor:/opt/ros/jazzy/opt/gz_tools_vendor:/opt/ros/jazzy/opt/gz_ogre_next_vendor:/opt/ros/jazzy/opt/gz_dartsim_vendor:/opt/ros/jazzy/opt/gz_cmake_vendor:/home/emersonmt/topics_ws/install/xarm_gui:/home/emersonmt/topics_ws/install/uf_ros_lib:/home/emersonmt/dev_ws/install/uf_ros_lib:/opt/ros/jazzy DEBUGINFOD_URLS=https://debuginfod.ubuntu.com LD_LIBRARY_PATH=/home/emersonmt/topics_ws/install/xarm_controller/lib:/home/emersonmt/topics_ws/install/xarm_api/lib:/home/emersonmt/topics_ws/install/xarm_sdk/lib:/home/emersonmt/topics_ws/install/xarm_msgs/lib:/home/emersonmt/topics_ws/install/xarm_planner/lib:/home/emersonmt/topics_ws/install/xarm_moveit_servo/lib:/home/emersonmt/topics_ws/install/realsense_gazebo_plugin/lib:/home/emersonmt/dev_ws/install/xarm_planner/lib:/home/emersonmt/dev_ws/install/xarm_moveit_servo/lib:/home/emersonmt/dev_ws/install/xarm_controller/lib:/home/emersonmt/dev_ws/install/xarm_api/lib:/home/emersonmt/dev_ws/install/xarm_sdk/lib:/home/emersonmt/dev_ws/install/xarm_msgs/lib:/home/emersonmt/dev_ws/install/realsense_gazebo_plugin/lib:/opt/ros/jazzy/opt/gz_sim_vendor/lib:/opt/ros/jazzy/opt/gz_sensors_vendor/lib:/opt/ros/jazzy/opt/gz_physics_vendor/lib:/opt/ros/jazzy/opt/sdformat_vendor/lib:/opt/ros/jazzy/opt/rviz_ogre_vendor/lib:/opt/ros/jazzy/lib/x86_64-linux-gnu:/opt/ros/jazzy/opt/gz_gui_vendor/lib:/opt/ros/jazzy/opt/gz_transport_vendor/lib:/opt/ros/jazzy/opt/gz_rendering_vendor/lib:/opt/ros/jazzy/opt/gz_plugin_vendor/lib:/opt/ros/jazzy/opt/gz_fuel_tools_vendor/lib:/opt/ros/jazzy/opt/gz_msgs_vendor/lib:/opt/ros/jazzy/opt/gz_common_vendor/lib:/opt/ros/jazzy/opt/gz_math_vendor/lib:/opt/ros/jazzy/opt/gz_utils_vendor/lib:/opt/ros/jazzy/opt/gz_tools_vendor/lib:/opt/ros/jazzy/opt/gz_ogre_next_vendor/lib:/opt/ros/jazzy/opt/gz_dartsim_vendor/lib:/opt/ros/jazzy/opt/gz_cmake_vendor/lib:/opt/ros/jazzy/lib PYTHONPATH=/home/emersonmt/topics_ws/install/xarm_msgs/lib/python3.12/site-packages:/home/emersonmt/topics_ws/install/uf_ros_lib/lib/python3.12/site-packages:/home/emersonmt/topics_ws/install/xarm_gui/lib/python3.12/site-packages:/home/emersonmt/dev_ws/install/xarm_msgs/lib/python3.12/site-packages:/home/emersonmt/dev_ws/install/uf_ros_lib/lib/python3.12/site-packages:/opt/ros/jazzy/lib/python3.12/site-packages /usr/bin/cmake /home/emersonmt/topics_ws/src/xarm_ros2/xarm_planner -DCMAKE_INSTALL_PREFIX=/home/emersonmt/topics_ws/install/xarm_planner
[2.317s] Invoking command in '/home/emersonmt/topics_ws/build/xarm_planner': AMENT_PREFIX_PATH=/home/emersonmt/topics_ws/install/uf_ros_lib:/home/emersonmt/topics_ws/install/xarm_emer:/home/emersonmt/topics_ws/install/xarm_gui:/home/emersonmt/topics_ws/install/xarm_planner:/home/emersonmt/topics_ws/install/xarm_moveit_servo:/home/emersonmt/topics_ws/install/xarm_moveit_config:/home/emersonmt/topics_ws/install/xarm_gazebo:/home/emersonmt/topics_ws/install/xarm_controller:/home/emersonmt/topics_ws/install/xarm_api:/home/emersonmt/topics_ws/install/xarm_sdk:/home/emersonmt/topics_ws/install/xarm_msgs:/home/emersonmt/topics_ws/install/xarm_description:/home/emersonmt/topics_ws/install/mbot_demo:/home/emersonmt/topics_ws/install/realsense_gazebo_plugin:/home/emersonmt/dev_ws/install/xarm_planner:/home/emersonmt/dev_ws/install/xarm_moveit_servo:/home/emersonmt/dev_ws/install/xarm_moveit_config:/home/emersonmt/dev_ws/install/xarm_gazebo:/home/emersonmt/dev_ws/install/xarm_controller:/home/emersonmt/dev_ws/install/xarm_api:/home/emersonmt/dev_ws/install/xarm_sdk:/home/emersonmt/dev_ws/install/xarm_msgs:/home/emersonmt/dev_ws/install/xarm_description:/home/emersonmt/dev_ws/install/mbot_demo:/home/emersonmt/dev_ws/install/uf_ros_lib:/home/emersonmt/dev_ws/install/realsense_gazebo_plugin:/opt/ros/jazzy CMAKE_PREFIX_PATH=/home/emersonmt/topics_ws/install/xarm_moveit_config:/home/emersonmt/topics_ws/install/xarm_gazebo:/home/emersonmt/topics_ws/install/xarm_controller:/home/emersonmt/topics_ws/install/xarm_api:/home/emersonmt/topics_ws/install/xarm_sdk:/home/emersonmt/topics_ws/install/xarm_msgs:/home/emersonmt/topics_ws/install/xarm_description:/home/emersonmt/topics_ws/install/xarm_emer:/home/emersonmt/topics_ws/install/xarm_planner:/home/emersonmt/topics_ws/install/xarm_moveit_servo:/home/emersonmt/topics_ws/install/mbot_demo:/home/emersonmt/topics_ws/install/realsense_gazebo_plugin:/home/emersonmt/dev_ws/install/xarm_planner:/home/emersonmt/dev_ws/install/xarm_moveit_servo:/home/emersonmt/dev_ws/install/xarm_moveit_config:/home/emersonmt/dev_ws/install/xarm_gazebo:/home/emersonmt/dev_ws/install/xarm_controller:/home/emersonmt/dev_ws/install/xarm_api:/home/emersonmt/dev_ws/install/xarm_sdk:/home/emersonmt/dev_ws/install/xarm_msgs:/home/emersonmt/dev_ws/install/xarm_description:/home/emersonmt/dev_ws/install/mbot_demo:/home/emersonmt/dev_ws/install/realsense_gazebo_plugin:/opt/ros/jazzy/opt/gz_sim_vendor:/opt/ros/jazzy/opt/gz_sensors_vendor:/opt/ros/jazzy/opt/gz_physics_vendor:/opt/ros/jazzy/opt/sdformat_vendor:/opt/ros/jazzy/opt/gz_gui_vendor:/opt/ros/jazzy/opt/gz_transport_vendor:/opt/ros/jazzy/opt/gz_rendering_vendor:/opt/ros/jazzy/opt/gz_plugin_vendor:/opt/ros/jazzy/opt/gz_fuel_tools_vendor:/opt/ros/jazzy/opt/gz_msgs_vendor:/opt/ros/jazzy/opt/gz_common_vendor:/opt/ros/jazzy/opt/gz_math_vendor:/opt/ros/jazzy/opt/gz_utils_vendor:/opt/ros/jazzy/opt/gz_tools_vendor:/opt/ros/jazzy/opt/gz_ogre_next_vendor:/opt/ros/jazzy/opt/gz_dartsim_vendor:/opt/ros/jazzy/opt/gz_cmake_vendor:/home/emersonmt/topics_ws/install/xarm_gui:/home/emersonmt/topics_ws/install/uf_ros_lib:/home/emersonmt/dev_ws/install/uf_ros_lib:/opt/ros/jazzy DEBUGINFOD_URLS=https://debuginfod.ubuntu.com LD_LIBRARY_PATH=/home/emersonmt/topics_ws/install/xarm_controller/lib:/home/emersonmt/topics_ws/install/xarm_api/lib:/home/emersonmt/topics_ws/install/xarm_sdk/lib:/home/emersonmt/topics_ws/install/xarm_msgs/lib:/home/emersonmt/topics_ws/install/xarm_planner/lib:/home/emersonmt/topics_ws/install/xarm_moveit_servo/lib:/home/emersonmt/topics_ws/install/realsense_gazebo_plugin/lib:/home/emersonmt/dev_ws/install/xarm_planner/lib:/home/emersonmt/dev_ws/install/xarm_moveit_servo/lib:/home/emersonmt/dev_ws/install/xarm_controller/lib:/home/emersonmt/dev_ws/install/xarm_api/lib:/home/emersonmt/dev_ws/install/xarm_sdk/lib:/home/emersonmt/dev_ws/install/xarm_msgs/lib:/home/emersonmt/dev_ws/install/realsense_gazebo_plugin/lib:/opt/ros/jazzy/opt/gz_sim_vendor/lib:/opt/ros/jazzy/opt/gz_sensors_vendor/lib:/opt/ros/jazzy/opt/gz_physics_vendor/lib:/opt/ros/jazzy/opt/sdformat_vendor/lib:/opt/ros/jazzy/opt/rviz_ogre_vendor/lib:/opt/ros/jazzy/lib/x86_64-linux-gnu:/opt/ros/jazzy/opt/gz_gui_vendor/lib:/opt/ros/jazzy/opt/gz_transport_vendor/lib:/opt/ros/jazzy/opt/gz_rendering_vendor/lib:/opt/ros/jazzy/opt/gz_plugin_vendor/lib:/opt/ros/jazzy/opt/gz_fuel_tools_vendor/lib:/opt/ros/jazzy/opt/gz_msgs_vendor/lib:/opt/ros/jazzy/opt/gz_common_vendor/lib:/opt/ros/jazzy/opt/gz_math_vendor/lib:/opt/ros/jazzy/opt/gz_utils_vendor/lib:/opt/ros/jazzy/opt/gz_tools_vendor/lib:/opt/ros/jazzy/opt/gz_ogre_next_vendor/lib:/opt/ros/jazzy/opt/gz_dartsim_vendor/lib:/opt/ros/jazzy/opt/gz_cmake_vendor/lib:/opt/ros/jazzy/lib PYTHONPATH=/home/emersonmt/topics_ws/install/xarm_msgs/lib/python3.12/site-packages:/home/emersonmt/topics_ws/install/uf_ros_lib/lib/python3.12/site-packages:/home/emersonmt/topics_ws/install/xarm_gui/lib/python3.12/site-packages:/home/emersonmt/dev_ws/install/xarm_msgs/lib/python3.12/site-packages:/home/emersonmt/dev_ws/install/uf_ros_lib/lib/python3.12/site-packages:/opt/ros/jazzy/lib/python3.12/site-packages /usr/bin/cmake --build /home/emersonmt/topics_ws/build/xarm_planner -- -j16 -l16
[2.375s] [ 13%] [32mBuilding CXX object CMakeFiles/test_lite_gripper_realmove.dir/test/test_lite_gripper_realmove.cpp.o[0m
[2.375s] [ 13%] [32mBuilding CXX object CMakeFiles/test_xarm_planner_client_pose.dir/test/test_xarm_planner_client_pose.cpp.o[0m
[2.375s] [ 13%] [32mBuilding CXX object CMakeFiles/xarm_planner.dir/src/xarm_planner.cpp.o[0m
[2.375s] [ 22%] [32mBuilding CXX object CMakeFiles/test_xarm_planner_client_joint.dir/test/test_xarm_planner_client_joint.cpp.o[0m
[2.375s] [ 22%] [32mBuilding CXX object CMakeFiles/test_xarm_gripper_planner_client_joint.dir/test/test_xarm_gripper_planner_client_joint.cpp.o[0m
[5.308s] [ 27%] [32m[1mLinking CXX executable test_lite_gripper_realmove[0m
[5.592s] [ 27%] Built target test_lite_gripper_realmove
[5.754s] [ 31%] [32m[1mLinking CXX executable test_xarm_gripper_planner_client_joint[0m
[5.761s] [ 36%] [32m[1mLinking CXX executable test_xarm_planner_client_pose[0m
[5.840s] [ 40%] [32m[1mLinking CXX executable test_xarm_planner_client_joint[0m
[6.046s] [ 40%] Built target test_xarm_gripper_planner_client_joint
[6.059s] [ 40%] Built target test_xarm_planner_client_pose
[6.121s] [ 40%] Built target test_xarm_planner_client_joint
[8.166s] [ 45%] [32m[1mLinking CXX shared library libxarm_planner.so[0m
[8.320s] [ 45%] Built target xarm_planner
[8.343s] [ 72%] [32mBuilding CXX object CMakeFiles/test_dual_xarm_planner_api_joint.dir/test/test_dual_xarm_planner_api_joint.cpp.o[0m
[8.343s] [ 72%] [32mBuilding CXX object CMakeFiles/xarm_gripper_planner_node.dir/src/xarm_gripper_planner_node.cpp.o[0m
[8.343s] [ 72%] [32mBuilding CXX object CMakeFiles/test_xarm_gripper_planner_api_joint.dir/test/test_xarm_gripper_planner_api_joint.cpp.o[0m
[8.343s] [ 72%] [32mBuilding CXX object CMakeFiles/xarm_planner_node.dir/src/xarm_planner_node.cpp.o[0m
[8.343s] [ 72%] [32mBuilding CXX object CMakeFiles/test_xarm_planner_api_joint.dir/test/test_xarm_planner_api_joint.cpp.o[0m
[8.343s] [ 72%] [32mBuilding CXX object CMakeFiles/test_xarm_planner_api_pose.dir/test/test_xarm_planner_api_pose.cpp.o[0m
[14.105s] [ 77%] [32m[1mLinking CXX executable test_xarm_planner_api_joint[0m
[14.154s] [ 86%] [32m[1mLinking CXX executable test_dual_xarm_planner_api_joint[0m
[14.154s] [ 86%] [32m[1mLinking CXX executable test_xarm_planner_api_pose[0m
[14.212s] [ 90%] [32m[1mLinking CXX executable test_xarm_gripper_planner_api_joint[0m
[14.422s] [ 90%] Built target test_xarm_planner_api_joint
[14.445s] [ 90%] Built target test_dual_xarm_planner_api_joint
[14.445s] [ 90%] Built target test_xarm_planner_api_pose
[14.498s] [ 90%] Built target test_xarm_gripper_planner_api_joint
[15.002s] [ 95%] [32m[1mLinking CXX executable xarm_gripper_planner_node[0m
[15.493s] [ 95%] Built target xarm_gripper_planner_node
[16.248s] [100%] [32m[1mLinking CXX executable xarm_planner_node[0m
[16.647s] [100%] Built target xarm_planner_node
[16.660s] Invoked command in '/home/emersonmt/topics_ws/build/xarm_planner' returned '0': AMENT_PREFIX_PATH=/home/emersonmt/topics_ws/install/uf_ros_lib:/home/emersonmt/topics_ws/install/xarm_emer:/home/emersonmt/topics_ws/install/xarm_gui:/home/emersonmt/topics_ws/install/xarm_planner:/home/emersonmt/topics_ws/install/xarm_moveit_servo:/home/emersonmt/topics_ws/install/xarm_moveit_config:/home/emersonmt/topics_ws/install/xarm_gazebo:/home/emersonmt/topics_ws/install/xarm_controller:/home/emersonmt/topics_ws/install/xarm_api:/home/emersonmt/topics_ws/install/xarm_sdk:/home/emersonmt/topics_ws/install/xarm_msgs:/home/emersonmt/topics_ws/install/xarm_description:/home/emersonmt/topics_ws/install/mbot_demo:/home/emersonmt/topics_ws/install/realsense_gazebo_plugin:/home/emersonmt/dev_ws/install/xarm_planner:/home/emersonmt/dev_ws/install/xarm_moveit_servo:/home/emersonmt/dev_ws/install/xarm_moveit_config:/home/emersonmt/dev_ws/install/xarm_gazebo:/home/emersonmt/dev_ws/install/xarm_controller:/home/emersonmt/dev_ws/install/xarm_api:/home/emersonmt/dev_ws/install/xarm_sdk:/home/emersonmt/dev_ws/install/xarm_msgs:/home/emersonmt/dev_ws/install/xarm_description:/home/emersonmt/dev_ws/install/mbot_demo:/home/emersonmt/dev_ws/install/uf_ros_lib:/home/emersonmt/dev_ws/install/realsense_gazebo_plugin:/opt/ros/jazzy CMAKE_PREFIX_PATH=/home/emersonmt/topics_ws/install/xarm_moveit_config:/home/emersonmt/topics_ws/install/xarm_gazebo:/home/emersonmt/topics_ws/install/xarm_controller:/home/emersonmt/topics_ws/install/xarm_api:/home/emersonmt/topics_ws/install/xarm_sdk:/home/emersonmt/topics_ws/install/xarm_msgs:/home/emersonmt/topics_ws/install/xarm_description:/home/emersonmt/topics_ws/install/xarm_emer:/home/emersonmt/topics_ws/install/xarm_planner:/home/emersonmt/topics_ws/install/xarm_moveit_servo:/home/emersonmt/topics_ws/install/mbot_demo:/home/emersonmt/topics_ws/install/realsense_gazebo_plugin:/home/emersonmt/dev_ws/install/xarm_planner:/home/emersonmt/dev_ws/install/xarm_moveit_servo:/home/emersonmt/dev_ws/install/xarm_moveit_config:/home/emersonmt/dev_ws/install/xarm_gazebo:/home/emersonmt/dev_ws/install/xarm_controller:/home/emersonmt/dev_ws/install/xarm_api:/home/emersonmt/dev_ws/install/xarm_sdk:/home/emersonmt/dev_ws/install/xarm_msgs:/home/emersonmt/dev_ws/install/xarm_description:/home/emersonmt/dev_ws/install/mbot_demo:/home/emersonmt/dev_ws/install/realsense_gazebo_plugin:/opt/ros/jazzy/opt/gz_sim_vendor:/opt/ros/jazzy/opt/gz_sensors_vendor:/opt/ros/jazzy/opt/gz_physics_vendor:/opt/ros/jazzy/opt/sdformat_vendor:/opt/ros/jazzy/opt/gz_gui_vendor:/opt/ros/jazzy/opt/gz_transport_vendor:/opt/ros/jazzy/opt/gz_rendering_vendor:/opt/ros/jazzy/opt/gz_plugin_vendor:/opt/ros/jazzy/opt/gz_fuel_tools_vendor:/opt/ros/jazzy/opt/gz_msgs_vendor:/opt/ros/jazzy/opt/gz_common_vendor:/opt/ros/jazzy/opt/gz_math_vendor:/opt/ros/jazzy/opt/gz_utils_vendor:/opt/ros/jazzy/opt/gz_tools_vendor:/opt/ros/jazzy/opt/gz_ogre_next_vendor:/opt/ros/jazzy/opt/gz_dartsim_vendor:/opt/ros/jazzy/opt/gz_cmake_vendor:/home/emersonmt/topics_ws/install/xarm_gui:/home/emersonmt/topics_ws/install/uf_ros_lib:/home/emersonmt/dev_ws/install/uf_ros_lib:/opt/ros/jazzy DEBUGINFOD_URLS=https://debuginfod.ubuntu.com LD_LIBRARY_PATH=/home/emersonmt/topics_ws/install/xarm_controller/lib:/home/emersonmt/topics_ws/install/xarm_api/lib:/home/emersonmt/topics_ws/install/xarm_sdk/lib:/home/emersonmt/topics_ws/install/xarm_msgs/lib:/home/emersonmt/topics_ws/install/xarm_planner/lib:/home/emersonmt/topics_ws/install/xarm_moveit_servo/lib:/home/emersonmt/topics_ws/install/realsense_gazebo_plugin/lib:/home/emersonmt/dev_ws/install/xarm_planner/lib:/home/emersonmt/dev_ws/install/xarm_moveit_servo/lib:/home/emersonmt/dev_ws/install/xarm_controller/lib:/home/emersonmt/dev_ws/install/xarm_api/lib:/home/emersonmt/dev_ws/install/xarm_sdk/lib:/home/emersonmt/dev_ws/install/xarm_msgs/lib:/home/emersonmt/dev_ws/install/realsense_gazebo_plugin/lib:/opt/ros/jazzy/opt/gz_sim_vendor/lib:/opt/ros/jazzy/opt/gz_sensors_vendor/lib:/opt/ros/jazzy/opt/gz_physics_vendor/lib:/opt/ros/jazzy/opt/sdformat_vendor/lib:/opt/ros/jazzy/opt/rviz_ogre_vendor/lib:/opt/ros/jazzy/lib/x86_64-linux-gnu:/opt/ros/jazzy/opt/gz_gui_vendor/lib:/opt/ros/jazzy/opt/gz_transport_vendor/lib:/opt/ros/jazzy/opt/gz_rendering_vendor/lib:/opt/ros/jazzy/opt/gz_plugin_vendor/lib:/opt/ros/jazzy/opt/gz_fuel_tools_vendor/lib:/opt/ros/jazzy/opt/gz_msgs_vendor/lib:/opt/ros/jazzy/opt/gz_common_vendor/lib:/opt/ros/jazzy/opt/gz_math_vendor/lib:/opt/ros/jazzy/opt/gz_utils_vendor/lib:/opt/ros/jazzy/opt/gz_tools_vendor/lib:/opt/ros/jazzy/opt/gz_ogre_next_vendor/lib:/opt/ros/jazzy/opt/gz_dartsim_vendor/lib:/opt/ros/jazzy/opt/gz_cmake_vendor/lib:/opt/ros/jazzy/lib PYTHONPATH=/home/emersonmt/topics_ws/install/xarm_msgs/lib/python3.12/site-packages:/home/emersonmt/topics_ws/install/uf_ros_lib/lib/python3.12/site-packages:/home/emersonmt/topics_ws/install/xarm_gui/lib/python3.12/site-packages:/home/emersonmt/dev_ws/install/xarm_msgs/lib/python3.12/site-packages:/home/emersonmt/dev_ws/install/uf_ros_lib/lib/python3.12/site-packages:/opt/ros/jazzy/lib/python3.12/site-packages /usr/bin/cmake --build /home/emersonmt/topics_ws/build/xarm_planner -- -j16 -l16
[16.661s] Invoking command in '/home/emersonmt/topics_ws/build/xarm_planner': AMENT_PREFIX_PATH=/home/emersonmt/topics_ws/install/uf_ros_lib:/home/emersonmt/topics_ws/install/xarm_emer:/home/emersonmt/topics_ws/install/xarm_gui:/home/emersonmt/topics_ws/install/xarm_planner:/home/emersonmt/topics_ws/install/xarm_moveit_servo:/home/emersonmt/topics_ws/install/xarm_moveit_config:/home/emersonmt/topics_ws/install/xarm_gazebo:/home/emersonmt/topics_ws/install/xarm_controller:/home/emersonmt/topics_ws/install/xarm_api:/home/emersonmt/topics_ws/install/xarm_sdk:/home/emersonmt/topics_ws/install/xarm_msgs:/home/emersonmt/topics_ws/install/xarm_description:/home/emersonmt/topics_ws/install/mbot_demo:/home/emersonmt/topics_ws/install/realsense_gazebo_plugin:/home/emersonmt/dev_ws/install/xarm_planner:/home/emersonmt/dev_ws/install/xarm_moveit_servo:/home/emersonmt/dev_ws/install/xarm_moveit_config:/home/emersonmt/dev_ws/install/xarm_gazebo:/home/emersonmt/dev_ws/install/xarm_controller:/home/emersonmt/dev_ws/install/xarm_api:/home/emersonmt/dev_ws/install/xarm_sdk:/home/emersonmt/dev_ws/install/xarm_msgs:/home/emersonmt/dev_ws/install/xarm_description:/home/emersonmt/dev_ws/install/mbot_demo:/home/emersonmt/dev_ws/install/uf_ros_lib:/home/emersonmt/dev_ws/install/realsense_gazebo_plugin:/opt/ros/jazzy CMAKE_PREFIX_PATH=/home/emersonmt/topics_ws/install/xarm_moveit_config:/home/emersonmt/topics_ws/install/xarm_gazebo:/home/emersonmt/topics_ws/install/xarm_controller:/home/emersonmt/topics_ws/install/xarm_api:/home/emersonmt/topics_ws/install/xarm_sdk:/home/emersonmt/topics_ws/install/xarm_msgs:/home/emersonmt/topics_ws/install/xarm_description:/home/emersonmt/topics_ws/install/xarm_emer:/home/emersonmt/topics_ws/install/xarm_planner:/home/emersonmt/topics_ws/install/xarm_moveit_servo:/home/emersonmt/topics_ws/install/mbot_demo:/home/emersonmt/topics_ws/install/realsense_gazebo_plugin:/home/emersonmt/dev_ws/install/xarm_planner:/home/emersonmt/dev_ws/install/xarm_moveit_servo:/home/emersonmt/dev_ws/install/xarm_moveit_config:/home/emersonmt/dev_ws/install/xarm_gazebo:/home/emersonmt/dev_ws/install/xarm_controller:/home/emersonmt/dev_ws/install/xarm_api:/home/emersonmt/dev_ws/install/xarm_sdk:/home/emersonmt/dev_ws/install/xarm_msgs:/home/emersonmt/dev_ws/install/xarm_description:/home/emersonmt/dev_ws/install/mbot_demo:/home/emersonmt/dev_ws/install/realsense_gazebo_plugin:/opt/ros/jazzy/opt/gz_sim_vendor:/opt/ros/jazzy/opt/gz_sensors_vendor:/opt/ros/jazzy/opt/gz_physics_vendor:/opt/ros/jazzy/opt/sdformat_vendor:/opt/ros/jazzy/opt/gz_gui_vendor:/opt/ros/jazzy/opt/gz_transport_vendor:/opt/ros/jazzy/opt/gz_rendering_vendor:/opt/ros/jazzy/opt/gz_plugin_vendor:/opt/ros/jazzy/opt/gz_fuel_tools_vendor:/opt/ros/jazzy/opt/gz_msgs_vendor:/opt/ros/jazzy/opt/gz_common_vendor:/opt/ros/jazzy/opt/gz_math_vendor:/opt/ros/jazzy/opt/gz_utils_vendor:/opt/ros/jazzy/opt/gz_tools_vendor:/opt/ros/jazzy/opt/gz_ogre_next_vendor:/opt/ros/jazzy/opt/gz_dartsim_vendor:/opt/ros/jazzy/opt/gz_cmake_vendor:/home/emersonmt/topics_ws/install/xarm_gui:/home/emersonmt/topics_ws/install/uf_ros_lib:/home/emersonmt/dev_ws/install/uf_ros_lib:/opt/ros/jazzy DEBUGINFOD_URLS=https://debuginfod.ubuntu.com LD_LIBRARY_PATH=/home/emersonmt/topics_ws/install/xarm_controller/lib:/home/emersonmt/topics_ws/install/xarm_api/lib:/home/emersonmt/topics_ws/install/xarm_sdk/lib:/home/emersonmt/topics_ws/install/xarm_msgs/lib:/home/emersonmt/topics_ws/install/xarm_planner/lib:/home/emersonmt/topics_ws/install/xarm_moveit_servo/lib:/home/emersonmt/topics_ws/install/realsense_gazebo_plugin/lib:/home/emersonmt/dev_ws/install/xarm_planner/lib:/home/emersonmt/dev_ws/install/xarm_moveit_servo/lib:/home/emersonmt/dev_ws/install/xarm_controller/lib:/home/emersonmt/dev_ws/install/xarm_api/lib:/home/emersonmt/dev_ws/install/xarm_sdk/lib:/home/emersonmt/dev_ws/install/xarm_msgs/lib:/home/emersonmt/dev_ws/install/realsense_gazebo_plugin/lib:/opt/ros/jazzy/opt/gz_sim_vendor/lib:/opt/ros/jazzy/opt/gz_sensors_vendor/lib:/opt/ros/jazzy/opt/gz_physics_vendor/lib:/opt/ros/jazzy/opt/sdformat_vendor/lib:/opt/ros/jazzy/opt/rviz_ogre_vendor/lib:/opt/ros/jazzy/lib/x86_64-linux-gnu:/opt/ros/jazzy/opt/gz_gui_vendor/lib:/opt/ros/jazzy/opt/gz_transport_vendor/lib:/opt/ros/jazzy/opt/gz_rendering_vendor/lib:/opt/ros/jazzy/opt/gz_plugin_vendor/lib:/opt/ros/jazzy/opt/gz_fuel_tools_vendor/lib:/opt/ros/jazzy/opt/gz_msgs_vendor/lib:/opt/ros/jazzy/opt/gz_common_vendor/lib:/opt/ros/jazzy/opt/gz_math_vendor/lib:/opt/ros/jazzy/opt/gz_utils_vendor/lib:/opt/ros/jazzy/opt/gz_tools_vendor/lib:/opt/ros/jazzy/opt/gz_ogre_next_vendor/lib:/opt/ros/jazzy/opt/gz_dartsim_vendor/lib:/opt/ros/jazzy/opt/gz_cmake_vendor/lib:/opt/ros/jazzy/lib PYTHONPATH=/home/emersonmt/topics_ws/install/xarm_msgs/lib/python3.12/site-packages:/home/emersonmt/topics_ws/install/uf_ros_lib/lib/python3.12/site-packages:/home/emersonmt/topics_ws/install/xarm_gui/lib/python3.12/site-packages:/home/emersonmt/dev_ws/install/xarm_msgs/lib/python3.12/site-packages:/home/emersonmt/dev_ws/install/uf_ros_lib/lib/python3.12/site-packages:/opt/ros/jazzy/lib/python3.12/site-packages /usr/bin/cmake --install /home/emersonmt/topics_ws/build/xarm_planner
[16.671s] -- Install configuration: ""
[16.671s] -- Installing: /home/emersonmt/topics_ws/install/xarm_planner/include
[16.671s] -- Installing: /home/emersonmt/topics_ws/install/xarm_planner/include/xarm_planner
[16.671s] -- Installing: /home/emersonmt/topics_ws/install/xarm_planner/include/xarm_planner/xarm_planner.h
[16.671s] -- Installing: /home/emersonmt/topics_ws/install/xarm_planner/lib/libxarm_planner.so
[16.672s] -- Set non-toolchain portion of runtime path of "/home/emersonmt/topics_ws/install/xarm_planner/lib/libxarm_planner.so" to ""
[16.672s] -- Installing: /home/emersonmt/topics_ws/install/xarm_planner/lib/xarm_planner/xarm_planner_node
[16.675s] -- Set non-toolchain portion of runtime path of "/home/emersonmt/topics_ws/install/xarm_planner/lib/xarm_planner/xarm_planner_node" to ""
[16.675s] -- Installing: /home/emersonmt/topics_ws/install/xarm_planner/lib/xarm_planner/xarm_gripper_planner_node
[16.676s] -- Set non-toolchain portion of runtime path of "/home/emersonmt/topics_ws/install/xarm_planner/lib/xarm_planner/xarm_gripper_planner_node" to ""
[16.676s] -- Installing: /home/emersonmt/topics_ws/install/xarm_planner/lib/xarm_planner/test_xarm_planner_api_joint
[16.677s] -- Set non-toolchain portion of runtime path of "/home/emersonmt/topics_ws/install/xarm_planner/lib/xarm_planner/test_xarm_planner_api_joint" to ""
[16.677s] -- Installing: /home/emersonmt/topics_ws/install/xarm_planner/lib/xarm_planner/test_dual_xarm_planner_api_joint
[16.677s] -- Set non-toolchain portion of runtime path of "/home/emersonmt/topics_ws/install/xarm_planner/lib/xarm_planner/test_dual_xarm_planner_api_joint" to ""
[16.678s] -- Installing: /home/emersonmt/topics_ws/install/xarm_planner/lib/xarm_planner/test_xarm_planner_api_pose
[16.678s] -- Set non-toolchain portion of runtime path of "/home/emersonmt/topics_ws/install/xarm_planner/lib/xarm_planner/test_xarm_planner_api_pose" to ""
[16.678s] -- Installing: /home/emersonmt/topics_ws/install/xarm_planner/lib/xarm_planner/test_xarm_gripper_planner_api_joint
[16.678s] -- Set non-toolchain portion of runtime path of "/home/emersonmt/topics_ws/install/xarm_planner/lib/xarm_planner/test_xarm_gripper_planner_api_joint" to ""
[16.679s] -- Installing: /home/emersonmt/topics_ws/install/xarm_planner/lib/xarm_planner/test_xarm_planner_client_joint
[16.680s] -- Set non-toolchain portion of runtime path of "/home/emersonmt/topics_ws/install/xarm_planner/lib/xarm_planner/test_xarm_planner_client_joint" to ""
[16.680s] -- Installing: /home/emersonmt/topics_ws/install/xarm_planner/lib/xarm_planner/test_xarm_planner_client_pose
[16.682s] -- Set non-toolchain portion of runtime path of "/home/emersonmt/topics_ws/install/xarm_planner/lib/xarm_planner/test_xarm_planner_client_pose" to ""
[16.682s] -- Installing: /home/emersonmt/topics_ws/install/xarm_planner/lib/xarm_planner/test_xarm_gripper_planner_client_joint
[16.684s] -- Set non-toolchain portion of runtime path of "/home/emersonmt/topics_ws/install/xarm_planner/lib/xarm_planner/test_xarm_gripper_planner_client_joint" to ""
[16.684s] -- Installing: /home/emersonmt/topics_ws/install/xarm_planner/lib/xarm_planner/test_lite_gripper_realmove
[16.685s] -- Set non-toolchain portion of runtime path of "/home/emersonmt/topics_ws/install/xarm_planner/lib/xarm_planner/test_lite_gripper_realmove" to ""
[16.685s] -- Installing: /home/emersonmt/topics_ws/install/xarm_planner/share/xarm_planner//launch
[16.685s] -- Installing: /home/emersonmt/topics_ws/install/xarm_planner/share/xarm_planner//launch/xarm5_planner_fake.launch.py
[16.685s] -- Installing: /home/emersonmt/topics_ws/install/xarm_planner/share/xarm_planner//launch/xarm5_planner_gazebo.launch.py
[16.686s] -- Installing: /home/emersonmt/topics_ws/install/xarm_planner/share/xarm_planner//launch/uf850_planner_realmove.launch.py
[16.686s] -- Installing: /home/emersonmt/topics_ws/install/xarm_planner/share/xarm_planner//launch/_dual_robot_planner.launch.py
[16.687s] -- Installing: /home/emersonmt/topics_ws/install/xarm_planner/share/xarm_planner//launch/xarm7_mirror_planner_fake.launch.py
[16.687s] -- Installing: /home/emersonmt/topics_ws/install/xarm_planner/share/xarm_planner//launch/xarm6_planner_fake.launch.py
[16.688s] -- Installing: /home/emersonmt/topics_ws/install/xarm_planner/share/xarm_planner//launch/xarm6_planner_gazebo.launch.py
[16.688s] -- Installing: /home/emersonmt/topics_ws/install/xarm_planner/share/xarm_planner//launch/test_lite_gripper_realmove.launch.py
[16.689s] -- Installing: /home/emersonmt/topics_ws/install/xarm_planner/share/xarm_planner//launch/test_xarm_planner_api_joint.launch.py
[16.689s] -- Installing: /home/emersonmt/topics_ws/install/xarm_planner/share/xarm_planner//launch/xarm7_planner_gazebo.launch.py
[16.689s] -- Installing: /home/emersonmt/topics_ws/install/xarm_planner/share/xarm_planner//launch/xarm7_mirror_planner_realmove.launch.py
[16.690s] -- Installing: /home/emersonmt/topics_ws/install/xarm_planner/share/xarm_planner//launch/xarm7_planner_fake.launch.py
[16.690s] -- Installing: /home/emersonmt/topics_ws/install/xarm_planner/share/xarm_planner//launch/uf850_planner_fake.launch.py
[16.690s] -- Installing: /home/emersonmt/topics_ws/install/xarm_planner/share/xarm_planner//launch/_robot_planner.launch.py
[16.691s] -- Installing: /home/emersonmt/topics_ws/install/xarm_planner/share/xarm_planner//launch/xarm7_mirror_planner_gazebo.launch.py
[16.691s] -- Installing: /home/emersonmt/topics_ws/install/xarm_planner/share/xarm_planner//launch/xarm5_planner_realmove.launch.py
[16.691s] -- Installing: /home/emersonmt/topics_ws/install/xarm_planner/share/xarm_planner//launch/test_xarm_planner_client_joint.launch.py
[16.692s] -- Installing: /home/emersonmt/topics_ws/install/xarm_planner/share/xarm_planner//launch/test_xarm_gripper_planner_api_joint.launch.py
[16.692s] -- Installing: /home/emersonmt/topics_ws/install/xarm_planner/share/xarm_planner//launch/uf850_planner_gazebo.launch.py
[16.692s] -- Installing: /home/emersonmt/topics_ws/install/xarm_planner/share/xarm_planner//launch/lite6_planner_fake.launch.py
[16.692s] -- Installing: /home/emersonmt/topics_ws/install/xarm_planner/share/xarm_planner//launch/lite6_planner_gazebo.launch.py
[16.692s] -- Installing: /home/emersonmt/topics_ws/install/xarm_planner/share/xarm_planner//launch/test_move_group.launch.py
[16.693s] -- Installing: /home/emersonmt/topics_ws/install/xarm_planner/share/xarm_planner//launch/test_xarm_planner_client_pose.launch.py
[16.693s] -- Installing: /home/emersonmt/topics_ws/install/xarm_planner/share/xarm_planner//launch/test_xarm_gripper_planner_client_joint.launch.py
[16.693s] -- Installing: /home/emersonmt/topics_ws/install/xarm_planner/share/xarm_planner//launch/test_dual_xarm_planner_api_joint.launch.py
[16.693s] -- Installing: /home/emersonmt/topics_ws/install/xarm_planner/share/xarm_planner//launch/test_xarm_planner_api_pose.launch.py
[16.693s] -- Installing: /home/emersonmt/topics_ws/install/xarm_planner/share/xarm_planner//launch/xarm7_planner_realmove.launch.py
[16.693s] -- Installing: /home/emersonmt/topics_ws/install/xarm_planner/share/xarm_planner//launch/lite6_planner_realmove.launch.py
[16.693s] -- Installing: /home/emersonmt/topics_ws/install/xarm_planner/share/xarm_planner//launch/xarm6_planner_realmove.launch.py
[16.694s] -- Installing: /home/emersonmt/topics_ws/install/xarm_planner/share/ament_index/resource_index/package_run_dependencies/xarm_planner
[16.694s] -- Installing: /home/emersonmt/topics_ws/install/xarm_planner/share/ament_index/resource_index/parent_prefix_path/xarm_planner
[16.694s] -- Installing: /home/emersonmt/topics_ws/install/xarm_planner/share/xarm_planner/environment/ament_prefix_path.sh
[16.694s] -- Installing: /home/emersonmt/topics_ws/install/xarm_planner/share/xarm_planner/environment/ament_prefix_path.dsv
[16.694s] -- Installing: /home/emersonmt/topics_ws/install/xarm_planner/share/xarm_planner/environment/path.sh
[16.694s] -- Installing: /home/emersonmt/topics_ws/install/xarm_planner/share/xarm_planner/environment/path.dsv
[16.694s] -- Installing: /home/emersonmt/topics_ws/install/xarm_planner/share/xarm_planner/local_setup.bash
[16.694s] -- Installing: /home/emersonmt/topics_ws/install/xarm_planner/share/xarm_planner/local_setup.sh
[16.695s] -- Installing: /home/emersonmt/topics_ws/install/xarm_planner/share/xarm_planner/local_setup.zsh
[16.695s] -- Installing: /home/emersonmt/topics_ws/install/xarm_planner/share/xarm_planner/local_setup.dsv
[16.695s] -- Installing: /home/emersonmt/topics_ws/install/xarm_planner/share/xarm_planner/package.dsv
[16.695s] -- Installing: /home/emersonmt/topics_ws/install/xarm_planner/share/ament_index/resource_index/packages/xarm_planner
[16.695s] -- Installing: /home/emersonmt/topics_ws/install/xarm_planner/share/xarm_planner/cmake/xarm_plannerConfig.cmake
[16.695s] -- Installing: /home/emersonmt/topics_ws/install/xarm_planner/share/xarm_planner/cmake/xarm_plannerConfig-version.cmake
[16.695s] -- Installing: /home/emersonmt/topics_ws/install/xarm_planner/share/xarm_planner/package.xml
[16.698s] Invoked command in '/home/emersonmt/topics_ws/build/xarm_planner' returned '0': AMENT_PREFIX_PATH=/home/emersonmt/topics_ws/install/uf_ros_lib:/home/emersonmt/topics_ws/install/xarm_emer:/home/emersonmt/topics_ws/install/xarm_gui:/home/emersonmt/topics_ws/install/xarm_planner:/home/emersonmt/topics_ws/install/xarm_moveit_servo:/home/emersonmt/topics_ws/install/xarm_moveit_config:/home/emersonmt/topics_ws/install/xarm_gazebo:/home/emersonmt/topics_ws/install/xarm_controller:/home/emersonmt/topics_ws/install/xarm_api:/home/emersonmt/topics_ws/install/xarm_sdk:/home/emersonmt/topics_ws/install/xarm_msgs:/home/emersonmt/topics_ws/install/xarm_description:/home/emersonmt/topics_ws/install/mbot_demo:/home/emersonmt/topics_ws/install/realsense_gazebo_plugin:/home/emersonmt/dev_ws/install/xarm_planner:/home/emersonmt/dev_ws/install/xarm_moveit_servo:/home/emersonmt/dev_ws/install/xarm_moveit_config:/home/emersonmt/dev_ws/install/xarm_gazebo:/home/emersonmt/dev_ws/install/xarm_controller:/home/emersonmt/dev_ws/install/xarm_api:/home/emersonmt/dev_ws/install/xarm_sdk:/home/emersonmt/dev_ws/install/xarm_msgs:/home/emersonmt/dev_ws/install/xarm_description:/home/emersonmt/dev_ws/install/mbot_demo:/home/emersonmt/dev_ws/install/uf_ros_lib:/home/emersonmt/dev_ws/install/realsense_gazebo_plugin:/opt/ros/jazzy CMAKE_PREFIX_PATH=/home/emersonmt/topics_ws/install/xarm_moveit_config:/home/emersonmt/topics_ws/install/xarm_gazebo:/home/emersonmt/topics_ws/install/xarm_controller:/home/emersonmt/topics_ws/install/xarm_api:/home/emersonmt/topics_ws/install/xarm_sdk:/home/emersonmt/topics_ws/install/xarm_msgs:/home/emersonmt/topics_ws/install/xarm_description:/home/emersonmt/topics_ws/install/xarm_emer:/home/emersonmt/topics_ws/install/xarm_planner:/home/emersonmt/topics_ws/install/xarm_moveit_servo:/home/emersonmt/topics_ws/install/mbot_demo:/home/emersonmt/topics_ws/install/realsense_gazebo_plugin:/home/emersonmt/dev_ws/install/xarm_planner:/home/emersonmt/dev_ws/install/xarm_moveit_servo:/home/emersonmt/dev_ws/install/xarm_moveit_config:/home/emersonmt/dev_ws/install/xarm_gazebo:/home/emersonmt/dev_ws/install/xarm_controller:/home/emersonmt/dev_ws/install/xarm_api:/home/emersonmt/dev_ws/install/xarm_sdk:/home/emersonmt/dev_ws/install/xarm_msgs:/home/emersonmt/dev_ws/install/xarm_description:/home/emersonmt/dev_ws/install/mbot_demo:/home/emersonmt/dev_ws/install/realsense_gazebo_plugin:/opt/ros/jazzy/opt/gz_sim_vendor:/opt/ros/jazzy/opt/gz_sensors_vendor:/opt/ros/jazzy/opt/gz_physics_vendor:/opt/ros/jazzy/opt/sdformat_vendor:/opt/ros/jazzy/opt/gz_gui_vendor:/opt/ros/jazzy/opt/gz_transport_vendor:/opt/ros/jazzy/opt/gz_rendering_vendor:/opt/ros/jazzy/opt/gz_plugin_vendor:/opt/ros/jazzy/opt/gz_fuel_tools_vendor:/opt/ros/jazzy/opt/gz_msgs_vendor:/opt/ros/jazzy/opt/gz_common_vendor:/opt/ros/jazzy/opt/gz_math_vendor:/opt/ros/jazzy/opt/gz_utils_vendor:/opt/ros/jazzy/opt/gz_tools_vendor:/opt/ros/jazzy/opt/gz_ogre_next_vendor:/opt/ros/jazzy/opt/gz_dartsim_vendor:/opt/ros/jazzy/opt/gz_cmake_vendor:/home/emersonmt/topics_ws/install/xarm_gui:/home/emersonmt/topics_ws/install/uf_ros_lib:/home/emersonmt/dev_ws/install/uf_ros_lib:/opt/ros/jazzy DEBUGINFOD_URLS=https://debuginfod.ubuntu.com LD_LIBRARY_PATH=/home/emersonmt/topics_ws/install/xarm_controller/lib:/home/emersonmt/topics_ws/install/xarm_api/lib:/home/emersonmt/topics_ws/install/xarm_sdk/lib:/home/emersonmt/topics_ws/install/xarm_msgs/lib:/home/emersonmt/topics_ws/install/xarm_planner/lib:/home/emersonmt/topics_ws/install/xarm_moveit_servo/lib:/home/emersonmt/topics_ws/install/realsense_gazebo_plugin/lib:/home/emersonmt/dev_ws/install/xarm_planner/lib:/home/emersonmt/dev_ws/install/xarm_moveit_servo/lib:/home/emersonmt/dev_ws/install/xarm_controller/lib:/home/emersonmt/dev_ws/install/xarm_api/lib:/home/emersonmt/dev_ws/install/xarm_sdk/lib:/home/emersonmt/dev_ws/install/xarm_msgs/lib:/home/emersonmt/dev_ws/install/realsense_gazebo_plugin/lib:/opt/ros/jazzy/opt/gz_sim_vendor/lib:/opt/ros/jazzy/opt/gz_sensors_vendor/lib:/opt/ros/jazzy/opt/gz_physics_vendor/lib:/opt/ros/jazzy/opt/sdformat_vendor/lib:/opt/ros/jazzy/opt/rviz_ogre_vendor/lib:/opt/ros/jazzy/lib/x86_64-linux-gnu:/opt/ros/jazzy/opt/gz_gui_vendor/lib:/opt/ros/jazzy/opt/gz_transport_vendor/lib:/opt/ros/jazzy/opt/gz_rendering_vendor/lib:/opt/ros/jazzy/opt/gz_plugin_vendor/lib:/opt/ros/jazzy/opt/gz_fuel_tools_vendor/lib:/opt/ros/jazzy/opt/gz_msgs_vendor/lib:/opt/ros/jazzy/opt/gz_common_vendor/lib:/opt/ros/jazzy/opt/gz_math_vendor/lib:/opt/ros/jazzy/opt/gz_utils_vendor/lib:/opt/ros/jazzy/opt/gz_tools_vendor/lib:/opt/ros/jazzy/opt/gz_ogre_next_vendor/lib:/opt/ros/jazzy/opt/gz_dartsim_vendor/lib:/opt/ros/jazzy/opt/gz_cmake_vendor/lib:/opt/ros/jazzy/lib PYTHONPATH=/home/emersonmt/topics_ws/install/xarm_msgs/lib/python3.12/site-packages:/home/emersonmt/topics_ws/install/uf_ros_lib/lib/python3.12/site-packages:/home/emersonmt/topics_ws/install/xarm_gui/lib/python3.12/site-packages:/home/emersonmt/dev_ws/install/xarm_msgs/lib/python3.12/site-packages:/home/emersonmt/dev_ws/install/uf_ros_lib/lib/python3.12/site-packages:/opt/ros/jazzy/lib/python3.12/site-packages /usr/bin/cmake --install /home/emersonmt/topics_ws/build/xarm_planner
