[0.045s] Invoking command in '/home/emersonmt/topics_ws/build/xarm_sdk': CMAKE_PREFIX_PATH=${CMAKE_PREFIX_PATH}:/home/emersonmt/topics_ws/install/xarm_gui:/home/emersonmt/topics_ws/install/uf_ros_lib:/home/emersonmt/dev_ws/install/uf_ros_lib:/opt/ros/jazzy DEBUGINFOD_URLS=https://debuginfod.ubuntu.com /usr/bin/cmake /home/emersonmt/topics_ws/src/xarm_ros2/xarm_sdk -DCMAKE_INSTALL_PREFIX=/home/emersonmt/topics_ws/install/xarm_sdk
[0.344s] -- The C compiler identification is GNU 13.3.0
[0.344s] -- The CXX compiler identification is GNU 13.3.0
[0.344s] -- Detecting C compiler ABI info
[0.409s] -- Detecting C compiler ABI info - done
[0.423s] -- Check for working C compiler: /usr/bin/cc - skipped
[0.423s] -- Detecting C compile features
[0.424s] -- Detecting C compile features - done
[0.440s] -- Detecting CXX compiler ABI info
[0.611s] -- Detecting CXX compiler ABI info - done
[0.625s] -- Check for working CXX compiler: /usr/bin/c++ - skipped
[0.625s] -- Detecting CXX compile features
[0.626s] -- Detecting CXX compile features - done
[0.637s] -- Found ament_cmake: 2.5.4 (/opt/ros/jazzy/share/ament_cmake/cmake)
[0.919s] -- Found Python3: /usr/bin/python3 (found version "3.12.3") found components: Interpreter 
[1.115s] -- Found ament_lint_auto: 0.17.3 (/opt/ros/jazzy/share/ament_lint_auto/cmake)
[1.221s] -- Added test 'copyright' to check source files copyright and LICENSE
[1.232s] -- Added test 'cppcheck' to perform static code analysis on C / C++ code
[1.232s] -- Configured cppcheck include dirs: /home/emersonmt/topics_ws/src/xarm_ros2/xarm_sdk/cxx/include
[1.233s] -- Configured cppcheck exclude dirs and/or files: 
[1.244s] -- Added test 'cpplint' to check C / C++ code against the Google style
[1.245s] -- Configured cpplint exclude dirs and/or files: 
[1.250s] -- Added test 'lint_cmake' to check CMake code style
[1.262s] -- Added test 'uncrustify' to check C / C++ code style
[1.262s] -- Configured uncrustify additional arguments: 
[1.264s] -- Added test 'xmllint' to check XML markup files
[1.267s] -- Configuring done (1.2s)
[1.273s] -- Generating done (0.0s)
[1.275s] -- Build files have been written to: /home/emersonmt/topics_ws/build/xarm_sdk
[1.281s] Invoked command in '/home/emersonmt/topics_ws/build/xarm_sdk' returned '0': CMAKE_PREFIX_PATH=${CMAKE_PREFIX_PATH}:/home/emersonmt/topics_ws/install/xarm_gui:/home/emersonmt/topics_ws/install/uf_ros_lib:/home/emersonmt/dev_ws/install/uf_ros_lib:/opt/ros/jazzy DEBUGINFOD_URLS=https://debuginfod.ubuntu.com /usr/bin/cmake /home/emersonmt/topics_ws/src/xarm_ros2/xarm_sdk -DCMAKE_INSTALL_PREFIX=/home/emersonmt/topics_ws/install/xarm_sdk
[1.282s] Invoking command in '/home/emersonmt/topics_ws/build/xarm_sdk': CMAKE_PREFIX_PATH=${CMAKE_PREFIX_PATH}:/home/emersonmt/topics_ws/install/xarm_gui:/home/emersonmt/topics_ws/install/uf_ros_lib:/home/emersonmt/dev_ws/install/uf_ros_lib:/opt/ros/jazzy DEBUGINFOD_URLS=https://debuginfod.ubuntu.com /usr/bin/cmake --build /home/emersonmt/topics_ws/build/xarm_sdk -- -j16 -l16
[1.332s] [ 15%] [32mBuilding CXX object CMakeFiles/xarm_cxx_sdk.dir/cxx/src/serial/impl/list_ports/list_ports_win.cc.o[0m
[1.332s] [ 15%] [32mBuilding CXX object CMakeFiles/xarm_cxx_sdk.dir/cxx/src/serial/impl/win.cc.o[0m
[1.332s] [ 15%] [32mBuilding CXX object CMakeFiles/xarm_cxx_sdk.dir/cxx/src/serial/impl/list_ports/list_ports_linux.cc.o[0m
[1.335s] [ 15%] [32mBuilding CXX object CMakeFiles/xarm_cxx_sdk.dir/cxx/src/serial/serial.cc.o[0m
[1.336s] [ 18%] [32mBuilding CXX object CMakeFiles/xarm_cxx_sdk.dir/cxx/src/serial/impl/list_ports/list_ports_osx.cc.o[0m
[1.336s] [ 25%] [32mBuilding CXX object CMakeFiles/xarm_cxx_sdk.dir/cxx/src/xarm/core/debug/debug_print.cc.o[0m
[1.336s] [ 28%] [32mBuilding CXX object CMakeFiles/xarm_cxx_sdk.dir/cxx/src/serial/impl/unix.cc.o[0m
[1.336s] [ 21%] [32mBuilding CXX object CMakeFiles/xarm_cxx_sdk.dir/cxx/src/xarm/core/connect.cc.o[0m
[1.340s] [ 15%] [32mBuilding CXX object CMakeFiles/xarm_cxx_sdk.dir/cxx/src/xarm/core/common/crc16.cc.o[0m
[1.340s] [ 34%] [32mBuilding CXX object CMakeFiles/xarm_cxx_sdk.dir/cxx/src/xarm/core/instruction/uxbus_cmd.cc.o[0m
[1.340s] [ 34%] [32mBuilding CXX object CMakeFiles/xarm_cxx_sdk.dir/cxx/src/xarm/core/common/queue_memcpy.cc.o[0m
[1.340s] [ 37%] [32mBuilding CXX object CMakeFiles/xarm_cxx_sdk.dir/cxx/src/xarm/core/instruction/uxbus_cmd_ser.cc.o[0m
[1.342s] [ 43%] [32mBuilding CXX object CMakeFiles/xarm_cxx_sdk.dir/cxx/src/xarm/core/os/network.cc.o[0m
[1.342s] [ 43%] [32mBuilding CXX object CMakeFiles/xarm_cxx_sdk.dir/cxx/src/xarm/core/instruction/uxbus_cmd_tcp.cc.o[0m
[1.343s] [ 46%] [32mBuilding CXX object CMakeFiles/xarm_cxx_sdk.dir/cxx/src/xarm/core/port/ser.cc.o[0m
[1.343s] [ 50%] [32mBuilding CXX object CMakeFiles/xarm_cxx_sdk.dir/cxx/src/xarm/core/port/socket.cc.o[0m
[1.378s] [ 53%] [32mBuilding CXX object CMakeFiles/xarm_cxx_sdk.dir/cxx/src/xarm/wrapper/xarm_bio.cc.o[0m
[1.380s] [ 56%] [32mBuilding CXX object CMakeFiles/xarm_cxx_sdk.dir/cxx/src/xarm/wrapper/xarm_api.cc.o[0m
[1.380s] [ 59%] [32mBuilding CXX object CMakeFiles/xarm_cxx_sdk.dir/cxx/src/xarm/core/report_data.cc.o[0m
[1.400s] [ 62%] [32mBuilding CXX object CMakeFiles/xarm_cxx_sdk.dir/cxx/src/xarm/wrapper/xarm_events.cc.o[0m
[1.400s] [ 65%] [32mBuilding CXX object CMakeFiles/xarm_cxx_sdk.dir/cxx/src/xarm/wrapper/xarm_ft_sensor.cc.o[0m
[1.538s] [ 68%] [32mBuilding CXX object CMakeFiles/xarm_cxx_sdk.dir/cxx/src/xarm/wrapper/xarm_gpio.cc.o[0m
[1.720s] [ 71%] [32mBuilding CXX object CMakeFiles/xarm_cxx_sdk.dir/cxx/src/xarm/wrapper/xarm_gripper.cc.o[0m
[1.758s] [ 75%] [32mBuilding CXX object CMakeFiles/xarm_cxx_sdk.dir/cxx/src/xarm/wrapper/xarm_linear_motor.cc.o[0m
[1.775s] [ 78%] [32mBuilding CXX object CMakeFiles/xarm_cxx_sdk.dir/cxx/src/xarm/wrapper/xarm_modbus_tcp.cc.o[0m
[1.842s] [ 81%] [32mBuilding CXX object CMakeFiles/xarm_cxx_sdk.dir/cxx/src/xarm/wrapper/xarm_motion.cc.o[0m
[1.851s] [ 84%] [32mBuilding CXX object CMakeFiles/xarm_cxx_sdk.dir/cxx/src/xarm/wrapper/xarm_params.cc.o[0m
[1.869s] [ 87%] [32mBuilding CXX object CMakeFiles/xarm_cxx_sdk.dir/cxx/src/xarm/wrapper/xarm_record.cc.o[0m
[1.876s] [ 90%] [32mBuilding CXX object CMakeFiles/xarm_cxx_sdk.dir/cxx/src/xarm/wrapper/xarm_robotiq.cc.o[0m
[1.878s] [ 93%] [32mBuilding CXX object CMakeFiles/xarm_cxx_sdk.dir/cxx/src/xarm/wrapper/xarm_report.cc.o[0m
[1.897s] [ 96%] [32mBuilding CXX object CMakeFiles/xarm_cxx_sdk.dir/cxx/src/xarm/wrapper/xarm_servo.cc.o[0m
[3.890s] [100%] [32m[1mLinking CXX shared library libxarm_cxx_sdk.so[0m
[4.015s] [100%] Built target xarm_cxx_sdk
[4.027s] Invoked command in '/home/emersonmt/topics_ws/build/xarm_sdk' returned '0': CMAKE_PREFIX_PATH=${CMAKE_PREFIX_PATH}:/home/emersonmt/topics_ws/install/xarm_gui:/home/emersonmt/topics_ws/install/uf_ros_lib:/home/emersonmt/dev_ws/install/uf_ros_lib:/opt/ros/jazzy DEBUGINFOD_URLS=https://debuginfod.ubuntu.com /usr/bin/cmake --build /home/emersonmt/topics_ws/build/xarm_sdk -- -j16 -l16
[4.028s] Invoking command in '/home/emersonmt/topics_ws/build/xarm_sdk': CMAKE_PREFIX_PATH=${CMAKE_PREFIX_PATH}:/home/emersonmt/topics_ws/install/xarm_gui:/home/emersonmt/topics_ws/install/uf_ros_lib:/home/emersonmt/dev_ws/install/uf_ros_lib:/opt/ros/jazzy DEBUGINFOD_URLS=https://debuginfod.ubuntu.com /usr/bin/cmake --install /home/emersonmt/topics_ws/build/xarm_sdk
[4.037s] -- Install configuration: ""
[4.037s] -- Installing: /home/emersonmt/topics_ws/install/xarm_sdk/share/xarm_sdk/environment/library_path.sh
[4.037s] -- Installing: /home/emersonmt/topics_ws/install/xarm_sdk/share/xarm_sdk/environment/library_path.dsv
[4.037s] -- Installing: /home/emersonmt/topics_ws/install/xarm_sdk/cxx/include
[4.037s] -- Installing: /home/emersonmt/topics_ws/install/xarm_sdk/cxx/include/xarm
[4.037s] -- Installing: /home/emersonmt/topics_ws/install/xarm_sdk/cxx/include/xarm/core
[4.037s] -- Installing: /home/emersonmt/topics_ws/install/xarm_sdk/cxx/include/xarm/core/report_data.h
[4.037s] -- Installing: /home/emersonmt/topics_ws/install/xarm_sdk/cxx/include/xarm/core/instruction
[4.037s] -- Installing: /home/emersonmt/topics_ws/install/xarm_sdk/cxx/include/xarm/core/instruction/uxbus_cmd.h
[4.038s] -- Installing: /home/emersonmt/topics_ws/install/xarm_sdk/cxx/include/xarm/core/instruction/servo3_config.h
[4.038s] -- Installing: /home/emersonmt/topics_ws/install/xarm_sdk/cxx/include/xarm/core/instruction/uxbus_cmd_config.h
[4.038s] -- Installing: /home/emersonmt/topics_ws/install/xarm_sdk/cxx/include/xarm/core/instruction/uxbus_cmd_tcp.h
[4.038s] -- Installing: /home/emersonmt/topics_ws/install/xarm_sdk/cxx/include/xarm/core/instruction/uxbus_cmd_ser.h
[4.038s] -- Installing: /home/emersonmt/topics_ws/install/xarm_sdk/cxx/include/xarm/core/common
[4.038s] -- Installing: /home/emersonmt/topics_ws/install/xarm_sdk/cxx/include/xarm/core/common/crc16.h
[4.038s] -- Installing: /home/emersonmt/topics_ws/install/xarm_sdk/cxx/include/xarm/core/common/queue_memcpy.h
[4.038s] -- Installing: /home/emersonmt/topics_ws/install/xarm_sdk/cxx/include/xarm/core/common/data_type.h
[4.038s] -- Installing: /home/emersonmt/topics_ws/install/xarm_sdk/cxx/include/xarm/core/port
[4.038s] -- Installing: /home/emersonmt/topics_ws/install/xarm_sdk/cxx/include/xarm/core/port/socket.h
[4.038s] -- Installing: /home/emersonmt/topics_ws/install/xarm_sdk/cxx/include/xarm/core/port/ser.h
[4.038s] -- Installing: /home/emersonmt/topics_ws/install/xarm_sdk/cxx/include/xarm/core/xarm_config.h
[4.038s] -- Installing: /home/emersonmt/topics_ws/install/xarm_sdk/cxx/include/xarm/core/debug
[4.038s] -- Installing: /home/emersonmt/topics_ws/install/xarm_sdk/cxx/include/xarm/core/debug/debug_print.h
[4.038s] -- Installing: /home/emersonmt/topics_ws/install/xarm_sdk/cxx/include/xarm/core/connect.h
[4.038s] -- Installing: /home/emersonmt/topics_ws/install/xarm_sdk/cxx/include/xarm/core/os
[4.038s] -- Installing: /home/emersonmt/topics_ws/install/xarm_sdk/cxx/include/xarm/core/os/bak
[4.038s] -- Installing: /home/emersonmt/topics_ws/install/xarm_sdk/cxx/include/xarm/core/os/bak/thread.h
[4.039s] -- Installing: /home/emersonmt/topics_ws/install/xarm_sdk/cxx/include/xarm/core/os/network.h
[4.039s] -- Installing: /home/emersonmt/topics_ws/install/xarm_sdk/cxx/include/xarm/wrapper
[4.039s] -- Installing: /home/emersonmt/topics_ws/install/xarm_sdk/cxx/include/xarm/wrapper/common
[4.039s] -- Installing: /home/emersonmt/topics_ws/install/xarm_sdk/cxx/include/xarm/wrapper/common/utils.h
[4.039s] -- Installing: /home/emersonmt/topics_ws/install/xarm_sdk/cxx/include/xarm/wrapper/common/timer.h
[4.039s] -- Installing: /home/emersonmt/topics_ws/install/xarm_sdk/cxx/include/xarm/wrapper/xarm_api.h
[4.039s] -- Installing: /home/emersonmt/topics_ws/install/xarm_sdk/cxx/include/serial
[4.039s] -- Installing: /home/emersonmt/topics_ws/install/xarm_sdk/cxx/include/serial/impl
[4.039s] -- Installing: /home/emersonmt/topics_ws/install/xarm_sdk/cxx/include/serial/impl/unix.h
[4.039s] -- Installing: /home/emersonmt/topics_ws/install/xarm_sdk/cxx/include/serial/impl/win.h
[4.039s] -- Installing: /home/emersonmt/topics_ws/install/xarm_sdk/cxx/include/serial/serial.h
[4.039s] -- Installing: /home/emersonmt/topics_ws/install/xarm_sdk/cxx/include/serial/v8stdint.h
[4.039s] -- Installing: /home/emersonmt/topics_ws/install/xarm_sdk/lib/libxarm_cxx_sdk.so
[4.042s] -- Installing: /home/emersonmt/topics_ws/install/xarm_sdk/share/ament_index/resource_index/package_run_dependencies/xarm_sdk
[4.042s] -- Installing: /home/emersonmt/topics_ws/install/xarm_sdk/share/ament_index/resource_index/parent_prefix_path/xarm_sdk
[4.042s] -- Installing: /home/emersonmt/topics_ws/install/xarm_sdk/share/xarm_sdk/environment/ament_prefix_path.sh
[4.043s] -- Installing: /home/emersonmt/topics_ws/install/xarm_sdk/share/xarm_sdk/environment/ament_prefix_path.dsv
[4.043s] -- Installing: /home/emersonmt/topics_ws/install/xarm_sdk/share/xarm_sdk/environment/path.sh
[4.043s] -- Installing: /home/emersonmt/topics_ws/install/xarm_sdk/share/xarm_sdk/environment/path.dsv
[4.043s] -- Installing: /home/emersonmt/topics_ws/install/xarm_sdk/share/xarm_sdk/local_setup.bash
[4.043s] -- Installing: /home/emersonmt/topics_ws/install/xarm_sdk/share/xarm_sdk/local_setup.sh
[4.043s] -- Installing: /home/emersonmt/topics_ws/install/xarm_sdk/share/xarm_sdk/local_setup.zsh
[4.043s] -- Installing: /home/emersonmt/topics_ws/install/xarm_sdk/share/xarm_sdk/local_setup.dsv
[4.043s] -- Installing: /home/emersonmt/topics_ws/install/xarm_sdk/share/xarm_sdk/package.dsv
[4.043s] -- Installing: /home/emersonmt/topics_ws/install/xarm_sdk/share/ament_index/resource_index/packages/xarm_sdk
[4.043s] -- Installing: /home/emersonmt/topics_ws/install/xarm_sdk/share/xarm_sdk/cmake/ament_cmake_export_libraries-extras.cmake
[4.043s] -- Installing: /home/emersonmt/topics_ws/install/xarm_sdk/share/xarm_sdk/cmake/ament_cmake_export_include_directories-extras.cmake
[4.043s] -- Installing: /home/emersonmt/topics_ws/install/xarm_sdk/share/xarm_sdk/cmake/xarm_sdkConfig.cmake
[4.044s] -- Installing: /home/emersonmt/topics_ws/install/xarm_sdk/share/xarm_sdk/cmake/xarm_sdkConfig-version.cmake
[4.044s] -- Installing: /home/emersonmt/topics_ws/install/xarm_sdk/share/xarm_sdk/package.xml
[4.046s] Invoked command in '/home/emersonmt/topics_ws/build/xarm_sdk' returned '0': CMAKE_PREFIX_PATH=${CMAKE_PREFIX_PATH}:/home/emersonmt/topics_ws/install/xarm_gui:/home/emersonmt/topics_ws/install/uf_ros_lib:/home/emersonmt/dev_ws/install/uf_ros_lib:/opt/ros/jazzy DEBUGINFOD_URLS=https://debuginfod.ubuntu.com /usr/bin/cmake --install /home/emersonmt/topics_ws/build/xarm_sdk
