[0.492s] Invoking command in '/home/emersonmt/topics_ws/src/xarm_gui': DEBUGINFOD_URLS=https://debuginfod.ubuntu.com PYTHONPATH=/home/emersonmt/topics_ws/build/xarm_gui/prefix_override:/usr/lib/python3/dist-packages/colcon_core/task/python/colcon_distutils_commands:/home/emersonmt/topics_ws/install/xarm_gui/lib/python3.12/site-packages:${PYTHONPATH} /usr/bin/python3 -W ignore:setup.py install is deprecated -W ignore:easy_install command is deprecated setup.py egg_info --egg-base ../../build/xarm_gui build --build-base /home/emersonmt/topics_ws/build/xarm_gui/build install --record /home/emersonmt/topics_ws/build/xarm_gui/install.log --single-version-externally-managed install_data
[0.641s] running egg_info
[0.650s] writing ../../build/xarm_gui/xarm_gui.egg-info/PKG-INFO
[0.651s] writing dependency_links to ../../build/xarm_gui/xarm_gui.egg-info/dependency_links.txt
[0.651s] writing entry points to ../../build/xarm_gui/xarm_gui.egg-info/entry_points.txt
[0.651s] writing requirements to ../../build/xarm_gui/xarm_gui.egg-info/requires.txt
[0.651s] writing top-level names to ../../build/xarm_gui/xarm_gui.egg-info/top_level.txt
[0.670s] reading manifest file '../../build/xarm_gui/xarm_gui.egg-info/SOURCES.txt'
[0.671s] writing manifest file '../../build/xarm_gui/xarm_gui.egg-info/SOURCES.txt'
[0.671s] running build
[0.671s] running build_py
[0.671s] copying xarm_gui/gui_pose_publisher.py -> /home/emersonmt/topics_ws/build/xarm_gui/build/lib/xarm_gui
[0.671s] running install
[0.675s] running install_lib
[0.684s] copying /home/emersonmt/topics_ws/build/xarm_gui/build/lib/xarm_gui/gui_pose_publisher.py -> /home/emersonmt/topics_ws/install/xarm_gui/lib/python3.12/site-packages/xarm_gui
[0.685s] byte-compiling /home/emersonmt/topics_ws/install/xarm_gui/lib/python3.12/site-packages/xarm_gui/gui_pose_publisher.py to gui_pose_publisher.cpython-312.pyc
[0.686s] running install_data
[0.686s] running install_egg_info
[0.696s] removing '/home/emersonmt/topics_ws/install/xarm_gui/lib/python3.12/site-packages/xarm_gui-0.0.0-py3.12.egg-info' (and everything under it)
[0.696s] Copying ../../build/xarm_gui/xarm_gui.egg-info to /home/emersonmt/topics_ws/install/xarm_gui/lib/python3.12/site-packages/xarm_gui-0.0.0-py3.12.egg-info
[0.697s] running install_scripts
[0.772s] Installing gui_pose_publisher script to /home/emersonmt/topics_ws/install/xarm_gui/lib/xarm_gui
[0.772s] writing list of installed files to '/home/emersonmt/topics_ws/build/xarm_gui/install.log'
[0.790s] Invoked command in '/home/emersonmt/topics_ws/src/xarm_gui' returned '0': DEBUGINFOD_URLS=https://debuginfod.ubuntu.com PYTHONPATH=/home/emersonmt/topics_ws/build/xarm_gui/prefix_override:/usr/lib/python3/dist-packages/colcon_core/task/python/colcon_distutils_commands:/home/emersonmt/topics_ws/install/xarm_gui/lib/python3.12/site-packages:${PYTHONPATH} /usr/bin/python3 -W ignore:setup.py install is deprecated -W ignore:easy_install command is deprecated setup.py egg_info --egg-base ../../build/xarm_gui build --build-base /home/emersonmt/topics_ws/build/xarm_gui/build install --record /home/emersonmt/topics_ws/build/xarm_gui/install.log --single-version-externally-managed install_data
