[0.019s] Invoking command in '/home/emersonmt/topics_ws/build/xarm_planner': AMENT_PREFIX_PATH=/home/emersonmt/topics_ws/install/xarm_moveit_config:/home/emersonmt/topics_ws/install/xarm_gazebo:/home/emersonmt/topics_ws/install/xarm_controller:/home/emersonmt/topics_ws/install/xarm_api:/home/emersonmt/topics_ws/install/xarm_sdk:/home/emersonmt/topics_ws/install/xarm_msgs:/home/emersonmt/topics_ws/install/xarm_description:/home/emersonmt/topics_ws/install/uf_ros_lib:${AMENT_PREFIX_PATH} CMAKE_PREFIX_PATH=/home/emersonmt/topics_ws/install/xarm_moveit_config:/home/emersonmt/topics_ws/install/xarm_gazebo:/home/emersonmt/topics_ws/install/xarm_controller:/home/emersonmt/topics_ws/install/xarm_api:/home/emersonmt/topics_ws/install/xarm_sdk:/home/emersonmt/topics_ws/install/xarm_msgs:/home/emersonmt/topics_ws/install/xarm_description:/home/emersonmt/dev_ws/install/xarm_planner:/home/emersonmt/dev_ws/install/xarm_moveit_servo:/home/emersonmt/dev_ws/install/xarm_moveit_config:/home/emersonmt/dev_ws/install/xarm_gazebo:/home/emersonmt/dev_ws/install/xarm_controller:/home/emersonmt/dev_ws/install/xarm_api:/home/emersonmt/dev_ws/install/xarm_sdk:/home/emersonmt/dev_ws/install/xarm_msgs:/home/emersonmt/dev_ws/install/xarm_description:/home/emersonmt/dev_ws/install/mbot_demo:/home/emersonmt/dev_ws/install/realsense_gazebo_plugin:/opt/ros/jazzy/opt/gz_sim_vendor:/opt/ros/jazzy/opt/gz_sensors_vendor:/opt/ros/jazzy/opt/gz_physics_vendor:/opt/ros/jazzy/opt/gz_gui_vendor:/opt/ros/jazzy/opt/gz_transport_vendor:/opt/ros/jazzy/opt/gz_rendering_vendor:/opt/ros/jazzy/opt/gz_plugin_vendor:/opt/ros/jazzy/opt/gz_fuel_tools_vendor:/opt/ros/jazzy/opt/gz_msgs_vendor:/opt/ros/jazzy/opt/gz_common_vendor:/opt/ros/jazzy/opt/gz_ogre_next_vendor:/opt/ros/jazzy/opt/gz_dartsim_vendor:/opt/ros/jazzy/opt/sdformat_vendor:/opt/ros/jazzy/opt/gz_math_vendor:/opt/ros/jazzy/opt/gz_utils_vendor:/opt/ros/jazzy/opt/gz_tools_vendor:/opt/ros/jazzy/opt/gz_cmake_vendor:/home/emersonmt/dev_ws/install/uf_ros_lib:/opt/ros/jazzy DEBUGINFOD_URLS=https://debuginfod.ubuntu.com LD_LIBRARY_PATH=/home/emersonmt/topics_ws/install/xarm_controller/lib:/home/emersonmt/topics_ws/install/xarm_api/lib:/home/emersonmt/topics_ws/install/xarm_sdk/lib:/home/emersonmt/topics_ws/install/xarm_msgs/lib:${LD_LIBRARY_PATH} PYTHONPATH=/home/emersonmt/topics_ws/install/xarm_msgs/lib/python3.12/site-packages:/home/emersonmt/topics_ws/install/uf_ros_lib/lib/python3.12/site-packages:${PYTHONPATH} /usr/bin/cmake /home/emersonmt/topics_ws/src/xarm_ros2/xarm_planner -DCMAKE_INSTALL_PREFIX=/home/emersonmt/topics_ws/install/xarm_planner
[0.067s] -- The C compiler identification is GNU 13.3.0
[0.107s] -- The CXX compiler identification is GNU 13.3.0
[0.124s] -- Detecting C compiler ABI info
[0.203s] -- Detecting C compiler ABI info - done
[0.208s] -- Check for working C compiler: /usr/bin/cc - skipped
[0.208s] -- Detecting C compile features
[0.209s] -- Detecting C compile features - done
[0.215s] -- Detecting CXX compiler ABI info
[0.299s] -- Detecting CXX compiler ABI info - done
[0.305s] -- Check for working CXX compiler: /usr/bin/c++ - skipped
[0.305s] -- Detecting CXX compile features
[0.305s] -- Detecting CXX compile features - done
[0.310s] -- Found ament_cmake: 2.5.4 (/opt/ros/jazzy/share/ament_cmake/cmake)
[0.436s] -- Found Python3: /usr/bin/python3 (found version "3.12.3") found components: Interpreter 
[0.539s] -- Found moveit: 2.12.3 (/opt/ros/jazzy/share/moveit/cmake)
[0.543s] -- Found moveit_ros_planning_interface: 2.12.3 (/opt/ros/jazzy/share/moveit_ros_planning_interface/cmake)
[0.671s] -- Found Boost: /usr/lib/x86_64-linux-gnu/cmake/Boost-1.83.0/BoostConfig.cmake (found version "1.83.0") found components: date_time filesystem program_options system thread 
[0.730s] -- Found rosidl_generator_c: 4.6.6 (/opt/ros/jazzy/share/rosidl_generator_c/cmake)
[0.745s] -- Found rosidl_generator_cpp: 4.6.6 (/opt/ros/jazzy/share/rosidl_generator_cpp/cmake)
[0.763s] -- Using all available rosidl_typesupport_c: rosidl_typesupport_fastrtps_c;rosidl_typesupport_introspection_c
[0.782s] -- Using all available rosidl_typesupport_cpp: rosidl_typesupport_fastrtps_cpp;rosidl_typesupport_introspection_cpp
[1.049s] -- Found Boost: /usr/lib/x86_64-linux-gnu/cmake/Boost-1.83.0/BoostConfig.cmake (found version "1.83.0") found components: chrono date_time filesystem iostreams program_options regex serialization system thread 
[1.132s] -- Found parameter_traits: 0.5.0 (/opt/ros/jazzy/share/parameter_traits/cmake)
[1.183s] -- Found rmw_implementation_cmake: 7.3.2 (/opt/ros/jazzy/share/rmw_implementation_cmake/cmake)
[1.188s] -- Found rmw_fastrtps_cpp: 8.4.3 (/opt/ros/jazzy/share/rmw_fastrtps_cpp/cmake)
[1.289s] -- Found OpenSSL: /usr/lib/x86_64-linux-gnu/libcrypto.so (found version "3.0.13")  
[1.304s] -- Found FastRTPS: /opt/ros/jazzy/include (Required is at least version "2.13") 
[1.322s] -- Using RMW implementation 'rmw_fastrtps_cpp' as default
[1.400s] -- Found rclcpp_lifecycle: 28.1.11 (/opt/ros/jazzy/share/rclcpp_lifecycle/cmake)
[1.434s] -- Found Boost: /usr/lib/x86_64-linux-gnu/cmake/Boost-1.83.0/BoostConfig.cmake (found version "1.83.0") found components: filesystem 
[1.504s] -- Found Eigen3: TRUE (found version "3.4.0") 
[1.504s] -- Ensuring Eigen3 include directory is part of orocos-kdl CMake target
[1.667s] -- Found Boost: /usr/lib/x86_64-linux-gnu/cmake/Boost-1.83.0/BoostConfig.cmake (found version "1.83.0") found components: system filesystem date_time program_options thread chrono 
[1.708s] -- Found Boost: /usr/lib/x86_64-linux-gnu/cmake/Boost-1.83.0/BoostConfig.cmake (found version "1.83.0") found components: thread system filesystem regex date_time program_options 
[1.737s] -- Found Boost: /usr/lib/x86_64-linux-gnu/cmake/Boost-1.83.0/BoostConfig.cmake (found version "1.83.0") found components: system filesystem date_time program_options thread 
[1.766s] -- Found xarm_msgs: 0.0.0 (/home/emersonmt/topics_ws/install/xarm_msgs/share/xarm_msgs/cmake)
[1.837s] -- Found ament_lint_auto: 0.17.3 (/opt/ros/jazzy/share/ament_lint_auto/cmake)
[1.929s] -- Added test 'copyright' to check source files copyright and LICENSE
[1.931s] -- Added test 'cppcheck' to perform static code analysis on C / C++ code
[1.932s] -- Configured cppcheck include dirs: /home/emersonmt/topics_ws/src/xarm_ros2/xarm_planner/include
[1.932s] -- Configured cppcheck exclude dirs and/or files: 
[1.934s] -- Added test 'cpplint' to check C / C++ code against the Google style
[1.934s] -- Configured cpplint exclude dirs and/or files: 
[1.935s] -- Added test 'flake8' to check Python code syntax and style conventions
[1.935s] -- Configured 'flake8' exclude dirs and/or files: 
[1.935s] -- Added test 'lint_cmake' to check CMake code style
[1.936s] -- Added test 'pep257' to check Python code against some of the docstring style conventions in PEP 257
[1.938s] -- Added test 'uncrustify' to check C / C++ code style
[1.938s] -- Configured uncrustify additional arguments: 
[1.939s] -- Added test 'xmllint' to check XML markup files
[1.940s] -- Configuring done (1.9s)
[2.021s] -- Generating done (0.1s)
[2.043s] -- Build files have been written to: /home/emersonmt/topics_ws/build/xarm_planner
[2.059s] Invoked command in '/home/emersonmt/topics_ws/build/xarm_planner' returned '0': AMENT_PREFIX_PATH=/home/emersonmt/topics_ws/install/xarm_moveit_config:/home/emersonmt/topics_ws/install/xarm_gazebo:/home/emersonmt/topics_ws/install/xarm_controller:/home/emersonmt/topics_ws/install/xarm_api:/home/emersonmt/topics_ws/install/xarm_sdk:/home/emersonmt/topics_ws/install/xarm_msgs:/home/emersonmt/topics_ws/install/xarm_description:/home/emersonmt/topics_ws/install/uf_ros_lib:${AMENT_PREFIX_PATH} CMAKE_PREFIX_PATH=/home/emersonmt/topics_ws/install/xarm_moveit_config:/home/emersonmt/topics_ws/install/xarm_gazebo:/home/emersonmt/topics_ws/install/xarm_controller:/home/emersonmt/topics_ws/install/xarm_api:/home/emersonmt/topics_ws/install/xarm_sdk:/home/emersonmt/topics_ws/install/xarm_msgs:/home/emersonmt/topics_ws/install/xarm_description:/home/emersonmt/dev_ws/install/xarm_planner:/home/emersonmt/dev_ws/install/xarm_moveit_servo:/home/emersonmt/dev_ws/install/xarm_moveit_config:/home/emersonmt/dev_ws/install/xarm_gazebo:/home/emersonmt/dev_ws/install/xarm_controller:/home/emersonmt/dev_ws/install/xarm_api:/home/emersonmt/dev_ws/install/xarm_sdk:/home/emersonmt/dev_ws/install/xarm_msgs:/home/emersonmt/dev_ws/install/xarm_description:/home/emersonmt/dev_ws/install/mbot_demo:/home/emersonmt/dev_ws/install/realsense_gazebo_plugin:/opt/ros/jazzy/opt/gz_sim_vendor:/opt/ros/jazzy/opt/gz_sensors_vendor:/opt/ros/jazzy/opt/gz_physics_vendor:/opt/ros/jazzy/opt/gz_gui_vendor:/opt/ros/jazzy/opt/gz_transport_vendor:/opt/ros/jazzy/opt/gz_rendering_vendor:/opt/ros/jazzy/opt/gz_plugin_vendor:/opt/ros/jazzy/opt/gz_fuel_tools_vendor:/opt/ros/jazzy/opt/gz_msgs_vendor:/opt/ros/jazzy/opt/gz_common_vendor:/opt/ros/jazzy/opt/gz_ogre_next_vendor:/opt/ros/jazzy/opt/gz_dartsim_vendor:/opt/ros/jazzy/opt/sdformat_vendor:/opt/ros/jazzy/opt/gz_math_vendor:/opt/ros/jazzy/opt/gz_utils_vendor:/opt/ros/jazzy/opt/gz_tools_vendor:/opt/ros/jazzy/opt/gz_cmake_vendor:/home/emersonmt/dev_ws/install/uf_ros_lib:/opt/ros/jazzy DEBUGINFOD_URLS=https://debuginfod.ubuntu.com LD_LIBRARY_PATH=/home/emersonmt/topics_ws/install/xarm_controller/lib:/home/emersonmt/topics_ws/install/xarm_api/lib:/home/emersonmt/topics_ws/install/xarm_sdk/lib:/home/emersonmt/topics_ws/install/xarm_msgs/lib:${LD_LIBRARY_PATH} PYTHONPATH=/home/emersonmt/topics_ws/install/xarm_msgs/lib/python3.12/site-packages:/home/emersonmt/topics_ws/install/uf_ros_lib/lib/python3.12/site-packages:${PYTHONPATH} /usr/bin/cmake /home/emersonmt/topics_ws/src/xarm_ros2/xarm_planner -DCMAKE_INSTALL_PREFIX=/home/emersonmt/topics_ws/install/xarm_planner
[2.060s] Invoking command in '/home/emersonmt/topics_ws/build/xarm_planner': AMENT_PREFIX_PATH=/home/emersonmt/topics_ws/install/xarm_moveit_config:/home/emersonmt/topics_ws/install/xarm_gazebo:/home/emersonmt/topics_ws/install/xarm_controller:/home/emersonmt/topics_ws/install/xarm_api:/home/emersonmt/topics_ws/install/xarm_sdk:/home/emersonmt/topics_ws/install/xarm_msgs:/home/emersonmt/topics_ws/install/xarm_description:/home/emersonmt/topics_ws/install/uf_ros_lib:${AMENT_PREFIX_PATH} CMAKE_PREFIX_PATH=/home/emersonmt/topics_ws/install/xarm_moveit_config:/home/emersonmt/topics_ws/install/xarm_gazebo:/home/emersonmt/topics_ws/install/xarm_controller:/home/emersonmt/topics_ws/install/xarm_api:/home/emersonmt/topics_ws/install/xarm_sdk:/home/emersonmt/topics_ws/install/xarm_msgs:/home/emersonmt/topics_ws/install/xarm_description:/home/emersonmt/dev_ws/install/xarm_planner:/home/emersonmt/dev_ws/install/xarm_moveit_servo:/home/emersonmt/dev_ws/install/xarm_moveit_config:/home/emersonmt/dev_ws/install/xarm_gazebo:/home/emersonmt/dev_ws/install/xarm_controller:/home/emersonmt/dev_ws/install/xarm_api:/home/emersonmt/dev_ws/install/xarm_sdk:/home/emersonmt/dev_ws/install/xarm_msgs:/home/emersonmt/dev_ws/install/xarm_description:/home/emersonmt/dev_ws/install/mbot_demo:/home/emersonmt/dev_ws/install/realsense_gazebo_plugin:/opt/ros/jazzy/opt/gz_sim_vendor:/opt/ros/jazzy/opt/gz_sensors_vendor:/opt/ros/jazzy/opt/gz_physics_vendor:/opt/ros/jazzy/opt/gz_gui_vendor:/opt/ros/jazzy/opt/gz_transport_vendor:/opt/ros/jazzy/opt/gz_rendering_vendor:/opt/ros/jazzy/opt/gz_plugin_vendor:/opt/ros/jazzy/opt/gz_fuel_tools_vendor:/opt/ros/jazzy/opt/gz_msgs_vendor:/opt/ros/jazzy/opt/gz_common_vendor:/opt/ros/jazzy/opt/gz_ogre_next_vendor:/opt/ros/jazzy/opt/gz_dartsim_vendor:/opt/ros/jazzy/opt/sdformat_vendor:/opt/ros/jazzy/opt/gz_math_vendor:/opt/ros/jazzy/opt/gz_utils_vendor:/opt/ros/jazzy/opt/gz_tools_vendor:/opt/ros/jazzy/opt/gz_cmake_vendor:/home/emersonmt/dev_ws/install/uf_ros_lib:/opt/ros/jazzy DEBUGINFOD_URLS=https://debuginfod.ubuntu.com LD_LIBRARY_PATH=/home/emersonmt/topics_ws/install/xarm_controller/lib:/home/emersonmt/topics_ws/install/xarm_api/lib:/home/emersonmt/topics_ws/install/xarm_sdk/lib:/home/emersonmt/topics_ws/install/xarm_msgs/lib:${LD_LIBRARY_PATH} PYTHONPATH=/home/emersonmt/topics_ws/install/xarm_msgs/lib/python3.12/site-packages:/home/emersonmt/topics_ws/install/uf_ros_lib/lib/python3.12/site-packages:${PYTHONPATH} /usr/bin/cmake --build /home/emersonmt/topics_ws/build/xarm_planner -- -j16 -l16
[2.115s] [ 22%] [32mBuilding CXX object CMakeFiles/test_xarm_planner_client_pose.dir/test/test_xarm_planner_client_pose.cpp.o[0m
[2.115s] [ 22%] [32mBuilding CXX object CMakeFiles/test_xarm_planner_client_joint.dir/test/test_xarm_planner_client_joint.cpp.o[0m
[2.115s] [ 22%] [32mBuilding CXX object CMakeFiles/xarm_planner.dir/src/xarm_planner.cpp.o[0m
[2.115s] [ 22%] [32mBuilding CXX object CMakeFiles/test_lite_gripper_realmove.dir/test/test_lite_gripper_realmove.cpp.o[0m
[2.115s] [ 22%] [32mBuilding CXX object CMakeFiles/test_xarm_gripper_planner_client_joint.dir/test/test_xarm_gripper_planner_client_joint.cpp.o[0m
[4.857s] [ 27%] [32m[1mLinking CXX executable test_lite_gripper_realmove[0m
[5.084s] [ 27%] Built target test_lite_gripper_realmove
[5.208s] [ 31%] [32m[1mLinking CXX executable test_xarm_planner_client_pose[0m
[5.280s] [ 36%] [32m[1mLinking CXX executable test_xarm_gripper_planner_client_joint[0m
[5.340s] [ 40%] [32m[1mLinking CXX executable test_xarm_planner_client_joint[0m
[5.473s] [ 40%] Built target test_xarm_planner_client_pose
[5.543s] [ 40%] Built target test_xarm_gripper_planner_client_joint
[5.589s] [ 40%] Built target test_xarm_planner_client_joint
[7.429s] [ 45%] [32m[1mLinking CXX shared library libxarm_planner.so[0m
[7.569s] [ 45%] Built target xarm_planner
[7.589s] [ 72%] [32mBuilding CXX object CMakeFiles/test_xarm_planner_api_pose.dir/test/test_xarm_planner_api_pose.cpp.o[0m
[7.589s] [ 72%] [32mBuilding CXX object CMakeFiles/xarm_planner_node.dir/src/xarm_planner_node.cpp.o[0m
[7.589s] [ 72%] [32mBuilding CXX object CMakeFiles/xarm_gripper_planner_node.dir/src/xarm_gripper_planner_node.cpp.o[0m
[7.589s] [ 72%] [32mBuilding CXX object CMakeFiles/test_xarm_planner_api_joint.dir/test/test_xarm_planner_api_joint.cpp.o[0m
[7.589s] [ 72%] [32mBuilding CXX object CMakeFiles/test_dual_xarm_planner_api_joint.dir/test/test_dual_xarm_planner_api_joint.cpp.o[0m
[7.589s] [ 72%] [32mBuilding CXX object CMakeFiles/test_xarm_gripper_planner_api_joint.dir/test/test_xarm_gripper_planner_api_joint.cpp.o[0m
[12.833s] [ 77%] [32m[1mLinking CXX executable test_xarm_gripper_planner_api_joint[0m
[12.965s] [ 81%] [32m[1mLinking CXX executable test_xarm_planner_api_joint[0m
[12.994s] [ 86%] [32m[1mLinking CXX executable test_xarm_planner_api_pose[0m
[13.025s] [ 90%] [32m[1mLinking CXX executable test_dual_xarm_planner_api_joint[0m
[13.102s] [ 90%] Built target test_xarm_gripper_planner_api_joint
[13.265s] [ 90%] Built target test_xarm_planner_api_joint
[13.293s] [ 90%] Built target test_xarm_planner_api_pose
[13.323s] [ 90%] Built target test_dual_xarm_planner_api_joint
[13.690s] [ 95%] [32m[1mLinking CXX executable xarm_gripper_planner_node[0m
[14.094s] [ 95%] Built target xarm_gripper_planner_node
[14.931s] [100%] [32m[1mLinking CXX executable xarm_planner_node[0m
[15.301s] [100%] Built target xarm_planner_node
[15.312s] Invoked command in '/home/emersonmt/topics_ws/build/xarm_planner' returned '0': AMENT_PREFIX_PATH=/home/emersonmt/topics_ws/install/xarm_moveit_config:/home/emersonmt/topics_ws/install/xarm_gazebo:/home/emersonmt/topics_ws/install/xarm_controller:/home/emersonmt/topics_ws/install/xarm_api:/home/emersonmt/topics_ws/install/xarm_sdk:/home/emersonmt/topics_ws/install/xarm_msgs:/home/emersonmt/topics_ws/install/xarm_description:/home/emersonmt/topics_ws/install/uf_ros_lib:${AMENT_PREFIX_PATH} CMAKE_PREFIX_PATH=/home/emersonmt/topics_ws/install/xarm_moveit_config:/home/emersonmt/topics_ws/install/xarm_gazebo:/home/emersonmt/topics_ws/install/xarm_controller:/home/emersonmt/topics_ws/install/xarm_api:/home/emersonmt/topics_ws/install/xarm_sdk:/home/emersonmt/topics_ws/install/xarm_msgs:/home/emersonmt/topics_ws/install/xarm_description:/home/emersonmt/dev_ws/install/xarm_planner:/home/emersonmt/dev_ws/install/xarm_moveit_servo:/home/emersonmt/dev_ws/install/xarm_moveit_config:/home/emersonmt/dev_ws/install/xarm_gazebo:/home/emersonmt/dev_ws/install/xarm_controller:/home/emersonmt/dev_ws/install/xarm_api:/home/emersonmt/dev_ws/install/xarm_sdk:/home/emersonmt/dev_ws/install/xarm_msgs:/home/emersonmt/dev_ws/install/xarm_description:/home/emersonmt/dev_ws/install/mbot_demo:/home/emersonmt/dev_ws/install/realsense_gazebo_plugin:/opt/ros/jazzy/opt/gz_sim_vendor:/opt/ros/jazzy/opt/gz_sensors_vendor:/opt/ros/jazzy/opt/gz_physics_vendor:/opt/ros/jazzy/opt/gz_gui_vendor:/opt/ros/jazzy/opt/gz_transport_vendor:/opt/ros/jazzy/opt/gz_rendering_vendor:/opt/ros/jazzy/opt/gz_plugin_vendor:/opt/ros/jazzy/opt/gz_fuel_tools_vendor:/opt/ros/jazzy/opt/gz_msgs_vendor:/opt/ros/jazzy/opt/gz_common_vendor:/opt/ros/jazzy/opt/gz_ogre_next_vendor:/opt/ros/jazzy/opt/gz_dartsim_vendor:/opt/ros/jazzy/opt/sdformat_vendor:/opt/ros/jazzy/opt/gz_math_vendor:/opt/ros/jazzy/opt/gz_utils_vendor:/opt/ros/jazzy/opt/gz_tools_vendor:/opt/ros/jazzy/opt/gz_cmake_vendor:/home/emersonmt/dev_ws/install/uf_ros_lib:/opt/ros/jazzy DEBUGINFOD_URLS=https://debuginfod.ubuntu.com LD_LIBRARY_PATH=/home/emersonmt/topics_ws/install/xarm_controller/lib:/home/emersonmt/topics_ws/install/xarm_api/lib:/home/emersonmt/topics_ws/install/xarm_sdk/lib:/home/emersonmt/topics_ws/install/xarm_msgs/lib:${LD_LIBRARY_PATH} PYTHONPATH=/home/emersonmt/topics_ws/install/xarm_msgs/lib/python3.12/site-packages:/home/emersonmt/topics_ws/install/uf_ros_lib/lib/python3.12/site-packages:${PYTHONPATH} /usr/bin/cmake --build /home/emersonmt/topics_ws/build/xarm_planner -- -j16 -l16
[15.313s] Invoking command in '/home/emersonmt/topics_ws/build/xarm_planner': AMENT_PREFIX_PATH=/home/emersonmt/topics_ws/install/xarm_moveit_config:/home/emersonmt/topics_ws/install/xarm_gazebo:/home/emersonmt/topics_ws/install/xarm_controller:/home/emersonmt/topics_ws/install/xarm_api:/home/emersonmt/topics_ws/install/xarm_sdk:/home/emersonmt/topics_ws/install/xarm_msgs:/home/emersonmt/topics_ws/install/xarm_description:/home/emersonmt/topics_ws/install/uf_ros_lib:${AMENT_PREFIX_PATH} CMAKE_PREFIX_PATH=/home/emersonmt/topics_ws/install/xarm_moveit_config:/home/emersonmt/topics_ws/install/xarm_gazebo:/home/emersonmt/topics_ws/install/xarm_controller:/home/emersonmt/topics_ws/install/xarm_api:/home/emersonmt/topics_ws/install/xarm_sdk:/home/emersonmt/topics_ws/install/xarm_msgs:/home/emersonmt/topics_ws/install/xarm_description:/home/emersonmt/dev_ws/install/xarm_planner:/home/emersonmt/dev_ws/install/xarm_moveit_servo:/home/emersonmt/dev_ws/install/xarm_moveit_config:/home/emersonmt/dev_ws/install/xarm_gazebo:/home/emersonmt/dev_ws/install/xarm_controller:/home/emersonmt/dev_ws/install/xarm_api:/home/emersonmt/dev_ws/install/xarm_sdk:/home/emersonmt/dev_ws/install/xarm_msgs:/home/emersonmt/dev_ws/install/xarm_description:/home/emersonmt/dev_ws/install/mbot_demo:/home/emersonmt/dev_ws/install/realsense_gazebo_plugin:/opt/ros/jazzy/opt/gz_sim_vendor:/opt/ros/jazzy/opt/gz_sensors_vendor:/opt/ros/jazzy/opt/gz_physics_vendor:/opt/ros/jazzy/opt/gz_gui_vendor:/opt/ros/jazzy/opt/gz_transport_vendor:/opt/ros/jazzy/opt/gz_rendering_vendor:/opt/ros/jazzy/opt/gz_plugin_vendor:/opt/ros/jazzy/opt/gz_fuel_tools_vendor:/opt/ros/jazzy/opt/gz_msgs_vendor:/opt/ros/jazzy/opt/gz_common_vendor:/opt/ros/jazzy/opt/gz_ogre_next_vendor:/opt/ros/jazzy/opt/gz_dartsim_vendor:/opt/ros/jazzy/opt/sdformat_vendor:/opt/ros/jazzy/opt/gz_math_vendor:/opt/ros/jazzy/opt/gz_utils_vendor:/opt/ros/jazzy/opt/gz_tools_vendor:/opt/ros/jazzy/opt/gz_cmake_vendor:/home/emersonmt/dev_ws/install/uf_ros_lib:/opt/ros/jazzy DEBUGINFOD_URLS=https://debuginfod.ubuntu.com LD_LIBRARY_PATH=/home/emersonmt/topics_ws/install/xarm_controller/lib:/home/emersonmt/topics_ws/install/xarm_api/lib:/home/emersonmt/topics_ws/install/xarm_sdk/lib:/home/emersonmt/topics_ws/install/xarm_msgs/lib:${LD_LIBRARY_PATH} PYTHONPATH=/home/emersonmt/topics_ws/install/xarm_msgs/lib/python3.12/site-packages:/home/emersonmt/topics_ws/install/uf_ros_lib/lib/python3.12/site-packages:${PYTHONPATH} /usr/bin/cmake --install /home/emersonmt/topics_ws/build/xarm_planner
[15.320s] -- Install configuration: ""
[15.320s] -- Installing: /home/emersonmt/topics_ws/install/xarm_planner/include
[15.320s] -- Installing: /home/emersonmt/topics_ws/install/xarm_planner/include/xarm_planner
[15.320s] -- Installing: /home/emersonmt/topics_ws/install/xarm_planner/include/xarm_planner/xarm_planner.h
[15.321s] -- Installing: /home/emersonmt/topics_ws/install/xarm_planner/lib/libxarm_planner.so
[15.321s] -- Set non-toolchain portion of runtime path of "/home/emersonmt/topics_ws/install/xarm_planner/lib/libxarm_planner.so" to ""
[15.321s] -- Installing: /home/emersonmt/topics_ws/install/xarm_planner/lib/xarm_planner/xarm_planner_node
[15.323s] -- Set non-toolchain portion of runtime path of "/home/emersonmt/topics_ws/install/xarm_planner/lib/xarm_planner/xarm_planner_node" to ""
[15.323s] -- Installing: /home/emersonmt/topics_ws/install/xarm_planner/lib/xarm_planner/xarm_gripper_planner_node
[15.324s] -- Set non-toolchain portion of runtime path of "/home/emersonmt/topics_ws/install/xarm_planner/lib/xarm_planner/xarm_gripper_planner_node" to ""
[15.324s] -- Installing: /home/emersonmt/topics_ws/install/xarm_planner/lib/xarm_planner/test_xarm_planner_api_joint
[15.324s] -- Set non-toolchain portion of runtime path of "/home/emersonmt/topics_ws/install/xarm_planner/lib/xarm_planner/test_xarm_planner_api_joint" to ""
[15.324s] -- Installing: /home/emersonmt/topics_ws/install/xarm_planner/lib/xarm_planner/test_dual_xarm_planner_api_joint
[15.325s] -- Set non-toolchain portion of runtime path of "/home/emersonmt/topics_ws/install/xarm_planner/lib/xarm_planner/test_dual_xarm_planner_api_joint" to ""
[15.325s] -- Installing: /home/emersonmt/topics_ws/install/xarm_planner/lib/xarm_planner/test_xarm_planner_api_pose
[15.325s] -- Set non-toolchain portion of runtime path of "/home/emersonmt/topics_ws/install/xarm_planner/lib/xarm_planner/test_xarm_planner_api_pose" to ""
[15.325s] -- Installing: /home/emersonmt/topics_ws/install/xarm_planner/lib/xarm_planner/test_xarm_gripper_planner_api_joint
[15.325s] -- Set non-toolchain portion of runtime path of "/home/emersonmt/topics_ws/install/xarm_planner/lib/xarm_planner/test_xarm_gripper_planner_api_joint" to ""
[15.325s] -- Installing: /home/emersonmt/topics_ws/install/xarm_planner/lib/xarm_planner/test_xarm_planner_client_joint
[15.327s] -- Set non-toolchain portion of runtime path of "/home/emersonmt/topics_ws/install/xarm_planner/lib/xarm_planner/test_xarm_planner_client_joint" to ""
[15.327s] -- Installing: /home/emersonmt/topics_ws/install/xarm_planner/lib/xarm_planner/test_xarm_planner_client_pose
[15.328s] -- Set non-toolchain portion of runtime path of "/home/emersonmt/topics_ws/install/xarm_planner/lib/xarm_planner/test_xarm_planner_client_pose" to ""
[15.328s] -- Installing: /home/emersonmt/topics_ws/install/xarm_planner/lib/xarm_planner/test_xarm_gripper_planner_client_joint
[15.329s] -- Set non-toolchain portion of runtime path of "/home/emersonmt/topics_ws/install/xarm_planner/lib/xarm_planner/test_xarm_gripper_planner_client_joint" to ""
[15.329s] -- Installing: /home/emersonmt/topics_ws/install/xarm_planner/lib/xarm_planner/test_lite_gripper_realmove
[15.330s] -- Set non-toolchain portion of runtime path of "/home/emersonmt/topics_ws/install/xarm_planner/lib/xarm_planner/test_lite_gripper_realmove" to ""
[15.330s] -- Installing: /home/emersonmt/topics_ws/install/xarm_planner/share/xarm_planner//launch
[15.330s] -- Installing: /home/emersonmt/topics_ws/install/xarm_planner/share/xarm_planner//launch/xarm5_planner_fake.launch.py
[15.330s] -- Installing: /home/emersonmt/topics_ws/install/xarm_planner/share/xarm_planner//launch/xarm5_planner_gazebo.launch.py
[15.330s] -- Installing: /home/emersonmt/topics_ws/install/xarm_planner/share/xarm_planner//launch/uf850_planner_realmove.launch.py
[15.331s] -- Installing: /home/emersonmt/topics_ws/install/xarm_planner/share/xarm_planner//launch/_dual_robot_planner.launch.py
[15.331s] -- Installing: /home/emersonmt/topics_ws/install/xarm_planner/share/xarm_planner//launch/xarm7_mirror_planner_fake.launch.py
[15.331s] -- Installing: /home/emersonmt/topics_ws/install/xarm_planner/share/xarm_planner//launch/xarm6_planner_fake.launch.py
[15.331s] -- Installing: /home/emersonmt/topics_ws/install/xarm_planner/share/xarm_planner//launch/xarm6_planner_gazebo.launch.py
[15.331s] -- Installing: /home/emersonmt/topics_ws/install/xarm_planner/share/xarm_planner//launch/test_lite_gripper_realmove.launch.py
[15.331s] -- Installing: /home/emersonmt/topics_ws/install/xarm_planner/share/xarm_planner//launch/test_xarm_planner_api_joint.launch.py
[15.331s] -- Installing: /home/emersonmt/topics_ws/install/xarm_planner/share/xarm_planner//launch/xarm7_planner_gazebo.launch.py
[15.332s] -- Installing: /home/emersonmt/topics_ws/install/xarm_planner/share/xarm_planner//launch/xarm7_mirror_planner_realmove.launch.py
[15.332s] -- Installing: /home/emersonmt/topics_ws/install/xarm_planner/share/xarm_planner//launch/xarm7_planner_fake.launch.py
[15.332s] -- Installing: /home/emersonmt/topics_ws/install/xarm_planner/share/xarm_planner//launch/uf850_planner_fake.launch.py
[15.332s] -- Installing: /home/emersonmt/topics_ws/install/xarm_planner/share/xarm_planner//launch/_robot_planner.launch.py
[15.332s] -- Installing: /home/emersonmt/topics_ws/install/xarm_planner/share/xarm_planner//launch/xarm7_mirror_planner_gazebo.launch.py
[15.332s] -- Installing: /home/emersonmt/topics_ws/install/xarm_planner/share/xarm_planner//launch/xarm5_planner_realmove.launch.py
[15.333s] -- Installing: /home/emersonmt/topics_ws/install/xarm_planner/share/xarm_planner//launch/test_xarm_planner_client_joint.launch.py
[15.333s] -- Installing: /home/emersonmt/topics_ws/install/xarm_planner/share/xarm_planner//launch/test_xarm_gripper_planner_api_joint.launch.py
[15.333s] -- Installing: /home/emersonmt/topics_ws/install/xarm_planner/share/xarm_planner//launch/uf850_planner_gazebo.launch.py
[15.333s] -- Installing: /home/emersonmt/topics_ws/install/xarm_planner/share/xarm_planner//launch/lite6_planner_fake.launch.py
[15.333s] -- Installing: /home/emersonmt/topics_ws/install/xarm_planner/share/xarm_planner//launch/lite6_planner_gazebo.launch.py
[15.333s] -- Installing: /home/emersonmt/topics_ws/install/xarm_planner/share/xarm_planner//launch/test_move_group.launch.py
[15.333s] -- Installing: /home/emersonmt/topics_ws/install/xarm_planner/share/xarm_planner//launch/test_xarm_planner_client_pose.launch.py
[15.334s] -- Installing: /home/emersonmt/topics_ws/install/xarm_planner/share/xarm_planner//launch/test_xarm_gripper_planner_client_joint.launch.py
[15.334s] -- Installing: /home/emersonmt/topics_ws/install/xarm_planner/share/xarm_planner//launch/test_dual_xarm_planner_api_joint.launch.py
[15.334s] -- Installing: /home/emersonmt/topics_ws/install/xarm_planner/share/xarm_planner//launch/test_xarm_planner_api_pose.launch.py
[15.334s] -- Installing: /home/emersonmt/topics_ws/install/xarm_planner/share/xarm_planner//launch/xarm7_planner_realmove.launch.py
[15.334s] -- Installing: /home/emersonmt/topics_ws/install/xarm_planner/share/xarm_planner//launch/lite6_planner_realmove.launch.py
[15.334s] -- Installing: /home/emersonmt/topics_ws/install/xarm_planner/share/xarm_planner//launch/xarm6_planner_realmove.launch.py
[15.334s] -- Installing: /home/emersonmt/topics_ws/install/xarm_planner/share/ament_index/resource_index/package_run_dependencies/xarm_planner
[15.335s] -- Installing: /home/emersonmt/topics_ws/install/xarm_planner/share/ament_index/resource_index/parent_prefix_path/xarm_planner
[15.335s] -- Installing: /home/emersonmt/topics_ws/install/xarm_planner/share/xarm_planner/environment/ament_prefix_path.sh
[15.335s] -- Installing: /home/emersonmt/topics_ws/install/xarm_planner/share/xarm_planner/environment/ament_prefix_path.dsv
[15.335s] -- Installing: /home/emersonmt/topics_ws/install/xarm_planner/share/xarm_planner/environment/path.sh
[15.335s] -- Installing: /home/emersonmt/topics_ws/install/xarm_planner/share/xarm_planner/environment/path.dsv
[15.335s] -- Installing: /home/emersonmt/topics_ws/install/xarm_planner/share/xarm_planner/local_setup.bash
[15.335s] -- Installing: /home/emersonmt/topics_ws/install/xarm_planner/share/xarm_planner/local_setup.sh
[15.335s] -- Installing: /home/emersonmt/topics_ws/install/xarm_planner/share/xarm_planner/local_setup.zsh
[15.336s] -- Installing: /home/emersonmt/topics_ws/install/xarm_planner/share/xarm_planner/local_setup.dsv
[15.336s] -- Installing: /home/emersonmt/topics_ws/install/xarm_planner/share/xarm_planner/package.dsv
[15.336s] -- Installing: /home/emersonmt/topics_ws/install/xarm_planner/share/ament_index/resource_index/packages/xarm_planner
[15.336s] -- Installing: /home/emersonmt/topics_ws/install/xarm_planner/share/xarm_planner/cmake/xarm_plannerConfig.cmake
[15.336s] -- Installing: /home/emersonmt/topics_ws/install/xarm_planner/share/xarm_planner/cmake/xarm_plannerConfig-version.cmake
[15.336s] -- Installing: /home/emersonmt/topics_ws/install/xarm_planner/share/xarm_planner/package.xml
[15.338s] Invoked command in '/home/emersonmt/topics_ws/build/xarm_planner' returned '0': AMENT_PREFIX_PATH=/home/emersonmt/topics_ws/install/xarm_moveit_config:/home/emersonmt/topics_ws/install/xarm_gazebo:/home/emersonmt/topics_ws/install/xarm_controller:/home/emersonmt/topics_ws/install/xarm_api:/home/emersonmt/topics_ws/install/xarm_sdk:/home/emersonmt/topics_ws/install/xarm_msgs:/home/emersonmt/topics_ws/install/xarm_description:/home/emersonmt/topics_ws/install/uf_ros_lib:${AMENT_PREFIX_PATH} CMAKE_PREFIX_PATH=/home/emersonmt/topics_ws/install/xarm_moveit_config:/home/emersonmt/topics_ws/install/xarm_gazebo:/home/emersonmt/topics_ws/install/xarm_controller:/home/emersonmt/topics_ws/install/xarm_api:/home/emersonmt/topics_ws/install/xarm_sdk:/home/emersonmt/topics_ws/install/xarm_msgs:/home/emersonmt/topics_ws/install/xarm_description:/home/emersonmt/dev_ws/install/xarm_planner:/home/emersonmt/dev_ws/install/xarm_moveit_servo:/home/emersonmt/dev_ws/install/xarm_moveit_config:/home/emersonmt/dev_ws/install/xarm_gazebo:/home/emersonmt/dev_ws/install/xarm_controller:/home/emersonmt/dev_ws/install/xarm_api:/home/emersonmt/dev_ws/install/xarm_sdk:/home/emersonmt/dev_ws/install/xarm_msgs:/home/emersonmt/dev_ws/install/xarm_description:/home/emersonmt/dev_ws/install/mbot_demo:/home/emersonmt/dev_ws/install/realsense_gazebo_plugin:/opt/ros/jazzy/opt/gz_sim_vendor:/opt/ros/jazzy/opt/gz_sensors_vendor:/opt/ros/jazzy/opt/gz_physics_vendor:/opt/ros/jazzy/opt/gz_gui_vendor:/opt/ros/jazzy/opt/gz_transport_vendor:/opt/ros/jazzy/opt/gz_rendering_vendor:/opt/ros/jazzy/opt/gz_plugin_vendor:/opt/ros/jazzy/opt/gz_fuel_tools_vendor:/opt/ros/jazzy/opt/gz_msgs_vendor:/opt/ros/jazzy/opt/gz_common_vendor:/opt/ros/jazzy/opt/gz_ogre_next_vendor:/opt/ros/jazzy/opt/gz_dartsim_vendor:/opt/ros/jazzy/opt/sdformat_vendor:/opt/ros/jazzy/opt/gz_math_vendor:/opt/ros/jazzy/opt/gz_utils_vendor:/opt/ros/jazzy/opt/gz_tools_vendor:/opt/ros/jazzy/opt/gz_cmake_vendor:/home/emersonmt/dev_ws/install/uf_ros_lib:/opt/ros/jazzy DEBUGINFOD_URLS=https://debuginfod.ubuntu.com LD_LIBRARY_PATH=/home/emersonmt/topics_ws/install/xarm_controller/lib:/home/emersonmt/topics_ws/install/xarm_api/lib:/home/emersonmt/topics_ws/install/xarm_sdk/lib:/home/emersonmt/topics_ws/install/xarm_msgs/lib:${LD_LIBRARY_PATH} PYTHONPATH=/home/emersonmt/topics_ws/install/xarm_msgs/lib/python3.12/site-packages:/home/emersonmt/topics_ws/install/uf_ros_lib/lib/python3.12/site-packages:${PYTHONPATH} /usr/bin/cmake --install /home/emersonmt/topics_ws/build/xarm_planner
