[0.033s] Invoking command in '/home/emersonmt/topics_ws/build/mbot_demo': AMENT_PREFIX_PATH=/home/emersonmt/topics_ws/install/uf_ros_lib:/home/emersonmt/topics_ws/install/xarm_emer:/home/emersonmt/topics_ws/install/xarm_gui:/home/emersonmt/topics_ws/install/xarm_planner:/home/emersonmt/topics_ws/install/xarm_moveit_servo:/home/emersonmt/topics_ws/install/xarm_moveit_config:/home/emersonmt/topics_ws/install/xarm_gazebo:/home/emersonmt/topics_ws/install/xarm_controller:/home/emersonmt/topics_ws/install/xarm_api:/home/emersonmt/topics_ws/install/xarm_sdk:/home/emersonmt/topics_ws/install/xarm_msgs:/home/emersonmt/topics_ws/install/xarm_description:/home/emersonmt/topics_ws/install/mbot_demo:/home/emersonmt/topics_ws/install/realsense_gazebo_plugin:/home/emersonmt/dev_ws/install/xarm_planner:/home/emersonmt/dev_ws/install/xarm_moveit_servo:/home/emersonmt/dev_ws/install/xarm_moveit_config:/home/emersonmt/dev_ws/install/xarm_gazebo:/home/emersonmt/dev_ws/install/xarm_controller:/home/emersonmt/dev_ws/install/xarm_api:/home/emersonmt/dev_ws/install/xarm_sdk:/home/emersonmt/dev_ws/install/xarm_msgs:/home/emersonmt/dev_ws/install/xarm_description:/home/emersonmt/dev_ws/install/mbot_demo:/home/emersonmt/dev_ws/install/uf_ros_lib:/home/emersonmt/dev_ws/install/realsense_gazebo_plugin:/opt/ros/jazzy CMAKE_PREFIX_PATH=${CMAKE_PREFIX_PATH}:/home/emersonmt/topics_ws/install/xarm_gui:/home/emersonmt/topics_ws/install/uf_ros_lib:/home/emersonmt/dev_ws/install/uf_ros_lib:/opt/ros/jazzy DEBUGINFOD_URLS=https://debuginfod.ubuntu.com PYTHONPATH=/home/emersonmt/topics_ws/install/uf_ros_lib/lib/python3.12/site-packages:/home/emersonmt/topics_ws/install/xarm_gui/lib/python3.12/site-packages:/home/emersonmt/topics_ws/install/xarm_msgs/lib/python3.12/site-packages:/home/emersonmt/dev_ws/install/xarm_msgs/lib/python3.12/site-packages:/home/emersonmt/dev_ws/install/uf_ros_lib/lib/python3.12/site-packages:/opt/ros/jazzy/lib/python3.12/site-packages /usr/bin/cmake /home/emersonmt/topics_ws/src/xarm_ros2/demo/mbot_demo -DCMAKE_INSTALL_PREFIX=/home/emersonmt/topics_ws/install/mbot_demo
[0.196s] -- The C compiler identification is GNU 13.3.0
[0.358s] -- The CXX compiler identification is GNU 13.3.0
[0.405s] -- Detecting C compiler ABI info
[0.639s] -- Detecting C compiler ABI info - done
[0.649s] -- Check for working C compiler: /usr/bin/cc - skipped
[0.650s] -- Detecting C compile features
[0.651s] -- Detecting C compile features - done
[0.668s] -- Detecting CXX compiler ABI info
[0.813s] -- Detecting CXX compiler ABI info - done
[0.824s] -- Check for working CXX compiler: /usr/bin/c++ - skipped
[0.825s] -- Detecting CXX compile features
[0.826s] -- Detecting CXX compile features - done
[0.832s] -- Found ament_cmake: 2.5.4 (/opt/ros/jazzy/share/ament_cmake/cmake)
[0.991s] -- Found Python3: /usr/bin/python3 (found version "3.12.3") found components: Interpreter 
[1.110s] -- Found ament_lint_auto: 0.17.3 (/opt/ros/jazzy/share/ament_lint_auto/cmake)
[1.223s] -- Added test 'copyright' to check source files copyright and LICENSE
[1.226s] -- Added test 'flake8' to check Python code syntax and style conventions
[1.226s] -- Configured 'flake8' exclude dirs and/or files: 
[1.227s] -- Added test 'lint_cmake' to check CMake code style
[1.227s] -- Added test 'pep257' to check Python code against some of the docstring style conventions in PEP 257
[1.229s] -- Added test 'xmllint' to check XML markup files
[1.231s] -- Configuring done (1.2s)
[1.234s] -- Generating done (0.0s)
[1.235s] -- Build files have been written to: /home/emersonmt/topics_ws/build/mbot_demo
[1.242s] Invoked command in '/home/emersonmt/topics_ws/build/mbot_demo' returned '0': AMENT_PREFIX_PATH=/home/emersonmt/topics_ws/install/uf_ros_lib:/home/emersonmt/topics_ws/install/xarm_emer:/home/emersonmt/topics_ws/install/xarm_gui:/home/emersonmt/topics_ws/install/xarm_planner:/home/emersonmt/topics_ws/install/xarm_moveit_servo:/home/emersonmt/topics_ws/install/xarm_moveit_config:/home/emersonmt/topics_ws/install/xarm_gazebo:/home/emersonmt/topics_ws/install/xarm_controller:/home/emersonmt/topics_ws/install/xarm_api:/home/emersonmt/topics_ws/install/xarm_sdk:/home/emersonmt/topics_ws/install/xarm_msgs:/home/emersonmt/topics_ws/install/xarm_description:/home/emersonmt/topics_ws/install/mbot_demo:/home/emersonmt/topics_ws/install/realsense_gazebo_plugin:/home/emersonmt/dev_ws/install/xarm_planner:/home/emersonmt/dev_ws/install/xarm_moveit_servo:/home/emersonmt/dev_ws/install/xarm_moveit_config:/home/emersonmt/dev_ws/install/xarm_gazebo:/home/emersonmt/dev_ws/install/xarm_controller:/home/emersonmt/dev_ws/install/xarm_api:/home/emersonmt/dev_ws/install/xarm_sdk:/home/emersonmt/dev_ws/install/xarm_msgs:/home/emersonmt/dev_ws/install/xarm_description:/home/emersonmt/dev_ws/install/mbot_demo:/home/emersonmt/dev_ws/install/uf_ros_lib:/home/emersonmt/dev_ws/install/realsense_gazebo_plugin:/opt/ros/jazzy CMAKE_PREFIX_PATH=${CMAKE_PREFIX_PATH}:/home/emersonmt/topics_ws/install/xarm_gui:/home/emersonmt/topics_ws/install/uf_ros_lib:/home/emersonmt/dev_ws/install/uf_ros_lib:/opt/ros/jazzy DEBUGINFOD_URLS=https://debuginfod.ubuntu.com PYTHONPATH=/home/emersonmt/topics_ws/install/uf_ros_lib/lib/python3.12/site-packages:/home/emersonmt/topics_ws/install/xarm_gui/lib/python3.12/site-packages:/home/emersonmt/topics_ws/install/xarm_msgs/lib/python3.12/site-packages:/home/emersonmt/dev_ws/install/xarm_msgs/lib/python3.12/site-packages:/home/emersonmt/dev_ws/install/uf_ros_lib/lib/python3.12/site-packages:/opt/ros/jazzy/lib/python3.12/site-packages /usr/bin/cmake /home/emersonmt/topics_ws/src/xarm_ros2/demo/mbot_demo -DCMAKE_INSTALL_PREFIX=/home/emersonmt/topics_ws/install/mbot_demo
[1.243s] Invoking command in '/home/emersonmt/topics_ws/build/mbot_demo': AMENT_PREFIX_PATH=/home/emersonmt/topics_ws/install/uf_ros_lib:/home/emersonmt/topics_ws/install/xarm_emer:/home/emersonmt/topics_ws/install/xarm_gui:/home/emersonmt/topics_ws/install/xarm_planner:/home/emersonmt/topics_ws/install/xarm_moveit_servo:/home/emersonmt/topics_ws/install/xarm_moveit_config:/home/emersonmt/topics_ws/install/xarm_gazebo:/home/emersonmt/topics_ws/install/xarm_controller:/home/emersonmt/topics_ws/install/xarm_api:/home/emersonmt/topics_ws/install/xarm_sdk:/home/emersonmt/topics_ws/install/xarm_msgs:/home/emersonmt/topics_ws/install/xarm_description:/home/emersonmt/topics_ws/install/mbot_demo:/home/emersonmt/topics_ws/install/realsense_gazebo_plugin:/home/emersonmt/dev_ws/install/xarm_planner:/home/emersonmt/dev_ws/install/xarm_moveit_servo:/home/emersonmt/dev_ws/install/xarm_moveit_config:/home/emersonmt/dev_ws/install/xarm_gazebo:/home/emersonmt/dev_ws/install/xarm_controller:/home/emersonmt/dev_ws/install/xarm_api:/home/emersonmt/dev_ws/install/xarm_sdk:/home/emersonmt/dev_ws/install/xarm_msgs:/home/emersonmt/dev_ws/install/xarm_description:/home/emersonmt/dev_ws/install/mbot_demo:/home/emersonmt/dev_ws/install/uf_ros_lib:/home/emersonmt/dev_ws/install/realsense_gazebo_plugin:/opt/ros/jazzy CMAKE_PREFIX_PATH=${CMAKE_PREFIX_PATH}:/home/emersonmt/topics_ws/install/xarm_gui:/home/emersonmt/topics_ws/install/uf_ros_lib:/home/emersonmt/dev_ws/install/uf_ros_lib:/opt/ros/jazzy DEBUGINFOD_URLS=https://debuginfod.ubuntu.com PYTHONPATH=/home/emersonmt/topics_ws/install/uf_ros_lib/lib/python3.12/site-packages:/home/emersonmt/topics_ws/install/xarm_gui/lib/python3.12/site-packages:/home/emersonmt/topics_ws/install/xarm_msgs/lib/python3.12/site-packages:/home/emersonmt/dev_ws/install/xarm_msgs/lib/python3.12/site-packages:/home/emersonmt/dev_ws/install/uf_ros_lib/lib/python3.12/site-packages:/opt/ros/jazzy/lib/python3.12/site-packages /usr/bin/cmake --build /home/emersonmt/topics_ws/build/mbot_demo -- -j16 -l16
[1.286s] Invoked command in '/home/emersonmt/topics_ws/build/mbot_demo' returned '0': AMENT_PREFIX_PATH=/home/emersonmt/topics_ws/install/uf_ros_lib:/home/emersonmt/topics_ws/install/xarm_emer:/home/emersonmt/topics_ws/install/xarm_gui:/home/emersonmt/topics_ws/install/xarm_planner:/home/emersonmt/topics_ws/install/xarm_moveit_servo:/home/emersonmt/topics_ws/install/xarm_moveit_config:/home/emersonmt/topics_ws/install/xarm_gazebo:/home/emersonmt/topics_ws/install/xarm_controller:/home/emersonmt/topics_ws/install/xarm_api:/home/emersonmt/topics_ws/install/xarm_sdk:/home/emersonmt/topics_ws/install/xarm_msgs:/home/emersonmt/topics_ws/install/xarm_description:/home/emersonmt/topics_ws/install/mbot_demo:/home/emersonmt/topics_ws/install/realsense_gazebo_plugin:/home/emersonmt/dev_ws/install/xarm_planner:/home/emersonmt/dev_ws/install/xarm_moveit_servo:/home/emersonmt/dev_ws/install/xarm_moveit_config:/home/emersonmt/dev_ws/install/xarm_gazebo:/home/emersonmt/dev_ws/install/xarm_controller:/home/emersonmt/dev_ws/install/xarm_api:/home/emersonmt/dev_ws/install/xarm_sdk:/home/emersonmt/dev_ws/install/xarm_msgs:/home/emersonmt/dev_ws/install/xarm_description:/home/emersonmt/dev_ws/install/mbot_demo:/home/emersonmt/dev_ws/install/uf_ros_lib:/home/emersonmt/dev_ws/install/realsense_gazebo_plugin:/opt/ros/jazzy CMAKE_PREFIX_PATH=${CMAKE_PREFIX_PATH}:/home/emersonmt/topics_ws/install/xarm_gui:/home/emersonmt/topics_ws/install/uf_ros_lib:/home/emersonmt/dev_ws/install/uf_ros_lib:/opt/ros/jazzy DEBUGINFOD_URLS=https://debuginfod.ubuntu.com PYTHONPATH=/home/emersonmt/topics_ws/install/uf_ros_lib/lib/python3.12/site-packages:/home/emersonmt/topics_ws/install/xarm_gui/lib/python3.12/site-packages:/home/emersonmt/topics_ws/install/xarm_msgs/lib/python3.12/site-packages:/home/emersonmt/dev_ws/install/xarm_msgs/lib/python3.12/site-packages:/home/emersonmt/dev_ws/install/uf_ros_lib/lib/python3.12/site-packages:/opt/ros/jazzy/lib/python3.12/site-packages /usr/bin/cmake --build /home/emersonmt/topics_ws/build/mbot_demo -- -j16 -l16
[1.287s] Invoking command in '/home/emersonmt/topics_ws/build/mbot_demo': AMENT_PREFIX_PATH=/home/emersonmt/topics_ws/install/uf_ros_lib:/home/emersonmt/topics_ws/install/xarm_emer:/home/emersonmt/topics_ws/install/xarm_gui:/home/emersonmt/topics_ws/install/xarm_planner:/home/emersonmt/topics_ws/install/xarm_moveit_servo:/home/emersonmt/topics_ws/install/xarm_moveit_config:/home/emersonmt/topics_ws/install/xarm_gazebo:/home/emersonmt/topics_ws/install/xarm_controller:/home/emersonmt/topics_ws/install/xarm_api:/home/emersonmt/topics_ws/install/xarm_sdk:/home/emersonmt/topics_ws/install/xarm_msgs:/home/emersonmt/topics_ws/install/xarm_description:/home/emersonmt/topics_ws/install/mbot_demo:/home/emersonmt/topics_ws/install/realsense_gazebo_plugin:/home/emersonmt/dev_ws/install/xarm_planner:/home/emersonmt/dev_ws/install/xarm_moveit_servo:/home/emersonmt/dev_ws/install/xarm_moveit_config:/home/emersonmt/dev_ws/install/xarm_gazebo:/home/emersonmt/dev_ws/install/xarm_controller:/home/emersonmt/dev_ws/install/xarm_api:/home/emersonmt/dev_ws/install/xarm_sdk:/home/emersonmt/dev_ws/install/xarm_msgs:/home/emersonmt/dev_ws/install/xarm_description:/home/emersonmt/dev_ws/install/mbot_demo:/home/emersonmt/dev_ws/install/uf_ros_lib:/home/emersonmt/dev_ws/install/realsense_gazebo_plugin:/opt/ros/jazzy CMAKE_PREFIX_PATH=${CMAKE_PREFIX_PATH}:/home/emersonmt/topics_ws/install/xarm_gui:/home/emersonmt/topics_ws/install/uf_ros_lib:/home/emersonmt/dev_ws/install/uf_ros_lib:/opt/ros/jazzy DEBUGINFOD_URLS=https://debuginfod.ubuntu.com PYTHONPATH=/home/emersonmt/topics_ws/install/uf_ros_lib/lib/python3.12/site-packages:/home/emersonmt/topics_ws/install/xarm_gui/lib/python3.12/site-packages:/home/emersonmt/topics_ws/install/xarm_msgs/lib/python3.12/site-packages:/home/emersonmt/dev_ws/install/xarm_msgs/lib/python3.12/site-packages:/home/emersonmt/dev_ws/install/uf_ros_lib/lib/python3.12/site-packages:/opt/ros/jazzy/lib/python3.12/site-packages /usr/bin/cmake --install /home/emersonmt/topics_ws/build/mbot_demo
[1.295s] -- Install configuration: ""
[1.296s] -- Installing: /home/emersonmt/topics_ws/install/mbot_demo/share/mbot_demo//rviz
[1.296s] -- Installing: /home/emersonmt/topics_ws/install/mbot_demo/share/mbot_demo//rviz/moveit.rviz
[1.296s] -- Installing: /home/emersonmt/topics_ws/install/mbot_demo/share/mbot_demo//urdf
[1.296s] -- Installing: /home/emersonmt/topics_ws/install/mbot_demo/share/mbot_demo//urdf/mbot_with_xarm.urdf.xacro
[1.296s] -- Installing: /home/emersonmt/topics_ws/install/mbot_demo/share/mbot_demo//urdf/mbot.transmission.xacro
[1.296s] -- Installing: /home/emersonmt/topics_ws/install/mbot_demo/share/mbot_demo//urdf/mbot.ros2_control.xacro
[1.296s] -- Installing: /home/emersonmt/topics_ws/install/mbot_demo/share/mbot_demo//urdf/mbot_macro.xacro
[1.296s] -- Installing: /home/emersonmt/topics_ws/install/mbot_demo/share/mbot_demo//urdf/mbot.gazebo.xacro
[1.296s] -- Installing: /home/emersonmt/topics_ws/install/mbot_demo/share/mbot_demo//urdf/mbot.urdf.xacro
[1.296s] -- Installing: /home/emersonmt/topics_ws/install/mbot_demo/share/mbot_demo//srdf
[1.296s] -- Installing: /home/emersonmt/topics_ws/install/mbot_demo/share/mbot_demo//srdf/mbot_with_xarm.srdf.xacro
[1.296s] -- Installing: /home/emersonmt/topics_ws/install/mbot_demo/share/mbot_demo//srdf/mbot_macro.srdf.xacro
[1.296s] -- Installing: /home/emersonmt/topics_ws/install/mbot_demo/share/mbot_demo//config
[1.296s] -- Installing: /home/emersonmt/topics_ws/install/mbot_demo/share/mbot_demo//config/controllers.yaml
[1.297s] -- Installing: /home/emersonmt/topics_ws/install/mbot_demo/share/mbot_demo//config/kinematics.yaml
[1.297s] -- Installing: /home/emersonmt/topics_ws/install/mbot_demo/share/mbot_demo//config/joint_limits.yaml
[1.297s] -- Installing: /home/emersonmt/topics_ws/install/mbot_demo/share/mbot_demo//config/ros2_controllers.yaml
[1.297s] -- Installing: /home/emersonmt/topics_ws/install/mbot_demo/share/mbot_demo//config/ompl_planning.yaml
[1.297s] -- Installing: /home/emersonmt/topics_ws/install/mbot_demo/share/mbot_demo//worlds
[1.297s] -- Installing: /home/emersonmt/topics_ws/install/mbot_demo/share/mbot_demo//worlds/empty.world
[1.297s] -- Installing: /home/emersonmt/topics_ws/install/mbot_demo/share/mbot_demo//launch
[1.297s] -- Installing: /home/emersonmt/topics_ws/install/mbot_demo/share/mbot_demo//launch/_robot_on_mbot_gazebo.launch.py
[1.297s] -- Installing: /home/emersonmt/topics_ws/install/mbot_demo/share/mbot_demo//launch/mbot_moveit_gazebo.launch.py
[1.297s] -- Installing: /home/emersonmt/topics_ws/install/mbot_demo/share/mbot_demo//launch/mbot_moveit_fake.launch.py
[1.297s] -- Installing: /home/emersonmt/topics_ws/install/mbot_demo/share/mbot_demo//launch/_robot_on_mbot_gz.launch.py
[1.297s] -- Installing: /home/emersonmt/topics_ws/install/mbot_demo/share/mbot_demo//launch/mbot_moveit_realmove.launch.py
[1.298s] -- Installing: /home/emersonmt/topics_ws/install/mbot_demo/share/ament_index/resource_index/package_run_dependencies/mbot_demo
[1.298s] -- Installing: /home/emersonmt/topics_ws/install/mbot_demo/share/ament_index/resource_index/parent_prefix_path/mbot_demo
[1.298s] -- Installing: /home/emersonmt/topics_ws/install/mbot_demo/share/mbot_demo/environment/ament_prefix_path.sh
[1.298s] -- Installing: /home/emersonmt/topics_ws/install/mbot_demo/share/mbot_demo/environment/ament_prefix_path.dsv
[1.298s] -- Installing: /home/emersonmt/topics_ws/install/mbot_demo/share/mbot_demo/environment/path.sh
[1.298s] -- Installing: /home/emersonmt/topics_ws/install/mbot_demo/share/mbot_demo/environment/path.dsv
[1.298s] -- Installing: /home/emersonmt/topics_ws/install/mbot_demo/share/mbot_demo/local_setup.bash
[1.298s] -- Installing: /home/emersonmt/topics_ws/install/mbot_demo/share/mbot_demo/local_setup.sh
[1.298s] -- Installing: /home/emersonmt/topics_ws/install/mbot_demo/share/mbot_demo/local_setup.zsh
[1.298s] -- Installing: /home/emersonmt/topics_ws/install/mbot_demo/share/mbot_demo/local_setup.dsv
[1.298s] -- Installing: /home/emersonmt/topics_ws/install/mbot_demo/share/mbot_demo/package.dsv
[1.299s] -- Installing: /home/emersonmt/topics_ws/install/mbot_demo/share/ament_index/resource_index/packages/mbot_demo
[1.299s] -- Installing: /home/emersonmt/topics_ws/install/mbot_demo/share/mbot_demo/cmake/mbot_demoConfig.cmake
[1.299s] -- Installing: /home/emersonmt/topics_ws/install/mbot_demo/share/mbot_demo/cmake/mbot_demoConfig-version.cmake
[1.299s] -- Installing: /home/emersonmt/topics_ws/install/mbot_demo/share/mbot_demo/package.xml
[1.302s] Invoked command in '/home/emersonmt/topics_ws/build/mbot_demo' returned '0': AMENT_PREFIX_PATH=/home/emersonmt/topics_ws/install/uf_ros_lib:/home/emersonmt/topics_ws/install/xarm_emer:/home/emersonmt/topics_ws/install/xarm_gui:/home/emersonmt/topics_ws/install/xarm_planner:/home/emersonmt/topics_ws/install/xarm_moveit_servo:/home/emersonmt/topics_ws/install/xarm_moveit_config:/home/emersonmt/topics_ws/install/xarm_gazebo:/home/emersonmt/topics_ws/install/xarm_controller:/home/emersonmt/topics_ws/install/xarm_api:/home/emersonmt/topics_ws/install/xarm_sdk:/home/emersonmt/topics_ws/install/xarm_msgs:/home/emersonmt/topics_ws/install/xarm_description:/home/emersonmt/topics_ws/install/mbot_demo:/home/emersonmt/topics_ws/install/realsense_gazebo_plugin:/home/emersonmt/dev_ws/install/xarm_planner:/home/emersonmt/dev_ws/install/xarm_moveit_servo:/home/emersonmt/dev_ws/install/xarm_moveit_config:/home/emersonmt/dev_ws/install/xarm_gazebo:/home/emersonmt/dev_ws/install/xarm_controller:/home/emersonmt/dev_ws/install/xarm_api:/home/emersonmt/dev_ws/install/xarm_sdk:/home/emersonmt/dev_ws/install/xarm_msgs:/home/emersonmt/dev_ws/install/xarm_description:/home/emersonmt/dev_ws/install/mbot_demo:/home/emersonmt/dev_ws/install/uf_ros_lib:/home/emersonmt/dev_ws/install/realsense_gazebo_plugin:/opt/ros/jazzy CMAKE_PREFIX_PATH=${CMAKE_PREFIX_PATH}:/home/emersonmt/topics_ws/install/xarm_gui:/home/emersonmt/topics_ws/install/uf_ros_lib:/home/emersonmt/dev_ws/install/uf_ros_lib:/opt/ros/jazzy DEBUGINFOD_URLS=https://debuginfod.ubuntu.com PYTHONPATH=/home/emersonmt/topics_ws/install/uf_ros_lib/lib/python3.12/site-packages:/home/emersonmt/topics_ws/install/xarm_gui/lib/python3.12/site-packages:/home/emersonmt/topics_ws/install/xarm_msgs/lib/python3.12/site-packages:/home/emersonmt/dev_ws/install/xarm_msgs/lib/python3.12/site-packages:/home/emersonmt/dev_ws/install/uf_ros_lib/lib/python3.12/site-packages:/opt/ros/jazzy/lib/python3.12/site-packages /usr/bin/cmake --install /home/emersonmt/topics_ws/build/mbot_demo
