running egg_info
writing ../../build/xarm_gui/xarm_gui.egg-info/PKG-INFO
writing dependency_links to ../../build/xarm_gui/xarm_gui.egg-info/dependency_links.txt
writing entry points to ../../build/xarm_gui/xarm_gui.egg-info/entry_points.txt
writing requirements to ../../build/xarm_gui/xarm_gui.egg-info/requires.txt
writing top-level names to ../../build/xarm_gui/xarm_gui.egg-info/top_level.txt
reading manifest file '../../build/xarm_gui/xarm_gui.egg-info/SOURCES.txt'
writing manifest file '../../build/xarm_gui/xarm_gui.egg-info/SOURCES.txt'
running build
running build_py
copying xarm_gui/gui_pose_publisher.py -> /home/emersonmt/topics_ws/build/xarm_gui/build/lib/xarm_gui
running install
running install_lib
copying /home/emersonmt/topics_ws/build/xarm_gui/build/lib/xarm_gui/gui_pose_publisher.py -> /home/emersonmt/topics_ws/install/xarm_gui/lib/python3.12/site-packages/xarm_gui
byte-compiling /home/emersonmt/topics_ws/install/xarm_gui/lib/python3.12/site-packages/xarm_gui/gui_pose_publisher.py to gui_pose_publisher.cpython-312.pyc
running install_data
running install_egg_info
removing '/home/emersonmt/topics_ws/install/xarm_gui/lib/python3.12/site-packages/xarm_gui-0.0.0-py3.12.egg-info' (and everything under it)
Copying ../../build/xarm_gui/xarm_gui.egg-info to /home/emersonmt/topics_ws/install/xarm_gui/lib/python3.12/site-packages/xarm_gui-0.0.0-py3.12.egg-info
running install_scripts
Installing gui_pose_publisher script to /home/emersonmt/topics_ws/install/xarm_gui/lib/xarm_gui
writing list of installed files to '/home/emersonmt/topics_ws/build/xarm_gui/install.log'
