[0.331s] Invoking command in '/home/emersonmt/topics_ws/build/realsense_gazebo_plugin': CMAKE_PREFIX_PATH=${CMAKE_PREFIX_PATH}:/home/emersonmt/topics_ws/install/xarm_gui:/home/emersonmt/topics_ws/install/uf_ros_lib:/home/emersonmt/dev_ws/install/uf_ros_lib:/opt/ros/jazzy DEBUGINFOD_URLS=https://debuginfod.ubuntu.com /usr/bin/cmake --build /home/emersonmt/topics_ws/build/realsense_gazebo_plugin -- -j16 -l16
[0.702s] Invoked command in '/home/emersonmt/topics_ws/build/realsense_gazebo_plugin' returned '0': CMAKE_PREFIX_PATH=${CMAKE_PREFIX_PATH}:/home/emersonmt/topics_ws/install/xarm_gui:/home/emersonmt/topics_ws/install/uf_ros_lib:/home/emersonmt/dev_ws/install/uf_ros_lib:/opt/ros/jazzy DEBUGINFOD_URLS=https://debuginfod.ubuntu.com /usr/bin/cmake --build /home/emersonmt/topics_ws/build/realsense_gazebo_plugin -- -j16 -l16
[0.703s] Invoking command in '/home/emersonmt/topics_ws/build/realsense_gazebo_plugin': CMAKE_PREFIX_PATH=${CMAKE_PREFIX_PATH}:/home/emersonmt/topics_ws/install/xarm_gui:/home/emersonmt/topics_ws/install/uf_ros_lib:/home/emersonmt/dev_ws/install/uf_ros_lib:/opt/ros/jazzy DEBUGINFOD_URLS=https://debuginfod.ubuntu.com /usr/bin/cmake --install /home/emersonmt/topics_ws/build/realsense_gazebo_plugin
[0.713s] -- Install configuration: ""
[0.714s] -- Up-to-date: /home/emersonmt/topics_ws/install/realsense_gazebo_plugin/share/realsense_gazebo_plugin/environment/library_path.sh
[0.714s] -- Up-to-date: /home/emersonmt/topics_ws/install/realsense_gazebo_plugin/share/realsense_gazebo_plugin/environment/library_path.dsv
[0.714s] -- Up-to-date: /home/emersonmt/topics_ws/install/realsense_gazebo_plugin/share/ament_index/resource_index/package_run_dependencies/realsense_gazebo_plugin
[0.714s] -- Up-to-date: /home/emersonmt/topics_ws/install/realsense_gazebo_plugin/share/ament_index/resource_index/parent_prefix_path/realsense_gazebo_plugin
[0.714s] -- Up-to-date: /home/emersonmt/topics_ws/install/realsense_gazebo_plugin/share/realsense_gazebo_plugin/environment/ament_prefix_path.sh
[0.714s] -- Up-to-date: /home/emersonmt/topics_ws/install/realsense_gazebo_plugin/share/realsense_gazebo_plugin/environment/ament_prefix_path.dsv
[0.714s] -- Up-to-date: /home/emersonmt/topics_ws/install/realsense_gazebo_plugin/share/realsense_gazebo_plugin/environment/path.sh
[0.714s] -- Up-to-date: /home/emersonmt/topics_ws/install/realsense_gazebo_plugin/share/realsense_gazebo_plugin/environment/path.dsv
[0.714s] -- Up-to-date: /home/emersonmt/topics_ws/install/realsense_gazebo_plugin/share/realsense_gazebo_plugin/local_setup.bash
[0.714s] -- Up-to-date: /home/emersonmt/topics_ws/install/realsense_gazebo_plugin/share/realsense_gazebo_plugin/local_setup.sh
[0.714s] -- Up-to-date: /home/emersonmt/topics_ws/install/realsense_gazebo_plugin/share/realsense_gazebo_plugin/local_setup.zsh
[0.714s] -- Up-to-date: /home/emersonmt/topics_ws/install/realsense_gazebo_plugin/share/realsense_gazebo_plugin/local_setup.dsv
[0.714s] -- Up-to-date: /home/emersonmt/topics_ws/install/realsense_gazebo_plugin/share/realsense_gazebo_plugin/package.dsv
[0.714s] -- Up-to-date: /home/emersonmt/topics_ws/install/realsense_gazebo_plugin/share/ament_index/resource_index/packages/realsense_gazebo_plugin
[0.714s] -- Up-to-date: /home/emersonmt/topics_ws/install/realsense_gazebo_plugin/share/realsense_gazebo_plugin/cmake/ament_cmake_export_include_directories-extras.cmake
[0.714s] -- Up-to-date: /home/emersonmt/topics_ws/install/realsense_gazebo_plugin/share/realsense_gazebo_plugin/cmake/ament_cmake_export_libraries-extras.cmake
[0.714s] -- Up-to-date: /home/emersonmt/topics_ws/install/realsense_gazebo_plugin/share/realsense_gazebo_plugin/cmake/realsense_gazebo_pluginConfig.cmake
[0.714s] -- Up-to-date: /home/emersonmt/topics_ws/install/realsense_gazebo_plugin/share/realsense_gazebo_plugin/cmake/realsense_gazebo_pluginConfig-version.cmake
[0.714s] -- Up-to-date: /home/emersonmt/topics_ws/install/realsense_gazebo_plugin/share/realsense_gazebo_plugin/package.xml
[0.717s] Invoked command in '/home/emersonmt/topics_ws/build/realsense_gazebo_plugin' returned '0': CMAKE_PREFIX_PATH=${CMAKE_PREFIX_PATH}:/home/emersonmt/topics_ws/install/xarm_gui:/home/emersonmt/topics_ws/install/uf_ros_lib:/home/emersonmt/dev_ws/install/uf_ros_lib:/opt/ros/jazzy DEBUGINFOD_URLS=https://debuginfod.ubuntu.com /usr/bin/cmake --install /home/emersonmt/topics_ws/build/realsense_gazebo_plugin
